#
# There is insufficient memory for the Java Runtime Environment to continue.
# Native memory allocation (mmap) failed to map 164626432 bytes for G1 virtual space
# Possible reasons:
#   The system is out of physical RAM or swap space
#   The process is running with CompressedOops enabled, and the Java Heap may be blocking the growth of the native heap
# Possible solutions:
#   Reduce memory load on the system
#   Increase physical memory or swap space
#   Check if swap backing store is full
#   Decrease Java heap size (-Xmx/-Xms)
#   Decrease number of Java threads
#   Decrease Java thread stack sizes (-Xss)
#   Set larger code cache with -XX:ReservedCodeCacheSize=
#   JVM is running with Unscaled Compressed Oops mode in which the Java heap is
#     placed in the first 4GB address space. The Java Heap base address is the
#     maximum limit for the native heap growth. Please use -XX:HeapBaseMinAddress
#     to set the Java Heap base and to place the Java Heap above 4GB virtual address.
# This output file may be truncated or incomplete.
#
#  Out of Memory Error (os_windows.cpp:3469), pid=11800, tid=24192
#
# JRE version: Java(TM) SE Runtime Environment (17.0.1+12) (build 17.0.1+12-LTS-39)
# Java VM: Java HotSpot(TM) 64-Bit Server VM (17.0.1+12-LTS-39, mixed mode, emulated-client, sharing, tiered, compressed oops, compressed class ptrs, g1 gc, windows-amd64)
# No core dump will be written. Minidumps are not enabled by default on client versions of Windows
#
# JFR recording file will be written. Location: E:\DATN\UD-HN_1998-outOFcollege\api-service-ms\hs_err_pid11800.jfr
#

---------------  S U M M A R Y ------------

Command Line: -XX:+UnlockDiagnosticVMOptions -XX:+DebugNonSafepoints -XX:+FlightRecorder -XX:StartFlightRecording=name="ApiServiceMsApplication_2023_11_10_094922",settings="default",dumponexit=true,filename="C:\Users\Admin\AppData\Local\Temp\javaFlightRecorder.jfr" -XX:FlightRecorderOptions=stackdepth=2048 -XX:TieredStopAtLevel=1 -Xverify:none -Dspring.output.ansi.enabled=always -javaagent:C:\Program Files\IntelliJ IDEA 2020.3.2\lib\idea_rt.jar=61968:C:\Program Files\IntelliJ IDEA 2020.3.2\bin -Dcom.sun.management.jmxremote -Dspring.jmx.enabled=true -Dspring.liveBeansView.mbeanDomain -Dspring.application.admin.enabled=true -Dfile.encoding=UTF-8 com.fpoly.ooc.ApiServiceMsApplication

Host: Intel(R) Core(TM) i7-4800MQ CPU @ 2.70GHz, 8 cores, 7G,  Windows 10 , 64 bit Build 19041 (10.0.19041.3570)
Time: Fri Nov 10 09:49:24 2023 SE Asia Standard Time elapsed time: 2.519635 seconds (0d 0h 0m 2s)

---------------  T H R E A D  ---------------

Current thread (0x000001f282268340):  VMThread "VM Thread" [stack: 0x00000096f3a00000,0x00000096f3b00000] [id=24192]

Stack: [0x00000096f3a00000,0x00000096f3b00000]
Native frames: (J=compiled Java code, j=interpreted, Vv=VM code, C=native code)
V  [jvm.dll+0x66fa1a]
V  [jvm.dll+0x7ce5a4]
V  [jvm.dll+0x7cfd4e]
V  [jvm.dll+0x7d03b3]
V  [jvm.dll+0x242b05]
V  [jvm.dll+0x66ca39]
V  [jvm.dll+0x661502]
V  [jvm.dll+0x30081b]
V  [jvm.dll+0x307da6]
V  [jvm.dll+0x357a1e]
V  [jvm.dll+0x357c4f]
V  [jvm.dll+0x2d7ad8]
V  [jvm.dll+0x2d5da4]
V  [jvm.dll+0x2d53ac]
V  [jvm.dll+0x3287cc]
V  [jvm.dll+0x7d484b]
V  [jvm.dll+0x7d5584]
V  [jvm.dll+0x7d5a9c]
V  [jvm.dll+0x7d5e74]
V  [jvm.dll+0x7d5f40]
V  [jvm.dll+0x77e91a]
V  [jvm.dll+0x66e845]
C  [ucrtbase.dll+0x21bb2]
C  [KERNEL32.DLL+0x17344]
C  [ntdll.dll+0x526b1]

VM_Operation (0x00000096f59fb2c0): CollectForMetadataAllocation, mode: safepoint, requested by thread 0x000001f2849bd7f0


---------------  P R O C E S S  ---------------

Threads class SMR info:
_java_thread_list=0x000001f285b03d70, length=22, elements={
0x000001f2f0291e50, 0x000001f28226f720, 0x000001f2822704a0, 0x000001f28227de20,
0x000001f28227eba0, 0x000001f282282480, 0x000001f282282d40, 0x000001f2822836b0,
0x000001f282283fb0, 0x000001f28225b380, 0x000001f28225b850, 0x000001f28225bd60,
0x000001f28321ad20, 0x000001f28419de60, 0x000001f2838fda10, 0x000001f284200050,
0x000001f2841f25e0, 0x000001f2848c1c80, 0x000001f2849bf9a0, 0x000001f2849bce50,
0x000001f2849be190, 0x000001f2849bd7f0
}

Java Threads: ( => current thread )
  0x000001f2f0291e50 JavaThread "main" [_thread_blocked, id=2760, stack(0x00000096f3400000,0x00000096f3500000)]
  0x000001f28226f720 JavaThread "Reference Handler" daemon [_thread_blocked, id=10152, stack(0x00000096f3b00000,0x00000096f3c00000)]
  0x000001f2822704a0 JavaThread "Finalizer" daemon [_thread_blocked, id=32792, stack(0x00000096f3c00000,0x00000096f3d00000)]
  0x000001f28227de20 JavaThread "Signal Dispatcher" daemon [_thread_blocked, id=34324, stack(0x00000096f3d00000,0x00000096f3e00000)]
  0x000001f28227eba0 JavaThread "Attach Listener" daemon [_thread_blocked, id=25512, stack(0x00000096f3e00000,0x00000096f3f00000)]
  0x000001f282282480 JavaThread "Service Thread" daemon [_thread_blocked, id=1124, stack(0x00000096f3f00000,0x00000096f4000000)]
  0x000001f282282d40 JavaThread "Monitor Deflation Thread" daemon [_thread_blocked, id=23452, stack(0x00000096f4000000,0x00000096f4100000)]
  0x000001f2822836b0 JavaThread "C1 CompilerThread0" daemon [_thread_blocked, id=14176, stack(0x00000096f4100000,0x00000096f4200000)]
  0x000001f282283fb0 JavaThread "Sweeper thread" daemon [_thread_blocked, id=32724, stack(0x00000096f4200000,0x00000096f4300000)]
  0x000001f28225b380 JavaThread "Common-Cleaner" daemon [_thread_blocked, id=15332, stack(0x00000096f4300000,0x00000096f4400000)]
  0x000001f28225b850 JavaThread "C1 CompilerThread1" daemon [_thread_blocked, id=24728, stack(0x00000096f4400000,0x00000096f4500000)]
  0x000001f28225bd60 JavaThread "C1 CompilerThread2" daemon [_thread_blocked, id=15364, stack(0x00000096f4500000,0x00000096f4600000)]
  0x000001f28321ad20 JavaThread "Monitor Ctrl-Break" daemon [_thread_in_native, id=31304, stack(0x00000096f4600000,0x00000096f4700000)]
  0x000001f28419de60 JavaThread "JFR Recorder Thread" daemon [_thread_blocked, id=7656, stack(0x00000096f4700000,0x00000096f4800000)]
  0x000001f2838fda10 JavaThread "JFR Periodic Tasks" daemon [_thread_blocked, id=28188, stack(0x00000096f4c00000,0x00000096f4d00000)]
  0x000001f284200050 JavaThread "C1 CompilerThread3" daemon [_thread_blocked, id=29916, stack(0x00000096f4d00000,0x00000096f4e00000)]
  0x000001f2841f25e0 JavaThread "Notification Thread" daemon [_thread_blocked, id=22168, stack(0x00000096f4f00000,0x00000096f5000000)]
  0x000001f2848c1c80 JavaThread "RMI TCP Accept-0" daemon [_thread_in_native, id=10836, stack(0x00000096f5000000,0x00000096f5100000)]
  0x000001f2849bf9a0 JavaThread "RMI TCP Connection(1)-192.168.56.1" daemon [_thread_blocked, id=21636, stack(0x00000096f5600000,0x00000096f5700000)]
  0x000001f2849bce50 JavaThread "RMI Scheduler(0)" daemon [_thread_blocked, id=23480, stack(0x00000096f5700000,0x00000096f5800000)]
  0x000001f2849be190 JavaThread "Thread-0" [_thread_blocked, id=34664, stack(0x00000096f5800000,0x00000096f5900000)]
  0x000001f2849bd7f0 JavaThread "restartedMain" [_thread_blocked, id=13852, stack(0x00000096f5900000,0x00000096f5a00000)]

Other Threads:
=>0x000001f282268340 VMThread "VM Thread" [stack: 0x00000096f3a00000,0x00000096f3b00000] [id=24192]
  0x000001f2f0292e00 WatcherThread [stack: 0x00000096f5100000,0x00000096f5200000] [id=29348]
  0x000001f2f02d0b00 GCTaskThread "GC Thread#0" [stack: 0x00000096f3500000,0x00000096f3600000] [id=1884]
  0x000001f2847d7620 GCTaskThread "GC Thread#1" [stack: 0x00000096f4800000,0x00000096f4900000] [id=10760]
  0x000001f2847d7f50 GCTaskThread "GC Thread#2" [stack: 0x00000096f4900000,0x00000096f4a00000] [id=25396]
  0x000001f2838efc40 GCTaskThread "GC Thread#3" [stack: 0x00000096f4a00000,0x00000096f4b00000] [id=21468]
  0x000001f284ffb9d0 GCTaskThread "GC Thread#4" [stack: 0x00000096f5200000,0x00000096f5300000] [id=20376]
  0x000001f284ffbc80 GCTaskThread "GC Thread#5" [stack: 0x00000096f5300000,0x00000096f5400000] [id=18996]
  0x000001f284ffbf30 GCTaskThread "GC Thread#6" [stack: 0x00000096f5400000,0x00000096f5500000] [id=6880]
  0x000001f284ffc1e0 GCTaskThread "GC Thread#7" [stack: 0x00000096f5500000,0x00000096f5600000] [id=12708]
  0x000001f2f02e36b0 ConcurrentGCThread "G1 Main Marker" [stack: 0x00000096f3600000,0x00000096f3700000] [id=11072]
  0x000001f2f02e4770 ConcurrentGCThread "G1 Conc#0" [stack: 0x00000096f3700000,0x00000096f3800000] [id=32192]
  0x000001f282120090 ConcurrentGCThread "G1 Refine#0" [stack: 0x00000096f3800000,0x00000096f3900000] [id=8704]
  0x000001f2847caf80 ConcurrentGCThread "G1 Refine#1" [stack: 0x00000096f4b00000,0x00000096f4c00000] [id=18608]
  0x000001f2821209c0 ConcurrentGCThread "G1 Service" [stack: 0x00000096f3900000,0x00000096f3a00000] [id=26796]

Threads with active compile tasks:

VM state: at safepoint (normal execution)

VM Mutex/Monitor currently owned by a thread:  ([mutex/lock_event])
[0x000001f2f028f3e0] Threads_lock - owner thread: 0x000001f282268340
[0x000001f2f028e030] Heap_lock - owner thread: 0x000001f2849bd7f0

Heap address: 0x0000000081600000, size: 2026 MB, Compressed Oops mode: 32-bit

CDS archive(s) mapped at: [0x0000000800000000-0x0000000800bc0000-0x0000000800bc0000), size 12320768, SharedBaseAddress: 0x0000000800000000, ArchiveRelocationMode: 0.
Compressed class space mapped at: 0x0000000800c00000-0x0000000840c00000, reserved size: 1073741824
Narrow klass base: 0x0000000800000000, Narrow klass shift: 0, Narrow klass range: 0x100000000

GC Precious Log:
 CPUs: 8 total, 8 available
 Memory: 8097M
 Large Page Support: Disabled
 NUMA Support: Disabled
 Compressed Oops: Enabled (32-bit)
 Heap Region Size: 1M
 Heap Min Capacity: 8M
 Heap Initial Capacity: 128M
 Heap Max Capacity: 2026M
 Pre-touch: Disabled
 Parallel Workers: 8
 Concurrent Workers: 2
 Concurrent Refinement Workers: 8
 Periodic GC: Disabled

Heap:
 garbage-first heap   total 131072K, used 18919K [0x0000000081600000, 0x0000000100000000)
  region size 1024K, 2 young (2048K), 2 survivors (2048K)
 Metaspace       used 21222K, committed 21504K, reserved 1073152K
  class space    used 2870K, committed 3008K, reserved 1048576K

Heap Regions: E=young(eden), S=young(survivor), O=old, HS=humongous(starts), HC=humongous(continues), CS=collection set, F=free, OA=open archive, CA=closed archive, TAMS=top-at-mark-start (previous, next)
|   0|0x0000000081600000, 0x0000000081700000, 0x0000000081700000|100%|HS|  |TAMS 0x0000000081600000, 0x0000000081700000| Complete 
|   1|0x0000000081700000, 0x0000000081800000, 0x0000000081800000|100%| O|  |TAMS 0x0000000081700000, 0x0000000081800000| Untracked 
|   2|0x0000000081800000, 0x0000000081900000, 0x0000000081900000|100%| O|  |TAMS 0x0000000081800000, 0x0000000081900000| Untracked 
|   3|0x0000000081900000, 0x0000000081a00000, 0x0000000081a00000|100%| O|  |TAMS 0x0000000081900000, 0x0000000081a00000| Untracked 
|   4|0x0000000081a00000, 0x0000000081b00000, 0x0000000081b00000|100%| O|  |TAMS 0x0000000081a00000, 0x0000000081b00000| Untracked 
|   5|0x0000000081b00000, 0x0000000081c00000, 0x0000000081c00000|100%| O|  |TAMS 0x0000000081b00000, 0x0000000081c00000| Untracked 
|   6|0x0000000081c00000, 0x0000000081d00000, 0x0000000081d00000|100%| O|  |TAMS 0x0000000081c00000, 0x0000000081d00000| Untracked 
|   7|0x0000000081d00000, 0x0000000081e00000, 0x0000000081e00000|100%| O|  |TAMS 0x0000000081d00000, 0x0000000081e00000| Untracked 
|   8|0x0000000081e00000, 0x0000000081f00000, 0x0000000081f00000|100%| O|  |TAMS 0x0000000081e00000, 0x0000000081f00000| Untracked 
|   9|0x0000000081f00000, 0x0000000082000000, 0x0000000082000000|100%| O|  |TAMS 0x0000000081f00000, 0x0000000082000000| Untracked 
|  10|0x0000000082000000, 0x0000000082100000, 0x0000000082100000|100%| O|  |TAMS 0x0000000082000000, 0x0000000082100000| Untracked 
|  11|0x0000000082100000, 0x0000000082200000, 0x0000000082200000|100%| O|  |TAMS 0x0000000082100000, 0x0000000082200000| Untracked 
|  12|0x0000000082200000, 0x0000000082300000, 0x0000000082300000|100%| O|  |TAMS 0x0000000082200000, 0x0000000082300000| Untracked 
|  13|0x0000000082300000, 0x0000000082400000, 0x0000000082400000|100%| O|  |TAMS 0x0000000082300000, 0x0000000082400000| Untracked 
|  14|0x0000000082400000, 0x00000000824ffff8, 0x0000000082500000| 99%| O|  |TAMS 0x0000000082400000, 0x00000000824ffff8| Untracked 
|  15|0x0000000082500000, 0x0000000082600000, 0x0000000082600000|100%| O|  |TAMS 0x0000000082500000, 0x0000000082600000| Untracked 
|  16|0x0000000082600000, 0x0000000082700000, 0x0000000082700000|100%| O|  |TAMS 0x0000000082600000, 0x0000000082700000| Untracked 
|  17|0x0000000082700000, 0x0000000082746400, 0x0000000082800000| 27%| O|  |TAMS 0x0000000082700000, 0x0000000082746400| Untracked 
|  18|0x0000000082800000, 0x0000000082800000, 0x0000000082900000|  0%| F|  |TAMS 0x0000000082800000, 0x0000000082800000| Untracked 
|  19|0x0000000082900000, 0x0000000082900000, 0x0000000082a00000|  0%| F|  |TAMS 0x0000000082900000, 0x0000000082900000| Untracked 
|  20|0x0000000082a00000, 0x0000000082a00000, 0x0000000082b00000|  0%| F|  |TAMS 0x0000000082a00000, 0x0000000082a00000| Untracked 
|  21|0x0000000082b00000, 0x0000000082b00000, 0x0000000082c00000|  0%| F|  |TAMS 0x0000000082b00000, 0x0000000082b00000| Untracked 
|  22|0x0000000082c00000, 0x0000000082c00000, 0x0000000082d00000|  0%| F|  |TAMS 0x0000000082c00000, 0x0000000082c00000| Untracked 
|  23|0x0000000082d00000, 0x0000000082d00000, 0x0000000082e00000|  0%| F|  |TAMS 0x0000000082d00000, 0x0000000082d00000| Untracked 
|  24|0x0000000082e00000, 0x0000000082e00000, 0x0000000082f00000|  0%| F|  |TAMS 0x0000000082e00000, 0x0000000082e00000| Untracked 
|  25|0x0000000082f00000, 0x0000000082f00000, 0x0000000083000000|  0%| F|  |TAMS 0x0000000082f00000, 0x0000000082f00000| Untracked 
|  26|0x0000000083000000, 0x0000000083000000, 0x0000000083100000|  0%| F|  |TAMS 0x0000000083000000, 0x0000000083000000| Untracked 
|  27|0x0000000083100000, 0x0000000083100000, 0x0000000083200000|  0%| F|  |TAMS 0x0000000083100000, 0x0000000083100000| Untracked 
|  28|0x0000000083200000, 0x0000000083200000, 0x0000000083300000|  0%| F|  |TAMS 0x0000000083200000, 0x0000000083200000| Untracked 
|  29|0x0000000083300000, 0x0000000083300000, 0x0000000083400000|  0%| F|  |TAMS 0x0000000083300000, 0x0000000083300000| Untracked 
|  30|0x0000000083400000, 0x0000000083400000, 0x0000000083500000|  0%| F|  |TAMS 0x0000000083400000, 0x0000000083400000| Untracked 
|  31|0x0000000083500000, 0x0000000083500000, 0x0000000083600000|  0%| F|  |TAMS 0x0000000083500000, 0x0000000083500000| Untracked 
|  32|0x0000000083600000, 0x0000000083600000, 0x0000000083700000|  0%| F|  |TAMS 0x0000000083600000, 0x0000000083600000| Untracked 
|  33|0x0000000083700000, 0x0000000083700000, 0x0000000083800000|  0%| F|  |TAMS 0x0000000083700000, 0x0000000083700000| Untracked 
|  34|0x0000000083800000, 0x0000000083800000, 0x0000000083900000|  0%| F|  |TAMS 0x0000000083800000, 0x0000000083800000| Untracked 
|  35|0x0000000083900000, 0x0000000083900000, 0x0000000083a00000|  0%| F|  |TAMS 0x0000000083900000, 0x0000000083900000| Untracked 
|  36|0x0000000083a00000, 0x0000000083a00000, 0x0000000083b00000|  0%| F|  |TAMS 0x0000000083a00000, 0x0000000083a00000| Untracked 
|  37|0x0000000083b00000, 0x0000000083b00000, 0x0000000083c00000|  0%| F|  |TAMS 0x0000000083b00000, 0x0000000083b00000| Untracked 
|  38|0x0000000083c00000, 0x0000000083c00000, 0x0000000083d00000|  0%| F|  |TAMS 0x0000000083c00000, 0x0000000083c00000| Untracked 
|  39|0x0000000083d00000, 0x0000000083d00000, 0x0000000083e00000|  0%| F|  |TAMS 0x0000000083d00000, 0x0000000083d00000| Untracked 
|  40|0x0000000083e00000, 0x0000000083e00000, 0x0000000083f00000|  0%| F|  |TAMS 0x0000000083e00000, 0x0000000083e00000| Untracked 
|  41|0x0000000083f00000, 0x0000000083f00000, 0x0000000084000000|  0%| F|  |TAMS 0x0000000083f00000, 0x0000000083f00000| Untracked 
|  42|0x0000000084000000, 0x0000000084000000, 0x0000000084100000|  0%| F|  |TAMS 0x0000000084000000, 0x0000000084000000| Untracked 
|  43|0x0000000084100000, 0x0000000084100000, 0x0000000084200000|  0%| F|  |TAMS 0x0000000084100000, 0x0000000084100000| Untracked 
|  44|0x0000000084200000, 0x0000000084200000, 0x0000000084300000|  0%| F|  |TAMS 0x0000000084200000, 0x0000000084200000| Untracked 
|  45|0x0000000084300000, 0x0000000084300000, 0x0000000084400000|  0%| F|  |TAMS 0x0000000084300000, 0x0000000084300000| Untracked 
|  46|0x0000000084400000, 0x0000000084400000, 0x0000000084500000|  0%| F|  |TAMS 0x0000000084400000, 0x0000000084400000| Untracked 
|  47|0x0000000084500000, 0x0000000084500000, 0x0000000084600000|  0%| F|  |TAMS 0x0000000084500000, 0x0000000084500000| Untracked 
|  48|0x0000000084600000, 0x0000000084600000, 0x0000000084700000|  0%| F|  |TAMS 0x0000000084600000, 0x0000000084600000| Untracked 
|  49|0x0000000084700000, 0x0000000084700000, 0x0000000084800000|  0%| F|  |TAMS 0x0000000084700000, 0x0000000084700000| Untracked 
|  50|0x0000000084800000, 0x0000000084800000, 0x0000000084900000|  0%| F|  |TAMS 0x0000000084800000, 0x0000000084800000| Untracked 
|  51|0x0000000084900000, 0x0000000084900000, 0x0000000084a00000|  0%| F|  |TAMS 0x0000000084900000, 0x0000000084900000| Untracked 
|  52|0x0000000084a00000, 0x0000000084a00000, 0x0000000084b00000|  0%| F|  |TAMS 0x0000000084a00000, 0x0000000084a00000| Untracked 
|  53|0x0000000084b00000, 0x0000000084b00000, 0x0000000084c00000|  0%| F|  |TAMS 0x0000000084b00000, 0x0000000084b00000| Untracked 
|  54|0x0000000084c00000, 0x0000000084c00000, 0x0000000084d00000|  0%| F|  |TAMS 0x0000000084c00000, 0x0000000084c00000| Untracked 
|  55|0x0000000084d00000, 0x0000000084d00000, 0x0000000084e00000|  0%| F|  |TAMS 0x0000000084d00000, 0x0000000084d00000| Untracked 
|  56|0x0000000084e00000, 0x0000000084e00000, 0x0000000084f00000|  0%| F|  |TAMS 0x0000000084e00000, 0x0000000084e00000| Untracked 
|  57|0x0000000084f00000, 0x0000000084f00000, 0x0000000085000000|  0%| F|  |TAMS 0x0000000084f00000, 0x0000000084f00000| Untracked 
|  58|0x0000000085000000, 0x0000000085000000, 0x0000000085100000|  0%| F|  |TAMS 0x0000000085000000, 0x0000000085000000| Untracked 
|  59|0x0000000085100000, 0x0000000085100000, 0x0000000085200000|  0%| F|  |TAMS 0x0000000085100000, 0x0000000085100000| Untracked 
|  60|0x0000000085200000, 0x0000000085200000, 0x0000000085300000|  0%| F|  |TAMS 0x0000000085200000, 0x0000000085200000| Untracked 
|  61|0x0000000085300000, 0x0000000085300000, 0x0000000085400000|  0%| F|  |TAMS 0x0000000085300000, 0x0000000085300000| Untracked 
|  62|0x0000000085400000, 0x0000000085400000, 0x0000000085500000|  0%| F|  |TAMS 0x0000000085400000, 0x0000000085400000| Untracked 
|  63|0x0000000085500000, 0x0000000085500000, 0x0000000085600000|  0%| F|  |TAMS 0x0000000085500000, 0x0000000085500000| Untracked 
|  64|0x0000000085600000, 0x0000000085600000, 0x0000000085700000|  0%| F|  |TAMS 0x0000000085600000, 0x0000000085600000| Untracked 
|  65|0x0000000085700000, 0x0000000085700000, 0x0000000085800000|  0%| F|  |TAMS 0x0000000085700000, 0x0000000085700000| Untracked 
|  66|0x0000000085800000, 0x0000000085800000, 0x0000000085900000|  0%| F|  |TAMS 0x0000000085800000, 0x0000000085800000| Untracked 
|  67|0x0000000085900000, 0x0000000085900000, 0x0000000085a00000|  0%| F|  |TAMS 0x0000000085900000, 0x0000000085900000| Untracked 
|  68|0x0000000085a00000, 0x0000000085a00000, 0x0000000085b00000|  0%| F|  |TAMS 0x0000000085a00000, 0x0000000085a00000| Untracked 
|  69|0x0000000085b00000, 0x0000000085b00000, 0x0000000085c00000|  0%| F|  |TAMS 0x0000000085b00000, 0x0000000085b00000| Untracked 
|  70|0x0000000085c00000, 0x0000000085c00000, 0x0000000085d00000|  0%| F|  |TAMS 0x0000000085c00000, 0x0000000085c00000| Untracked 
|  71|0x0000000085d00000, 0x0000000085d00000, 0x0000000085e00000|  0%| F|  |TAMS 0x0000000085d00000, 0x0000000085d00000| Untracked 
|  72|0x0000000085e00000, 0x0000000085e00000, 0x0000000085f00000|  0%| F|  |TAMS 0x0000000085e00000, 0x0000000085e00000| Untracked 
|  73|0x0000000085f00000, 0x0000000085f00000, 0x0000000086000000|  0%| F|  |TAMS 0x0000000085f00000, 0x0000000085f00000| Untracked 
|  74|0x0000000086000000, 0x0000000086000000, 0x0000000086100000|  0%| F|  |TAMS 0x0000000086000000, 0x0000000086000000| Untracked 
|  75|0x0000000086100000, 0x0000000086100000, 0x0000000086200000|  0%| F|  |TAMS 0x0000000086100000, 0x0000000086100000| Untracked 
|  76|0x0000000086200000, 0x0000000086200000, 0x0000000086300000|  0%| F|  |TAMS 0x0000000086200000, 0x0000000086200000| Untracked 
|  77|0x0000000086300000, 0x0000000086300000, 0x0000000086400000|  0%| F|  |TAMS 0x0000000086300000, 0x0000000086300000| Untracked 
|  78|0x0000000086400000, 0x0000000086400000, 0x0000000086500000|  0%| F|  |TAMS 0x0000000086400000, 0x0000000086400000| Untracked 
|  79|0x0000000086500000, 0x0000000086500000, 0x0000000086600000|  0%| F|  |TAMS 0x0000000086500000, 0x0000000086500000| Untracked 
|  80|0x0000000086600000, 0x0000000086600000, 0x0000000086700000|  0%| F|  |TAMS 0x0000000086600000, 0x0000000086600000| Untracked 
|  81|0x0000000086700000, 0x0000000086700000, 0x0000000086800000|  0%| F|  |TAMS 0x0000000086700000, 0x0000000086700000| Untracked 
|  82|0x0000000086800000, 0x0000000086833a40, 0x0000000086900000| 20%| S|CS|TAMS 0x0000000086800000, 0x0000000086800000| Complete 
|  83|0x0000000086900000, 0x0000000086a00000, 0x0000000086a00000|100%| S|CS|TAMS 0x0000000086900000, 0x0000000086900000| Complete 
|  84|0x0000000086a00000, 0x0000000086a00000, 0x0000000086b00000|  0%| F|  |TAMS 0x0000000086a00000, 0x0000000086a00000| Untracked 
|  85|0x0000000086b00000, 0x0000000086b00000, 0x0000000086c00000|  0%| F|  |TAMS 0x0000000086b00000, 0x0000000086b00000| Untracked 
|  86|0x0000000086c00000, 0x0000000086c00000, 0x0000000086d00000|  0%| F|  |TAMS 0x0000000086c00000, 0x0000000086c00000| Untracked 
|  87|0x0000000086d00000, 0x0000000086d00000, 0x0000000086e00000|  0%| F|  |TAMS 0x0000000086d00000, 0x0000000086d00000| Untracked 
|  88|0x0000000086e00000, 0x0000000086e00000, 0x0000000086f00000|  0%| F|  |TAMS 0x0000000086e00000, 0x0000000086e00000| Untracked 
|  89|0x0000000086f00000, 0x0000000086f00000, 0x0000000087000000|  0%| F|  |TAMS 0x0000000086f00000, 0x0000000086f00000| Untracked 
|  90|0x0000000087000000, 0x0000000087000000, 0x0000000087100000|  0%| F|  |TAMS 0x0000000087000000, 0x0000000087000000| Untracked 
|  91|0x0000000087100000, 0x0000000087100000, 0x0000000087200000|  0%| F|  |TAMS 0x0000000087100000, 0x0000000087100000| Untracked 
|  92|0x0000000087200000, 0x0000000087200000, 0x0000000087300000|  0%| F|  |TAMS 0x0000000087200000, 0x0000000087200000| Untracked 
|  93|0x0000000087300000, 0x0000000087300000, 0x0000000087400000|  0%| F|  |TAMS 0x0000000087300000, 0x0000000087300000| Untracked 
|  94|0x0000000087400000, 0x0000000087400000, 0x0000000087500000|  0%| F|  |TAMS 0x0000000087400000, 0x0000000087400000| Untracked 
|  95|0x0000000087500000, 0x0000000087500000, 0x0000000087600000|  0%| F|  |TAMS 0x0000000087500000, 0x0000000087500000| Untracked 
|  96|0x0000000087600000, 0x0000000087600000, 0x0000000087700000|  0%| F|  |TAMS 0x0000000087600000, 0x0000000087600000| Untracked 
|  97|0x0000000087700000, 0x0000000087700000, 0x0000000087800000|  0%| F|  |TAMS 0x0000000087700000, 0x0000000087700000| Untracked 
|  98|0x0000000087800000, 0x0000000087800000, 0x0000000087900000|  0%| F|  |TAMS 0x0000000087800000, 0x0000000087800000| Untracked 
|  99|0x0000000087900000, 0x0000000087900000, 0x0000000087a00000|  0%| F|  |TAMS 0x0000000087900000, 0x0000000087900000| Untracked 
| 100|0x0000000087a00000, 0x0000000087a00000, 0x0000000087b00000|  0%| F|  |TAMS 0x0000000087a00000, 0x0000000087a00000| Untracked 
| 101|0x0000000087b00000, 0x0000000087b00000, 0x0000000087c00000|  0%| F|  |TAMS 0x0000000087b00000, 0x0000000087b00000| Untracked 
| 102|0x0000000087c00000, 0x0000000087c00000, 0x0000000087d00000|  0%| F|  |TAMS 0x0000000087c00000, 0x0000000087c00000| Untracked 
| 103|0x0000000087d00000, 0x0000000087d00000, 0x0000000087e00000|  0%| F|  |TAMS 0x0000000087d00000, 0x0000000087d00000| Untracked 
| 104|0x0000000087e00000, 0x0000000087e00000, 0x0000000087f00000|  0%| F|  |TAMS 0x0000000087e00000, 0x0000000087e00000| Untracked 
| 105|0x0000000087f00000, 0x0000000087f00000, 0x0000000088000000|  0%| F|  |TAMS 0x0000000087f00000, 0x0000000087f00000| Untracked 
| 106|0x0000000088000000, 0x0000000088000000, 0x0000000088100000|  0%| F|  |TAMS 0x0000000088000000, 0x0000000088000000| Untracked 
| 107|0x0000000088100000, 0x0000000088100000, 0x0000000088200000|  0%| F|  |TAMS 0x0000000088100000, 0x0000000088100000| Untracked 
| 108|0x0000000088200000, 0x0000000088200000, 0x0000000088300000|  0%| F|  |TAMS 0x0000000088200000, 0x0000000088200000| Untracked 
| 109|0x0000000088300000, 0x0000000088300000, 0x0000000088400000|  0%| F|  |TAMS 0x0000000088300000, 0x0000000088300000| Untracked 
| 110|0x0000000088400000, 0x0000000088400000, 0x0000000088500000|  0%| F|  |TAMS 0x0000000088400000, 0x0000000088400000| Untracked 
| 111|0x0000000088500000, 0x0000000088500000, 0x0000000088600000|  0%| F|  |TAMS 0x0000000088500000, 0x0000000088500000| Untracked 
| 112|0x0000000088600000, 0x0000000088600000, 0x0000000088700000|  0%| F|  |TAMS 0x0000000088600000, 0x0000000088600000| Untracked 
| 113|0x0000000088700000, 0x0000000088700000, 0x0000000088800000|  0%| F|  |TAMS 0x0000000088700000, 0x0000000088700000| Untracked 
| 114|0x0000000088800000, 0x0000000088800000, 0x0000000088900000|  0%| F|  |TAMS 0x0000000088800000, 0x0000000088800000| Untracked 
| 115|0x0000000088900000, 0x0000000088900000, 0x0000000088a00000|  0%| F|  |TAMS 0x0000000088900000, 0x0000000088900000| Untracked 
| 116|0x0000000088a00000, 0x0000000088a00000, 0x0000000088b00000|  0%| F|  |TAMS 0x0000000088a00000, 0x0000000088a00000| Untracked 
| 117|0x0000000088b00000, 0x0000000088b00000, 0x0000000088c00000|  0%| F|  |TAMS 0x0000000088b00000, 0x0000000088b00000| Untracked 
| 118|0x0000000088c00000, 0x0000000088c00000, 0x0000000088d00000|  0%| F|  |TAMS 0x0000000088c00000, 0x0000000088c00000| Untracked 
| 119|0x0000000088d00000, 0x0000000088d00000, 0x0000000088e00000|  0%| F|  |TAMS 0x0000000088d00000, 0x0000000088d00000| Untracked 
| 120|0x0000000088e00000, 0x0000000088e00000, 0x0000000088f00000|  0%| F|  |TAMS 0x0000000088e00000, 0x0000000088e00000| Untracked 
| 121|0x0000000088f00000, 0x0000000088f00000, 0x0000000089000000|  0%| F|  |TAMS 0x0000000088f00000, 0x0000000088f00000| Untracked 
| 122|0x0000000089000000, 0x0000000089000000, 0x0000000089100000|  0%| F|  |TAMS 0x0000000089000000, 0x0000000089000000| Untracked 
| 123|0x0000000089100000, 0x0000000089100000, 0x0000000089200000|  0%| F|  |TAMS 0x0000000089100000, 0x0000000089100000| Untracked 
| 124|0x0000000089200000, 0x0000000089200000, 0x0000000089300000|  0%| F|  |TAMS 0x0000000089200000, 0x0000000089200000| Untracked 
| 125|0x0000000089300000, 0x0000000089300000, 0x0000000089400000|  0%| F|  |TAMS 0x0000000089300000, 0x0000000089300000| Untracked 
| 126|0x0000000089400000, 0x0000000089400000, 0x0000000089500000|  0%| F|  |TAMS 0x0000000089400000, 0x0000000089400000| Untracked 
| 127|0x0000000089500000, 0x0000000089500000, 0x0000000089600000|  0%| F|  |TAMS 0x0000000089500000, 0x0000000089500000| Untracked 

Card table byte_map: [0x000001f2fafa0000,0x000001f2fb3a0000] _byte_map_base: 0x000001f2fab95000

Marking Bits (Prev, Next): (CMBitMap*) 0x000001f2f02d3040, (CMBitMap*) 0x000001f2f02d3080
 Prev Bits: [0x000001f2fb7a0000, 0x000001f2fd748000)
 Next Bits: [0x000001f2fd750000, 0x000001f2ff6f8000)

Polling page: 0x000001f2ee260000

Metaspace:

Usage:
  Non-class:     17.92 MB used.
      Class:      2.80 MB used.
       Both:     20.72 MB used.

Virtual space:
  Non-class space:       24.00 MB reserved,      18.06 MB ( 75%) committed,  3 nodes.
      Class space:        1.00 GB reserved,       2.94 MB ( <1%) committed,  1 nodes.
             Both:        1.02 GB reserved,      21.00 MB (  2%) committed. 

Chunk freelists:
   Non-Class:  1.69 MB
       Class:  1.03 MB
        Both:  2.72 MB

MaxMetaspaceSize: unlimited
CompressedClassSpaceSize: 1.00 GB
Initial GC threshold: 21.00 MB
Current GC threshold: 21.00 MB
CDS: on
MetaspaceReclaimPolicy: balanced
 - commit_granule_bytes: 65536.
 - commit_granule_words: 8192.
 - virtual_space_node_default_size: 1048576.
 - enlarge_chunks_in_place: 1.
 - new_chunks_are_fully_committed: 0.
 - uncommit_free_chunks: 1.
 - use_allocation_guard: 0.
 - handle_deallocations: 1.


Internal statistics:

num_allocs_failed_limit: 3.
num_arena_births: 348.
num_arena_deaths: 0.
num_vsnodes_births: 4.
num_vsnodes_deaths: 0.
num_space_committed: 336.
num_space_uncommitted: 0.
num_chunks_returned_to_freelist: 3.
num_chunks_taken_from_freelist: 967.
num_chunk_merges: 3.
num_chunk_splits: 644.
num_chunks_enlarged: 468.
num_purges: 0.
num_inconsistent_stats: 0.

CodeCache: size=49152Kb used=10918Kb max_used=10918Kb free=38233Kb
 bounds [0x000001f2f7a90000, 0x000001f2f8540000, 0x000001f2faa90000]
 total_blobs=4724 nmethods=4193 adapters=454
 compilation: enabled
              stopped_count=0, restarted_count=0
 full_count=0

Compilation events (20 events):
Event: 2.501 Thread 0x000001f284200050 4186       1       org.springframework.beans.factory.support.AbstractBeanDefinition::isAbstract (5 bytes)
Event: 2.501 Thread 0x000001f284200050 nmethod 4186 0x000001f2f8536f90 code [0x000001f2f8537120, 0x000001f2f85371f8]
Event: 2.503 Thread 0x000001f2822836b0 4187       1       org.springframework.beans.factory.support.AbstractBeanDefinition::setAutowireMode (6 bytes)
Event: 2.503 Thread 0x000001f28225bd60 4188       1       org.springframework.beans.factory.support.AbstractBeanDefinition::setDependencyCheck (6 bytes)
Event: 2.503 Thread 0x000001f28225b850 4189       1       org.springframework.beans.factory.support.AbstractBeanDefinition::setEnforceInitMethod (6 bytes)
Event: 2.503 Thread 0x000001f284200050 4190       1       org.springframework.beans.factory.support.AbstractBeanDefinition::setEnforceDestroyMethod (6 bytes)
Event: 2.503 Thread 0x000001f28225bd60 nmethod 4188 0x000001f2f8537290 code [0x000001f2f8537420, 0x000001f2f85374f8]
Event: 2.503 Thread 0x000001f284200050 nmethod 4190 0x000001f2f8537590 code [0x000001f2f8537720, 0x000001f2f85377f8]
Event: 2.503 Thread 0x000001f2822836b0 nmethod 4187 0x000001f2f8537890 code [0x000001f2f8537a20, 0x000001f2f8537af8]
Event: 2.503 Thread 0x000001f28225b850 nmethod 4189 0x000001f2f8537b90 code [0x000001f2f8537d20, 0x000001f2f8537df8]
Event: 2.504 Thread 0x000001f284200050 4191   !   1       org.springframework.beans.factory.support.DefaultSingletonBeanRegistry::getSingleton (147 bytes)
Event: 2.504 Thread 0x000001f2822836b0 4192       1       org.springframework.beans.factory.support.AbstractBeanDefinition::getFactoryBeanName (5 bytes)
Event: 2.504 Thread 0x000001f2822836b0 nmethod 4192 0x000001f2f8537e90 code [0x000001f2f8538020, 0x000001f2f85380f8]
Event: 2.505 Thread 0x000001f284200050 nmethod 4191 0x000001f2f8538190 code [0x000001f2f85383a0, 0x000001f2f8538808]
Event: 2.505 Thread 0x000001f28225bd60 4193       1       java.lang.Package::isSealed (26 bytes)
Event: 2.505 Thread 0x000001f28225bd60 nmethod 4193 0x000001f2f8538e10 code [0x000001f2f8538fa0, 0x000001f2f85390b8]
Event: 2.512 Thread 0x000001f284200050 4194       1       org.springframework.beans.factory.BeanFactoryUtils::isFactoryDereference (19 bytes)
Event: 2.513 Thread 0x000001f284200050 nmethod 4194 0x000001f2f8539290 code [0x000001f2f8539420, 0x000001f2f8539528]
Event: 2.513 Thread 0x000001f28225bd60 4195       1       org.springframework.beans.factory.support.AbstractBeanFactory::getTempClassLoader (5 bytes)
Event: 2.513 Thread 0x000001f28225bd60 nmethod 4195 0x000001f2f8539690 code [0x000001f2f8539820, 0x000001f2f85398f8]

GC Heap History (13 events):
Event: 0.816 GC heap before
{Heap before GC invocations=0 (full 0):
 garbage-first heap   total 131072K, used 23552K [0x0000000081600000, 0x0000000100000000)
  region size 1024K, 23 young (23552K), 0 survivors (0K)
 Metaspace       used 2914K, committed 3072K, reserved 1056768K
  class space    used 361K, committed 448K, reserved 1048576K
}
Event: 0.824 GC heap after
{Heap after GC invocations=1 (full 0):
 garbage-first heap   total 131072K, used 8405K [0x0000000081600000, 0x0000000100000000)
  region size 1024K, 3 young (3072K), 3 survivors (3072K)
 Metaspace       used 2914K, committed 3072K, reserved 1056768K
  class space    used 361K, committed 448K, reserved 1048576K
}
Event: 1.443 GC heap before
{Heap before GC invocations=1 (full 0):
 garbage-first heap   total 131072K, used 30933K [0x0000000081600000, 0x0000000100000000)
  region size 1024K, 26 young (26624K), 3 survivors (3072K)
 Metaspace       used 8597K, committed 8896K, reserved 1064960K
  class space    used 1063K, committed 1216K, reserved 1048576K
}
Event: 1.451 GC heap after
{Heap after GC invocations=2 (full 0):
 garbage-first heap   total 131072K, used 11358K [0x0000000081600000, 0x0000000100000000)
  region size 1024K, 3 young (3072K), 3 survivors (3072K)
 Metaspace       used 8597K, committed 8896K, reserved 1064960K
  class space    used 1063K, committed 1216K, reserved 1048576K
}
Event: 1.469 GC heap before
{Heap before GC invocations=2 (full 0):
 garbage-first heap   total 131072K, used 54366K [0x0000000081600000, 0x0000000100000000)
  region size 1024K, 46 young (47104K), 3 survivors (3072K)
 Metaspace       used 8700K, committed 8960K, reserved 1064960K
  class space    used 1066K, committed 1216K, reserved 1048576K
}
Event: 1.473 GC heap after
{Heap after GC invocations=3 (full 0):
 garbage-first heap   total 131072K, used 11654K [0x0000000081600000, 0x0000000100000000)
  region size 1024K, 4 young (4096K), 4 survivors (4096K)
 Metaspace       used 8700K, committed 8960K, reserved 1064960K
  class space    used 1066K, committed 1216K, reserved 1048576K
}
Event: 1.594 GC heap before
{Heap before GC invocations=3 (full 0):
 garbage-first heap   total 131072K, used 81286K [0x0000000081600000, 0x0000000100000000)
  region size 1024K, 73 young (74752K), 4 survivors (4096K)
 Metaspace       used 9880K, committed 10112K, reserved 1064960K
  class space    used 1244K, committed 1344K, reserved 1048576K
}
Event: 1.597 GC heap after
{Heap after GC invocations=4 (full 0):
 garbage-first heap   total 131072K, used 11838K [0x0000000081600000, 0x0000000100000000)
  region size 1024K, 4 young (4096K), 4 survivors (4096K)
 Metaspace       used 9880K, committed 10112K, reserved 1064960K
  class space    used 1244K, committed 1344K, reserved 1048576K
}
Event: 2.370 GC heap before
{Heap before GC invocations=4 (full 0):
 garbage-first heap   total 131072K, used 84542K [0x0000000081600000, 0x0000000100000000)
  region size 1024K, 76 young (77824K), 4 survivors (4096K)
 Metaspace       used 20129K, committed 20416K, reserved 1073152K
  class space    used 2729K, committed 2880K, reserved 1048576K
}
Event: 2.376 GC heap after
{Heap after GC invocations=5 (full 0):
 garbage-first heap   total 131072K, used 17863K [0x0000000081600000, 0x0000000100000000)
  region size 1024K, 10 young (10240K), 10 survivors (10240K)
 Metaspace       used 20129K, committed 20416K, reserved 1073152K
  class space    used 2729K, committed 2880K, reserved 1048576K
}
Event: 2.384 GC heap before
{Heap before GC invocations=5 (full 0):
 garbage-first heap   total 131072K, used 84423K [0x0000000081600000, 0x0000000100000000)
  region size 1024K, 76 young (77824K), 10 survivors (10240K)
 Metaspace       used 20129K, committed 20416K, reserved 1073152K
  class space    used 2729K, committed 2880K, reserved 1048576K
}
Event: 2.390 GC heap after
{Heap after GC invocations=6 (full 0):
 garbage-first heap   total 131072K, used 17784K [0x0000000081600000, 0x0000000100000000)
  region size 1024K, 1 young (1024K), 1 survivors (1024K)
 Metaspace       used 20129K, committed 20416K, reserved 1073152K
  class space    used 2729K, committed 2880K, reserved 1048576K
}
Event: 2.514 GC heap before
{Heap before GC invocations=6 (full 0):
 garbage-first heap   total 131072K, used 60792K [0x0000000081600000, 0x0000000100000000)
  region size 1024K, 45 young (46080K), 1 survivors (1024K)
 Metaspace       used 21222K, committed 21504K, reserved 1073152K
  class space    used 2870K, committed 3008K, reserved 1048576K
}

Deoptimization events (8 events):
Event: 0.514 Thread 0x000001f2f0291e50 DEOPT PACKING pc=0x000001f2f7d89f75 sp=0x00000096f34fca40
Event: 0.514 Thread 0x000001f2f0291e50 DEOPT UNPACKING pc=0x000001f2f7ae2b43 sp=0x00000096f34fbeb0 mode 3
Event: 0.580 Thread 0x000001f2f0291e50 DEOPT PACKING pc=0x000001f2f7dc4019 sp=0x00000096f34fc060
Event: 0.580 Thread 0x000001f2f0291e50 DEOPT UNPACKING pc=0x000001f2f7ae2b43 sp=0x00000096f34fb540 mode 3
Event: 0.799 Thread 0x000001f2f0291e50 DEOPT PACKING pc=0x000001f2f7ec2344 sp=0x00000096f34fcb00
Event: 0.799 Thread 0x000001f2f0291e50 DEOPT UNPACKING pc=0x000001f2f7ae2b43 sp=0x00000096f34fbf98 mode 3
Event: 1.996 Thread 0x000001f2849bd7f0 DEOPT PACKING pc=0x000001f2f832f1ad sp=0x00000096f59fd920
Event: 1.996 Thread 0x000001f2849bd7f0 DEOPT UNPACKING pc=0x000001f2f7ae2b43 sp=0x00000096f59fce80 mode 3

Classes unloaded (0 events):
No events

Classes redefined (9 events):
Event: 0.846 Thread 0x000001f282268340 redefined class name=java.io.FileInputStream, count=1
Event: 0.846 Thread 0x000001f282268340 redefined class name=java.io.FileOutputStream, count=1
Event: 0.846 Thread 0x000001f282268340 redefined class name=java.io.RandomAccessFile, count=1
Event: 0.846 Thread 0x000001f282268340 redefined class name=sun.nio.ch.FileChannelImpl, count=1
Event: 0.846 Thread 0x000001f282268340 redefined class name=java.net.Socket$SocketInputStream, count=1
Event: 0.846 Thread 0x000001f282268340 redefined class name=java.net.Socket$SocketOutputStream, count=1
Event: 0.847 Thread 0x000001f282268340 redefined class name=sun.nio.ch.SocketChannelImpl, count=1
Event: 0.847 Thread 0x000001f282268340 redefined class name=java.lang.Throwable, count=1
Event: 0.847 Thread 0x000001f282268340 redefined class name=java.lang.Error, count=2

Internal exceptions (20 events):
Event: 1.772 Thread 0x000001f2849bd7f0 Exception <a 'java/lang/NoSuchMethodError'{0x0000000088acdbe0}: 'void java.lang.invoke.DirectMethodHandle$Holder.invokeStaticInit(java.lang.Object, java.lang.Object)'> (0x0000000088acdbe0) 
thrown [t:\workspace\open\src\hotspot\share\interpreter\linkResolver.cpp, line 766]
Event: 1.773 Thread 0x000001f2849bd7f0 Exception <a 'java/lang/NoSuchMethodError'{0x0000000088ae9850}: 'void java.lang.invoke.DirectMethodHandle$Holder.invokeStaticInit(java.lang.Object, java.lang.Object, java.lang.Object)'> (0x0000000088ae9850) 
thrown [t:\workspace\open\src\hotspot\share\interpreter\linkResolver.cpp, line 766]
Event: 1.776 Thread 0x000001f2849bd7f0 Exception <a 'java/lang/NoSuchMethodError'{0x000000008892ae70}: 'java.lang.Object java.lang.invoke.DirectMethodHandle$Holder.invokeStatic(java.lang.Object, java.lang.Object, long, java.lang.Object)'> (0x000000008892ae70) 
thrown [t:\workspace\open\src\hotspot\share\interpreter\linkResolver.cpp, line 766]
Event: 1.777 Thread 0x000001f2849bd7f0 Exception <a 'java/lang/NoSuchMethodError'{0x000000008892e908}: 'java.lang.Object java.lang.invoke.DirectMethodHandle$Holder.invokeStaticInit(java.lang.Object, java.lang.Object, long, java.lang.Object)'> (0x000000008892e908) 
thrown [t:\workspace\open\src\hotspot\share\interpreter\linkResolver.cpp, line 766]
Event: 1.777 Thread 0x000001f2849bd7f0 Exception <a 'java/lang/NoSuchMethodError'{0x0000000088934ed8}: 'java.lang.Object java.lang.invoke.DirectMethodHandle$Holder.newInvokeSpecial(java.lang.Object, java.lang.Object, long)'> (0x0000000088934ed8) 
thrown [t:\workspace\open\src\hotspot\share\interpreter\linkResolver.cpp, line 766]
Event: 1.786 Thread 0x000001f2849bd7f0 Exception <a 'java/lang/NoSuchMethodError'{0x0000000088990818}: 'void java.lang.invoke.DirectMethodHandle$Holder.invokeVirtual(java.lang.Object, java.lang.Object, java.lang.Object, java.lang.Object)'> (0x0000000088990818) 
thrown [t:\workspace\open\src\hotspot\share\interpreter\linkResolver.cpp, line 766]
Event: 1.812 Thread 0x000001f2849bd7f0 Exception <a 'java/lang/NoSuchMethodError'{0x00000000888f18a0}: 'void java.lang.invoke.DirectMethodHandle$Holder.invokeSpecial(java.lang.Object, java.lang.Object, java.lang.Object, java.lang.Object, java.lang.Object)'> (0x00000000888f18a0) 
thrown [t:\workspace\open\src\hotspot\share\interpreter\linkResolver.cpp, line 766]
Event: 1.816 Thread 0x000001f2849bd7f0 Exception <a 'java/lang/IncompatibleClassChangeError'{0x000000008876b0c0}: Found class java.lang.Object, but interface was expected> (0x000000008876b0c0) 
thrown [t:\workspace\open\src\hotspot\share\interpreter\linkResolver.cpp, line 833]
Event: 1.960 Thread 0x000001f2849bd7f0 Exception <a 'java/lang/NoSuchMethodError'{0x0000000087423f88}: 'int java.lang.invoke.DirectMethodHandle$Holder.invokeSpecial(java.lang.Object, java.lang.Object, java.lang.Object, java.lang.Object, java.lang.Object)'> (0x0000000087423f88) 
thrown [t:\workspace\open\src\hotspot\share\interpreter\linkResolver.cpp, line 766]
Event: 1.961 Thread 0x000001f2849bd7f0 Exception <a 'java/lang/NoSuchMethodError'{0x00000000874a14f8}: 'void java.lang.invoke.DirectMethodHandle$Holder.invokeVirtual(java.lang.Object, java.lang.Object)'> (0x00000000874a14f8) 
thrown [t:\workspace\open\src\hotspot\share\interpreter\linkResolver.cpp, line 766]
Event: 1.996 Thread 0x000001f2849bd7f0 Implicit null exception at 0x000001f2f832eaa3 to 0x000001f2f832f1a8
Event: 2.032 Thread 0x000001f2849bf9a0 Exception <a 'java/lang/reflect/InvocationTargetException'{0x0000000086a6ac30}> (0x0000000086a6ac30) 
thrown [t:\workspace\open\src\hotspot\share\runtime\reflection.cpp, line 1121]
Event: 2.118 Thread 0x000001f2849beb30 Exception <a 'java/lang/NoSuchMethodError'{0x00000000861dcc58}: 'long java.lang.invoke.DirectMethodHandle$Holder.invokeSpecial(java.lang.Object, java.lang.Object)'> (0x00000000861dcc58) 
thrown [t:\workspace\open\src\hotspot\share\interpreter\linkResolver.cpp, line 766]
Event: 2.120 Thread 0x000001f2849beb30 Exception <a 'java/lang/NoSuchMethodError'{0x000000008603a4d8}: 'long java.lang.invoke.DirectMethodHandle$Holder.invokeStatic(java.lang.Object, java.lang.Object)'> (0x000000008603a4d8) 
thrown [t:\workspace\open\src\hotspot\share\interpreter\linkResolver.cpp, line 766]
Event: 2.121 Thread 0x000001f2849beb30 Exception <a 'java/lang/NoSuchMethodError'{0x000000008603dad8}: 'long java.lang.invoke.DirectMethodHandle$Holder.invokeStaticInit(java.lang.Object, java.lang.Object)'> (0x000000008603dad8) 
thrown [t:\workspace\open\src\hotspot\share\interpreter\linkResolver.cpp, line 766]
Event: 2.123 Thread 0x000001f2849beb30 Exception <a 'java/lang/NoSuchMethodError'{0x0000000086094af0}: 'long java.lang.invoke.DirectMethodHandle$Holder.invokeInterface(java.lang.Object, java.lang.Object)'> (0x0000000086094af0) 
thrown [t:\workspace\open\src\hotspot\share\interpreter\linkResolver.cpp, line 766]
Event: 2.123 Thread 0x000001f2849beb30 Exception <a 'java/lang/IncompatibleClassChangeError'{0x0000000086098080}: Found class java.lang.Object, but interface was expected> (0x0000000086098080) 
thrown [t:\workspace\open\src\hotspot\share\interpreter\linkResolver.cpp, line 833]
Event: 2.135 Thread 0x000001f2849beb30 Exception <a 'java/lang/NoSuchMethodError'{0x0000000085f49e78}: 'java.lang.Object java.lang.invoke.DirectMethodHandle$Holder.invokeVirtual(java.lang.Object, java.lang.Object, java.lang.Object, java.lang.Object)'> (0x0000000085f49e78) 
thrown [t:\workspace\open\src\hotspot\share\interpreter\linkResolver.cpp, line 766]
Event: 2.368 Thread 0x000001f285518df0 Exception <a 'java/lang/NoClassDefFoundError'{0x00000000851fcd80}: org/glassfish/jersey/server/monitoring/ApplicationEventListener> (0x00000000851fcd80) 
thrown [t:\workspace\open\src\hotspot\share\classfile\systemDictionary.cpp, line 245]
Event: 2.434 Thread 0x000001f2849bd7f0 Exception <a 'java/lang/IncompatibleClassChangeError'{0x0000000086f1bf48}: Found class java.lang.Object, but interface was expected> (0x0000000086f1bf48) 
thrown [t:\workspace\open\src\hotspot\share\interpreter\linkResolver.cpp, line 833]

VM Operations (20 events):
Event: 1.715 Executing VM operation: HandshakeAllThreads done
Event: 1.806 Executing VM operation: HandshakeAllThreads
Event: 1.806 Executing VM operation: HandshakeAllThreads done
Event: 1.810 Executing VM operation: HandshakeAllThreads
Event: 1.810 Executing VM operation: HandshakeAllThreads done
Event: 1.849 Executing VM operation: ICBufferFull
Event: 1.849 Executing VM operation: ICBufferFull done
Event: 1.862 Executing VM operation: HandshakeAllThreads
Event: 1.862 Executing VM operation: HandshakeAllThreads done
Event: 1.926 Executing VM operation: HandshakeAllThreads
Event: 1.926 Executing VM operation: HandshakeAllThreads done
Event: 1.951 Executing VM operation: HandshakeAllThreads
Event: 1.951 Executing VM operation: HandshakeAllThreads done
Event: 2.276 Executing VM operation: ICBufferFull
Event: 2.276 Executing VM operation: ICBufferFull done
Event: 2.369 Executing VM operation: G1CollectForAllocation
Event: 2.376 Executing VM operation: G1CollectForAllocation done
Event: 2.384 Executing VM operation: G1CollectForAllocation
Event: 2.391 Executing VM operation: G1CollectForAllocation done
Event: 2.514 Executing VM operation: CollectForMetadataAllocation

Events (20 events):
Event: 2.009 loading class java/lang/invoke/VarHandleLongs$Array done
Event: 2.009 loading class java/util/concurrent/atomic/AtomicReferenceArray
Event: 2.009 loading class java/util/concurrent/atomic/AtomicReferenceArray done
Event: 2.029 Thread 0x000001f28551c7b0 Thread added: 0x000001f28551c7b0
Event: 2.032 loading class sun/text/resources/cldr/FormatData_en
Event: 2.032 loading class sun/text/resources/cldr/FormatData_en done
Event: 2.032 loading class sun/text/resources/cldr/FormatData_en_US
Event: 2.032 loading class sun/text/resources/cldr/FormatData_en_US done
Event: 2.034 Thread 0x000001f28551c7b0 Thread exited: 0x000001f28551c7b0
Event: 2.103 loading class java/util/regex/Pattern$Pos
Event: 2.103 loading class java/util/regex/Pattern$Pos done
Event: 2.138 Thread 0x000001f2849beb30 Thread exited: 0x000001f2849beb30
Event: 2.339 Thread 0x000001f285518df0 Thread added: 0x000001f285518df0
Event: 2.350 loading class javax/naming/ldap/LdapContext
Event: 2.350 loading class javax/naming/directory/DirContext
Event: 2.350 loading class javax/naming/directory/DirContext done
Event: 2.350 loading class javax/naming/ldap/LdapContext done
Event: 2.395 loading class javax/naming/Referenceable
Event: 2.395 loading class javax/naming/Referenceable done
Event: 2.416 Thread 0x000001f285518df0 Thread exited: 0x000001f285518df0


Dynamic libraries:
0x00007ff7b7470000 - 0x00007ff7b7480000 	C:\Program Files\Java\jdk-17.0.1\bin\java.exe
0x00007ffe4f730000 - 0x00007ffe4f927000 	C:\WINDOWS\SYSTEM32\ntdll.dll
0x00007ffe4e390000 - 0x00007ffe4e44d000 	C:\WINDOWS\System32\KERNEL32.DLL
0x00007ffe4d0a0000 - 0x00007ffe4d396000 	C:\WINDOWS\System32\KERNELBASE.dll
0x00007ffe4ce10000 - 0x00007ffe4cf10000 	C:\WINDOWS\System32\ucrtbase.dll
0x00007ffe48ab0000 - 0x00007ffe48aca000 	C:\Program Files\Java\jdk-17.0.1\bin\VCRUNTIME140.dll
0x00007ffe48b10000 - 0x00007ffe48b28000 	C:\Program Files\Java\jdk-17.0.1\bin\jli.dll
0x00007ffe4e9a0000 - 0x00007ffe4ea4e000 	C:\WINDOWS\System32\ADVAPI32.dll
0x00007ffe4edf0000 - 0x00007ffe4ee8e000 	C:\WINDOWS\System32\msvcrt.dll
0x00007ffe4e6a0000 - 0x00007ffe4e73c000 	C:\WINDOWS\System32\sechost.dll
0x00007ffe4ef80000 - 0x00007ffe4f0a6000 	C:\WINDOWS\System32\RPCRT4.dll
0x00007ffe4d790000 - 0x00007ffe4d92e000 	C:\WINDOWS\System32\USER32.dll
0x00007ffe4d070000 - 0x00007ffe4d092000 	C:\WINDOWS\System32\win32u.dll
0x00007ffe4f0b0000 - 0x00007ffe4f0dc000 	C:\WINDOWS\System32\GDI32.dll
0x00007ffe4d540000 - 0x00007ffe4d65a000 	C:\WINDOWS\System32\gdi32full.dll
0x00007ffe43810000 - 0x00007ffe43aaa000 	C:\WINDOWS\WinSxS\amd64_microsoft.windows.common-controls_6595b64144ccf1df_6.0.19041.3570_none_60bb2a3971f3e41a\COMCTL32.dll
0x00007ffe4d6f0000 - 0x00007ffe4d78d000 	C:\WINDOWS\System32\msvcp_win.dll
0x00007ffe3eaf0000 - 0x00007ffe3eafa000 	C:\WINDOWS\SYSTEM32\VERSION.dll
0x00007ffe4ea60000 - 0x00007ffe4ea90000 	C:\WINDOWS\System32\IMM32.DLL
0x00007ffe4a7a0000 - 0x00007ffe4a7ac000 	C:\Program Files\Java\jdk-17.0.1\bin\vcruntime140_1.dll
0x00007ffe45ed0000 - 0x00007ffe45f5d000 	C:\Program Files\Java\jdk-17.0.1\bin\msvcp140.dll
0x00007ffe12e70000 - 0x00007ffe13a2e000 	C:\Program Files\Java\jdk-17.0.1\bin\server\jvm.dll
0x00007ffe4f6e0000 - 0x00007ffe4f6e8000 	C:\WINDOWS\System32\PSAPI.DLL
0x00007ffe47c30000 - 0x00007ffe47c39000 	C:\WINDOWS\SYSTEM32\WSOCK32.dll
0x00007ffe3e7b0000 - 0x00007ffe3e7d7000 	C:\WINDOWS\SYSTEM32\WINMM.dll
0x00007ffe4f1f0000 - 0x00007ffe4f25b000 	C:\WINDOWS\System32\WS2_32.dll
0x00007ffe4acb0000 - 0x00007ffe4acc2000 	C:\WINDOWS\SYSTEM32\kernel.appcore.dll
0x00007ffe48cc0000 - 0x00007ffe48cca000 	C:\Program Files\Java\jdk-17.0.1\bin\jimage.dll
0x00007ffe38ea0000 - 0x00007ffe39084000 	C:\WINDOWS\SYSTEM32\DBGHELP.DLL
0x00007ffe32f60000 - 0x00007ffe32f94000 	C:\WINDOWS\SYSTEM32\dbgcore.DLL
0x00007ffe4d660000 - 0x00007ffe4d6e2000 	C:\WINDOWS\System32\bcryptPrimitives.dll
0x00007ffe48c80000 - 0x00007ffe48c8e000 	C:\Program Files\Java\jdk-17.0.1\bin\instrument.dll
0x00007ffe46050000 - 0x00007ffe46075000 	C:\Program Files\Java\jdk-17.0.1\bin\java.dll
0x00007ffe40f80000 - 0x00007ffe41056000 	C:\Program Files\Java\jdk-17.0.1\bin\svml.dll
0x00007ffe4dc40000 - 0x00007ffe4e384000 	C:\WINDOWS\System32\SHELL32.dll
0x00007ffe4aeb0000 - 0x00007ffe4b64b000 	C:\WINDOWS\SYSTEM32\windows.storage.dll
0x00007ffe4ea90000 - 0x00007ffe4ede4000 	C:\WINDOWS\System32\combase.dll
0x00007ffe4c850000 - 0x00007ffe4c87d000 	C:\WINDOWS\SYSTEM32\Wldp.dll
0x00007ffe4e740000 - 0x00007ffe4e7ed000 	C:\WINDOWS\System32\SHCORE.dll
0x00007ffe4ee90000 - 0x00007ffe4eee5000 	C:\WINDOWS\System32\shlwapi.dll
0x00007ffe4cd40000 - 0x00007ffe4cd65000 	C:\WINDOWS\SYSTEM32\profapi.dll
0x00007ffe47550000 - 0x00007ffe47568000 	C:\Program Files\Java\jdk-17.0.1\bin\zip.dll
0x00007ffe48120000 - 0x00007ffe48139000 	C:\Program Files\Java\jdk-17.0.1\bin\net.dll
0x00007ffe44fa0000 - 0x00007ffe450aa000 	C:\WINDOWS\SYSTEM32\WINHTTP.dll
0x00007ffe4c5b0000 - 0x00007ffe4c61a000 	C:\WINDOWS\system32\mswsock.dll
0x00007ffe47f40000 - 0x00007ffe47f55000 	C:\Program Files\Java\jdk-17.0.1\bin\nio.dll
0x00007ffe46690000 - 0x00007ffe466aa000 	C:\Program Files\IntelliJ IDEA 2020.3.2\bin\breakgen64.dll
0x00007ffe4c2a0000 - 0x00007ffe4c36a000 	C:\WINDOWS\SYSTEM32\DNSAPI.dll
0x00007ffe4c250000 - 0x00007ffe4c28b000 	C:\WINDOWS\SYSTEM32\IPHLPAPI.DLL
0x00007ffe4f260000 - 0x00007ffe4f268000 	C:\WINDOWS\System32\NSI.dll
0x00007ffe41330000 - 0x00007ffe4133a000 	C:\Windows\System32\rasadhlp.dll
0x00007ffe41060000 - 0x00007ffe410e2000 	C:\WINDOWS\System32\fwpuclnt.dll
0x00007ffe4d3f0000 - 0x00007ffe4d417000 	C:\WINDOWS\System32\bcrypt.dll
0x00007ffe47d90000 - 0x00007ffe47d99000 	C:\Program Files\Java\jdk-17.0.1\bin\management.dll
0x00007ffe47cd0000 - 0x00007ffe47cdb000 	C:\Program Files\Java\jdk-17.0.1\bin\management_ext.dll
0x00007ffe4c7a0000 - 0x00007ffe4c7b8000 	C:\WINDOWS\SYSTEM32\CRYPTSP.dll
0x00007ffe4bdf0000 - 0x00007ffe4be24000 	C:\WINDOWS\system32\rsaenh.dll
0x00007ffe4cd00000 - 0x00007ffe4cd2e000 	C:\WINDOWS\SYSTEM32\USERENV.dll
0x00007ffe4c7c0000 - 0x00007ffe4c7cc000 	C:\WINDOWS\SYSTEM32\CRYPTBASE.dll
0x00007ffe45b70000 - 0x00007ffe45b87000 	C:\WINDOWS\SYSTEM32\dhcpcsvc6.DLL
0x00007ffe45b50000 - 0x00007ffe45b6d000 	C:\WINDOWS\SYSTEM32\dhcpcsvc.DLL
0x00007ffe25350000 - 0x00007ffe25367000 	C:\WINDOWS\system32\napinsp.dll
0x00007ffe25370000 - 0x00007ffe2538b000 	C:\WINDOWS\system32\pnrpnsp.dll
0x00007ffe48070000 - 0x00007ffe48085000 	C:\WINDOWS\system32\wshbth.dll
0x00007ffe48a90000 - 0x00007ffe48aad000 	C:\WINDOWS\system32\NLAapi.dll
0x00007ffe25390000 - 0x00007ffe253a2000 	C:\WINDOWS\System32\winrnr.dll
0x00007ffe36830000 - 0x00007ffe36879000 	C:\WINDOWS\system32\pdh.dll
0x00007ffe47da0000 - 0x00007ffe47daf000 	C:\WINDOWS\System32\perfproc.dll
0x00007ffe48cd0000 - 0x00007ffe48cdf000 	C:\WINDOWS\System32\perfos.dll

dbghelp: loaded successfully - version: 4.0.5 - missing functions: none
symbol engine: initialized successfully - sym options: 0x614 - pdb path: .;C:\Program Files\Java\jdk-17.0.1\bin;C:\WINDOWS\SYSTEM32;C:\WINDOWS\WinSxS\amd64_microsoft.windows.common-controls_6595b64144ccf1df_6.0.19041.3570_none_60bb2a3971f3e41a;C:\Program Files\Java\jdk-17.0.1\bin\server;C:\Program Files\IntelliJ IDEA 2020.3.2\bin

VM Arguments:
jvm_args: -XX:+UnlockDiagnosticVMOptions -XX:+DebugNonSafepoints -XX:+FlightRecorder -XX:StartFlightRecording=name="ApiServiceMsApplication_2023_11_10_094922",settings="default",dumponexit=true,filename="C:\Users\Admin\AppData\Local\Temp\javaFlightRecorder.jfr" -XX:FlightRecorderOptions=stackdepth=2048 -XX:TieredStopAtLevel=1 -Xverify:none -Dspring.output.ansi.enabled=always -javaagent:C:\Program Files\IntelliJ IDEA 2020.3.2\lib\idea_rt.jar=61968:C:\Program Files\IntelliJ IDEA 2020.3.2\bin -Dcom.sun.management.jmxremote -Dspring.jmx.enabled=true -Dspring.liveBeansView.mbeanDomain -Dspring.application.admin.enabled=true -Dfile.encoding=UTF-8 
java_command: com.fpoly.ooc.ApiServiceMsApplication
java_class_path (initial): E:\DATN\UD-HN_1998-outOFcollege\api-service-ms\target\classes;C:\Users\Admin\.m2\repository\org\springframework\boot\spring-boot-starter-data-jpa\3.1.3\spring-boot-starter-data-jpa-3.1.3.jar;C:\Users\Admin\.m2\repository\org\springframework\boot\spring-boot-starter-aop\3.1.3\spring-boot-starter-aop-3.1.3.jar;C:\Users\Admin\.m2\repository\org\aspectj\aspectjweaver\1.9.20\aspectjweaver-1.9.20.jar;C:\Users\Admin\.m2\repository\org\springframework\boot\spring-boot-starter-jdbc\3.1.3\spring-boot-starter-jdbc-3.1.3.jar;C:\Users\Admin\.m2\repository\com\zaxxer\HikariCP\5.0.1\HikariCP-5.0.1.jar;C:\Users\Admin\.m2\repository\org\springframework\spring-jdbc\6.0.11\spring-jdbc-6.0.11.jar;C:\Users\Admin\.m2\repository\org\hibernate\orm\hibernate-core\6.2.7.Final\hibernate-core-6.2.7.Final.jar;C:\Users\Admin\.m2\repository\jakarta\persistence\jakarta.persistence-api\3.1.0\jakarta.persistence-api-3.1.0.jar;C:\Users\Admin\.m2\repository\jakarta\transaction\jakarta.transaction-api\2.0.1\jakarta.transaction-api-2.0.1.jar;C:\Users\Admin\.m2\repository\org\jboss\logging\jboss-logging\3.5.3.Final\jboss-logging-3.5.3.Final.jar;C:\Users\Admin\.m2\repository\org\hibernate\common\hibernate-commons-annotations\6.0.6.Final\hibernate-commons-annotations-6.0.6.Final.jar;C:\Users\Admin\.m2\repository\io\smallrye\jandex\3.0.5\jandex-3.0.5.jar;C:\Users\Admin\.m2\repository\com\fasterxml\classmate\1.5.1\classmate-1.5.1.jar;C:\Users\Admin\.m2\repository\net\bytebuddy\byte-buddy\1.14.6\byte-buddy-1.14.6.jar;C:\Users\Admin\.m2\repository\org\glassfish\jaxb\jaxb-runtime\4.0.3\jaxb-runtime-4.0.3.jar;C:\Users\Admin\.m2\repository\org\glassfish\jaxb\jaxb-core\4.0.3\jaxb-core-4.0.3.jar;C:\Users\Admin\.m2\repository\org\glassfish\jaxb\txw2\4.0.3\txw2-4.0.3.jar;C:\Users\Admin\.m2\repository\com\sun\istack\istack-commons-runtime\4.1.2\istack-commons-runtime-4.1.2.jar;C:\Users\Admin\.m2\repository\jakarta\inject\jakarta.inject-api\2.0.1\jakarta.inject-api-2.0.1.jar;C:\Users\Admin\
Launcher Type: SUN_STANDARD

[Global flags]
     bool BytecodeVerificationLocal                = false                                  {diagnostic} {command line}
     bool BytecodeVerificationRemote               = false                                  {diagnostic} {command line}
     intx CICompilerCount                          = 4                                         {product} {ergonomic}
     uint ConcGCThreads                            = 2                                         {product} {ergonomic}
     bool DebugNonSafepoints                       = true                                   {diagnostic} {command line}
     bool FlightRecorder                           = true                                      {product} {command line}
    ccstr FlightRecorderOptions                    = stackdepth=2048                           {product} {command line}
     uint G1ConcRefinementThreads                  = 8                                         {product} {ergonomic}
   size_t G1HeapRegionSize                         = 1048576                                   {product} {ergonomic}
    uintx GCDrainStackTargetSize                   = 64                                        {product} {ergonomic}
   size_t InitialHeapSize                          = 134217728                                 {product} {ergonomic}
     bool ManagementServer                         = true                                      {product} {command line}
   size_t MarkStackSize                            = 4194304                                   {product} {ergonomic}
   size_t MaxHeapSize                              = 2124414976                                {product} {ergonomic}
   size_t MaxNewSize                               = 1274019840                                {product} {ergonomic}
   size_t MinHeapDeltaBytes                        = 1048576                                   {product} {ergonomic}
   size_t MinHeapSize                              = 8388608                                   {product} {ergonomic}
    uintx NonProfiledCodeHeapSize                  = 0                                      {pd product} {ergonomic}
     bool ProfileInterpreter                       = false                                  {pd product} {command line}
    uintx ProfiledCodeHeapSize                     = 0                                      {pd product} {ergonomic}
   size_t SoftMaxHeapSize                          = 2124414976                             {manageable} {ergonomic}
    ccstr StartFlightRecording                     = name="ApiServiceMsApplication_2023_11_10_094922",settings="default",dumponexit=true,filename="C:\Users\Admin\AppData\Local\Temp\javaFlightRecorder.jfr"            {product} {command line}
     intx TieredStopAtLevel                        = 1                                         {product} {command line}
     bool UnlockDiagnosticVMOptions                = true                                   {diagnostic} {command line}
     bool UseCompressedClassPointers               = true                           {product lp64_product} {ergonomic}
     bool UseCompressedOops                        = true                           {product lp64_product} {ergonomic}
     bool UseG1GC                                  = true                                      {product} {ergonomic}
     bool UseLargePagesIndividualAllocation        = false                                  {pd product} {ergonomic}

Logging:
Log output configuration:
 #0: stdout all=warning uptime,level,tags (reconfigured)
 #1: stderr all=off uptime,level,tags

Environment Variables:
JAVA_HOME=C:\Program Files\Java\jdk-17.0.1
PATH=C:\Program Files\Common Files\Oracle\Java\javapath;"C:\Program Files (x86)\Common Files\Oracle\Java\javapath;C:\Program Files\Java\jre1.8.0_311\bin;";C:\WINDOWS\system32;C:\WINDOWS;C:\WINDOWS\System32\Wbem;C:\WINDOWS\System32\WindowsPowerShell\v1.0\;C:\WINDOWS\System32\OpenSSH\;C:\Program Files (x86)\AMD\ATI.ACE\Core-Static;C:\Program Files\Java\jre1.8.0_311\bin;C:\Program Files\Microsoft VS Code\bin;C:\TDM-GCC-64\bin;C:\Program Files\Microsoft SQL Server\Client SDK\ODBC\170\Tools\Binn\;C:\Program Files (x86)\Microsoft SQL Server\150\Tools\Binn\;C:\Program Files\Microsoft SQL Server\150\Tools\Binn\;C:\Program Files\Microsoft SQL Server\150\DTS\Binn\;C:\Program Files (x86)\Microsoft SQL Server\150\DTS\Binn\;C:\Program Files\Azure Data Studio\bin;C:\Program Files\Git\cmd;C:\Program Files\nodejs\;C:\Users\Admin\AppData\Local\Programs\Python\Python310\Scripts\;C:\Users\Admin\AppData\Local\Programs\Python\Python310\;"C:\Users\Admin\AppData\Local\Microsoft\WindowsApps;";"C:\Users\Admin\AppData\Local\Programs\Microsoft VS Code\bin;";C:\Program Files\Java\jdk-17.0.1\bin\;C:\Program Files\Azure Data Studio\bin;C:\Users\Admin\Downloads\ngrok-stable-windows-amd64;C:\Program Files\JetBrains\IntelliJ IDEA Community Edition 2022.1\bin;;C:\Users\Admin\AppData\Roaming\npm;C:\TDM-GCC-64\bin;C:\Users\Admin\Downloads\apache-maven-3.9.3-bin\apache-maven-3.9.3\bin;
USERNAME=Admin
OS=Windows_NT
PROCESSOR_IDENTIFIER=Intel64 Family 6 Model 60 Stepping 3, GenuineIntel



---------------  S Y S T E M  ---------------

OS:
 Windows 10 , 64 bit Build 19041 (10.0.19041.3570)
OS uptime: 6 days 11:03 hours

CPU: total 8 (initial active 8) (4 cores per cpu, 2 threads per core) family 6 model 60 stepping 3 microcode 0x27, cx8, cmov, fxsr, ht, mmx, sse, sse2, sse3, ssse3, sse4.1, sse4.2, popcnt, lzcnt, tsc, tscinvbit, avx, avx2, aes, erms, clmul, bmi1, bmi2, fma, vzeroupper, clflush

Memory: 4k page, system-wide physical 8097M (1082M free)
TotalPageFile size 13154M (AvailPageFile size 76M)
current process WorkingSet (physical memory assigned to process): 192M, peak: 192M
current process commit charge ("private bytes"): 277M, peak: 434M

vm_info: Java HotSpot(TM) 64-Bit Server VM (17.0.1+12-LTS-39) for windows-amd64 JRE (17.0.1+12-LTS-39), built on Sep 27 2021 18:41:35 by "mach5one" with MS VC++ 16.8 (VS2019)

END.
