#
# There is insufficient memory for the Java Runtime Environment to continue.
# Native memory allocation (mmap) failed to map 65536 bytes for Failed to commit metaspace.
# Possible reasons:
#   The system is out of physical RAM or swap space
#   The process is running with CompressedOops enabled, and the Java Heap may be blocking the growth of the native heap
# Possible solutions:
#   Reduce memory load on the system
#   Increase physical memory or swap space
#   Check if swap backing store is full
#   Decrease Java heap size (-Xmx/-Xms)
#   Decrease number of Java threads
#   Decrease Java thread stack sizes (-Xss)
#   Set larger code cache with -XX:ReservedCodeCacheSize=
#   JVM is running with Unscaled Compressed Oops mode in which the Java heap is
#     placed in the first 4GB address space. The Java Heap base address is the
#     maximum limit for the native heap growth. Please use -XX:HeapBaseMinAddress
#     to set the Java Heap base and to place the Java Heap above 4GB virtual address.
# This output file may be truncated or incomplete.
#
#  Out of Memory Error (virtualSpaceNode.cpp:110), pid=1020, tid=12504
#
# JRE version: Java(TM) SE Runtime Environment (17.0.1+12) (build 17.0.1+12-LTS-39)
# Java VM: Java HotSpot(TM) 64-Bit Server VM (17.0.1+12-LTS-39, mixed mode, emulated-client, sharing, tiered, compressed oops, compressed class ptrs, g1 gc, windows-amd64)
# No core dump will be written. Minidumps are not enabled by default on client versions of Windows
#

---------------  S U M M A R Y ------------

Command Line: -XX:TieredStopAtLevel=1 -Xverify:none -Dspring.output.ansi.enabled=always -javaagent:C:\Program Files\IntelliJ IDEA 2020.3.2\lib\idea_rt.jar=62012:C:\Program Files\IntelliJ IDEA 2020.3.2\bin -Dcom.sun.management.jmxremote -Dspring.jmx.enabled=true -Dspring.liveBeansView.mbeanDomain -Dspring.application.admin.enabled=true -Dfile.encoding=UTF-8 com.fpoly.ooc.ApiServiceMsApplication

Host: Intel(R) Core(TM) i7-4800MQ CPU @ 2.70GHz, 8 cores, 7G,  Windows 10 , 64 bit Build 19041 (10.0.19041.3570)
Time: Fri Nov 10 09:49:36 2023 SE Asia Standard Time elapsed time: 4.695836 seconds (0d 0h 0m 4s)

---------------  T H R E A D  ---------------

Current thread (0x0000020e4fa690d0):  JavaThread "restartedMain" [_thread_in_vm, id=12504, stack(0x000000c44ab00000,0x000000c44ac00000)]

Stack: [0x000000c44ab00000,0x000000c44ac00000]
Native frames: (J=compiled Java code, j=interpreted, Vv=VM code, C=native code)
V  [jvm.dll+0x66fa1a]
V  [jvm.dll+0x7ce5a4]
V  [jvm.dll+0x7cfd4e]
V  [jvm.dll+0x7d03b3]
V  [jvm.dll+0x242b05]
V  [jvm.dll+0x7ca54b]
V  [jvm.dll+0x615b76]
V  [jvm.dll+0x1be19e]
V  [jvm.dll+0x6184b1]
V  [jvm.dll+0x616516]
V  [jvm.dll+0x2405cc]
V  [jvm.dll+0x6c5edd]
V  [jvm.dll+0x6c690f]
V  [jvm.dll+0x36c1c3]
V  [jvm.dll+0x36b382]
V  [jvm.dll+0x36b328]
V  [jvm.dll+0x37b00a]
C  0x0000020e43d69ad7

Java frames: (J=compiled Java code, j=interpreted, Vv=VM code)
j  org.hibernate.boot.model.internal.EntityBinder.makePersistentClass(Lorg/hibernate/boot/model/internal/InheritanceState;Lorg/hibernate/mapping/PersistentClass;Lorg/hibernate/boot/spi/MetadataBuildingContext;)Lorg/hibernate/mapping/PersistentClass;+7
j  org.hibernate.boot.model.internal.EntityBinder.bindEntityClass(Lorg/hibernate/annotations/common/reflection/XClass;Ljava/util/Map;Ljava/util/Map;Lorg/hibernate/boot/spi/MetadataBuildingContext;)V+60
j  org.hibernate.boot.model.internal.AnnotationBinder.bindClass(Lorg/hibernate/annotations/common/reflection/XClass;Ljava/util/Map;Lorg/hibernate/boot/spi/MetadataBuildingContext;)V+72
j  org.hibernate.boot.model.source.internal.annotations.AnnotationMetadataSourceProcessorImpl.processEntityHierarchies(Ljava/util/Set;)V+84
j  org.hibernate.boot.model.process.spi.MetadataBuildingProcess$1.processEntityHierarchies(Ljava/util/Set;)V+63
j  org.hibernate.boot.model.process.spi.MetadataBuildingProcess.complete(Lorg/hibernate/boot/model/process/spi/ManagedResources;Lorg/hibernate/boot/spi/BootstrapContext;Lorg/hibernate/boot/spi/MetadataBuildingOptions;)Lorg/hibernate/boot/spi/MetadataImplementor;+173
j  org.hibernate.jpa.boot.internal.EntityManagerFactoryBuilderImpl.metadata()Lorg/hibernate/boot/spi/MetadataImplementor;+30
j  org.hibernate.jpa.boot.internal.EntityManagerFactoryBuilderImpl.build()Ljakarta/persistence/EntityManagerFactory;+3
j  org.springframework.orm.jpa.vendor.SpringHibernateJpaPersistenceProvider.createContainerEntityManagerFactory(Ljakarta/persistence/spi/PersistenceUnitInfo;Ljava/util/Map;)Ljakarta/persistence/EntityManagerFactory;+59
j  org.springframework.orm.jpa.LocalContainerEntityManagerFactoryBean.createNativeEntityManagerFactory()Ljakarta/persistence/EntityManagerFactory;+111
j  org.springframework.orm.jpa.AbstractEntityManagerFactoryBean.buildNativeEntityManagerFactory()Ljakarta/persistence/EntityManagerFactory;+1
j  org.springframework.orm.jpa.AbstractEntityManagerFactoryBean.afterPropertiesSet()V+192
j  org.springframework.orm.jpa.LocalContainerEntityManagerFactoryBean.afterPropertiesSet()V+84
j  org.springframework.beans.factory.support.AbstractAutowireCapableBeanFactory.invokeInitMethods(Ljava/lang/String;Ljava/lang/Object;Lorg/springframework/beans/factory/support/RootBeanDefinition;)V+56
j  org.springframework.beans.factory.support.AbstractAutowireCapableBeanFactory.initializeBean(Ljava/lang/String;Ljava/lang/Object;Lorg/springframework/beans/factory/support/RootBeanDefinition;)Ljava/lang/Object;+34
j  org.springframework.beans.factory.support.AbstractAutowireCapableBeanFactory.doCreateBean(Ljava/lang/String;Lorg/springframework/beans/factory/support/RootBeanDefinition;[Ljava/lang/Object;)Ljava/lang/Object;+228
j  org.springframework.beans.factory.support.AbstractAutowireCapableBeanFactory.createBean(Ljava/lang/String;Lorg/springframework/beans/factory/support/RootBeanDefinition;[Ljava/lang/Object;)Ljava/lang/Object;+153
j  org.springframework.beans.factory.support.AbstractBeanFactory.lambda$doGetBean$0(Ljava/lang/String;Lorg/springframework/beans/factory/support/RootBeanDefinition;[Ljava/lang/Object;)Ljava/lang/Object;+4
j  org.springframework.beans.factory.support.AbstractBeanFactory$$Lambda$345+0x0000000800e09598.getObject()Ljava/lang/Object;+16
j  org.springframework.beans.factory.support.DefaultSingletonBeanRegistry.getSingleton(Ljava/lang/String;Lorg/springframework/beans/factory/ObjectFactory;)Ljava/lang/Object;+114
J 3540 c1 org.springframework.beans.factory.support.AbstractBeanFactory.doGetBean(Ljava/lang/String;Ljava/lang/Class;[Ljava/lang/Object;Z)Ljava/lang/Object; (714 bytes) @ 0x0000020e4457ec2c [0x0000020e4457e600+0x000000000000062c]
j  org.springframework.beans.factory.support.AbstractBeanFactory.getBean(Ljava/lang/String;)Ljava/lang/Object;+5
j  org.springframework.context.support.AbstractApplicationContext.getBean(Ljava/lang/String;)Ljava/lang/Object;+9
j  org.springframework.context.support.AbstractApplicationContext.finishBeanFactoryInitialization(Lorg/springframework/beans/factory/config/ConfigurableListableBeanFactory;)V+106
j  org.springframework.context.support.AbstractApplicationContext.refresh()V+86
j  org.springframework.boot.web.servlet.context.ServletWebServerApplicationContext.refresh()V+1
j  org.springframework.boot.SpringApplication.refresh(Lorg/springframework/context/ConfigurableApplicationContext;)V+1
j  org.springframework.boot.SpringApplication.refreshContext(Lorg/springframework/context/ConfigurableApplicationContext;)V+16
j  org.springframework.boot.SpringApplication.run([Ljava/lang/String;)Lorg/springframework/context/ConfigurableApplicationContext;+101
j  org.springframework.boot.SpringApplication.run([Ljava/lang/Class;[Ljava/lang/String;)Lorg/springframework/context/ConfigurableApplicationContext;+9
j  org.springframework.boot.SpringApplication.run(Ljava/lang/Class;[Ljava/lang/String;)Lorg/springframework/context/ConfigurableApplicationContext;+9
j  com.fpoly.ooc.ApiServiceMsApplication.main([Ljava/lang/String;)V+3
v  ~StubRoutines::call_stub
j  jdk.internal.reflect.NativeMethodAccessorImpl.invoke0(Ljava/lang/reflect/Method;Ljava/lang/Object;[Ljava/lang/Object;)Ljava/lang/Object;+0 java.base@17.0.1
j  jdk.internal.reflect.NativeMethodAccessorImpl.invoke(Ljava/lang/Object;[Ljava/lang/Object;)Ljava/lang/Object;+133 java.base@17.0.1
j  jdk.internal.reflect.DelegatingMethodAccessorImpl.invoke(Ljava/lang/Object;[Ljava/lang/Object;)Ljava/lang/Object;+6 java.base@17.0.1
j  java.lang.reflect.Method.invoke(Ljava/lang/Object;[Ljava/lang/Object;)Ljava/lang/Object;+59 java.base@17.0.1
j  org.springframework.boot.devtools.restart.RestartLauncher.run()V+47
v  ~StubRoutines::call_stub

---------------  P R O C E S S  ---------------

Threads class SMR info:
_java_thread_list=0x0000020e52ac5340, length=26, elements={
0x0000020e3c554080, 0x0000020e4e3aded0, 0x0000020e4e3aec50, 0x0000020e4e3bdd00,
0x0000020e4e3c06d0, 0x0000020e4e3c2fa0, 0x0000020e4e3c3860, 0x0000020e4e3c41d0,
0x0000020e4e3c7ef0, 0x0000020e4e396d90, 0x0000020e4f084ac0, 0x0000020e4f54af00,
0x0000020e4f3f5cf0, 0x0000020e4f69e660, 0x0000020e4f6ad180, 0x0000020e4f6bbaf0,
0x0000020e4fa68800, 0x0000020e4fa690d0, 0x0000020e4fb7b910, 0x0000020e4fba8b60,
0x0000020e50d86ee0, 0x0000020e50d87880, 0x0000020e50d85ba0, 0x0000020e50d86070,
0x0000020e50d87d50, 0x0000020e50d89090
}

Java Threads: ( => current thread )
  0x0000020e3c554080 JavaThread "main" [_thread_blocked, id=31740, stack(0x000000c448c00000,0x000000c448d00000)]
  0x0000020e4e3aded0 JavaThread "Reference Handler" daemon [_thread_blocked, id=24868, stack(0x000000c449300000,0x000000c449400000)]
  0x0000020e4e3aec50 JavaThread "Finalizer" daemon [_thread_blocked, id=11848, stack(0x000000c449400000,0x000000c449500000)]
  0x0000020e4e3bdd00 JavaThread "Signal Dispatcher" daemon [_thread_blocked, id=32628, stack(0x000000c449500000,0x000000c449600000)]
  0x0000020e4e3c06d0 JavaThread "Attach Listener" daemon [_thread_blocked, id=33464, stack(0x000000c449600000,0x000000c449700000)]
  0x0000020e4e3c2fa0 JavaThread "Service Thread" daemon [_thread_blocked, id=28296, stack(0x000000c449700000,0x000000c449800000)]
  0x0000020e4e3c3860 JavaThread "Monitor Deflation Thread" daemon [_thread_blocked, id=15136, stack(0x000000c449800000,0x000000c449900000)]
  0x0000020e4e3c41d0 JavaThread "C1 CompilerThread0" daemon [_thread_blocked, id=26552, stack(0x000000c449900000,0x000000c449a00000)]
  0x0000020e4e3c7ef0 JavaThread "Sweeper thread" daemon [_thread_blocked, id=23900, stack(0x000000c449a00000,0x000000c449b00000)]
  0x0000020e4e396d90 JavaThread "Common-Cleaner" daemon [_thread_blocked, id=33348, stack(0x000000c449b00000,0x000000c449c00000)]
  0x0000020e4f084ac0 JavaThread "C1 CompilerThread1" daemon [_thread_blocked, id=6308, stack(0x000000c449c00000,0x000000c449d00000)]
  0x0000020e4f54af00 JavaThread "Monitor Ctrl-Break" daemon [_thread_in_native, id=9232, stack(0x000000c449d00000,0x000000c449e00000)]
  0x0000020e4f3f5cf0 JavaThread "Notification Thread" daemon [_thread_blocked, id=25108, stack(0x000000c449e00000,0x000000c449f00000)]
  0x0000020e4f69e660 JavaThread "C1 CompilerThread2" daemon [_thread_blocked, id=30896, stack(0x000000c449f00000,0x000000c44a000000)]
  0x0000020e4f6ad180 JavaThread "C1 CompilerThread3" daemon [_thread_blocked, id=34128, stack(0x000000c44a000000,0x000000c44a100000)]
  0x0000020e4f6bbaf0 JavaThread "RMI TCP Accept-0" daemon [_thread_in_native, id=19360, stack(0x000000c44a100000,0x000000c44a200000)]
  0x0000020e4fa68800 JavaThread "Thread-0" [_thread_blocked, id=25548, stack(0x000000c44aa00000,0x000000c44ab00000)]
=>0x0000020e4fa690d0 JavaThread "restartedMain" [_thread_in_vm, id=12504, stack(0x000000c44ab00000,0x000000c44ac00000)]
  0x0000020e4fb7b910 JavaThread "RMI TCP Connection(2)-192.168.56.1" daemon [_thread_in_native, id=22436, stack(0x000000c44ac00000,0x000000c44ad00000)]
  0x0000020e4fba8b60 JavaThread "RMI Scheduler(0)" daemon [_thread_blocked, id=29180, stack(0x000000c44ad00000,0x000000c44ae00000)]
  0x0000020e50d86ee0 JavaThread "RMI TCP Connection(3)-192.168.56.1" daemon [_thread_in_native, id=25360, stack(0x000000c44af00000,0x000000c44b000000)]
  0x0000020e50d87880 JavaThread "Catalina-utility-1" [_thread_blocked, id=28284, stack(0x000000c44b100000,0x000000c44b200000)]
  0x0000020e50d85ba0 JavaThread "Catalina-utility-2" [_thread_blocked, id=12204, stack(0x000000c44b200000,0x000000c44b300000)]
  0x0000020e50d86070 JavaThread "container-0" [_thread_blocked, id=11304, stack(0x000000c44b300000,0x000000c44b400000)]
  0x0000020e50d87d50 JavaThread "mssql-jdbc-shared-timer-core-0" daemon [_thread_blocked, id=16240, stack(0x000000c44b500000,0x000000c44b600000)]
  0x0000020e50d89090 JavaThread "HikariPool-1 housekeeper" daemon [_thread_in_vm, id=12688, stack(0x000000c44b600000,0x000000c44b700000)]

Other Threads:
  0x0000020e4e3a53b0 VMThread "VM Thread" [stack: 0x000000c449200000,0x000000c449300000] [id=20712]
  0x0000020e4f6ae210 WatcherThread [stack: 0x000000c44a200000,0x000000c44a300000] [id=5180]
  0x0000020e3c5927e0 GCTaskThread "GC Thread#0" [stack: 0x000000c448d00000,0x000000c448e00000] [id=14996]
  0x0000020e4f9ca3e0 GCTaskThread "GC Thread#1" [stack: 0x000000c44a300000,0x000000c44a400000] [id=33728]
  0x0000020e4f9ca690 GCTaskThread "GC Thread#2" [stack: 0x000000c44a400000,0x000000c44a500000] [id=13908]
  0x0000020e4f9fcb20 GCTaskThread "GC Thread#3" [stack: 0x000000c44a500000,0x000000c44a600000] [id=6704]
  0x0000020e4fa5b930 GCTaskThread "GC Thread#4" [stack: 0x000000c44a600000,0x000000c44a700000] [id=9604]
  0x0000020e4fa5fbf0 GCTaskThread "GC Thread#5" [stack: 0x000000c44a700000,0x000000c44a800000] [id=1896]
  0x0000020e4fa5fea0 GCTaskThread "GC Thread#6" [stack: 0x000000c44a800000,0x000000c44a900000] [id=30028]
  0x0000020e50bba470 GCTaskThread "GC Thread#7" [stack: 0x000000c44ae00000,0x000000c44af00000] [id=28136]
  0x0000020e3c5a4380 ConcurrentGCThread "G1 Main Marker" [stack: 0x000000c448e00000,0x000000c448f00000] [id=12992]
  0x0000020e3c5a5440 ConcurrentGCThread "G1 Conc#0" [stack: 0x000000c448f00000,0x000000c449000000] [id=24604]
  0x0000020e50ec4770 ConcurrentGCThread "G1 Conc#1" [stack: 0x000000c44b000000,0x000000c44b100000] [id=35652]
  0x0000020e3c61e540 ConcurrentGCThread "G1 Refine#0" [stack: 0x000000c449000000,0x000000c449100000] [id=12276]
  0x0000020e4f1ce5b0 ConcurrentGCThread "G1 Refine#1" [stack: 0x000000c44a900000,0x000000c44aa00000] [id=20248]
  0x0000020e4e260090 ConcurrentGCThread "G1 Service" [stack: 0x000000c449100000,0x000000c449200000] [id=7672]

Threads with active compile tasks:

VM state: not at safepoint (normal execution)

VM Mutex/Monitor currently owned by a thread:  ([mutex/lock_event])
[0x0000020e3c54f400] Metaspace_lock - owner thread: 0x0000020e4fa690d0

Heap address: 0x0000000081600000, size: 2026 MB, Compressed Oops mode: 32-bit

CDS archive(s) mapped at: [0x0000000800000000-0x0000000800bc0000-0x0000000800bc0000), size 12320768, SharedBaseAddress: 0x0000000800000000, ArchiveRelocationMode: 0.
Compressed class space mapped at: 0x0000000800c00000-0x0000000840c00000, reserved size: 1073741824
Narrow klass base: 0x0000000800000000, Narrow klass shift: 0, Narrow klass range: 0x100000000

GC Precious Log:
 CPUs: 8 total, 8 available
 Memory: 8097M
 Large Page Support: Disabled
 NUMA Support: Disabled
 Compressed Oops: Enabled (32-bit)
 Heap Region Size: 1M
 Heap Min Capacity: 8M
 Heap Initial Capacity: 128M
 Heap Max Capacity: 2026M
 Pre-touch: Disabled
 Parallel Workers: 8
 Concurrent Workers: 2
 Concurrent Refinement Workers: 8
 Periodic GC: Disabled

Heap:
 garbage-first heap   total 94208K, used 53790K [0x0000000081600000, 0x0000000100000000)
  region size 1024K, 32 young (32768K), 5 survivors (5120K)
 Metaspace       used 44124K, committed 44608K, reserved 1089536K
  class space    used 6042K, committed 6272K, reserved 1048576K

Heap Regions: E=young(eden), S=young(survivor), O=old, HS=humongous(starts), HC=humongous(continues), CS=collection set, F=free, OA=open archive, CA=closed archive, TAMS=top-at-mark-start (previous, next)
|   0|0x0000000081600000, 0x0000000081700000, 0x0000000081700000|100%|HS|  |TAMS 0x0000000081700000, 0x0000000081600000| Complete 
|   1|0x0000000081700000, 0x0000000081800000, 0x0000000081800000|100%| O|  |TAMS 0x0000000081800000, 0x0000000081700000| Untracked 
|   2|0x0000000081800000, 0x0000000081900000, 0x0000000081900000|100%| O|  |TAMS 0x0000000081900000, 0x0000000081800000| Untracked 
|   3|0x0000000081900000, 0x0000000081a00000, 0x0000000081a00000|100%| O|  |TAMS 0x0000000081a00000, 0x0000000081900000| Untracked 
|   4|0x0000000081a00000, 0x0000000081b00000, 0x0000000081b00000|100%| O|  |TAMS 0x0000000081b00000, 0x0000000081a00000| Untracked 
|   5|0x0000000081b00000, 0x0000000081c00000, 0x0000000081c00000|100%| O|  |TAMS 0x0000000081c00000, 0x0000000081b00000| Untracked 
|   6|0x0000000081c00000, 0x0000000081d00000, 0x0000000081d00000|100%| O|  |TAMS 0x0000000081d00000, 0x0000000081c00000| Untracked 
|   7|0x0000000081d00000, 0x0000000081e00000, 0x0000000081e00000|100%| O|  |TAMS 0x0000000081e00000, 0x0000000081d00000| Untracked 
|   8|0x0000000081e00000, 0x0000000081f00000, 0x0000000081f00000|100%| O|  |TAMS 0x0000000081f00000, 0x0000000081e00000| Untracked 
|   9|0x0000000081f00000, 0x0000000082000000, 0x0000000082000000|100%| O|  |TAMS 0x0000000082000000, 0x0000000081f00000| Untracked 
|  10|0x0000000082000000, 0x0000000082100000, 0x0000000082100000|100%| O|  |TAMS 0x0000000082100000, 0x0000000082000000| Untracked 
|  11|0x0000000082100000, 0x0000000082200000, 0x0000000082200000|100%| O|  |TAMS 0x0000000082200000, 0x0000000082100000| Untracked 
|  12|0x0000000082200000, 0x0000000082300000, 0x0000000082300000|100%| O|  |TAMS 0x0000000082300000, 0x0000000082200000| Untracked 
|  13|0x0000000082300000, 0x000000008236e600, 0x0000000082400000| 43%| O|  |TAMS 0x000000008236e600, 0x0000000082300000| Untracked 
|  14|0x0000000082400000, 0x0000000082500000, 0x0000000082500000|100%| O|  |TAMS 0x0000000082500000, 0x0000000082400000| Untracked 
|  15|0x0000000082500000, 0x0000000082600000, 0x0000000082600000|100%| O|  |TAMS 0x0000000082600000, 0x0000000082500000| Untracked 
|  16|0x0000000082600000, 0x0000000082700000, 0x0000000082700000|100%| O|  |TAMS 0x0000000082700000, 0x0000000082600000| Untracked 
|  17|0x0000000082700000, 0x0000000082800000, 0x0000000082800000|100%| O|  |TAMS 0x0000000082800000, 0x0000000082700000| Untracked 
|  18|0x0000000082800000, 0x0000000082900000, 0x0000000082900000|100%| O|  |TAMS 0x0000000082900000, 0x0000000082800000| Untracked 
|  19|0x0000000082900000, 0x0000000082a00000, 0x0000000082a00000|100%| O|  |TAMS 0x0000000082a00000, 0x0000000082900000| Untracked 
|  20|0x0000000082a00000, 0x0000000082b00000, 0x0000000082b00000|100%| O|  |TAMS 0x0000000082b00000, 0x0000000082a00000| Untracked 
|  21|0x0000000082b00000, 0x0000000082c00000, 0x0000000082c00000|100%| O|  |TAMS 0x0000000082c00000, 0x0000000082b00000| Untracked 
|  22|0x0000000082c00000, 0x0000000082c85a00, 0x0000000082d00000| 52%| O|  |TAMS 0x0000000082c85a00, 0x0000000082c00000| Untracked 
|  23|0x0000000082d00000, 0x0000000082d00000, 0x0000000082e00000|  0%| F|  |TAMS 0x0000000082d00000, 0x0000000082d00000| Untracked 
|  24|0x0000000082e00000, 0x0000000082e00000, 0x0000000082f00000|  0%| F|  |TAMS 0x0000000082e00000, 0x0000000082e00000| Untracked 
|  25|0x0000000082f00000, 0x0000000082f00000, 0x0000000083000000|  0%| F|  |TAMS 0x0000000082f00000, 0x0000000082f00000| Untracked 
|  26|0x0000000083000000, 0x0000000083000000, 0x0000000083100000|  0%| F|  |TAMS 0x0000000083000000, 0x0000000083000000| Untracked 
|  27|0x0000000083100000, 0x0000000083100000, 0x0000000083200000|  0%| F|  |TAMS 0x0000000083100000, 0x0000000083100000| Untracked 
|  28|0x0000000083200000, 0x0000000083200000, 0x0000000083300000|  0%| F|  |TAMS 0x0000000083200000, 0x0000000083200000| Untracked 
|  29|0x0000000083300000, 0x0000000083300000, 0x0000000083400000|  0%| F|  |TAMS 0x0000000083300000, 0x0000000083300000| Untracked 
|  30|0x0000000083400000, 0x0000000083400000, 0x0000000083500000|  0%| F|  |TAMS 0x0000000083400000, 0x0000000083400000| Untracked 
|  31|0x0000000083500000, 0x0000000083500000, 0x0000000083600000|  0%| F|  |TAMS 0x0000000083500000, 0x0000000083500000| Untracked 
|  32|0x0000000083600000, 0x0000000083600000, 0x0000000083700000|  0%| F|  |TAMS 0x0000000083600000, 0x0000000083600000| Untracked 
|  33|0x0000000083700000, 0x0000000083700000, 0x0000000083800000|  0%| F|  |TAMS 0x0000000083700000, 0x0000000083700000| Untracked 
|  34|0x0000000083800000, 0x0000000083800000, 0x0000000083900000|  0%| F|  |TAMS 0x0000000083800000, 0x0000000083800000| Untracked 
|  35|0x0000000083900000, 0x0000000083900000, 0x0000000083a00000|  0%| F|  |TAMS 0x0000000083900000, 0x0000000083900000| Untracked 
|  36|0x0000000083a00000, 0x0000000083a00000, 0x0000000083b00000|  0%| F|  |TAMS 0x0000000083a00000, 0x0000000083a00000| Untracked 
|  37|0x0000000083b00000, 0x0000000083b00000, 0x0000000083c00000|  0%| F|  |TAMS 0x0000000083b00000, 0x0000000083b00000| Untracked 
|  38|0x0000000083c00000, 0x0000000083c00000, 0x0000000083d00000|  0%| F|  |TAMS 0x0000000083c00000, 0x0000000083c00000| Untracked 
|  39|0x0000000083d00000, 0x0000000083d00000, 0x0000000083e00000|  0%| F|  |TAMS 0x0000000083d00000, 0x0000000083d00000| Untracked 
|  40|0x0000000083e00000, 0x0000000083e00000, 0x0000000083f00000|  0%| F|  |TAMS 0x0000000083e00000, 0x0000000083e00000| Untracked 
|  41|0x0000000083f00000, 0x0000000083f00000, 0x0000000084000000|  0%| F|  |TAMS 0x0000000083f00000, 0x0000000083f00000| Untracked 
|  42|0x0000000084000000, 0x0000000084000000, 0x0000000084100000|  0%| F|  |TAMS 0x0000000084000000, 0x0000000084000000| Untracked 
|  43|0x0000000084100000, 0x0000000084100000, 0x0000000084200000|  0%| F|  |TAMS 0x0000000084100000, 0x0000000084100000| Untracked 
|  44|0x0000000084200000, 0x00000000842938e0, 0x0000000084300000| 57%| S|CS|TAMS 0x0000000084200000, 0x0000000084200000| Complete 
|  45|0x0000000084300000, 0x0000000084400000, 0x0000000084400000|100%| S|CS|TAMS 0x0000000084300000, 0x0000000084300000| Complete 
|  46|0x0000000084400000, 0x0000000084500000, 0x0000000084500000|100%| S|CS|TAMS 0x0000000084400000, 0x0000000084400000| Complete 
|  47|0x0000000084500000, 0x0000000084600000, 0x0000000084600000|100%| S|CS|TAMS 0x0000000084500000, 0x0000000084500000| Complete 
|  48|0x0000000084600000, 0x0000000084700000, 0x0000000084700000|100%| S|CS|TAMS 0x0000000084600000, 0x0000000084600000| Complete 
|  49|0x0000000084700000, 0x0000000084700000, 0x0000000084800000|  0%| F|  |TAMS 0x0000000084700000, 0x0000000084700000| Untracked 
|  50|0x0000000084800000, 0x0000000084800000, 0x0000000084900000|  0%| F|  |TAMS 0x0000000084800000, 0x0000000084800000| Untracked 
|  51|0x0000000084900000, 0x0000000084900000, 0x0000000084a00000|  0%| F|  |TAMS 0x0000000084900000, 0x0000000084900000| Untracked 
|  52|0x0000000084a00000, 0x0000000084a00000, 0x0000000084b00000|  0%| F|  |TAMS 0x0000000084a00000, 0x0000000084a00000| Untracked 
|  53|0x0000000084b00000, 0x0000000084b00000, 0x0000000084c00000|  0%| F|  |TAMS 0x0000000084b00000, 0x0000000084b00000| Untracked 
|  54|0x0000000084c00000, 0x0000000084c00000, 0x0000000084d00000|  0%| F|  |TAMS 0x0000000084c00000, 0x0000000084c00000| Untracked 
|  55|0x0000000084d00000, 0x0000000084d00000, 0x0000000084e00000|  0%| F|  |TAMS 0x0000000084d00000, 0x0000000084d00000| Untracked 
|  56|0x0000000084e00000, 0x0000000084e00000, 0x0000000084f00000|  0%| F|  |TAMS 0x0000000084e00000, 0x0000000084e00000| Untracked 
|  57|0x0000000084f00000, 0x0000000084f00000, 0x0000000085000000|  0%| F|  |TAMS 0x0000000084f00000, 0x0000000084f00000| Untracked 
|  58|0x0000000085000000, 0x0000000085000000, 0x0000000085100000|  0%| F|  |TAMS 0x0000000085000000, 0x0000000085000000| Untracked 
|  59|0x0000000085100000, 0x0000000085100000, 0x0000000085200000|  0%| F|  |TAMS 0x0000000085100000, 0x0000000085100000| Untracked 
|  60|0x0000000085200000, 0x0000000085200000, 0x0000000085300000|  0%| F|  |TAMS 0x0000000085200000, 0x0000000085200000| Untracked 
|  61|0x0000000085300000, 0x0000000085300000, 0x0000000085400000|  0%| F|  |TAMS 0x0000000085300000, 0x0000000085300000| Untracked 
|  62|0x0000000085400000, 0x0000000085400000, 0x0000000085500000|  0%| F|  |TAMS 0x0000000085400000, 0x0000000085400000| Untracked 
|  63|0x0000000085500000, 0x0000000085500000, 0x0000000085600000|  0%| F|  |TAMS 0x0000000085500000, 0x0000000085500000| Untracked 
|  64|0x0000000085600000, 0x0000000085600000, 0x0000000085700000|  0%| F|  |TAMS 0x0000000085600000, 0x0000000085600000| Untracked 
|  65|0x0000000085700000, 0x00000000857811e0, 0x0000000085800000| 50%| E|  |TAMS 0x0000000085700000, 0x0000000085700000| Complete 
|  66|0x0000000085800000, 0x0000000085900000, 0x0000000085900000|100%| E|CS|TAMS 0x0000000085800000, 0x0000000085800000| Complete 
|  67|0x0000000085900000, 0x0000000085a00000, 0x0000000085a00000|100%| E|CS|TAMS 0x0000000085900000, 0x0000000085900000| Complete 
|  68|0x0000000085a00000, 0x0000000085b00000, 0x0000000085b00000|100%| E|CS|TAMS 0x0000000085a00000, 0x0000000085a00000| Complete 
|  69|0x0000000085b00000, 0x0000000085c00000, 0x0000000085c00000|100%| E|CS|TAMS 0x0000000085b00000, 0x0000000085b00000| Complete 
|  70|0x0000000085c00000, 0x0000000085d00000, 0x0000000085d00000|100%| E|CS|TAMS 0x0000000085c00000, 0x0000000085c00000| Complete 
|  71|0x0000000085d00000, 0x0000000085e00000, 0x0000000085e00000|100%| E|CS|TAMS 0x0000000085d00000, 0x0000000085d00000| Complete 
|  72|0x0000000085e00000, 0x0000000085f00000, 0x0000000085f00000|100%| E|CS|TAMS 0x0000000085e00000, 0x0000000085e00000| Complete 
|  73|0x0000000085f00000, 0x0000000086000000, 0x0000000086000000|100%| E|CS|TAMS 0x0000000085f00000, 0x0000000085f00000| Complete 
|  74|0x0000000086000000, 0x0000000086100000, 0x0000000086100000|100%| E|CS|TAMS 0x0000000086000000, 0x0000000086000000| Complete 
|  75|0x0000000086100000, 0x0000000086200000, 0x0000000086200000|100%| E|CS|TAMS 0x0000000086100000, 0x0000000086100000| Complete 
|  76|0x0000000086200000, 0x0000000086300000, 0x0000000086300000|100%| E|CS|TAMS 0x0000000086200000, 0x0000000086200000| Complete 
|  77|0x0000000086300000, 0x0000000086400000, 0x0000000086400000|100%| E|CS|TAMS 0x0000000086300000, 0x0000000086300000| Complete 
|  78|0x0000000086400000, 0x0000000086500000, 0x0000000086500000|100%| E|CS|TAMS 0x0000000086400000, 0x0000000086400000| Complete 
|  79|0x0000000086500000, 0x0000000086600000, 0x0000000086600000|100%| E|CS|TAMS 0x0000000086500000, 0x0000000086500000| Complete 
|  80|0x0000000086600000, 0x0000000086700000, 0x0000000086700000|100%| E|CS|TAMS 0x0000000086600000, 0x0000000086600000| Complete 
|  81|0x0000000086700000, 0x0000000086800000, 0x0000000086800000|100%| E|CS|TAMS 0x0000000086700000, 0x0000000086700000| Complete 
|  82|0x0000000086800000, 0x0000000086900000, 0x0000000086900000|100%| E|CS|TAMS 0x0000000086800000, 0x0000000086800000| Complete 
|  83|0x0000000086900000, 0x0000000086a00000, 0x0000000086a00000|100%| E|CS|TAMS 0x0000000086900000, 0x0000000086900000| Complete 
|  84|0x0000000086a00000, 0x0000000086b00000, 0x0000000086b00000|100%| E|CS|TAMS 0x0000000086a00000, 0x0000000086a00000| Complete 
| 109|0x0000000088300000, 0x0000000088400000, 0x0000000088400000|100%| E|CS|TAMS 0x0000000088300000, 0x0000000088300000| Complete 
| 110|0x0000000088400000, 0x0000000088500000, 0x0000000088500000|100%| E|CS|TAMS 0x0000000088400000, 0x0000000088400000| Complete 
| 111|0x0000000088500000, 0x0000000088600000, 0x0000000088600000|100%| E|CS|TAMS 0x0000000088500000, 0x0000000088500000| Complete 
| 112|0x0000000088600000, 0x0000000088700000, 0x0000000088700000|100%| E|CS|TAMS 0x0000000088600000, 0x0000000088600000| Complete 
| 113|0x0000000088700000, 0x0000000088800000, 0x0000000088800000|100%| E|CS|TAMS 0x0000000088700000, 0x0000000088700000| Complete 
| 126|0x0000000089400000, 0x0000000089500000, 0x0000000089500000|100%| E|CS|TAMS 0x0000000089400000, 0x0000000089400000| Complete 
| 127|0x0000000089500000, 0x0000000089600000, 0x0000000089600000|100%| E|CS|TAMS 0x0000000089500000, 0x0000000089500000| Complete 

Card table byte_map: [0x0000020e47260000,0x0000020e47660000] _byte_map_base: 0x0000020e46e55000

Marking Bits (Prev, Next): (CMBitMap*) 0x0000020e3c593d10, (CMBitMap*) 0x0000020e3c593d50
 Prev Bits: [0x0000020e47a60000, 0x0000020e49a08000)
 Next Bits: [0x0000020e49a10000, 0x0000020e4b9b8000)

Polling page: 0x0000020e3a4b0000

Metaspace:

Usage:
  Non-class:     37.19 MB used.
      Class:      5.90 MB used.
       Both:     43.09 MB used.

Virtual space:
  Non-class space:       40.00 MB reserved,      37.44 MB ( 94%) committed,  5 nodes.
      Class space:        1.00 GB reserved,       6.12 MB ( <1%) committed,  1 nodes.
             Both:        1.04 GB reserved,      43.56 MB (  4%) committed. 

Chunk freelists:
   Non-Class:  2.11 MB
       Class:  1.83 MB
        Both:  3.94 MB

MaxMetaspaceSize: unlimited
CompressedClassSpaceSize: 1.00 GB
Initial GC threshold: 21.00 MB
Current GC threshold: 59.50 MB
CDS: on
MetaspaceReclaimPolicy: balanced
 - commit_granule_bytes: 65536.
 - commit_granule_words: 8192.
 - virtual_space_node_default_size: 1048576.
 - enlarge_chunks_in_place: 1.
 - new_chunks_are_fully_committed: 0.
 - uncommit_free_chunks: 1.
 - use_allocation_guard: 0.
 - handle_deallocations: 1.


Internal statistics:

num_allocs_failed_limit: 9.
num_arena_births: 690.
num_arena_deaths: 0.
num_vsnodes_births: 6.
num_vsnodes_deaths: 0.
num_space_committed: 697.
num_space_uncommitted: 0.
num_chunks_returned_to_freelist: 9.
num_chunks_taken_from_freelist: 2240.
num_chunk_merges: 9.
num_chunk_splits: 1539.
num_chunks_enlarged: 1104.
num_purges: 0.
num_inconsistent_stats: 0.

CodeCache: size=49152Kb used=11086Kb max_used=11086Kb free=38065Kb
 bounds [0x0000020e43d50000, 0x0000020e44830000, 0x0000020e46d50000]
 total_blobs=5708 nmethods=5103 adapters=528
 compilation: enabled
              stopped_count=0, restarted_count=0
 full_count=0

Compilation events (20 events):
Event: 4.673 Thread 0x0000020e4f084ac0 nmethod 5093 0x0000020e4481f090 code [0x0000020e4481f220, 0x0000020e4481f2f8]
Event: 4.673 Thread 0x0000020e4f6ad180 5095       1       org.hibernate.annotations.common.reflection.java.generics.TypeSwitch::<init> (5 bytes)
Event: 4.673 Thread 0x0000020e4f69e660 5096       1       org.hibernate.annotations.common.reflection.java.generics.TypeSwitch::doSwitch (86 bytes)
Event: 4.673 Thread 0x0000020e4f084ac0 5097       1       org.hibernate.annotations.common.reflection.java.JavaXAnnotatedElement::getFactory (5 bytes)
Event: 4.673 Thread 0x0000020e4f6ad180 nmethod 5095 0x0000020e4481f390 code [0x0000020e4481f520, 0x0000020e4481f5d8]
Event: 4.673 Thread 0x0000020e4e3c41d0 nmethod 5094 0x0000020e4481f690 code [0x0000020e4481f840, 0x0000020e4481f9e8]
Event: 4.673 Thread 0x0000020e4f6ad180 5098       1       org.hibernate.annotations.common.reflection.java.generics.TypeEnvironmentFactory::getEnvironment (13 bytes)
Event: 4.673 Thread 0x0000020e4f084ac0 nmethod 5097 0x0000020e4481fb10 code [0x0000020e4481fca0, 0x0000020e4481fd78]
Event: 4.673 Thread 0x0000020e4e3c41d0 5099       1       org.hibernate.annotations.common.reflection.java.generics.CompoundTypeEnvironment::create (28 bytes)
Event: 4.673 Thread 0x0000020e4f6ad180 nmethod 5098 0x0000020e4481fe10 code [0x0000020e4481ffc0, 0x0000020e44820168]
Event: 4.673 Thread 0x0000020e4f69e660 nmethod 5096 0x0000020e44820210 code [0x0000020e44820440, 0x0000020e44820a38]
Event: 4.673 Thread 0x0000020e4e3c41d0 nmethod 5099 0x0000020e44820c10 code [0x0000020e44820de0, 0x0000020e44821098]
Event: 4.674 Thread 0x0000020e4e3c41d0 5100       1       org.hibernate.annotations.common.reflection.java.generics.TypeEnvironmentFactory$1::caseClass (6 bytes)
Event: 4.674 Thread 0x0000020e4f69e660 5101       1       org.hibernate.annotations.common.reflection.java.generics.TypeEnvironmentFactory$1::caseClass (15 bytes)
Event: 4.674 Thread 0x0000020e4f6ad180 5102       1       org.hibernate.annotations.common.reflection.java.generics.TypeEnvironmentFactory::createSuperTypeEnvironment (73 bytes)
Event: 4.674 Thread 0x0000020e4f084ac0 5103       1       org.hibernate.annotations.common.reflection.java.JavaXClass::getTypeEnvironment (5 bytes)
Event: 4.674 Thread 0x0000020e4f084ac0 nmethod 5103 0x0000020e44821190 code [0x0000020e44821320, 0x0000020e448213f8]
Event: 4.674 Thread 0x0000020e4f69e660 nmethod 5101 0x0000020e44821490 code [0x0000020e44821680, 0x0000020e44821a48]
Event: 4.675 Thread 0x0000020e4e3c41d0 nmethod 5100 0x0000020e44821c10 code [0x0000020e44821e00, 0x0000020e448221e8]
Event: 4.675 Thread 0x0000020e4f6ad180 nmethod 5102 0x0000020e44822410 code [0x0000020e44822680, 0x0000020e44822e58]

GC Heap History (20 events):
Event: 1.843 GC heap before
{Heap before GC invocations=3 (full 0):
 garbage-first heap   total 131072K, used 84680K [0x0000000081600000, 0x0000000100000000)
  region size 1024K, 76 young (77824K), 1 survivors (1024K)
 Metaspace       used 17916K, committed 18176K, reserved 1064960K
  class space    used 2456K, committed 2560K, reserved 1048576K
}
Event: 1.849 GC heap after
{Heap after GC invocations=4 (full 0):
 garbage-first heap   total 131072K, used 13815K [0x0000000081600000, 0x0000000100000000)
  region size 1024K, 6 young (6144K), 6 survivors (6144K)
 Metaspace       used 17916K, committed 18176K, reserved 1064960K
  class space    used 2456K, committed 2560K, reserved 1048576K
}
Event: 2.025 GC heap before
{Heap before GC invocations=4 (full 0):
 garbage-first heap   total 131072K, used 84471K [0x0000000081600000, 0x0000000100000000)
  region size 1024K, 76 young (77824K), 6 survivors (6144K)
 Metaspace       used 18414K, committed 18688K, reserved 1064960K
  class space    used 2516K, committed 2624K, reserved 1048576K
}
Event: 2.030 GC heap after
{Heap after GC invocations=5 (full 0):
 garbage-first heap   total 131072K, used 15801K [0x0000000081600000, 0x0000000100000000)
  region size 1024K, 2 young (2048K), 2 survivors (2048K)
 Metaspace       used 18414K, committed 18688K, reserved 1064960K
  class space    used 2516K, committed 2624K, reserved 1048576K
}
Event: 2.395 GC heap before
{Heap before GC invocations=5 (full 0):
 garbage-first heap   total 131072K, used 90553K [0x0000000081600000, 0x0000000100000000)
  region size 1024K, 76 young (77824K), 2 survivors (2048K)
 Metaspace       used 20199K, committed 20544K, reserved 1073152K
  class space    used 2768K, committed 2944K, reserved 1048576K
}
Event: 2.397 GC heap after
{Heap after GC invocations=6 (full 0):
 garbage-first heap   total 131072K, used 17810K [0x0000000081600000, 0x0000000100000000)
  region size 1024K, 4 young (4096K), 4 survivors (4096K)
 Metaspace       used 20199K, committed 20544K, reserved 1073152K
  class space    used 2768K, committed 2944K, reserved 1048576K
}
Event: 2.523 GC heap before
{Heap before GC invocations=6 (full 0):
 garbage-first heap   total 131072K, used 31122K [0x0000000081600000, 0x0000000100000000)
  region size 1024K, 18 young (18432K), 4 survivors (4096K)
 Metaspace       used 21216K, committed 21504K, reserved 1073152K
  class space    used 2909K, committed 3072K, reserved 1048576K
}
Event: 2.527 GC heap after
{Heap after GC invocations=7 (full 0):
 garbage-first heap   total 131072K, used 18516K [0x0000000081600000, 0x0000000100000000)
  region size 1024K, 5 young (5120K), 5 survivors (5120K)
 Metaspace       used 21216K, committed 21504K, reserved 1073152K
  class space    used 2909K, committed 3072K, reserved 1048576K
}
Event: 3.101 GC heap before
{Heap before GC invocations=8 (full 0):
 garbage-first heap   total 71680K, used 56404K [0x0000000081600000, 0x0000000100000000)
  region size 1024K, 42 young (43008K), 5 survivors (5120K)
 Metaspace       used 24061K, committed 24320K, reserved 1073152K
  class space    used 3345K, committed 3456K, reserved 1048576K
}
Event: 3.106 GC heap after
{Heap after GC invocations=9 (full 0):
 garbage-first heap   total 71680K, used 20356K [0x0000000081600000, 0x0000000100000000)
  region size 1024K, 6 young (6144K), 6 survivors (6144K)
 Metaspace       used 24061K, committed 24320K, reserved 1073152K
  class space    used 3345K, committed 3456K, reserved 1048576K
}
Event: 3.477 GC heap before
{Heap before GC invocations=9 (full 0):
 garbage-first heap   total 71680K, used 54148K [0x0000000081600000, 0x0000000100000000)
  region size 1024K, 39 young (39936K), 6 survivors (6144K)
 Metaspace       used 26945K, committed 27328K, reserved 1073152K
  class space    used 3786K, committed 3968K, reserved 1048576K
}
Event: 3.482 GC heap after
{Heap after GC invocations=10 (full 0):
 garbage-first heap   total 71680K, used 22749K [0x0000000081600000, 0x0000000100000000)
  region size 1024K, 5 young (5120K), 5 survivors (5120K)
 Metaspace       used 26945K, committed 27328K, reserved 1073152K
  class space    used 3786K, committed 3968K, reserved 1048576K
}
Event: 3.716 GC heap before
{Heap before GC invocations=10 (full 0):
 garbage-first heap   total 71680K, used 54493K [0x0000000081600000, 0x0000000100000000)
  region size 1024K, 37 young (37888K), 5 survivors (5120K)
 Metaspace       used 29779K, committed 30272K, reserved 1081344K
  class space    used 4190K, committed 4416K, reserved 1048576K
}
Event: 3.722 GC heap after
{Heap after GC invocations=11 (full 0):
 garbage-first heap   total 94208K, used 24594K [0x0000000081600000, 0x0000000100000000)
  region size 1024K, 5 young (5120K), 5 survivors (5120K)
 Metaspace       used 29779K, committed 30272K, reserved 1081344K
  class space    used 4190K, committed 4416K, reserved 1048576K
}
Event: 3.737 GC heap before
{Heap before GC invocations=11 (full 0):
 garbage-first heap   total 94208K, used 71698K [0x0000000081600000, 0x0000000100000000)
  region size 1024K, 52 young (53248K), 5 survivors (5120K)
 Metaspace       used 29779K, committed 30272K, reserved 1081344K
  class space    used 4190K, committed 4416K, reserved 1048576K
}
Event: 3.741 GC heap after
{Heap after GC invocations=12 (full 0):
 garbage-first heap   total 94208K, used 24823K [0x0000000081600000, 0x0000000100000000)
  region size 1024K, 3 young (3072K), 3 survivors (3072K)
 Metaspace       used 29779K, committed 30272K, reserved 1081344K
  class space    used 4190K, committed 4416K, reserved 1048576K
}
Event: 3.762 GC heap before
{Heap before GC invocations=12 (full 0):
 garbage-first heap   total 94208K, used 72951K [0x0000000081600000, 0x0000000100000000)
  region size 1024K, 51 young (52224K), 3 survivors (3072K)
 Metaspace       used 29779K, committed 30272K, reserved 1081344K
  class space    used 4190K, committed 4416K, reserved 1048576K
}
Event: 3.764 GC heap after
{Heap after GC invocations=13 (full 0):
 garbage-first heap   total 94208K, used 24789K [0x0000000081600000, 0x0000000100000000)
  region size 1024K, 3 young (3072K), 3 survivors (3072K)
 Metaspace       used 29779K, committed 30272K, reserved 1081344K
  class space    used 4190K, committed 4416K, reserved 1048576K
}
Event: 4.275 GC heap before
{Heap before GC invocations=13 (full 0):
 garbage-first heap   total 94208K, used 67797K [0x0000000081600000, 0x0000000100000000)
  region size 1024K, 46 young (47104K), 3 survivors (3072K)
 Metaspace       used 35701K, committed 36160K, reserved 1081344K
  class space    used 4965K, committed 5184K, reserved 1048576K
}
Event: 4.279 GC heap after
{Heap after GC invocations=14 (full 0):
 garbage-first heap   total 94208K, used 27166K [0x0000000081600000, 0x0000000100000000)
  region size 1024K, 5 young (5120K), 5 survivors (5120K)
 Metaspace       used 35701K, committed 36160K, reserved 1081344K
  class space    used 4965K, committed 5184K, reserved 1048576K
}

Deoptimization events (14 events):
Event: 0.691 Thread 0x0000020e3c554080 DEOPT PACKING pc=0x0000020e43f9e875 sp=0x000000c448cfd5c0
Event: 0.691 Thread 0x0000020e3c554080 DEOPT UNPACKING pc=0x0000020e43da2b43 sp=0x000000c448cfca18 mode 3
Event: 1.303 Thread 0x0000020e4fa690d0 DEOPT PACKING pc=0x0000020e442f9c99 sp=0x000000c44abfcbd0
Event: 1.303 Thread 0x0000020e4fa690d0 DEOPT UNPACKING pc=0x0000020e43da2b43 sp=0x000000c44abfc0b0 mode 3
Event: 1.615 Thread 0x0000020e4fa690d0 DEOPT PACKING pc=0x0000020e442e4cad sp=0x000000c44abfdb50
Event: 1.615 Thread 0x0000020e4fa690d0 DEOPT UNPACKING pc=0x0000020e43da2b43 sp=0x000000c44abfd0b0 mode 3
Event: 3.275 Thread 0x0000020e4fa690d0 DEOPT PACKING pc=0x0000020e44648575 sp=0x000000c44abfc180
Event: 3.275 Thread 0x0000020e4fa690d0 DEOPT UNPACKING pc=0x0000020e43da2b43 sp=0x000000c44abfb5f0 mode 3
Event: 3.286 Thread 0x0000020e4fa690d0 DEOPT PACKING pc=0x0000020e44662699 sp=0x000000c44abfc540
Event: 3.286 Thread 0x0000020e4fa690d0 DEOPT UNPACKING pc=0x0000020e43da2b43 sp=0x000000c44abfba20 mode 3
Event: 3.668 Thread 0x0000020e4fa690d0 DEOPT PACKING pc=0x0000020e44716edd sp=0x000000c44abfcc60
Event: 3.668 Thread 0x0000020e4fa690d0 DEOPT UNPACKING pc=0x0000020e43da2b43 sp=0x000000c44abfc1c8 mode 3
Event: 4.541 Thread 0x0000020e4fa690d0 DEOPT PACKING pc=0x0000020e447a143c sp=0x000000c44abfc0a0
Event: 4.541 Thread 0x0000020e4fa690d0 DEOPT UNPACKING pc=0x0000020e43da2b43 sp=0x000000c44abfb520 mode 3

Classes unloaded (0 events):
No events

Classes redefined (0 events):
No events

Internal exceptions (20 events):
Event: 3.587 Thread 0x0000020e4fa690d0 Exception <a 'java/lang/NoSuchMethodError'{0x0000000085490808}: 'java.lang.Object java.lang.invoke.DirectMethodHandle$Holder.newInvokeSpecial(java.lang.Object, java.lang.Object, java.lang.Object, int)'> (0x0000000085490808) 
thrown [t:\workspace\open\src\hotspot\share\interpreter\linkResolver.cpp, line 766]
Event: 3.587 Thread 0x0000020e4fa690d0 Exception <a 'java/lang/NoSuchMethodError'{0x0000000085494af0}: 'java.lang.Object java.lang.invoke.DirectMethodHandle$Holder.invokeSpecial(java.lang.Object, java.lang.Object, java.lang.Object, java.lang.Object, int)'> (0x0000000085494af0) 
thrown [t:\workspace\open\src\hotspot\share\interpreter\linkResolver.cpp, line 766]
Event: 3.587 Thread 0x0000020e4fa690d0 Exception <a 'java/lang/NoSuchMethodError'{0x00000000854986b8}: 'java.lang.Object java.lang.invoke.Invokers$Holder.linkToTargetMethod(java.lang.Object, java.lang.Object, int, java.lang.Object)'> (0x00000000854986b8) 
thrown [t:\workspace\open\src\hotspot\share\interpreter\linkResolver.cpp, line 766]
Event: 3.726 Thread 0x0000020e50d86ee0 Exception <a 'java/lang/reflect/InvocationTargetException'{0x00000000869fab30}> (0x00000000869fab30) 
thrown [t:\workspace\open\src\hotspot\share\runtime\reflection.cpp, line 1121]
Event: 3.802 Thread 0x0000020e4fa690d0 Exception <a 'sun/nio/fs/WindowsException'{0x00000000886b3fa0}> (0x00000000886b3fa0) 
thrown [t:\workspace\open\src\hotspot\share\prims\jni.cpp, line 516]
Event: 3.802 Thread 0x0000020e4fa690d0 Exception <a 'sun/nio/fs/WindowsException'{0x00000000886b9998}> (0x00000000886b9998) 
thrown [t:\workspace\open\src\hotspot\share\prims\jni.cpp, line 516]
Event: 3.803 Thread 0x0000020e4fa690d0 Exception <a 'sun/nio/fs/WindowsException'{0x00000000886ba070}> (0x00000000886ba070) 
thrown [t:\workspace\open\src\hotspot\share\prims\jni.cpp, line 516]
Event: 3.817 Thread 0x0000020e4fa690d0 Exception <a 'java/lang/NoSuchMethodError'{0x00000000885b7810}: 'java.lang.Object java.lang.invoke.DirectMethodHandle$Holder.invokeSpecial(java.lang.Object, java.lang.Object, long, java.lang.Object, java.lang.Object, java.lang.Object, java.lang.Object, java.lang.Object, java.lang.Object)'> (0x00000000885b7810) 
thrown [t:\workspace\open\src\hotspot\share\interpreter\linkResolver.cpp, line 766]
Event: 3.817 Thread 0x0000020e4fa690d0 Exception <a 'java/lang/NoSuchMethodError'{0x00000000885bc338}: 'java.lang.Object java.lang.invoke.DelegatingMethodHandle$Holder.reinvoke_L(java.lang.Object, long, java.lang.Object, java.lang.Object, java.lang.Object, java.lang.Object, java.lang.Object, java.lang.Object)'> (0x00000000885bc338) 
thrown [t:\workspace\open\src\hotspot\share\interpreter\linkResolver.cpp, line 766]
Event: 3.853 Thread 0x0000020e4fa690d0 Exception <a 'java/io/FileNotFoundException'{0x000000008837c2c8}> (0x000000008837c2c8) 
thrown [t:\workspace\open\src\hotspot\share\prims\jni.cpp, line 516]
Event: 3.889 Thread 0x0000020e4fa690d0 Exception <a 'java/lang/NoSuchMethodError'{0x000000008689e0e0}: 'int java.lang.invoke.DirectMethodHandle$Holder.invokeInterface(java.lang.Object, java.lang.Object, java.lang.Object, java.lang.Object)'> (0x000000008689e0e0) 
thrown [t:\workspace\open\src\hotspot\share\interpreter\linkResolver.cpp, line 766]
Event: 3.930 Thread 0x0000020e4fa690d0 Exception <a 'java/lang/NoSuchMethodError'{0x00000000865a20e0}: 'java.lang.Object java.lang.invoke.DirectMethodHandle$Holder.invokeStaticInit(java.lang.Object, java.lang.Object, java.lang.Object, java.lang.Object)'> (0x00000000865a20e0) 
thrown [t:\workspace\open\src\hotspot\share\interpreter\linkResolver.cpp, line 766]
Event: 3.931 Thread 0x0000020e4fa690d0 Exception <a 'java/lang/IncompatibleClassChangeError'{0x00000000865b6a58}: Found class java.lang.Object, but interface was expected> (0x00000000865b6a58) 
thrown [t:\workspace\open\src\hotspot\share\interpreter\linkResolver.cpp, line 833]
Event: 3.932 Thread 0x0000020e4fa690d0 Exception <a 'java/lang/IncompatibleClassChangeError'{0x00000000865c47f0}: Found class java.lang.Object, but interface was expected> (0x00000000865c47f0) 
thrown [t:\workspace\open\src\hotspot\share\interpreter\linkResolver.cpp, line 833]
Event: 3.934 Thread 0x0000020e4fa690d0 Exception <a 'java/lang/IncompatibleClassChangeError'{0x00000000865f48a8}: Found class java.lang.Object, but interface was expected> (0x00000000865f48a8) 
thrown [t:\workspace\open\src\hotspot\share\interpreter\linkResolver.cpp, line 833]
Event: 4.018 Thread 0x0000020e4fa690d0 Exception <a 'java/lang/NoSuchMethodError'{0x0000000085d49bc8}: 'long java.lang.invoke.DirectMethodHandle$Holder.invokeVirtual(java.lang.Object, java.lang.Object)'> (0x0000000085d49bc8) 
thrown [t:\workspace\open\src\hotspot\share\interpreter\linkResolver.cpp, line 766]
Event: 4.021 Thread 0x0000020e4fa690d0 Exception <a 'java/io/FileNotFoundException'{0x0000000085d713f0}> (0x0000000085d713f0) 
thrown [t:\workspace\open\src\hotspot\share\prims\jni.cpp, line 516]
Event: 4.238 Thread 0x0000020e50d86ee0 Exception <a 'java/lang/reflect/InvocationTargetException'{0x0000000084a5d168}> (0x0000000084a5d168) 
thrown [t:\workspace\open\src\hotspot\share\runtime\reflection.cpp, line 1121]
Event: 4.432 Thread 0x0000020e4fa690d0 Exception <a 'sun/nio/fs/WindowsException'{0x000000008657d860}> (0x000000008657d860) 
thrown [t:\workspace\open\src\hotspot\share\prims\jni.cpp, line 516]
Event: 4.438 Thread 0x0000020e4fa690d0 Exception <a 'java/lang/NoSuchMethodError'{0x00000000865a0ae8}: 'int java.lang.invoke.DirectMethodHandle$Holder.invokeStaticInit(java.lang.Object, java.lang.Object, java.lang.Object, java.lang.Object)'> (0x00000000865a0ae8) 
thrown [t:\workspace\open\src\hotspot\share\interpreter\linkResolver.cpp, line 766]

VM Operations (20 events):
Event: 4.023 Executing VM operation: HandshakeAllThreads
Event: 4.023 Executing VM operation: HandshakeAllThreads done
Event: 4.197 Executing VM operation: HandshakeAllThreads
Event: 4.197 Executing VM operation: HandshakeAllThreads done
Event: 4.275 Executing VM operation: CollectForMetadataAllocation
Event: 4.279 Executing VM operation: CollectForMetadataAllocation done
Event: 4.295 Executing VM operation: CollectForMetadataAllocation
Event: 4.295 Executing VM operation: CollectForMetadataAllocation done
Event: 4.296 Executing VM operation: G1Concurrent
Event: 4.298 Executing VM operation: G1Concurrent done
Event: 4.305 Executing VM operation: G1Concurrent
Event: 4.305 Executing VM operation: G1Concurrent done
Event: 4.433 Executing VM operation: HandshakeAllThreads
Event: 4.433 Executing VM operation: HandshakeAllThreads done
Event: 4.436 Executing VM operation: HandshakeAllThreads
Event: 4.436 Executing VM operation: HandshakeAllThreads done
Event: 4.488 Executing VM operation: HandshakeAllThreads
Event: 4.488 Executing VM operation: HandshakeAllThreads done
Event: 4.563 Executing VM operation: HandshakeAllThreads
Event: 4.563 Executing VM operation: HandshakeAllThreads done

Events (20 events):
Event: 4.561 loading class sun/nio/cs/UnicodeDecoder done
Event: 4.561 loading class sun/nio/cs/UTF_16LE$Decoder done
Event: 4.563 loading class java/util/JumboEnumSet
Event: 4.563 loading class java/util/JumboEnumSet done
Event: 4.563 loading class java/util/JumboEnumSet$EnumSetIterator
Event: 4.563 loading class java/util/JumboEnumSet$EnumSetIterator done
Event: 4.572 Thread 0x0000020e50d87d50 Thread added: 0x0000020e50d87d50
Event: 4.588 loading class java/math/MathContext
Event: 4.588 loading class java/math/MathContext done
Event: 4.601 Thread 0x0000020e50d89090 Thread added: 0x0000020e50d89090
Event: 4.602 loading class java/util/concurrent/ThreadPoolExecutor$CallerRunsPolicy
Event: 4.602 loading class java/util/concurrent/ThreadPoolExecutor$CallerRunsPolicy done
Event: 4.602 loading class java/util/concurrent/atomic/AtomicReferenceFieldUpdater
Event: 4.602 loading class java/util/concurrent/atomic/AtomicReferenceFieldUpdater done
Event: 4.602 loading class java/util/concurrent/atomic/AtomicReferenceFieldUpdater$AtomicReferenceFieldUpdaterImpl
Event: 4.602 loading class java/util/concurrent/atomic/AtomicReferenceFieldUpdater$AtomicReferenceFieldUpdaterImpl done
Event: 4.602 loading class java/util/concurrent/atomic/AtomicReferenceFieldUpdater$AtomicReferenceFieldUpdaterImpl$1
Event: 4.602 loading class java/util/concurrent/atomic/AtomicReferenceFieldUpdater$AtomicReferenceFieldUpdaterImpl$1 done
Event: 4.620 loading class java/util/regex/Pattern$1MatcherIterator
Event: 4.620 loading class java/util/regex/Pattern$1MatcherIterator done


Dynamic libraries:
0x00007ff7b7470000 - 0x00007ff7b7480000 	C:\Program Files\Java\jdk-17.0.1\bin\java.exe
0x00007ffe4f730000 - 0x00007ffe4f927000 	C:\WINDOWS\SYSTEM32\ntdll.dll
0x00007ffe4e390000 - 0x00007ffe4e44d000 	C:\WINDOWS\System32\KERNEL32.DLL
0x00007ffe4d0a0000 - 0x00007ffe4d396000 	C:\WINDOWS\System32\KERNELBASE.dll
0x00007ffe4ce10000 - 0x00007ffe4cf10000 	C:\WINDOWS\System32\ucrtbase.dll
0x00007ffe48ab0000 - 0x00007ffe48aca000 	C:\Program Files\Java\jdk-17.0.1\bin\VCRUNTIME140.dll
0x00007ffe48b10000 - 0x00007ffe48b28000 	C:\Program Files\Java\jdk-17.0.1\bin\jli.dll
0x00007ffe4e9a0000 - 0x00007ffe4ea4e000 	C:\WINDOWS\System32\ADVAPI32.dll
0x00007ffe4edf0000 - 0x00007ffe4ee8e000 	C:\WINDOWS\System32\msvcrt.dll
0x00007ffe4e6a0000 - 0x00007ffe4e73c000 	C:\WINDOWS\System32\sechost.dll
0x00007ffe4ef80000 - 0x00007ffe4f0a6000 	C:\WINDOWS\System32\RPCRT4.dll
0x00007ffe4d790000 - 0x00007ffe4d92e000 	C:\WINDOWS\System32\USER32.dll
0x00007ffe4d070000 - 0x00007ffe4d092000 	C:\WINDOWS\System32\win32u.dll
0x00007ffe4f0b0000 - 0x00007ffe4f0dc000 	C:\WINDOWS\System32\GDI32.dll
0x00007ffe43810000 - 0x00007ffe43aaa000 	C:\WINDOWS\WinSxS\amd64_microsoft.windows.common-controls_6595b64144ccf1df_6.0.19041.3570_none_60bb2a3971f3e41a\COMCTL32.dll
0x00007ffe4d540000 - 0x00007ffe4d65a000 	C:\WINDOWS\System32\gdi32full.dll
0x00007ffe4d6f0000 - 0x00007ffe4d78d000 	C:\WINDOWS\System32\msvcp_win.dll
0x00007ffe3eaf0000 - 0x00007ffe3eafa000 	C:\WINDOWS\SYSTEM32\VERSION.dll
0x00007ffe4ea60000 - 0x00007ffe4ea90000 	C:\WINDOWS\System32\IMM32.DLL
0x00007ffe4a7a0000 - 0x00007ffe4a7ac000 	C:\Program Files\Java\jdk-17.0.1\bin\vcruntime140_1.dll
0x00007ffe45ed0000 - 0x00007ffe45f5d000 	C:\Program Files\Java\jdk-17.0.1\bin\msvcp140.dll
0x00007ffe12e70000 - 0x00007ffe13a2e000 	C:\Program Files\Java\jdk-17.0.1\bin\server\jvm.dll
0x00007ffe4f6e0000 - 0x00007ffe4f6e8000 	C:\WINDOWS\System32\PSAPI.DLL
0x00007ffe3e7b0000 - 0x00007ffe3e7d7000 	C:\WINDOWS\SYSTEM32\WINMM.dll
0x00007ffe47c30000 - 0x00007ffe47c39000 	C:\WINDOWS\SYSTEM32\WSOCK32.dll
0x00007ffe4f1f0000 - 0x00007ffe4f25b000 	C:\WINDOWS\System32\WS2_32.dll
0x00007ffe4acb0000 - 0x00007ffe4acc2000 	C:\WINDOWS\SYSTEM32\kernel.appcore.dll
0x00007ffe48cc0000 - 0x00007ffe48cca000 	C:\Program Files\Java\jdk-17.0.1\bin\jimage.dll
0x00007ffe38ea0000 - 0x00007ffe39084000 	C:\WINDOWS\SYSTEM32\DBGHELP.DLL
0x00007ffe32f60000 - 0x00007ffe32f94000 	C:\WINDOWS\SYSTEM32\dbgcore.DLL
0x00007ffe4d660000 - 0x00007ffe4d6e2000 	C:\WINDOWS\System32\bcryptPrimitives.dll
0x00007ffe48c80000 - 0x00007ffe48c8e000 	C:\Program Files\Java\jdk-17.0.1\bin\instrument.dll
0x00007ffe46050000 - 0x00007ffe46075000 	C:\Program Files\Java\jdk-17.0.1\bin\java.dll
0x00007ffe40f80000 - 0x00007ffe41056000 	C:\Program Files\Java\jdk-17.0.1\bin\svml.dll
0x00007ffe4dc40000 - 0x00007ffe4e384000 	C:\WINDOWS\System32\SHELL32.dll
0x00007ffe4aeb0000 - 0x00007ffe4b64b000 	C:\WINDOWS\SYSTEM32\windows.storage.dll
0x00007ffe4ea90000 - 0x00007ffe4ede4000 	C:\WINDOWS\System32\combase.dll
0x00007ffe4c850000 - 0x00007ffe4c87d000 	C:\WINDOWS\SYSTEM32\Wldp.dll
0x00007ffe4e740000 - 0x00007ffe4e7ed000 	C:\WINDOWS\System32\SHCORE.dll
0x00007ffe4ee90000 - 0x00007ffe4eee5000 	C:\WINDOWS\System32\shlwapi.dll
0x00007ffe4cd40000 - 0x00007ffe4cd65000 	C:\WINDOWS\SYSTEM32\profapi.dll
0x00007ffe47550000 - 0x00007ffe47568000 	C:\Program Files\Java\jdk-17.0.1\bin\zip.dll
0x00007ffe48120000 - 0x00007ffe48139000 	C:\Program Files\Java\jdk-17.0.1\bin\net.dll
0x00007ffe44fa0000 - 0x00007ffe450aa000 	C:\WINDOWS\SYSTEM32\WINHTTP.dll
0x00007ffe4c5b0000 - 0x00007ffe4c61a000 	C:\WINDOWS\system32\mswsock.dll
0x00007ffe47f40000 - 0x00007ffe47f55000 	C:\Program Files\Java\jdk-17.0.1\bin\nio.dll
0x00007ffe46690000 - 0x00007ffe466aa000 	C:\Program Files\IntelliJ IDEA 2020.3.2\bin\breakgen64.dll
0x00007ffe4c2a0000 - 0x00007ffe4c36a000 	C:\WINDOWS\SYSTEM32\DNSAPI.dll
0x00007ffe4c250000 - 0x00007ffe4c28b000 	C:\WINDOWS\SYSTEM32\IPHLPAPI.DLL
0x00007ffe4f260000 - 0x00007ffe4f268000 	C:\WINDOWS\System32\NSI.dll
0x00007ffe41330000 - 0x00007ffe4133a000 	C:\Windows\System32\rasadhlp.dll
0x00007ffe41060000 - 0x00007ffe410e2000 	C:\WINDOWS\System32\fwpuclnt.dll
0x00007ffe4d3f0000 - 0x00007ffe4d417000 	C:\WINDOWS\System32\bcrypt.dll
0x00007ffe47d90000 - 0x00007ffe47d99000 	C:\Program Files\Java\jdk-17.0.1\bin\management.dll
0x00007ffe47cd0000 - 0x00007ffe47cdb000 	C:\Program Files\Java\jdk-17.0.1\bin\management_ext.dll
0x00007ffe4c7a0000 - 0x00007ffe4c7b8000 	C:\WINDOWS\SYSTEM32\CRYPTSP.dll
0x00007ffe4bdf0000 - 0x00007ffe4be24000 	C:\WINDOWS\system32\rsaenh.dll
0x00007ffe4cd00000 - 0x00007ffe4cd2e000 	C:\WINDOWS\SYSTEM32\USERENV.dll
0x00007ffe4c7c0000 - 0x00007ffe4c7cc000 	C:\WINDOWS\SYSTEM32\CRYPTBASE.dll
0x00007ffe45b70000 - 0x00007ffe45b87000 	C:\WINDOWS\SYSTEM32\dhcpcsvc6.DLL
0x00007ffe45b50000 - 0x00007ffe45b6d000 	C:\WINDOWS\SYSTEM32\dhcpcsvc.DLL
0x00007ffe25350000 - 0x00007ffe25367000 	C:\WINDOWS\system32\napinsp.dll
0x00007ffe25370000 - 0x00007ffe2538b000 	C:\WINDOWS\system32\pnrpnsp.dll
0x00007ffe48070000 - 0x00007ffe48085000 	C:\WINDOWS\system32\wshbth.dll
0x00007ffe48a90000 - 0x00007ffe48aad000 	C:\WINDOWS\system32\NLAapi.dll
0x00007ffe25390000 - 0x00007ffe253a2000 	C:\WINDOWS\System32\winrnr.dll
0x00007ffe47b90000 - 0x00007ffe47b9e000 	C:\Program Files\Java\jdk-17.0.1\bin\sunmscapi.dll
0x00007ffe4cf10000 - 0x00007ffe4d06d000 	C:\WINDOWS\System32\CRYPT32.dll
0x00007ffe4c8c0000 - 0x00007ffe4c8e7000 	C:\WINDOWS\SYSTEM32\ncrypt.dll
0x00007ffe4c880000 - 0x00007ffe4c8bb000 	C:\WINDOWS\SYSTEM32\NTASN1.dll

dbghelp: loaded successfully - version: 4.0.5 - missing functions: none
symbol engine: initialized successfully - sym options: 0x614 - pdb path: .;C:\Program Files\Java\jdk-17.0.1\bin;C:\WINDOWS\SYSTEM32;C:\WINDOWS\WinSxS\amd64_microsoft.windows.common-controls_6595b64144ccf1df_6.0.19041.3570_none_60bb2a3971f3e41a;C:\Program Files\Java\jdk-17.0.1\bin\server;C:\Program Files\IntelliJ IDEA 2020.3.2\bin

VM Arguments:
jvm_args: -XX:TieredStopAtLevel=1 -Xverify:none -Dspring.output.ansi.enabled=always -javaagent:C:\Program Files\IntelliJ IDEA 2020.3.2\lib\idea_rt.jar=62012:C:\Program Files\IntelliJ IDEA 2020.3.2\bin -Dcom.sun.management.jmxremote -Dspring.jmx.enabled=true -Dspring.liveBeansView.mbeanDomain -Dspring.application.admin.enabled=true -Dfile.encoding=UTF-8 
java_command: com.fpoly.ooc.ApiServiceMsApplication
java_class_path (initial): E:\DATN\UD-HN_1998-outOFcollege\api-service-ms\target\classes;C:\Users\Admin\.m2\repository\org\springframework\boot\spring-boot-starter-data-jpa\3.1.3\spring-boot-starter-data-jpa-3.1.3.jar;C:\Users\Admin\.m2\repository\org\springframework\boot\spring-boot-starter-aop\3.1.3\spring-boot-starter-aop-3.1.3.jar;C:\Users\Admin\.m2\repository\org\aspectj\aspectjweaver\1.9.20\aspectjweaver-1.9.20.jar;C:\Users\Admin\.m2\repository\org\springframework\boot\spring-boot-starter-jdbc\3.1.3\spring-boot-starter-jdbc-3.1.3.jar;C:\Users\Admin\.m2\repository\com\zaxxer\HikariCP\5.0.1\HikariCP-5.0.1.jar;C:\Users\Admin\.m2\repository\org\springframework\spring-jdbc\6.0.11\spring-jdbc-6.0.11.jar;C:\Users\Admin\.m2\repository\org\hibernate\orm\hibernate-core\6.2.7.Final\hibernate-core-6.2.7.Final.jar;C:\Users\Admin\.m2\repository\jakarta\persistence\jakarta.persistence-api\3.1.0\jakarta.persistence-api-3.1.0.jar;C:\Users\Admin\.m2\repository\jakarta\transaction\jakarta.transaction-api\2.0.1\jakarta.transaction-api-2.0.1.jar;C:\Users\Admin\.m2\repository\org\jboss\logging\jboss-logging\3.5.3.Final\jboss-logging-3.5.3.Final.jar;C:\Users\Admin\.m2\repository\org\hibernate\common\hibernate-commons-annotations\6.0.6.Final\hibernate-commons-annotations-6.0.6.Final.jar;C:\Users\Admin\.m2\repository\io\smallrye\jandex\3.0.5\jandex-3.0.5.jar;C:\Users\Admin\.m2\repository\com\fasterxml\classmate\1.5.1\classmate-1.5.1.jar;C:\Users\Admin\.m2\repository\net\bytebuddy\byte-buddy\1.14.6\byte-buddy-1.14.6.jar;C:\Users\Admin\.m2\repository\org\glassfish\jaxb\jaxb-runtime\4.0.3\jaxb-runtime-4.0.3.jar;C:\Users\Admin\.m2\repository\org\glassfish\jaxb\jaxb-core\4.0.3\jaxb-core-4.0.3.jar;C:\Users\Admin\.m2\repository\org\glassfish\jaxb\txw2\4.0.3\txw2-4.0.3.jar;C:\Users\Admin\.m2\repository\com\sun\istack\istack-commons-runtime\4.1.2\istack-commons-runtime-4.1.2.jar;C:\Users\Admin\.m2\repository\jakarta\inject\jakarta.inject-api\2.0.1\jakarta.inject-api-2.0.1.jar;C:\Users\Admin\
Launcher Type: SUN_STANDARD

[Global flags]
     intx CICompilerCount                          = 4                                         {product} {ergonomic}
     uint ConcGCThreads                            = 2                                         {product} {ergonomic}
     uint G1ConcRefinementThreads                  = 8                                         {product} {ergonomic}
   size_t G1HeapRegionSize                         = 1048576                                   {product} {ergonomic}
    uintx GCDrainStackTargetSize                   = 64                                        {product} {ergonomic}
   size_t InitialHeapSize                          = 134217728                                 {product} {ergonomic}
     bool ManagementServer                         = true                                      {product} {command line}
   size_t MarkStackSize                            = 4194304                                   {product} {ergonomic}
   size_t MaxHeapSize                              = 2124414976                                {product} {ergonomic}
   size_t MaxNewSize                               = 1274019840                                {product} {ergonomic}
   size_t MinHeapDeltaBytes                        = 1048576                                   {product} {ergonomic}
   size_t MinHeapSize                              = 8388608                                   {product} {ergonomic}
    uintx NonProfiledCodeHeapSize                  = 0                                      {pd product} {ergonomic}
     bool ProfileInterpreter                       = false                                  {pd product} {command line}
    uintx ProfiledCodeHeapSize                     = 0                                      {pd product} {ergonomic}
   size_t SoftMaxHeapSize                          = 2124414976                             {manageable} {ergonomic}
     intx TieredStopAtLevel                        = 1                                         {product} {command line}
     bool UseCompressedClassPointers               = true                           {product lp64_product} {ergonomic}
     bool UseCompressedOops                        = true                           {product lp64_product} {ergonomic}
     bool UseG1GC                                  = true                                      {product} {ergonomic}
     bool UseLargePagesIndividualAllocation        = false                                  {pd product} {ergonomic}

Logging:
Log output configuration:
 #0: stdout all=warning uptime,level,tags
 #1: stderr all=off uptime,level,tags

Environment Variables:
JAVA_HOME=C:\Program Files\Java\jdk-17.0.1
PATH=C:\Program Files\Common Files\Oracle\Java\javapath;"C:\Program Files (x86)\Common Files\Oracle\Java\javapath;C:\Program Files\Java\jre1.8.0_311\bin;";C:\WINDOWS\system32;C:\WINDOWS;C:\WINDOWS\System32\Wbem;C:\WINDOWS\System32\WindowsPowerShell\v1.0\;C:\WINDOWS\System32\OpenSSH\;C:\Program Files (x86)\AMD\ATI.ACE\Core-Static;C:\Program Files\Java\jre1.8.0_311\bin;C:\Program Files\Microsoft VS Code\bin;C:\TDM-GCC-64\bin;C:\Program Files\Microsoft SQL Server\Client SDK\ODBC\170\Tools\Binn\;C:\Program Files (x86)\Microsoft SQL Server\150\Tools\Binn\;C:\Program Files\Microsoft SQL Server\150\Tools\Binn\;C:\Program Files\Microsoft SQL Server\150\DTS\Binn\;C:\Program Files (x86)\Microsoft SQL Server\150\DTS\Binn\;C:\Program Files\Azure Data Studio\bin;C:\Program Files\Git\cmd;C:\Program Files\nodejs\;C:\Users\Admin\AppData\Local\Programs\Python\Python310\Scripts\;C:\Users\Admin\AppData\Local\Programs\Python\Python310\;"C:\Users\Admin\AppData\Local\Microsoft\WindowsApps;";"C:\Users\Admin\AppData\Local\Programs\Microsoft VS Code\bin;";C:\Program Files\Java\jdk-17.0.1\bin\;C:\Program Files\Azure Data Studio\bin;C:\Users\Admin\Downloads\ngrok-stable-windows-amd64;C:\Program Files\JetBrains\IntelliJ IDEA Community Edition 2022.1\bin;;C:\Users\Admin\AppData\Roaming\npm;C:\TDM-GCC-64\bin;C:\Users\Admin\Downloads\apache-maven-3.9.3-bin\apache-maven-3.9.3\bin;
USERNAME=Admin
OS=Windows_NT
PROCESSOR_IDENTIFIER=Intel64 Family 6 Model 60 Stepping 3, GenuineIntel



---------------  S Y S T E M  ---------------

OS:
 Windows 10 , 64 bit Build 19041 (10.0.19041.3570)
OS uptime: 6 days 11:03 hours

CPU: total 8 (initial active 8) (4 cores per cpu, 2 threads per core) family 6 model 60 stepping 3 microcode 0x27, cx8, cmov, fxsr, ht, mmx, sse, sse2, sse3, ssse3, sse4.1, sse4.2, popcnt, lzcnt, tsc, tscinvbit, avx, avx2, aes, erms, clmul, bmi1, bmi2, fma, vzeroupper, clflush

Memory: 4k page, system-wide physical 8097M (955M free)
TotalPageFile size 13154M (AvailPageFile size 4M)
current process WorkingSet (physical memory assigned to process): 207M, peak: 207M
current process commit charge ("private bytes"): 251M, peak: 251M

vm_info: Java HotSpot(TM) 64-Bit Server VM (17.0.1+12-LTS-39) for windows-amd64 JRE (17.0.1+12-LTS-39), built on Sep 27 2021 18:41:35 by "mach5one" with MS VC++ 16.8 (VS2019)

END.
