#
# There is insufficient memory for the Java Runtime Environment to continue.
# Native memory allocation (mmap) failed to map 100663296 bytes for G1 virtual space
# Possible reasons:
#   The system is out of physical RAM or swap space
#   The process is running with CompressedOops enabled, and the Java Heap may be blocking the growth of the native heap
# Possible solutions:
#   Reduce memory load on the system
#   Increase physical memory or swap space
#   Check if swap backing store is full
#   Decrease Java heap size (-Xmx/-Xms)
#   Decrease number of Java threads
#   Decrease Java thread stack sizes (-Xss)
#   Set larger code cache with -XX:ReservedCodeCacheSize=
#   JVM is running with Unscaled Compressed Oops mode in which the Java heap is
#     placed in the first 4GB address space. The Java Heap base address is the
#     maximum limit for the native heap growth. Please use -XX:HeapBaseMinAddress
#     to set the Java Heap base and to place the Java Heap above 4GB virtual address.
# This output file may be truncated or incomplete.
#
#  Out of Memory Error (os_windows.cpp:3469), pid=12184, tid=26532
#
# JRE version: Java(TM) SE Runtime Environment (17.0.1+12) (build 17.0.1+12-LTS-39)
# Java VM: Java HotSpot(TM) 64-Bit Server VM (17.0.1+12-LTS-39, mixed mode, emulated-client, sharing, tiered, compressed oops, compressed class ptrs, g1 gc, windows-amd64)
# No core dump will be written. Minidumps are not enabled by default on client versions of Windows
#

---------------  S U M M A R Y ------------

Command Line: -XX:TieredStopAtLevel=1 -Xverify:none -Dspring.output.ansi.enabled=always -javaagent:C:\Program Files\IntelliJ IDEA 2020.3.2\lib\idea_rt.jar=57264:C:\Program Files\IntelliJ IDEA 2020.3.2\bin -Dcom.sun.management.jmxremote -Dspring.jmx.enabled=true -Dspring.liveBeansView.mbeanDomain -Dspring.application.admin.enabled=true -Dfile.encoding=UTF-8 com.fpoly.ooc.ApiServiceMsApplication

Host: Intel(R) Core(TM) i7-4800MQ CPU @ 2.70GHz, 8 cores, 7G,  Windows 10 , 64 bit Build 19041 (10.0.19041.3636)
Time: Wed Dec 20 10:55:33 2023 SE Asia Standard Time elapsed time: 16.453565 seconds (0d 0h 0m 16s)

---------------  T H R E A D  ---------------

Current thread (0x000001d9829d2ae0):  VMThread "VM Thread" [stack: 0x000000579e000000,0x000000579e100000] [id=26532]

Stack: [0x000000579e000000,0x000000579e100000]
Native frames: (J=compiled Java code, j=interpreted, Vv=VM code, C=native code)
V  [jvm.dll+0x66fa1a]
V  [jvm.dll+0x7ce5a4]
V  [jvm.dll+0x7cfd4e]
V  [jvm.dll+0x7d03b3]
V  [jvm.dll+0x242b05]
V  [jvm.dll+0x66ca39]
V  [jvm.dll+0x661502]
V  [jvm.dll+0x30081b]
V  [jvm.dll+0x307da6]
V  [jvm.dll+0x357a1e]
V  [jvm.dll+0x357c4f]
V  [jvm.dll+0x2d7ad8]
V  [jvm.dll+0x2d5da4]
V  [jvm.dll+0x2d53ac]
V  [jvm.dll+0x318d0b]
V  [jvm.dll+0x7d484b]
V  [jvm.dll+0x7d5584]
V  [jvm.dll+0x7d5a9c]
V  [jvm.dll+0x7d5e74]
V  [jvm.dll+0x7d5f40]
V  [jvm.dll+0x77e91a]
V  [jvm.dll+0x66e845]
C  [ucrtbase.dll+0x21bb2]
C  [KERNEL32.DLL+0x17344]
C  [ntdll.dll+0x526b1]

VM_Operation (0x000000579f9f8570): G1CollectForAllocation, mode: safepoint, requested by thread 0x000001d983e45760


---------------  P R O C E S S  ---------------

Threads class SMR info:
_java_thread_list=0x000001d987c8e6b0, length=26, elements={
0x000001d9f0ab18f0, 0x000001d9829d7b70, 0x000001d9829d9180, 0x000001d9829e8d40,
0x000001d9829ebac0, 0x000001d9829ed480, 0x000001d9829eede0, 0x000001d9829f0ff0,
0x000001d9829fbc10, 0x000001d9829c5180, 0x000001d982a7db20, 0x000001d9837fea80,
0x000001d9836e18d0, 0x000001d983a926e0, 0x000001d983ab8520, 0x000001d983e45290,
0x000001d983e45760, 0x000001d983ea4c60, 0x000001d983f231e0, 0x000001d985ee7a40,
0x000001d985f58360, 0x000001d985f58830, 0x000001d9872521e0, 0x000001d987253520,
0x000001d987251840, 0x000001d98524e320
}

Java Threads: ( => current thread )
  0x000001d9f0ab18f0 JavaThread "main" [_thread_blocked, id=10032, stack(0x000000579da00000,0x000000579db00000)]
  0x000001d9829d7b70 JavaThread "Reference Handler" daemon [_thread_blocked, id=6516, stack(0x000000579e100000,0x000000579e200000)]
  0x000001d9829d9180 JavaThread "Finalizer" daemon [_thread_blocked, id=21252, stack(0x000000579e200000,0x000000579e300000)]
  0x000001d9829e8d40 JavaThread "Signal Dispatcher" daemon [_thread_blocked, id=13552, stack(0x000000579e300000,0x000000579e400000)]
  0x000001d9829ebac0 JavaThread "Attach Listener" daemon [_thread_blocked, id=17176, stack(0x000000579e400000,0x000000579e500000)]
  0x000001d9829ed480 JavaThread "Service Thread" daemon [_thread_blocked, id=4044, stack(0x000000579e500000,0x000000579e600000)]
  0x000001d9829eede0 JavaThread "Monitor Deflation Thread" daemon [_thread_blocked, id=3476, stack(0x000000579e600000,0x000000579e700000)]
  0x000001d9829f0ff0 JavaThread "C1 CompilerThread0" daemon [_thread_blocked, id=6848, stack(0x000000579e700000,0x000000579e800000)]
  0x000001d9829fbc10 JavaThread "Sweeper thread" daemon [_thread_blocked, id=3500, stack(0x000000579e800000,0x000000579e900000)]
  0x000001d9829c5180 JavaThread "Common-Cleaner" daemon [_thread_blocked, id=7544, stack(0x000000579e900000,0x000000579ea00000)]
  0x000001d982a7db20 JavaThread "C1 CompilerThread1" daemon [_thread_blocked, id=7556, stack(0x000000579ea00000,0x000000579eb00000)]
  0x000001d9837fea80 JavaThread "Monitor Ctrl-Break" daemon [_thread_in_native, id=7000, stack(0x000000579eb00000,0x000000579ec00000)]
  0x000001d9836e18d0 JavaThread "Notification Thread" daemon [_thread_blocked, id=18520, stack(0x000000579ec00000,0x000000579ed00000)]
  0x000001d983a926e0 JavaThread "C1 CompilerThread2" daemon [_thread_blocked, id=8156, stack(0x000000579ed00000,0x000000579ee00000)]
  0x000001d983ab8520 JavaThread "RMI TCP Accept-0" daemon [_thread_in_native, id=1516, stack(0x000000579ee00000,0x000000579ef00000)]
  0x000001d983e45290 JavaThread "Thread-0" [_thread_blocked, id=23968, stack(0x000000579f800000,0x000000579f900000)]
  0x000001d983e45760 JavaThread "restartedMain" [_thread_blocked, id=25288, stack(0x000000579f900000,0x000000579fa00000)]
  0x000001d983ea4c60 JavaThread "RMI TCP Connection(1)-192.168.56.1" daemon [_thread_in_native, id=3488, stack(0x000000579fa00000,0x000000579fb00000)]
  0x000001d983f231e0 JavaThread "RMI Scheduler(0)" daemon [_thread_blocked, id=13824, stack(0x000000579fb00000,0x000000579fc00000)]
  0x000001d985ee7a40 JavaThread "Catalina-utility-1" [_thread_blocked, id=20300, stack(0x000000579fe00000,0x000000579ff00000)]
  0x000001d985f58360 JavaThread "Catalina-utility-2" [_thread_blocked, id=5656, stack(0x000000579ff00000,0x00000057a0000000)]
  0x000001d985f58830 JavaThread "container-0" [_thread_blocked, id=21964, stack(0x00000057a0000000,0x00000057a0100000)]
  0x000001d9872521e0 JavaThread "mssql-jdbc-shared-timer-core-0" daemon [_thread_blocked, id=9272, stack(0x000000579fd00000,0x000000579fe00000)]
  0x000001d987253520 JavaThread "HikariPool-1 housekeeper" daemon [_thread_blocked, id=23268, stack(0x00000057a0200000,0x00000057a0300000)]
  0x000001d987251840 JavaThread "HikariPool-1 connection adder" daemon [_thread_blocked, id=8748, stack(0x00000057a0300000,0x00000057a0400000)]
  0x000001d98524e320 JavaThread "C1 CompilerThread3" daemon [_thread_blocked, id=20884, stack(0x00000057a0400000,0x00000057a0500000)]

Other Threads:
=>0x000001d9829d2ae0 VMThread "VM Thread" [stack: 0x000000579e000000,0x000000579e100000] [id=26532]
  0x000001d983a93fa0 WatcherThread [stack: 0x000000579ef00000,0x000000579f000000] [id=23536]
  0x000001d9f0af05a0 GCTaskThread "GC Thread#0" [stack: 0x000000579db00000,0x000000579dc00000] [id=19256]
  0x000001d983dcd9a0 GCTaskThread "GC Thread#1" [stack: 0x000000579f000000,0x000000579f100000] [id=22200]
  0x000001d983dcdc50 GCTaskThread "GC Thread#2" [stack: 0x000000579f100000,0x000000579f200000] [id=5112]
  0x000001d983de8d80 GCTaskThread "GC Thread#3" [stack: 0x000000579f200000,0x000000579f300000] [id=15048]
  0x000001d983de9440 GCTaskThread "GC Thread#4" [stack: 0x000000579f300000,0x000000579f400000] [id=26172]
  0x000001d983de96f0 GCTaskThread "GC Thread#5" [stack: 0x000000579f400000,0x000000579f500000] [id=812]
  0x000001d983de99a0 GCTaskThread "GC Thread#6" [stack: 0x000000579f500000,0x000000579f600000] [id=20500]
  0x000001d983de9c50 GCTaskThread "GC Thread#7" [stack: 0x000000579f600000,0x000000579f700000] [id=15856]
  0x000001d9f0b02230 ConcurrentGCThread "G1 Main Marker" [stack: 0x000000579dc00000,0x000000579dd00000] [id=5476]
  0x000001d9f0b02c40 ConcurrentGCThread "G1 Conc#0" [stack: 0x000000579dd00000,0x000000579de00000] [id=25272]
  0x000001d9853b6020 ConcurrentGCThread "G1 Conc#1" [stack: 0x000000579fc00000,0x000000579fd00000] [id=16964]
  0x000001d982890090 ConcurrentGCThread "G1 Refine#0" [stack: 0x000000579de00000,0x000000579df00000] [id=6576]
  0x000001d983dafb90 ConcurrentGCThread "G1 Refine#1" [stack: 0x000000579f700000,0x000000579f800000] [id=10632]
  0x000001d982890ab0 ConcurrentGCThread "G1 Service" [stack: 0x000000579df00000,0x000000579e000000] [id=10028]

Threads with active compile tasks:

VM state: at safepoint (normal execution)

VM Mutex/Monitor currently owned by a thread:  ([mutex/lock_event])
[0x000001d9f0aad920] Threads_lock - owner thread: 0x000001d9829d2ae0
[0x000001d9f0aaf660] Heap_lock - owner thread: 0x000001d983e45760

Heap address: 0x0000000081600000, size: 2026 MB, Compressed Oops mode: 32-bit

CDS archive(s) mapped at: [0x0000000800000000-0x0000000800bc0000-0x0000000800bc0000), size 12320768, SharedBaseAddress: 0x0000000800000000, ArchiveRelocationMode: 0.
Compressed class space mapped at: 0x0000000800c00000-0x0000000840c00000, reserved size: 1073741824
Narrow klass base: 0x0000000800000000, Narrow klass shift: 0, Narrow klass range: 0x100000000

GC Precious Log:
 CPUs: 8 total, 8 available
 Memory: 8097M
 Large Page Support: Disabled
 NUMA Support: Disabled
 Compressed Oops: Enabled (32-bit)
 Heap Region Size: 1M
 Heap Min Capacity: 8M
 Heap Initial Capacity: 128M
 Heap Max Capacity: 2026M
 Pre-touch: Disabled
 Parallel Workers: 8
 Concurrent Workers: 2
 Concurrent Refinement Workers: 8
 Periodic GC: Disabled

Heap:
 garbage-first heap   total 200704K, used 53344K [0x0000000081600000, 0x0000000100000000)
  region size 1024K, 6 young (6144K), 6 survivors (6144K)
 Metaspace       used 64633K, committed 65280K, reserved 1105920K
  class space    used 9101K, committed 9408K, reserved 1048576K

Heap Regions: E=young(eden), S=young(survivor), O=old, HS=humongous(starts), HC=humongous(continues), CS=collection set, F=free, OA=open archive, CA=closed archive, TAMS=top-at-mark-start (previous, next)
|   0|0x0000000081600000, 0x0000000081700000, 0x0000000081700000|100%|HS|  |TAMS 0x0000000081700000, 0x0000000081600000| Complete 
|   1|0x0000000081700000, 0x0000000081800000, 0x0000000081800000|100%| O|  |TAMS 0x0000000081800000, 0x0000000081700000| Untracked 
|   2|0x0000000081800000, 0x0000000081900000, 0x0000000081900000|100%| O|  |TAMS 0x0000000081900000, 0x0000000081800000| Untracked 
|   3|0x0000000081900000, 0x0000000081a00000, 0x0000000081a00000|100%| O|  |TAMS 0x0000000081a00000, 0x0000000081900000| Untracked 
|   4|0x0000000081a00000, 0x0000000081b00000, 0x0000000081b00000|100%| O|  |TAMS 0x0000000081b00000, 0x0000000081a00000| Untracked 
|   5|0x0000000081b00000, 0x0000000081c00000, 0x0000000081c00000|100%| O|  |TAMS 0x0000000081c00000, 0x0000000081b00000| Untracked 
|   6|0x0000000081c00000, 0x0000000081d00000, 0x0000000081d00000|100%| O|  |TAMS 0x0000000081d00000, 0x0000000081c00000| Untracked 
|   7|0x0000000081d00000, 0x0000000081e00000, 0x0000000081e00000|100%| O|  |TAMS 0x0000000081e00000, 0x0000000081d00000| Untracked 
|   8|0x0000000081e00000, 0x0000000081f00000, 0x0000000081f00000|100%| O|  |TAMS 0x0000000081f00000, 0x0000000081e00000| Untracked 
|   9|0x0000000081f00000, 0x0000000082000000, 0x0000000082000000|100%| O|  |TAMS 0x0000000082000000, 0x0000000081f00000| Untracked 
|  10|0x0000000082000000, 0x0000000082100000, 0x0000000082100000|100%| O|  |TAMS 0x0000000082100000, 0x0000000082000000| Untracked 
|  11|0x0000000082100000, 0x0000000082200000, 0x0000000082200000|100%| O|  |TAMS 0x0000000082200000, 0x0000000082100000| Untracked 
|  12|0x0000000082200000, 0x00000000822cf000, 0x0000000082300000| 80%| O|  |TAMS 0x00000000822cf000, 0x0000000082200000| Untracked 
|  13|0x0000000082300000, 0x0000000082400000, 0x0000000082400000|100%| O|  |TAMS 0x0000000082400000, 0x0000000082300000| Untracked 
|  14|0x0000000082400000, 0x0000000082500000, 0x0000000082500000|100%| O|  |TAMS 0x0000000082500000, 0x0000000082400000| Untracked 
|  15|0x0000000082500000, 0x0000000082600000, 0x0000000082600000|100%| O|  |TAMS 0x0000000082600000, 0x0000000082500000| Untracked 
|  16|0x0000000082600000, 0x0000000082700000, 0x0000000082700000|100%| O|  |TAMS 0x0000000082700000, 0x0000000082600000| Untracked 
|  17|0x0000000082700000, 0x0000000082800000, 0x0000000082800000|100%| O|  |TAMS 0x0000000082800000, 0x0000000082700000| Untracked 
|  18|0x0000000082800000, 0x0000000082900000, 0x0000000082900000|100%| O|  |TAMS 0x0000000082900000, 0x0000000082800000| Untracked 
|  19|0x0000000082900000, 0x0000000082a00000, 0x0000000082a00000|100%| O|  |TAMS 0x0000000082a00000, 0x0000000082900000| Untracked 
|  20|0x0000000082a00000, 0x0000000082b00000, 0x0000000082b00000|100%| O|  |TAMS 0x0000000082b00000, 0x0000000082a00000| Untracked 
|  21|0x0000000082b00000, 0x0000000082c00000, 0x0000000082c00000|100%| O|  |TAMS 0x0000000082c00000, 0x0000000082b00000| Untracked 
|  22|0x0000000082c00000, 0x0000000082d00000, 0x0000000082d00000|100%| O|  |TAMS 0x0000000082d00000, 0x0000000082c00000| Untracked 
|  23|0x0000000082d00000, 0x0000000082d1ea00, 0x0000000082e00000| 11%| O|  |TAMS 0x0000000082d1ea00, 0x0000000082d00000| Untracked 
|  24|0x0000000082e00000, 0x0000000082f00000, 0x0000000082f00000|100%| O|  |TAMS 0x0000000082f00000, 0x0000000082e00000| Untracked 
|  25|0x0000000082f00000, 0x0000000083000000, 0x0000000083000000|100%| O|  |TAMS 0x0000000083000000, 0x0000000082f00000| Untracked 
|  26|0x0000000083000000, 0x0000000083100000, 0x0000000083100000|100%| O|  |TAMS 0x0000000083100000, 0x0000000083000000| Untracked 
|  27|0x0000000083100000, 0x0000000083200000, 0x0000000083200000|100%| O|  |TAMS 0x0000000083200000, 0x0000000083100000| Untracked 
|  28|0x0000000083200000, 0x0000000083300000, 0x0000000083300000|100%| O|  |TAMS 0x0000000083300000, 0x0000000083200000| Untracked 
|  29|0x0000000083300000, 0x0000000083400000, 0x0000000083400000|100%| O|  |TAMS 0x0000000083400000, 0x0000000083300000| Untracked 
|  30|0x0000000083400000, 0x0000000083500000, 0x0000000083500000|100%| O|  |TAMS 0x0000000083500000, 0x0000000083400000| Untracked 
|  31|0x0000000083500000, 0x0000000083600000, 0x0000000083600000|100%| O|  |TAMS 0x0000000083600000, 0x0000000083500000| Untracked 
|  32|0x0000000083600000, 0x0000000083700000, 0x0000000083700000|100%| O|  |TAMS 0x000000008361c400, 0x0000000083600000| Untracked 
|  33|0x0000000083700000, 0x0000000083800000, 0x0000000083800000|100%| O|  |TAMS 0x0000000083700000, 0x0000000083700000| Untracked 
|  34|0x0000000083800000, 0x0000000083900000, 0x0000000083900000|100%| O|  |TAMS 0x0000000083800000, 0x0000000083800000| Untracked 
|  35|0x0000000083900000, 0x0000000083a00000, 0x0000000083a00000|100%| O|  |TAMS 0x0000000083900000, 0x0000000083900000| Untracked 
|  36|0x0000000083a00000, 0x0000000083b00000, 0x0000000083b00000|100%| O|  |TAMS 0x0000000083a00000, 0x0000000083a00000| Untracked 
|  37|0x0000000083b00000, 0x0000000083c00000, 0x0000000083c00000|100%| O|  |TAMS 0x0000000083b00000, 0x0000000083b00000| Untracked 
|  38|0x0000000083c00000, 0x0000000083d00000, 0x0000000083d00000|100%| O|  |TAMS 0x0000000083c00000, 0x0000000083c00000| Untracked 
|  39|0x0000000083d00000, 0x0000000083e00000, 0x0000000083e00000|100%| O|  |TAMS 0x0000000083d00000, 0x0000000083d00000| Untracked 
|  40|0x0000000083e00000, 0x0000000083f00000, 0x0000000083f00000|100%| O|  |TAMS 0x0000000083e00000, 0x0000000083e00000| Untracked 
|  41|0x0000000083f00000, 0x0000000084000000, 0x0000000084000000|100%| O|  |TAMS 0x0000000083f00000, 0x0000000083f00000| Untracked 
|  42|0x0000000084000000, 0x0000000084100000, 0x0000000084100000|100%| O|  |TAMS 0x0000000084000000, 0x0000000084000000| Untracked 
|  43|0x0000000084100000, 0x0000000084200000, 0x0000000084200000|100%| O|  |TAMS 0x0000000084100000, 0x0000000084100000| Untracked 
|  44|0x0000000084200000, 0x0000000084300000, 0x0000000084300000|100%| O|  |TAMS 0x0000000084200000, 0x0000000084200000| Untracked 
|  45|0x0000000084300000, 0x0000000084400000, 0x0000000084400000|100%| O|  |TAMS 0x0000000084300000, 0x0000000084300000| Untracked 
|  46|0x0000000084400000, 0x0000000084500000, 0x0000000084500000|100%| O|  |TAMS 0x0000000084400000, 0x0000000084400000| Untracked 
|  47|0x0000000084500000, 0x00000000845ce600, 0x0000000084600000| 80%| O|  |TAMS 0x0000000084500000, 0x0000000084500000| Untracked 
|  48|0x0000000084600000, 0x0000000084600000, 0x0000000084700000|  0%| F|  |TAMS 0x0000000084600000, 0x0000000084600000| Untracked 
|  49|0x0000000084700000, 0x0000000084700000, 0x0000000084800000|  0%| F|  |TAMS 0x0000000084700000, 0x0000000084700000| Untracked 
|  50|0x0000000084800000, 0x0000000084800000, 0x0000000084900000|  0%| F|  |TAMS 0x0000000084800000, 0x0000000084800000| Untracked 
|  51|0x0000000084900000, 0x0000000084900000, 0x0000000084a00000|  0%| F|  |TAMS 0x0000000084900000, 0x0000000084900000| Untracked 
|  52|0x0000000084a00000, 0x0000000084a00000, 0x0000000084b00000|  0%| F|  |TAMS 0x0000000084a00000, 0x0000000084a00000| Untracked 
|  53|0x0000000084b00000, 0x0000000084b00000, 0x0000000084c00000|  0%| F|  |TAMS 0x0000000084b00000, 0x0000000084b00000| Untracked 
|  54|0x0000000084c00000, 0x0000000084c00000, 0x0000000084d00000|  0%| F|  |TAMS 0x0000000084c00000, 0x0000000084c00000| Untracked 
|  55|0x0000000084d00000, 0x0000000084d00000, 0x0000000084e00000|  0%| F|  |TAMS 0x0000000084d00000, 0x0000000084d00000| Untracked 
|  56|0x0000000084e00000, 0x0000000084e00000, 0x0000000084f00000|  0%| F|  |TAMS 0x0000000084e00000, 0x0000000084e00000| Untracked 
|  57|0x0000000084f00000, 0x0000000084f00000, 0x0000000085000000|  0%| F|  |TAMS 0x0000000084f00000, 0x0000000084f00000| Untracked 
|  58|0x0000000085000000, 0x0000000085000000, 0x0000000085100000|  0%| F|  |TAMS 0x0000000085000000, 0x0000000085000000| Untracked 
|  59|0x0000000085100000, 0x0000000085100000, 0x0000000085200000|  0%| F|  |TAMS 0x0000000085100000, 0x0000000085100000| Untracked 
|  60|0x0000000085200000, 0x0000000085200000, 0x0000000085300000|  0%| F|  |TAMS 0x0000000085200000, 0x0000000085200000| Untracked 
|  61|0x0000000085300000, 0x000000008535c3d0, 0x0000000085400000| 36%| S|CS|TAMS 0x0000000085300000, 0x0000000085300000| Complete 
|  62|0x0000000085400000, 0x0000000085500000, 0x0000000085500000|100%| S|CS|TAMS 0x0000000085400000, 0x0000000085400000| Complete 
|  63|0x0000000085500000, 0x0000000085600000, 0x0000000085600000|100%| S|CS|TAMS 0x0000000085500000, 0x0000000085500000| Complete 
|  64|0x0000000085600000, 0x0000000085700000, 0x0000000085700000|100%| S|CS|TAMS 0x0000000085600000, 0x0000000085600000| Complete 
|  65|0x0000000085700000, 0x0000000085700000, 0x0000000085800000|  0%| F|  |TAMS 0x0000000085700000, 0x0000000085700000| Untracked 
|  66|0x0000000085800000, 0x0000000085800000, 0x0000000085900000|  0%| F|  |TAMS 0x0000000085800000, 0x0000000085800000| Untracked 
|  67|0x0000000085900000, 0x0000000085900000, 0x0000000085a00000|  0%| F|  |TAMS 0x0000000085900000, 0x0000000085900000| Untracked 
|  68|0x0000000085a00000, 0x0000000085a00000, 0x0000000085b00000|  0%| F|  |TAMS 0x0000000085a00000, 0x0000000085a00000| Untracked 
|  69|0x0000000085b00000, 0x0000000085b00000, 0x0000000085c00000|  0%| F|  |TAMS 0x0000000085b00000, 0x0000000085b00000| Untracked 
|  70|0x0000000085c00000, 0x0000000085d00000, 0x0000000085d00000|100%| S|CS|TAMS 0x0000000085c00000, 0x0000000085c00000| Complete 
|  71|0x0000000085d00000, 0x0000000085d00000, 0x0000000085e00000|  0%| F|  |TAMS 0x0000000085d00000, 0x0000000085d00000| Untracked 
|  72|0x0000000085e00000, 0x0000000085e00000, 0x0000000085f00000|  0%| F|  |TAMS 0x0000000085e00000, 0x0000000085e00000| Untracked 
|  73|0x0000000085f00000, 0x0000000085f00000, 0x0000000086000000|  0%| F|  |TAMS 0x0000000085f00000, 0x0000000085f00000| Untracked 
|  74|0x0000000086000000, 0x0000000086100000, 0x0000000086100000|100%| S|CS|TAMS 0x0000000086000000, 0x0000000086000000| Complete 
|  75|0x0000000086100000, 0x0000000086100000, 0x0000000086200000|  0%| F|  |TAMS 0x0000000086100000, 0x0000000086100000| Untracked 
|  76|0x0000000086200000, 0x0000000086200000, 0x0000000086300000|  0%| F|  |TAMS 0x0000000086200000, 0x0000000086200000| Untracked 
|  77|0x0000000086300000, 0x0000000086300000, 0x0000000086400000|  0%| F|  |TAMS 0x0000000086300000, 0x0000000086300000| Untracked 
|  78|0x0000000086400000, 0x0000000086400000, 0x0000000086500000|  0%| F|  |TAMS 0x0000000086400000, 0x0000000086400000| Untracked 
|  79|0x0000000086500000, 0x0000000086500000, 0x0000000086600000|  0%| F|  |TAMS 0x0000000086500000, 0x0000000086500000| Untracked 
|  80|0x0000000086600000, 0x0000000086600000, 0x0000000086700000|  0%| F|  |TAMS 0x0000000086600000, 0x0000000086600000| Untracked 
|  81|0x0000000086700000, 0x0000000086700000, 0x0000000086800000|  0%| F|  |TAMS 0x0000000086700000, 0x0000000086700000| Untracked 
|  82|0x0000000086800000, 0x0000000086800000, 0x0000000086900000|  0%| F|  |TAMS 0x0000000086800000, 0x0000000086800000| Untracked 
|  83|0x0000000086900000, 0x0000000086900000, 0x0000000086a00000|  0%| F|  |TAMS 0x0000000086900000, 0x0000000086900000| Untracked 
|  84|0x0000000086a00000, 0x0000000086a00000, 0x0000000086b00000|  0%| F|  |TAMS 0x0000000086a00000, 0x0000000086a00000| Untracked 
|  85|0x0000000086b00000, 0x0000000086b00000, 0x0000000086c00000|  0%| F|  |TAMS 0x0000000086b00000, 0x0000000086b00000| Untracked 
|  86|0x0000000086c00000, 0x0000000086c00000, 0x0000000086d00000|  0%| F|  |TAMS 0x0000000086c00000, 0x0000000086c00000| Untracked 
|  87|0x0000000086d00000, 0x0000000086d00000, 0x0000000086e00000|  0%| F|  |TAMS 0x0000000086d00000, 0x0000000086d00000| Untracked 
|  88|0x0000000086e00000, 0x0000000086e00000, 0x0000000086f00000|  0%| F|  |TAMS 0x0000000086e00000, 0x0000000086e00000| Untracked 
|  89|0x0000000086f00000, 0x0000000086f00000, 0x0000000087000000|  0%| F|  |TAMS 0x0000000086f00000, 0x0000000086f00000| Untracked 
|  90|0x0000000087000000, 0x0000000087000000, 0x0000000087100000|  0%| F|  |TAMS 0x0000000087000000, 0x0000000087000000| Untracked 
|  91|0x0000000087100000, 0x0000000087100000, 0x0000000087200000|  0%| F|  |TAMS 0x0000000087100000, 0x0000000087100000| Untracked 
|  92|0x0000000087200000, 0x0000000087200000, 0x0000000087300000|  0%| F|  |TAMS 0x0000000087200000, 0x0000000087200000| Untracked 
|  93|0x0000000087300000, 0x0000000087300000, 0x0000000087400000|  0%| F|  |TAMS 0x0000000087300000, 0x0000000087300000| Untracked 
|  94|0x0000000087400000, 0x0000000087400000, 0x0000000087500000|  0%| F|  |TAMS 0x0000000087400000, 0x0000000087400000| Untracked 
|  95|0x0000000087500000, 0x0000000087500000, 0x0000000087600000|  0%| F|  |TAMS 0x0000000087500000, 0x0000000087500000| Untracked 
|  96|0x0000000087600000, 0x0000000087600000, 0x0000000087700000|  0%| F|  |TAMS 0x0000000087600000, 0x0000000087600000| Untracked 
|  97|0x0000000087700000, 0x0000000087700000, 0x0000000087800000|  0%| F|  |TAMS 0x0000000087700000, 0x0000000087700000| Untracked 
|  98|0x0000000087800000, 0x0000000087800000, 0x0000000087900000|  0%| F|  |TAMS 0x0000000087800000, 0x0000000087800000| Untracked 
|  99|0x0000000087900000, 0x0000000087900000, 0x0000000087a00000|  0%| F|  |TAMS 0x0000000087900000, 0x0000000087900000| Untracked 
| 100|0x0000000087a00000, 0x0000000087a00000, 0x0000000087b00000|  0%| F|  |TAMS 0x0000000087a00000, 0x0000000087a00000| Untracked 
| 101|0x0000000087b00000, 0x0000000087b00000, 0x0000000087c00000|  0%| F|  |TAMS 0x0000000087b00000, 0x0000000087b00000| Untracked 
| 102|0x0000000087c00000, 0x0000000087c00000, 0x0000000087d00000|  0%| F|  |TAMS 0x0000000087c00000, 0x0000000087c00000| Untracked 
| 103|0x0000000087d00000, 0x0000000087d00000, 0x0000000087e00000|  0%| F|  |TAMS 0x0000000087d00000, 0x0000000087d00000| Untracked 
| 104|0x0000000087e00000, 0x0000000087e00000, 0x0000000087f00000|  0%| F|  |TAMS 0x0000000087e00000, 0x0000000087e00000| Untracked 
| 105|0x0000000087f00000, 0x0000000087f00000, 0x0000000088000000|  0%| F|  |TAMS 0x0000000087f00000, 0x0000000087f00000| Untracked 
| 106|0x0000000088000000, 0x0000000088000000, 0x0000000088100000|  0%| F|  |TAMS 0x0000000088000000, 0x0000000088000000| Untracked 
| 107|0x0000000088100000, 0x0000000088100000, 0x0000000088200000|  0%| F|  |TAMS 0x0000000088100000, 0x0000000088100000| Untracked 
| 108|0x0000000088200000, 0x0000000088200000, 0x0000000088300000|  0%| F|  |TAMS 0x0000000088200000, 0x0000000088200000| Untracked 
| 109|0x0000000088300000, 0x0000000088300000, 0x0000000088400000|  0%| F|  |TAMS 0x0000000088300000, 0x0000000088300000| Untracked 
| 110|0x0000000088400000, 0x0000000088400000, 0x0000000088500000|  0%| F|  |TAMS 0x0000000088400000, 0x0000000088400000| Untracked 
| 111|0x0000000088500000, 0x0000000088500000, 0x0000000088600000|  0%| F|  |TAMS 0x0000000088500000, 0x0000000088500000| Untracked 
| 112|0x0000000088600000, 0x0000000088600000, 0x0000000088700000|  0%| F|  |TAMS 0x0000000088600000, 0x0000000088600000| Untracked 
| 113|0x0000000088700000, 0x0000000088700000, 0x0000000088800000|  0%| F|  |TAMS 0x0000000088700000, 0x0000000088700000| Untracked 
| 114|0x0000000088800000, 0x0000000088800000, 0x0000000088900000|  0%| F|  |TAMS 0x0000000088800000, 0x0000000088800000| Untracked 
| 115|0x0000000088900000, 0x0000000088900000, 0x0000000088a00000|  0%| F|  |TAMS 0x0000000088900000, 0x0000000088900000| Untracked 
| 116|0x0000000088a00000, 0x0000000088a00000, 0x0000000088b00000|  0%| F|  |TAMS 0x0000000088a00000, 0x0000000088a00000| Untracked 
| 117|0x0000000088b00000, 0x0000000088b00000, 0x0000000088c00000|  0%| F|  |TAMS 0x0000000088b00000, 0x0000000088b00000| Untracked 
| 118|0x0000000088c00000, 0x0000000088c00000, 0x0000000088d00000|  0%| F|  |TAMS 0x0000000088c00000, 0x0000000088c00000| Untracked 
| 119|0x0000000088d00000, 0x0000000088d00000, 0x0000000088e00000|  0%| F|  |TAMS 0x0000000088d00000, 0x0000000088d00000| Untracked 
| 120|0x0000000088e00000, 0x0000000088e00000, 0x0000000088f00000|  0%| F|  |TAMS 0x0000000088e00000, 0x0000000088e00000| Untracked 
| 121|0x0000000088f00000, 0x0000000088f00000, 0x0000000089000000|  0%| F|  |TAMS 0x0000000088f00000, 0x0000000088f00000| Untracked 
| 122|0x0000000089000000, 0x0000000089000000, 0x0000000089100000|  0%| F|  |TAMS 0x0000000089000000, 0x0000000089000000| Untracked 
| 123|0x0000000089100000, 0x0000000089100000, 0x0000000089200000|  0%| F|  |TAMS 0x0000000089100000, 0x0000000089100000| Untracked 
| 124|0x0000000089200000, 0x0000000089200000, 0x0000000089300000|  0%| F|  |TAMS 0x0000000089200000, 0x0000000089200000| Untracked 
| 125|0x0000000089300000, 0x0000000089300000, 0x0000000089400000|  0%| F|  |TAMS 0x0000000089300000, 0x0000000089300000| Untracked 
| 126|0x0000000089400000, 0x0000000089400000, 0x0000000089500000|  0%| F|  |TAMS 0x0000000089400000, 0x0000000089400000| Untracked 
| 127|0x0000000089500000, 0x0000000089500000, 0x0000000089600000|  0%| F|  |TAMS 0x0000000089500000, 0x0000000089500000| Untracked 
| 128|0x0000000089600000, 0x0000000089600000, 0x0000000089700000|  0%| F|  |TAMS 0x0000000089600000, 0x0000000089600000| Untracked 
| 129|0x0000000089700000, 0x0000000089700000, 0x0000000089800000|  0%| F|  |TAMS 0x0000000089700000, 0x0000000089700000| Untracked 
| 130|0x0000000089800000, 0x0000000089800000, 0x0000000089900000|  0%| F|  |TAMS 0x0000000089800000, 0x0000000089800000| Untracked 
| 131|0x0000000089900000, 0x0000000089900000, 0x0000000089a00000|  0%| F|  |TAMS 0x0000000089900000, 0x0000000089900000| Untracked 
| 132|0x0000000089a00000, 0x0000000089a00000, 0x0000000089b00000|  0%| F|  |TAMS 0x0000000089a00000, 0x0000000089a00000| Untracked 
| 133|0x0000000089b00000, 0x0000000089b00000, 0x0000000089c00000|  0%| F|  |TAMS 0x0000000089b00000, 0x0000000089b00000| Untracked 
| 134|0x0000000089c00000, 0x0000000089c00000, 0x0000000089d00000|  0%| F|  |TAMS 0x0000000089c00000, 0x0000000089c00000| Untracked 
| 135|0x0000000089d00000, 0x0000000089d00000, 0x0000000089e00000|  0%| F|  |TAMS 0x0000000089d00000, 0x0000000089d00000| Untracked 
| 136|0x0000000089e00000, 0x0000000089e00000, 0x0000000089f00000|  0%| F|  |TAMS 0x0000000089e00000, 0x0000000089e00000| Untracked 
| 137|0x0000000089f00000, 0x0000000089f00000, 0x000000008a000000|  0%| F|  |TAMS 0x0000000089f00000, 0x0000000089f00000| Untracked 
| 138|0x000000008a000000, 0x000000008a000000, 0x000000008a100000|  0%| F|  |TAMS 0x000000008a000000, 0x000000008a000000| Untracked 
| 139|0x000000008a100000, 0x000000008a100000, 0x000000008a200000|  0%| F|  |TAMS 0x000000008a100000, 0x000000008a100000| Untracked 
| 140|0x000000008a200000, 0x000000008a200000, 0x000000008a300000|  0%| F|  |TAMS 0x000000008a200000, 0x000000008a200000| Untracked 
| 141|0x000000008a300000, 0x000000008a300000, 0x000000008a400000|  0%| F|  |TAMS 0x000000008a300000, 0x000000008a300000| Untracked 
| 142|0x000000008a400000, 0x000000008a400000, 0x000000008a500000|  0%| F|  |TAMS 0x000000008a400000, 0x000000008a400000| Untracked 
| 143|0x000000008a500000, 0x000000008a500000, 0x000000008a600000|  0%| F|  |TAMS 0x000000008a500000, 0x000000008a500000| Untracked 
| 144|0x000000008a600000, 0x000000008a600000, 0x000000008a700000|  0%| F|  |TAMS 0x000000008a600000, 0x000000008a600000| Untracked 
| 145|0x000000008a700000, 0x000000008a700000, 0x000000008a800000|  0%| F|  |TAMS 0x000000008a700000, 0x000000008a700000| Untracked 
| 146|0x000000008a800000, 0x000000008a800000, 0x000000008a900000|  0%| F|  |TAMS 0x000000008a800000, 0x000000008a800000| Untracked 
| 147|0x000000008a900000, 0x000000008a900000, 0x000000008aa00000|  0%| F|  |TAMS 0x000000008a900000, 0x000000008a900000| Untracked 
| 148|0x000000008aa00000, 0x000000008aa00000, 0x000000008ab00000|  0%| F|  |TAMS 0x000000008aa00000, 0x000000008aa00000| Untracked 
| 149|0x000000008ab00000, 0x000000008ab00000, 0x000000008ac00000|  0%| F|  |TAMS 0x000000008ab00000, 0x000000008ab00000| Untracked 
| 150|0x000000008ac00000, 0x000000008ac00000, 0x000000008ad00000|  0%| F|  |TAMS 0x000000008ac00000, 0x000000008ac00000| Untracked 
| 151|0x000000008ad00000, 0x000000008ad00000, 0x000000008ae00000|  0%| F|  |TAMS 0x000000008ad00000, 0x000000008ad00000| Untracked 
| 152|0x000000008ae00000, 0x000000008ae00000, 0x000000008af00000|  0%| F|  |TAMS 0x000000008ae00000, 0x000000008ae00000| Untracked 
| 153|0x000000008af00000, 0x000000008af00000, 0x000000008b000000|  0%| F|  |TAMS 0x000000008af00000, 0x000000008af00000| Untracked 
| 154|0x000000008b000000, 0x000000008b000000, 0x000000008b100000|  0%| F|  |TAMS 0x000000008b000000, 0x000000008b000000| Untracked 
| 155|0x000000008b100000, 0x000000008b100000, 0x000000008b200000|  0%| F|  |TAMS 0x000000008b100000, 0x000000008b100000| Untracked 
| 156|0x000000008b200000, 0x000000008b200000, 0x000000008b300000|  0%| F|  |TAMS 0x000000008b200000, 0x000000008b200000| Untracked 
| 157|0x000000008b300000, 0x000000008b300000, 0x000000008b400000|  0%| F|  |TAMS 0x000000008b300000, 0x000000008b300000| Untracked 
| 158|0x000000008b400000, 0x000000008b400000, 0x000000008b500000|  0%| F|  |TAMS 0x000000008b400000, 0x000000008b400000| Untracked 
| 159|0x000000008b500000, 0x000000008b500000, 0x000000008b600000|  0%| F|  |TAMS 0x000000008b500000, 0x000000008b500000| Untracked 
| 160|0x000000008b600000, 0x000000008b600000, 0x000000008b700000|  0%| F|  |TAMS 0x000000008b600000, 0x000000008b600000| Untracked 
| 161|0x000000008b700000, 0x000000008b700000, 0x000000008b800000|  0%| F|  |TAMS 0x000000008b700000, 0x000000008b700000| Untracked 
| 162|0x000000008b800000, 0x000000008b800000, 0x000000008b900000|  0%| F|  |TAMS 0x000000008b800000, 0x000000008b800000| Untracked 
| 163|0x000000008b900000, 0x000000008b900000, 0x000000008ba00000|  0%| F|  |TAMS 0x000000008b900000, 0x000000008b900000| Untracked 
| 164|0x000000008ba00000, 0x000000008ba00000, 0x000000008bb00000|  0%| F|  |TAMS 0x000000008ba00000, 0x000000008ba00000| Untracked 
| 165|0x000000008bb00000, 0x000000008bb00000, 0x000000008bc00000|  0%| F|  |TAMS 0x000000008bb00000, 0x000000008bb00000| Untracked 
| 166|0x000000008bc00000, 0x000000008bc00000, 0x000000008bd00000|  0%| F|  |TAMS 0x000000008bc00000, 0x000000008bc00000| Untracked 
| 167|0x000000008bd00000, 0x000000008bd00000, 0x000000008be00000|  0%| F|  |TAMS 0x000000008bd00000, 0x000000008bd00000| Untracked 
| 168|0x000000008be00000, 0x000000008be00000, 0x000000008bf00000|  0%| F|  |TAMS 0x000000008be00000, 0x000000008be00000| Untracked 
| 169|0x000000008bf00000, 0x000000008bf00000, 0x000000008c000000|  0%| F|  |TAMS 0x000000008bf00000, 0x000000008bf00000| Untracked 
| 170|0x000000008c000000, 0x000000008c000000, 0x000000008c100000|  0%| F|  |TAMS 0x000000008c000000, 0x000000008c000000| Untracked 
| 171|0x000000008c100000, 0x000000008c100000, 0x000000008c200000|  0%| F|  |TAMS 0x000000008c100000, 0x000000008c100000| Untracked 
| 172|0x000000008c200000, 0x000000008c200000, 0x000000008c300000|  0%| F|  |TAMS 0x000000008c200000, 0x000000008c200000| Untracked 
| 173|0x000000008c300000, 0x000000008c300000, 0x000000008c400000|  0%| F|  |TAMS 0x000000008c300000, 0x000000008c300000| Untracked 
| 174|0x000000008c400000, 0x000000008c400000, 0x000000008c500000|  0%| F|  |TAMS 0x000000008c400000, 0x000000008c400000| Untracked 
| 175|0x000000008c500000, 0x000000008c500000, 0x000000008c600000|  0%| F|  |TAMS 0x000000008c500000, 0x000000008c500000| Untracked 
| 176|0x000000008c600000, 0x000000008c600000, 0x000000008c700000|  0%| F|  |TAMS 0x000000008c600000, 0x000000008c600000| Untracked 
| 177|0x000000008c700000, 0x000000008c700000, 0x000000008c800000|  0%| F|  |TAMS 0x000000008c700000, 0x000000008c700000| Untracked 
| 178|0x000000008c800000, 0x000000008c800000, 0x000000008c900000|  0%| F|  |TAMS 0x000000008c800000, 0x000000008c800000| Untracked 
| 179|0x000000008c900000, 0x000000008c900000, 0x000000008ca00000|  0%| F|  |TAMS 0x000000008c900000, 0x000000008c900000| Untracked 
| 180|0x000000008ca00000, 0x000000008ca00000, 0x000000008cb00000|  0%| F|  |TAMS 0x000000008ca00000, 0x000000008ca00000| Untracked 
| 181|0x000000008cb00000, 0x000000008cb00000, 0x000000008cc00000|  0%| F|  |TAMS 0x000000008cb00000, 0x000000008cb00000| Untracked 
| 182|0x000000008cc00000, 0x000000008cc00000, 0x000000008cd00000|  0%| F|  |TAMS 0x000000008cc00000, 0x000000008cc00000| Untracked 
| 183|0x000000008cd00000, 0x000000008cd00000, 0x000000008ce00000|  0%| F|  |TAMS 0x000000008cd00000, 0x000000008cd00000| Untracked 
| 184|0x000000008ce00000, 0x000000008ce00000, 0x000000008cf00000|  0%| F|  |TAMS 0x000000008ce00000, 0x000000008ce00000| Untracked 
| 185|0x000000008cf00000, 0x000000008cf00000, 0x000000008d000000|  0%| F|  |TAMS 0x000000008cf00000, 0x000000008cf00000| Untracked 
| 186|0x000000008d000000, 0x000000008d000000, 0x000000008d100000|  0%| F|  |TAMS 0x000000008d000000, 0x000000008d000000| Untracked 
| 187|0x000000008d100000, 0x000000008d100000, 0x000000008d200000|  0%| F|  |TAMS 0x000000008d100000, 0x000000008d100000| Untracked 
| 188|0x000000008d200000, 0x000000008d200000, 0x000000008d300000|  0%| F|  |TAMS 0x000000008d200000, 0x000000008d200000| Untracked 
| 189|0x000000008d300000, 0x000000008d300000, 0x000000008d400000|  0%| F|  |TAMS 0x000000008d300000, 0x000000008d300000| Untracked 
| 190|0x000000008d400000, 0x000000008d400000, 0x000000008d500000|  0%| F|  |TAMS 0x000000008d400000, 0x000000008d400000| Untracked 
| 191|0x000000008d500000, 0x000000008d500000, 0x000000008d600000|  0%| F|  |TAMS 0x000000008d500000, 0x000000008d500000| Untracked 
| 192|0x000000008d600000, 0x000000008d600000, 0x000000008d700000|  0%| F|  |TAMS 0x000000008d600000, 0x000000008d600000| Untracked 
| 193|0x000000008d700000, 0x000000008d700000, 0x000000008d800000|  0%| F|  |TAMS 0x000000008d700000, 0x000000008d700000| Untracked 
| 194|0x000000008d800000, 0x000000008d800000, 0x000000008d900000|  0%| F|  |TAMS 0x000000008d800000, 0x000000008d800000| Untracked 
| 195|0x000000008d900000, 0x000000008d900000, 0x000000008da00000|  0%| F|  |TAMS 0x000000008d900000, 0x000000008d900000| Untracked 

Card table byte_map: [0x000001d9fb7c0000,0x000001d9fbbc0000] _byte_map_base: 0x000001d9fb3b5000

Marking Bits (Prev, Next): (CMBitMap*) 0x000001d9f0af1c00, (CMBitMap*) 0x000001d9f0af1bc0
 Prev Bits: [0x000001d9fdf70000, 0x000001d9fff18000)
 Next Bits: [0x000001d9fbfc0000, 0x000001d9fdf68000)

Polling page: 0x000001d9ee890000

Metaspace:

Usage:
  Non-class:     54.23 MB used.
      Class:      8.89 MB used.
       Both:     63.12 MB used.

Virtual space:
  Non-class space:       56.00 MB reserved,      54.56 MB ( 97%) committed,  7 nodes.
      Class space:        1.00 GB reserved,       9.19 MB ( <1%) committed,  1 nodes.
             Both:        1.05 GB reserved,      63.75 MB (  6%) committed. 

Chunk freelists:
   Non-Class:  1.38 MB
       Class:  2.83 MB
        Both:  4.20 MB

MaxMetaspaceSize: unlimited
CompressedClassSpaceSize: 1.00 GB
Initial GC threshold: 21.00 MB
Current GC threshold: 99.31 MB
CDS: on
MetaspaceReclaimPolicy: balanced
 - commit_granule_bytes: 65536.
 - commit_granule_words: 8192.
 - virtual_space_node_default_size: 1048576.
 - enlarge_chunks_in_place: 1.
 - new_chunks_are_fully_committed: 0.
 - uncommit_free_chunks: 1.
 - use_allocation_guard: 0.
 - handle_deallocations: 1.


Internal statistics:

num_allocs_failed_limit: 9.
num_arena_births: 920.
num_arena_deaths: 0.
num_vsnodes_births: 8.
num_vsnodes_deaths: 0.
num_space_committed: 1020.
num_space_uncommitted: 0.
num_chunks_returned_to_freelist: 9.
num_chunks_taken_from_freelist: 3341.
num_chunk_merges: 9.
num_chunk_splits: 2297.
num_chunks_enlarged: 1665.
num_purges: 0.
num_inconsistent_stats: 0.

CodeCache: size=49152Kb used=17143Kb max_used=17143Kb free=32009Kb
 bounds [0x000001d9f82b0000, 0x000001d9f9370000, 0x000001d9fb2b0000]
 total_blobs=9751 nmethods=9060 adapters=614
 compilation: enabled
              stopped_count=0, restarted_count=0
 full_count=0

Compilation events (20 events):
Event: 16.342 Thread 0x000001d983a926e0 nmethod 9051 0x000001d9f9361990 code [0x000001d9f9361b20, 0x000001d9f9361c38]
Event: 16.342 Thread 0x000001d983a926e0 9052       1       org.springframework.data.jpa.repository.query.HqlParser$OrPredicateContext::accept (26 bytes)
Event: 16.342 Thread 0x000001d98524e320 9053       1       org.springframework.data.jpa.repository.query.HqlQueryRenderer::visitOrPredicate (6 bytes)
Event: 16.342 Thread 0x000001d9829f0ff0 9054       1       org.springframework.data.jpa.repository.query.HqlQueryRenderer::visitOrPredicate (66 bytes)
Event: 16.342 Thread 0x000001d98524e320 nmethod 9053 0x000001d9f9361c90 code [0x000001d9f9361e20, 0x000001d9f9361f08]
Event: 16.342 Thread 0x000001d98524e320 9055       1       org.springframework.data.jpa.repository.query.HqlParser$OrPredicateContext::OR (9 bytes)
Event: 16.342 Thread 0x000001d983a926e0 nmethod 9052 0x000001d9f9361f90 code [0x000001d9f9362140, 0x000001d9f9362378]
Event: 16.342 Thread 0x000001d983a926e0 9056       1       org.springframework.data.jpa.repository.query.HqlParser$GroupedPredicateContext::accept (26 bytes)
Event: 16.342 Thread 0x000001d98524e320 nmethod 9055 0x000001d9f9362490 code [0x000001d9f9362620, 0x000001d9f9362708]
Event: 16.342 Thread 0x000001d98524e320 9057       1       org.springframework.data.jpa.repository.query.HqlQueryRenderer::visitGroupedPredicate (6 bytes)
Event: 16.342 Thread 0x000001d982a7db20 nmethod 9050 0x000001d9f9362790 code [0x000001d9f9362a20, 0x000001d9f9363268]
Event: 16.342 Thread 0x000001d983a926e0 nmethod 9056 0x000001d9f9363990 code [0x000001d9f9363b40, 0x000001d9f9363d78]
Event: 16.342 Thread 0x000001d982a7db20 9058       1       org.springframework.data.jpa.repository.query.HqlQueryRenderer::visitGroupedPredicate (52 bytes)
Event: 16.342 Thread 0x000001d98524e320 nmethod 9057 0x000001d9f9363e90 code [0x000001d9f9364020, 0x000001d9f9364108]
Event: 16.343 Thread 0x000001d983a926e0 9059       1       org.springframework.data.jpa.repository.query.HqlParser$GroupedPredicateContext::predicate (11 bytes)
Event: 16.343 Thread 0x000001d983a926e0 nmethod 9059 0x000001d9f9364190 code [0x000001d9f9364340, 0x000001d9f93644a8]
Event: 16.343 Thread 0x000001d982a7db20 nmethod 9058 0x000001d9f9364590 code [0x000001d9f93647a0, 0x000001d9f9364db8]
Event: 16.343 Thread 0x000001d9829f0ff0 nmethod 9054 0x000001d9f9365110 code [0x000001d9f9365380, 0x000001d9f9365bb8]
Event: 16.357 Thread 0x000001d98524e320 9060   !   1       org.hibernate.grammars.hql.HqlParser::predicate (1936 bytes)
Event: 16.363 Thread 0x000001d98524e320 nmethod 9060 0x000001d9f9366090 code [0x000001d9f9366900, 0x000001d9f936a348]

GC Heap History (20 events):
Event: 13.058 GC heap after
{Heap after GC invocations=17 (full 0):
 garbage-first heap   total 106496K, used 32184K [0x0000000081600000, 0x0000000100000000)
  region size 1024K, 7 young (7168K), 7 survivors (7168K)
 Metaspace       used 46429K, committed 46912K, reserved 1089536K
  class space    used 6364K, committed 6592K, reserved 1048576K
}
Event: 13.673 GC heap before
{Heap before GC invocations=17 (full 0):
 garbage-first heap   total 106496K, used 81336K [0x0000000081600000, 0x0000000100000000)
  region size 1024K, 55 young (56320K), 7 survivors (7168K)
 Metaspace       used 52539K, committed 53056K, reserved 1097728K
  class space    used 7290K, committed 7552K, reserved 1048576K
}
Event: 13.678 GC heap after
{Heap after GC invocations=18 (full 0):
 garbage-first heap   total 106496K, used 33810K [0x0000000081600000, 0x0000000100000000)
  region size 1024K, 2 young (2048K), 2 survivors (2048K)
 Metaspace       used 52539K, committed 53056K, reserved 1097728K
  class space    used 7290K, committed 7552K, reserved 1048576K
}
Event: 14.081 GC heap before
{Heap before GC invocations=18 (full 0):
 garbage-first heap   total 106496K, used 82962K [0x0000000081600000, 0x0000000100000000)
  region size 1024K, 50 young (51200K), 2 survivors (2048K)
 Metaspace       used 55616K, committed 56192K, reserved 1097728K
  class space    used 7755K, committed 8000K, reserved 1048576K
}
Event: 14.084 GC heap after
{Heap after GC invocations=19 (full 0):
 garbage-first heap   total 106496K, used 34983K [0x0000000081600000, 0x0000000100000000)
  region size 1024K, 4 young (4096K), 4 survivors (4096K)
 Metaspace       used 55616K, committed 56192K, reserved 1097728K
  class space    used 7755K, committed 8000K, reserved 1048576K
}
Event: 14.604 GC heap before
{Heap before GC invocations=19 (full 0):
 garbage-first heap   total 106496K, used 75943K [0x0000000081600000, 0x0000000100000000)
  region size 1024K, 45 young (46080K), 4 survivors (4096K)
 Metaspace       used 60126K, committed 60736K, reserved 1105920K
  class space    used 8373K, committed 8704K, reserved 1048576K
}
Event: 14.610 GC heap after
{Heap after GC invocations=20 (full 0):
 garbage-first heap   total 106496K, used 38415K [0x0000000081600000, 0x0000000100000000)
  region size 1024K, 7 young (7168K), 7 survivors (7168K)
 Metaspace       used 60126K, committed 60736K, reserved 1105920K
  class space    used 8373K, committed 8704K, reserved 1048576K
}
Event: 15.026 GC heap before
{Heap before GC invocations=21 (full 0):
 garbage-first heap   total 106496K, used 83471K [0x0000000081600000, 0x0000000100000000)
  region size 1024K, 51 young (52224K), 7 survivors (7168K)
 Metaspace       used 62165K, committed 62848K, reserved 1105920K
  class space    used 8680K, committed 9024K, reserved 1048576K
}
Event: 15.031 GC heap after
{Heap after GC invocations=22 (full 0):
 garbage-first heap   total 106496K, used 40978K [0x0000000081600000, 0x0000000100000000)
  region size 1024K, 7 young (7168K), 7 survivors (7168K)
 Metaspace       used 62165K, committed 62848K, reserved 1105920K
  class space    used 8680K, committed 9024K, reserved 1048576K
}
Event: 15.310 GC heap before
{Heap before GC invocations=22 (full 0):
 garbage-first heap   total 106496K, used 83986K [0x0000000081600000, 0x0000000100000000)
  region size 1024K, 49 young (50176K), 7 survivors (7168K)
 Metaspace       used 63297K, committed 63936K, reserved 1105920K
  class space    used 8863K, committed 9152K, reserved 1048576K
}
Event: 15.314 GC heap after
{Heap after GC invocations=23 (full 0):
 garbage-first heap   total 106496K, used 42591K [0x0000000081600000, 0x0000000100000000)
  region size 1024K, 5 young (5120K), 5 survivors (5120K)
 Metaspace       used 63297K, committed 63936K, reserved 1105920K
  class space    used 8863K, committed 9152K, reserved 1048576K
}
Event: 15.427 GC heap before
{Heap before GC invocations=23 (full 0):
 garbage-first heap   total 106496K, used 84575K [0x0000000081600000, 0x0000000100000000)
  region size 1024K, 46 young (47104K), 5 survivors (5120K)
 Metaspace       used 63373K, committed 64000K, reserved 1105920K
  class space    used 8873K, committed 9216K, reserved 1048576K
}
Event: 15.476 GC heap after
{Heap after GC invocations=24 (full 0):
 garbage-first heap   total 149504K, used 43363K [0x0000000081600000, 0x0000000100000000)
  region size 1024K, 3 young (3072K), 3 survivors (3072K)
 Metaspace       used 63373K, committed 64000K, reserved 1105920K
  class space    used 8873K, committed 9216K, reserved 1048576K
}
Event: 15.733 GC heap before
{Heap before GC invocations=24 (full 0):
 garbage-first heap   total 149504K, used 121187K [0x0000000081600000, 0x0000000100000000)
  region size 1024K, 79 young (80896K), 3 survivors (3072K)
 Metaspace       used 64071K, committed 64768K, reserved 1105920K
  class space    used 9002K, committed 9344K, reserved 1048576K
}
Event: 15.736 GC heap after
{Heap after GC invocations=25 (full 0):
 garbage-first heap   total 149504K, used 45410K [0x0000000081600000, 0x0000000100000000)
  region size 1024K, 5 young (5120K), 5 survivors (5120K)
 Metaspace       used 64071K, committed 64768K, reserved 1105920K
  class space    used 9002K, committed 9344K, reserved 1048576K
}
Event: 16.014 GC heap before
{Heap before GC invocations=25 (full 0):
 garbage-first heap   total 149504K, used 122210K [0x0000000081600000, 0x0000000100000000)
  region size 1024K, 80 young (81920K), 5 survivors (5120K)
 Metaspace       used 64526K, committed 65216K, reserved 1105920K
  class space    used 9080K, committed 9408K, reserved 1048576K
}
Event: 16.018 GC heap after
{Heap after GC invocations=26 (full 0):
 garbage-first heap   total 149504K, used 48207K [0x0000000081600000, 0x0000000100000000)
  region size 1024K, 8 young (8192K), 8 survivors (8192K)
 Metaspace       used 64526K, committed 65216K, reserved 1105920K
  class space    used 9080K, committed 9408K, reserved 1048576K
}
Event: 16.199 GC heap before
{Heap before GC invocations=26 (full 0):
 garbage-first heap   total 149504K, used 121935K [0x0000000081600000, 0x0000000100000000)
  region size 1024K, 80 young (81920K), 8 survivors (8192K)
 Metaspace       used 64614K, committed 65280K, reserved 1105920K
  class space    used 9099K, committed 9408K, reserved 1048576K
}
Event: 16.204 GC heap after
{Heap after GC invocations=27 (full 0):
 garbage-first heap   total 149504K, used 50923K [0x0000000081600000, 0x0000000100000000)
  region size 1024K, 8 young (8192K), 8 survivors (8192K)
 Metaspace       used 64614K, committed 65280K, reserved 1105920K
  class space    used 9099K, committed 9408K, reserved 1048576K
}
Event: 16.367 GC heap before
{Heap before GC invocations=27 (full 0):
 garbage-first heap   total 149504K, used 123627K [0x0000000081600000, 0x0000000100000000)
  region size 1024K, 79 young (80896K), 8 survivors (8192K)
 Metaspace       used 64633K, committed 65280K, reserved 1105920K
  class space    used 9101K, committed 9408K, reserved 1048576K
}

Deoptimization events (16 events):
Event: 2.232 Thread 0x000001d9f0ab18f0 DEOPT PACKING pc=0x000001d9f850c775 sp=0x000000579dafda70
Event: 2.232 Thread 0x000001d9f0ab18f0 DEOPT UNPACKING pc=0x000001d9f8302b43 sp=0x000000579dafcec8 mode 3
Event: 5.564 Thread 0x000001d983e45760 DEOPT PACKING pc=0x000001d9f87d6c19 sp=0x000000579f9fc7a0
Event: 5.564 Thread 0x000001d983e45760 DEOPT UNPACKING pc=0x000001d9f8302b43 sp=0x000000579f9fbc80 mode 3
Event: 6.275 Thread 0x000001d983e45760 DEOPT PACKING pc=0x000001d9f87c14ad sp=0x000000579f9fd710
Event: 6.275 Thread 0x000001d983e45760 DEOPT UNPACKING pc=0x000001d9f8302b43 sp=0x000000579f9fcc70 mode 3
Event: 8.845 Thread 0x000001d983e45760 DEOPT PACKING pc=0x000001d9f8bc4775 sp=0x000000579f9fbd40
Event: 8.845 Thread 0x000001d983e45760 DEOPT UNPACKING pc=0x000001d9f8302b43 sp=0x000000579f9fb1b0 mode 3
Event: 8.854 Thread 0x000001d983e45760 DEOPT PACKING pc=0x000001d9f8bde899 sp=0x000000579f9fc170
Event: 8.854 Thread 0x000001d983e45760 DEOPT UNPACKING pc=0x000001d9f8302b43 sp=0x000000579f9fb650 mode 3
Event: 9.644 Thread 0x000001d983e45760 DEOPT PACKING pc=0x000001d9f8ca945d sp=0x000000579f9fc820
Event: 9.644 Thread 0x000001d983e45760 DEOPT UNPACKING pc=0x000001d9f8302b43 sp=0x000000579f9fbd88 mode 3
Event: 11.474 Thread 0x000001d983e45760 DEOPT PACKING pc=0x000001d9f8d3983c sp=0x000000579f9fbc60
Event: 11.474 Thread 0x000001d983e45760 DEOPT UNPACKING pc=0x000001d9f8302b43 sp=0x000000579f9fb0e0 mode 3
Event: 14.326 Thread 0x000001d983e45760 DEOPT PACKING pc=0x000001d9f9141ebc sp=0x000000579f9fac10
Event: 14.326 Thread 0x000001d983e45760 DEOPT UNPACKING pc=0x000001d9f8302b43 sp=0x000000579f9fa168 mode 0

Classes unloaded (0 events):
No events

Classes redefined (0 events):
No events

Internal exceptions (20 events):
Event: 14.371 Thread 0x000001d983e45760 Exception <a 'java/lang/IncompatibleClassChangeError'{0x0000000086a436d8}: Found class java.lang.Object, but interface was expected> (0x0000000086a436d8) 
thrown [t:\workspace\open\src\hotspot\share\interpreter\linkResolver.cpp, line 833]
Event: 14.622 Thread 0x000001d983e45760 Exception <a 'java/lang/reflect/InvocationTargetException'{0x000000008d9bd958}> (0x000000008d9bd958) 
thrown [t:\workspace\open\src\hotspot\share\runtime\reflection.cpp, line 1121]
Event: 14.861 Thread 0x000001d983e45760 Exception <a 'java/lang/NoSuchMethodError'{0x00000000864d3310}: 'int java.lang.invoke.DirectMethodHandle$Holder.invokeStatic(java.lang.Object)'> (0x00000000864d3310) 
thrown [t:\workspace\open\src\hotspot\share\interpreter\linkResolver.cpp, line 766]
Event: 14.989 Thread 0x000001d983e45760 Exception <a 'java/lang/reflect/InvocationTargetException'{0x00000000860790e8}> (0x00000000860790e8) 
thrown [t:\workspace\open\src\hotspot\share\runtime\reflection.cpp, line 1121]
Event: 15.003 Thread 0x000001d983e45760 Exception <a 'java/lang/reflect/InvocationTargetException'{0x0000000085cedd28}> (0x0000000085cedd28) 
thrown [t:\workspace\open\src\hotspot\share\runtime\reflection.cpp, line 1121]
Event: 15.174 Thread 0x000001d983e45760 Exception <a 'java/lang/reflect/InvocationTargetException'{0x00000000876e1f98}> (0x00000000876e1f98) 
thrown [t:\workspace\open\src\hotspot\share\runtime\reflection.cpp, line 1121]
Event: 15.205 Thread 0x000001d983e45760 Exception <a 'java/lang/reflect/InvocationTargetException'{0x00000000871e97d8}> (0x00000000871e97d8) 
thrown [t:\workspace\open\src\hotspot\share\runtime\reflection.cpp, line 1121]
Event: 15.208 Thread 0x000001d983e45760 Exception <a 'java/lang/reflect/InvocationTargetException'{0x0000000087024c68}> (0x0000000087024c68) 
thrown [t:\workspace\open\src\hotspot\share\runtime\reflection.cpp, line 1121]
Event: 15.214 Thread 0x000001d983e45760 Exception <a 'java/lang/reflect/InvocationTargetException'{0x0000000086fb3da0}> (0x0000000086fb3da0) 
thrown [t:\workspace\open\src\hotspot\share\runtime\reflection.cpp, line 1121]
Event: 15.224 Thread 0x000001d983e45760 Exception <a 'java/lang/reflect/InvocationTargetException'{0x0000000086cb17a0}> (0x0000000086cb17a0) 
thrown [t:\workspace\open\src\hotspot\share\runtime\reflection.cpp, line 1121]
Event: 15.257 Thread 0x000001d983e45760 Exception <a 'java/lang/reflect/InvocationTargetException'{0x0000000086000a80}> (0x0000000086000a80) 
thrown [t:\workspace\open\src\hotspot\share\runtime\reflection.cpp, line 1121]
Event: 15.290 Thread 0x000001d983e45760 Exception <a 'java/lang/reflect/InvocationTargetException'{0x0000000085642138}> (0x0000000085642138) 
thrown [t:\workspace\open\src\hotspot\share\runtime\reflection.cpp, line 1121]
Event: 15.552 Thread 0x000001d983e45760 Exception <a 'java/lang/NoSuchMethodError'{0x0000000089702008}: 'int java.lang.invoke.DirectMethodHandle$Holder.invokeStatic(java.lang.Object, java.lang.Object, int)'> (0x0000000089702008) 
thrown [t:\workspace\open\src\hotspot\share\interpreter\linkResolver.cpp, line 766]
Event: 15.554 Thread 0x000001d983e45760 Exception <a 'java/lang/NoSuchMethodError'{0x000000008971f3b0}: 'java.lang.Object java.lang.invoke.DirectMethodHandle$Holder.newInvokeSpecial(java.lang.Object, java.lang.Object, int)'> (0x000000008971f3b0) 
thrown [t:\workspace\open\src\hotspot\share\interpreter\linkResolver.cpp, line 766]
Event: 15.555 Thread 0x000001d983e45760 Exception <a 'java/lang/NoSuchMethodError'{0x0000000089730320}: 'java.lang.Object java.lang.invoke.Invokers$Holder.invoke_MT(java.lang.Object, java.lang.Object, java.lang.Object, java.lang.Object, java.lang.Object, java.lang.Object, java.lang.Object, java.lang.Object, java.lang.Object)'> (0x0000000089730320) 
thrown [t:\workspace\open\src\hotspot\share\interpreter\linkResolver.cpp, line 766]
Event: 15.557 Thread 0x000001d983e45760 Exception <a 'java/lang/IncompatibleClassChangeError'{0x00000000897592f8}: Found class java.lang.Object, but interface was expected> (0x00000000897592f8) 
thrown [t:\workspace\open\src\hotspot\share\interpreter\linkResolver.cpp, line 833]
Event: 15.564 Thread 0x000001d983e45760 Exception <a 'java/lang/NoSuchMethodError'{0x00000000897e82f0}: 'java.lang.Object java.lang.invoke.DirectMethodHandle$Holder.invokeStatic(java.lang.Object, int, java.lang.Object)'> (0x00000000897e82f0) 
thrown [t:\workspace\open\src\hotspot\share\interpreter\linkResolver.cpp, line 766]
Event: 15.586 Thread 0x000001d983e45760 Exception <a 'java/io/FileNotFoundException'{0x00000000894a3a90}> (0x00000000894a3a90) 
thrown [t:\workspace\open\src\hotspot\share\prims\jni.cpp, line 516]
Event: 15.587 Thread 0x000001d983e45760 Exception <a 'java/io/FileNotFoundException'{0x00000000894aed70}> (0x00000000894aed70) 
thrown [t:\workspace\open\src\hotspot\share\prims\jni.cpp, line 516]
Event: 16.091 Thread 0x000001d983e45760 Exception <a 'java/lang/NoSuchMethodError'{0x00000000894a88c8}: 'java.lang.Object java.lang.invoke.DirectMethodHandle$Holder.invokeInterface(java.lang.Object, java.lang.Object, int)'> (0x00000000894a88c8) 
thrown [t:\workspace\open\src\hotspot\share\interpreter\linkResolver.cpp, line 766]

VM Operations (20 events):
Event: 16.117 Executing VM operation: ICBufferFull done
Event: 16.158 Executing VM operation: ICBufferFull
Event: 16.158 Executing VM operation: ICBufferFull done
Event: 16.159 Executing VM operation: ICBufferFull
Event: 16.159 Executing VM operation: ICBufferFull done
Event: 16.198 Executing VM operation: G1CollectForAllocation
Event: 16.204 Executing VM operation: G1CollectForAllocation done
Event: 16.270 Executing VM operation: ICBufferFull
Event: 16.270 Executing VM operation: ICBufferFull done
Event: 16.273 Executing VM operation: ICBufferFull
Event: 16.273 Executing VM operation: ICBufferFull done
Event: 16.279 Executing VM operation: ICBufferFull
Event: 16.279 Executing VM operation: ICBufferFull done
Event: 16.319 Executing VM operation: ICBufferFull
Event: 16.319 Executing VM operation: ICBufferFull done
Event: 16.340 Executing VM operation: ICBufferFull
Event: 16.340 Executing VM operation: ICBufferFull done
Event: 16.341 Executing VM operation: ICBufferFull
Event: 16.341 Executing VM operation: ICBufferFull done
Event: 16.367 Executing VM operation: G1CollectForAllocation

Events (20 events):
Event: 15.171 loading class java/util/stream/Node$Builder$OfInt done
Event: 15.171 loading class java/util/stream/Nodes$IntArrayNode
Event: 15.171 loading class java/util/stream/Nodes$IntArrayNode done
Event: 15.171 loading class java/util/stream/Nodes$IntFixedNodeBuilder done
Event: 15.172 loading class java/util/stream/ReferencePipeline$4$1
Event: 15.172 loading class java/util/stream/ReferencePipeline$4$1 done
Event: 15.381 loading class sun/reflect/annotation/AnnotationInvocationHandler$1
Event: 15.381 loading class sun/reflect/annotation/AnnotationInvocationHandler$1 done
Event: 15.571 Thread 0x000001d9872526b0 Thread added: 0x000001d9872526b0
Event: 15.574 Thread 0x000001d9872526b0 Thread exited: 0x000001d9872526b0
Event: 15.586 loading class java/io/FileReader
Event: 15.586 loading class java/io/FileReader done
Event: 16.090 Thread 0x000001d987251370 Thread added: 0x000001d987251370
Event: 16.090 loading class java/util/stream/Streams$RangeIntSpliterator
Event: 16.091 loading class java/util/stream/Streams$RangeIntSpliterator done
Event: 16.091 loading class java/util/stream/IntPipeline$1
Event: 16.091 loading class java/util/stream/IntPipeline$1 done
Event: 16.092 loading class java/util/stream/IntPipeline$1$1
Event: 16.092 loading class java/util/stream/IntPipeline$1$1 done
Event: 16.093 Thread 0x000001d987251370 Thread exited: 0x000001d987251370


Dynamic libraries:
0x00007ff6c92e0000 - 0x00007ff6c92f0000 	C:\Program Files\Java\jdk-17.0.1\bin\java.exe
0x00007ffcd2cf0000 - 0x00007ffcd2ee8000 	C:\WINDOWS\SYSTEM32\ntdll.dll
0x00007ffcd2640000 - 0x00007ffcd26fd000 	C:\WINDOWS\System32\KERNEL32.DLL
0x00007ffcd0690000 - 0x00007ffcd0986000 	C:\WINDOWS\System32\KERNELBASE.dll
0x00007ffcd0a00000 - 0x00007ffcd0b00000 	C:\WINDOWS\System32\ucrtbase.dll
0x00007ffccaa60000 - 0x00007ffccaa78000 	C:\Program Files\Java\jdk-17.0.1\bin\jli.dll
0x00007ffccaa40000 - 0x00007ffccaa5a000 	C:\Program Files\Java\jdk-17.0.1\bin\VCRUNTIME140.dll
0x00007ffcd0de0000 - 0x00007ffcd0e8f000 	C:\WINDOWS\System32\ADVAPI32.dll
0x00007ffcd1190000 - 0x00007ffcd122e000 	C:\WINDOWS\System32\msvcrt.dll
0x00007ffcd1fb0000 - 0x00007ffcd204c000 	C:\WINDOWS\System32\sechost.dll
0x00007ffcd20e0000 - 0x00007ffcd2206000 	C:\WINDOWS\System32\RPCRT4.dll
0x00007ffcd24a0000 - 0x00007ffcd263e000 	C:\WINDOWS\System32\USER32.dll
0x00007ffcd03d0000 - 0x00007ffcd03f2000 	C:\WINDOWS\System32\win32u.dll
0x00007ffcd23a0000 - 0x00007ffcd23cc000 	C:\WINDOWS\System32\GDI32.dll
0x00007ffcc1290000 - 0x00007ffcc152a000 	C:\WINDOWS\WinSxS\amd64_microsoft.windows.common-controls_6595b64144ccf1df_6.0.19041.3636_none_60b6a03d71f818d5\COMCTL32.dll
0x00007ffcd0400000 - 0x00007ffcd051a000 	C:\WINDOWS\System32\gdi32full.dll
0x00007ffcd0cb0000 - 0x00007ffcd0d4d000 	C:\WINDOWS\System32\msvcp_win.dll
0x00007ffcc1c70000 - 0x00007ffcc1c7a000 	C:\WINDOWS\SYSTEM32\VERSION.dll
0x00007ffcd0db0000 - 0x00007ffcd0de0000 	C:\WINDOWS\System32\IMM32.DLL
0x00007ffccc2b0000 - 0x00007ffccc2bc000 	C:\Program Files\Java\jdk-17.0.1\bin\vcruntime140_1.dll
0x00007ffcc9700000 - 0x00007ffcc978d000 	C:\Program Files\Java\jdk-17.0.1\bin\msvcp140.dll
0x00007ffc74d30000 - 0x00007ffc758ee000 	C:\Program Files\Java\jdk-17.0.1\bin\server\jvm.dll
0x00007ffcd20d0000 - 0x00007ffcd20d8000 	C:\WINDOWS\System32\PSAPI.DLL
0x00007ffccc2c0000 - 0x00007ffccc2c9000 	C:\WINDOWS\SYSTEM32\WSOCK32.dll
0x00007ffcc1930000 - 0x00007ffcc1957000 	C:\WINDOWS\SYSTEM32\WINMM.dll
0x00007ffcd2060000 - 0x00007ffcd20cb000 	C:\WINDOWS\System32\WS2_32.dll
0x00007ffcce290000 - 0x00007ffcce2a2000 	C:\WINDOWS\SYSTEM32\kernel.appcore.dll
0x00007ffccc220000 - 0x00007ffccc22a000 	C:\Program Files\Java\jdk-17.0.1\bin\jimage.dll
0x00007ffcaf470000 - 0x00007ffcaf654000 	C:\WINDOWS\SYSTEM32\DBGHELP.DLL
0x00007ffcaf430000 - 0x00007ffcaf464000 	C:\WINDOWS\SYSTEM32\dbgcore.DLL
0x00007ffcd0600000 - 0x00007ffcd0682000 	C:\WINDOWS\System32\bcryptPrimitives.dll
0x00007ffcbe510000 - 0x00007ffcbe51e000 	C:\Program Files\Java\jdk-17.0.1\bin\instrument.dll
0x00007ffccaa10000 - 0x00007ffccaa35000 	C:\Program Files\Java\jdk-17.0.1\bin\java.dll
0x00007ffcc9620000 - 0x00007ffcc96f6000 	C:\Program Files\Java\jdk-17.0.1\bin\svml.dll
0x00007ffcd1860000 - 0x00007ffcd1fa5000 	C:\WINDOWS\System32\SHELL32.dll
0x00007ffcce490000 - 0x00007ffccec2b000 	C:\WINDOWS\SYSTEM32\windows.storage.dll
0x00007ffcd2830000 - 0x00007ffcd2b84000 	C:\WINDOWS\System32\combase.dll
0x00007ffccfe10000 - 0x00007ffccfe3d000 	C:\WINDOWS\SYSTEM32\Wldp.dll
0x00007ffcd12b0000 - 0x00007ffcd135d000 	C:\WINDOWS\System32\SHCORE.dll
0x00007ffcd0f20000 - 0x00007ffcd0f75000 	C:\WINDOWS\System32\shlwapi.dll
0x00007ffcd0300000 - 0x00007ffcd0325000 	C:\WINDOWS\SYSTEM32\profapi.dll
0x00007ffcca920000 - 0x00007ffcca938000 	C:\Program Files\Java\jdk-17.0.1\bin\zip.dll
0x00007ffcca9f0000 - 0x00007ffccaa09000 	C:\Program Files\Java\jdk-17.0.1\bin\net.dll
0x00007ffcc8580000 - 0x00007ffcc868a000 	C:\WINDOWS\SYSTEM32\WINHTTP.dll
0x00007ffccfb70000 - 0x00007ffccfbda000 	C:\WINDOWS\system32\mswsock.dll
0x00007ffcca9d0000 - 0x00007ffcca9e5000 	C:\Program Files\Java\jdk-17.0.1\bin\nio.dll
0x00007ffc941b0000 - 0x00007ffc941ca000 	C:\Program Files\IntelliJ IDEA 2020.3.2\bin\breakgen64.dll
0x00007ffccf860000 - 0x00007ffccf92a000 	C:\WINDOWS\SYSTEM32\DNSAPI.dll
0x00007ffccf810000 - 0x00007ffccf84b000 	C:\WINDOWS\SYSTEM32\IPHLPAPI.DLL
0x00007ffcd1360000 - 0x00007ffcd1368000 	C:\WINDOWS\System32\NSI.dll
0x00007ffcc83e0000 - 0x00007ffcc83ea000 	C:\Windows\System32\rasadhlp.dll
0x00007ffcc3040000 - 0x00007ffcc30c0000 	C:\WINDOWS\System32\fwpuclnt.dll
0x00007ffcd0520000 - 0x00007ffcd0547000 	C:\WINDOWS\System32\bcrypt.dll
0x00007ffcc9e30000 - 0x00007ffcc9e39000 	C:\Program Files\Java\jdk-17.0.1\bin\management.dll
0x00007ffcc9e20000 - 0x00007ffcc9e2b000 	C:\Program Files\Java\jdk-17.0.1\bin\management_ext.dll
0x00007ffccfd60000 - 0x00007ffccfd78000 	C:\WINDOWS\SYSTEM32\CRYPTSP.dll
0x00007ffccf3d0000 - 0x00007ffccf404000 	C:\WINDOWS\system32\rsaenh.dll
0x00007ffcd0280000 - 0x00007ffcd02ae000 	C:\WINDOWS\SYSTEM32\USERENV.dll
0x00007ffccfd80000 - 0x00007ffccfd8c000 	C:\WINDOWS\SYSTEM32\CRYPTBASE.dll
0x00007ffcc9db0000 - 0x00007ffcc9dc7000 	C:\WINDOWS\SYSTEM32\dhcpcsvc6.DLL
0x00007ffcc9d30000 - 0x00007ffcc9d4d000 	C:\WINDOWS\SYSTEM32\dhcpcsvc.DLL
0x00007ffccc140000 - 0x00007ffccc157000 	C:\WINDOWS\system32\napinsp.dll
0x00007ffccc120000 - 0x00007ffccc13b000 	C:\WINDOWS\system32\pnrpnsp.dll
0x00007ffccb3d0000 - 0x00007ffccb3e5000 	C:\WINDOWS\system32\wshbth.dll
0x00007ffccc030000 - 0x00007ffccc04d000 	C:\WINDOWS\system32\NLAapi.dll
0x00007ffccc100000 - 0x00007ffccc112000 	C:\WINDOWS\System32\winrnr.dll
0x00007ffcc6310000 - 0x00007ffcc631e000 	C:\Program Files\Java\jdk-17.0.1\bin\sunmscapi.dll
0x00007ffcd0b00000 - 0x00007ffcd0c5d000 	C:\WINDOWS\System32\CRYPT32.dll
0x00007ffccfe80000 - 0x00007ffccfea7000 	C:\WINDOWS\SYSTEM32\ncrypt.dll
0x00007ffccfe40000 - 0x00007ffccfe7b000 	C:\WINDOWS\SYSTEM32\NTASN1.dll

dbghelp: loaded successfully - version: 4.0.5 - missing functions: none
symbol engine: initialized successfully - sym options: 0x614 - pdb path: .;C:\Program Files\Java\jdk-17.0.1\bin;C:\WINDOWS\SYSTEM32;C:\WINDOWS\WinSxS\amd64_microsoft.windows.common-controls_6595b64144ccf1df_6.0.19041.3636_none_60b6a03d71f818d5;C:\Program Files\Java\jdk-17.0.1\bin\server;C:\Program Files\IntelliJ IDEA 2020.3.2\bin

VM Arguments:
jvm_args: -XX:TieredStopAtLevel=1 -Xverify:none -Dspring.output.ansi.enabled=always -javaagent:C:\Program Files\IntelliJ IDEA 2020.3.2\lib\idea_rt.jar=57264:C:\Program Files\IntelliJ IDEA 2020.3.2\bin -Dcom.sun.management.jmxremote -Dspring.jmx.enabled=true -Dspring.liveBeansView.mbeanDomain -Dspring.application.admin.enabled=true -Dfile.encoding=UTF-8 
java_command: com.fpoly.ooc.ApiServiceMsApplication
java_class_path (initial): E:\DATN\UD-HN_1998-outOFcollege\api-service-ms\target\classes;C:\Users\Admin\.m2\repository\org\springframework\boot\spring-boot-starter-data-jpa\3.1.3\spring-boot-starter-data-jpa-3.1.3.jar;C:\Users\Admin\.m2\repository\org\springframework\boot\spring-boot-starter-aop\3.1.3\spring-boot-starter-aop-3.1.3.jar;C:\Users\Admin\.m2\repository\org\aspectj\aspectjweaver\1.9.20\aspectjweaver-1.9.20.jar;C:\Users\Admin\.m2\repository\org\springframework\boot\spring-boot-starter-jdbc\3.1.3\spring-boot-starter-jdbc-3.1.3.jar;C:\Users\Admin\.m2\repository\com\zaxxer\HikariCP\5.0.1\HikariCP-5.0.1.jar;C:\Users\Admin\.m2\repository\org\springframework\spring-jdbc\6.0.11\spring-jdbc-6.0.11.jar;C:\Users\Admin\.m2\repository\org\hibernate\orm\hibernate-core\6.2.7.Final\hibernate-core-6.2.7.Final.jar;C:\Users\Admin\.m2\repository\jakarta\persistence\jakarta.persistence-api\3.1.0\jakarta.persistence-api-3.1.0.jar;C:\Users\Admin\.m2\repository\jakarta\transaction\jakarta.transaction-api\2.0.1\jakarta.transaction-api-2.0.1.jar;C:\Users\Admin\.m2\repository\org\jboss\logging\jboss-logging\3.5.3.Final\jboss-logging-3.5.3.Final.jar;C:\Users\Admin\.m2\repository\org\hibernate\common\hibernate-commons-annotations\6.0.6.Final\hibernate-commons-annotations-6.0.6.Final.jar;C:\Users\Admin\.m2\repository\io\smallrye\jandex\3.0.5\jandex-3.0.5.jar;C:\Users\Admin\.m2\repository\com\fasterxml\classmate\1.5.1\classmate-1.5.1.jar;C:\Users\Admin\.m2\repository\net\bytebuddy\byte-buddy\1.14.6\byte-buddy-1.14.6.jar;C:\Users\Admin\.m2\repository\org\glassfish\jaxb\jaxb-runtime\4.0.3\jaxb-runtime-4.0.3.jar;C:\Users\Admin\.m2\repository\org\glassfish\jaxb\jaxb-core\4.0.3\jaxb-core-4.0.3.jar;C:\Users\Admin\.m2\repository\org\glassfish\jaxb\txw2\4.0.3\txw2-4.0.3.jar;C:\Users\Admin\.m2\repository\com\sun\istack\istack-commons-runtime\4.1.2\istack-commons-runtime-4.1.2.jar;C:\Users\Admin\.m2\repository\jakarta\inject\jakarta.inject-api\2.0.1\jakarta.inject-api-2.0.1.jar;C:\Users\Admin\
Launcher Type: SUN_STANDARD

[Global flags]
     intx CICompilerCount                          = 4                                         {product} {ergonomic}
     uint ConcGCThreads                            = 2                                         {product} {ergonomic}
     uint G1ConcRefinementThreads                  = 8                                         {product} {ergonomic}
   size_t G1HeapRegionSize                         = 1048576                                   {product} {ergonomic}
    uintx GCDrainStackTargetSize                   = 64                                        {product} {ergonomic}
   size_t InitialHeapSize                          = 134217728                                 {product} {ergonomic}
     bool ManagementServer                         = true                                      {product} {command line}
   size_t MarkStackSize                            = 4194304                                   {product} {ergonomic}
   size_t MaxHeapSize                              = 2124414976                                {product} {ergonomic}
   size_t MaxNewSize                               = 1274019840                                {product} {ergonomic}
   size_t MinHeapDeltaBytes                        = 1048576                                   {product} {ergonomic}
   size_t MinHeapSize                              = 8388608                                   {product} {ergonomic}
    uintx NonProfiledCodeHeapSize                  = 0                                      {pd product} {ergonomic}
     bool ProfileInterpreter                       = false                                  {pd product} {command line}
    uintx ProfiledCodeHeapSize                     = 0                                      {pd product} {ergonomic}
   size_t SoftMaxHeapSize                          = 2124414976                             {manageable} {ergonomic}
     intx TieredStopAtLevel                        = 1                                         {product} {command line}
     bool UseCompressedClassPointers               = true                           {product lp64_product} {ergonomic}
     bool UseCompressedOops                        = true                           {product lp64_product} {ergonomic}
     bool UseG1GC                                  = true                                      {product} {ergonomic}
     bool UseLargePagesIndividualAllocation        = false                                  {pd product} {ergonomic}

Logging:
Log output configuration:
 #0: stdout all=warning uptime,level,tags
 #1: stderr all=off uptime,level,tags

Environment Variables:
JAVA_HOME=C:\Program Files\Java\jdk-17.0.1
PATH=C:\Program Files\Common Files\Oracle\Java\javapath;"C:\Program Files (x86)\Common Files\Oracle\Java\javapath;C:\Program Files\Java\jre1.8.0_311\bin;";C:\WINDOWS\system32;C:\WINDOWS;C:\WINDOWS\System32\Wbem;C:\WINDOWS\System32\WindowsPowerShell\v1.0\;C:\WINDOWS\System32\OpenSSH\;C:\Program Files (x86)\AMD\ATI.ACE\Core-Static;C:\Program Files\Java\jre1.8.0_311\bin;C:\Program Files\Microsoft VS Code\bin;C:\TDM-GCC-64\bin;C:\Program Files\Microsoft SQL Server\Client SDK\ODBC\170\Tools\Binn\;C:\Program Files (x86)\Microsoft SQL Server\150\Tools\Binn\;C:\Program Files\Microsoft SQL Server\150\Tools\Binn\;C:\Program Files\Microsoft SQL Server\150\DTS\Binn\;C:\Program Files (x86)\Microsoft SQL Server\150\DTS\Binn\;C:\Program Files\Azure Data Studio\bin;C:\Program Files\Git\cmd;C:\Program Files\nodejs\;C:\Users\Admin\AppData\Local\Programs\Python\Python310\Scripts\;C:\Users\Admin\AppData\Local\Programs\Python\Python310\;"C:\Users\Admin\AppData\Local\Microsoft\WindowsApps;";"C:\Users\Admin\AppData\Local\Programs\Microsoft VS Code\bin;";C:\Program Files\Java\jdk-17.0.1\bin\;C:\Program Files\Azure Data Studio\bin;C:\Users\Admin\Downloads\ngrok-stable-windows-amd64;C:\Program Files\JetBrains\IntelliJ IDEA Community Edition 2022.1\bin;;C:\Users\Admin\AppData\Roaming\npm;C:\TDM-GCC-64\bin;C:\Users\Admin\Downloads\apache-maven-3.9.3-bin\apache-maven-3.9.3\bin;
USERNAME=Admin
OS=Windows_NT
PROCESSOR_IDENTIFIER=Intel64 Family 6 Model 60 Stepping 3, GenuineIntel



---------------  S Y S T E M  ---------------

OS:
 Windows 10 , 64 bit Build 19041 (10.0.19041.3636)
OS uptime: 2 days 19:46 hours

CPU: total 8 (initial active 8) (4 cores per cpu, 2 threads per core) family 6 model 60 stepping 3 microcode 0x27, cx8, cmov, fxsr, ht, mmx, sse, sse2, sse3, ssse3, sse4.1, sse4.2, popcnt, lzcnt, tsc, tscinvbit, avx, avx2, aes, erms, clmul, bmi1, bmi2, fma, vzeroupper, clflush

Memory: 4k page, system-wide physical 8097M (541M free)
TotalPageFile size 12010M (AvailPageFile size 46M)
current process WorkingSet (physical memory assigned to process): 299M, peak: 299M
current process commit charge ("private bytes"): 395M, peak: 491M

vm_info: Java HotSpot(TM) 64-Bit Server VM (17.0.1+12-LTS-39) for windows-amd64 JRE (17.0.1+12-LTS-39), built on Sep 27 2021 18:41:35 by "mach5one" with MS VC++ 16.8 (VS2019)

END.
