#
# There is insufficient memory for the Java Runtime Environment to continue.
# Native memory allocation (mmap) failed to map 70254592 bytes for G1 virtual space
# Possible reasons:
#   The system is out of physical RAM or swap space
#   The process is running with CompressedOops enabled, and the Java Heap may be blocking the growth of the native heap
# Possible solutions:
#   Reduce memory load on the system
#   Increase physical memory or swap space
#   Check if swap backing store is full
#   Decrease Java heap size (-Xmx/-Xms)
#   Decrease number of Java threads
#   Decrease Java thread stack sizes (-Xss)
#   Set larger code cache with -XX:ReservedCodeCacheSize=
#   JVM is running with Unscaled Compressed Oops mode in which the Java heap is
#     placed in the first 4GB address space. The Java Heap base address is the
#     maximum limit for the native heap growth. Please use -XX:HeapBaseMinAddress
#     to set the Java Heap base and to place the Java Heap above 4GB virtual address.
# This output file may be truncated or incomplete.
#
#  Out of Memory Error (os_windows.cpp:3469), pid=27456, tid=16828
#
# JRE version: Java(TM) SE Runtime Environment (17.0.1+12) (build 17.0.1+12-LTS-39)
# Java VM: Java HotSpot(TM) 64-Bit Server VM (17.0.1+12-LTS-39, mixed mode, emulated-client, sharing, tiered, compressed oops, compressed class ptrs, g1 gc, windows-amd64)
# No core dump will be written. Minidumps are not enabled by default on client versions of Windows
#

---------------  S U M M A R Y ------------

Command Line: -XX:TieredStopAtLevel=1 -Xverify:none -Dspring.output.ansi.enabled=always -javaagent:C:\Program Files\IntelliJ IDEA 2020.3.2\lib\idea_rt.jar=52786:C:\Program Files\IntelliJ IDEA 2020.3.2\bin -Dcom.sun.management.jmxremote -Dspring.jmx.enabled=true -Dspring.liveBeansView.mbeanDomain -Dspring.application.admin.enabled=true -Dfile.encoding=UTF-8 com.fpoly.ooc.ApiServiceMsApplication

Host: Intel(R) Core(TM) i7-4800MQ CPU @ 2.70GHz, 8 cores, 7G,  Windows 10 , 64 bit Build 19041 (10.0.19041.3570)
Time: Wed Nov  8 20:46:50 2023 SE Asia Standard Time elapsed time: 6.841716 seconds (0d 0h 0m 6s)

---------------  T H R E A D  ---------------

Current thread (0x000001c2b1edd2a0):  VMThread "VM Thread" [stack: 0x000000504a800000,0x000000504a900000] [id=16828]

Stack: [0x000000504a800000,0x000000504a900000]
Native frames: (J=compiled Java code, j=interpreted, Vv=VM code, C=native code)
V  [jvm.dll+0x66fa1a]
V  [jvm.dll+0x7ce5a4]
V  [jvm.dll+0x7cfd4e]
V  [jvm.dll+0x7d03b3]
V  [jvm.dll+0x242b05]
V  [jvm.dll+0x66ca39]
V  [jvm.dll+0x661502]
V  [jvm.dll+0x30081b]
V  [jvm.dll+0x307da6]
V  [jvm.dll+0x357a1e]
V  [jvm.dll+0x357c4f]
V  [jvm.dll+0x2d7ad8]
V  [jvm.dll+0x2d5da4]
V  [jvm.dll+0x2d53ac]
V  [jvm.dll+0x318d0b]
V  [jvm.dll+0x7d484b]
V  [jvm.dll+0x7d5584]
V  [jvm.dll+0x7d5a9c]
V  [jvm.dll+0x7d5e74]
V  [jvm.dll+0x7d5f40]
V  [jvm.dll+0x77e91a]
V  [jvm.dll+0x66e845]
C  [ucrtbase.dll+0x21bb2]
C  [KERNEL32.DLL+0x17344]
C  [ntdll.dll+0x526b1]

VM_Operation (0x000000504c0fb470): G1CollectForAllocation, mode: safepoint, requested by thread 0x000001c2b3307570


---------------  P R O C E S S  ---------------

Threads class SMR info:
_java_thread_list=0x000001c2b6efbbf0, length=26, elements={
0x000001c29ffe0f50, 0x000001c2b1ee3eb0, 0x000001c2b1ee4d20, 0x000001c2b1ef42a0,
0x000001c2b1ef7020, 0x000001c2b1ef89e0, 0x000001c2b1ef9390, 0x000001c2b1ef9df0,
0x000001c2b1f04540, 0x000001c2b1ed0a00, 0x000001c2b1ed0ed0, 0x000001c2b298e0f0,
0x000001c2b2de5a40, 0x000001c2b2de5f10, 0x000001c2b2f52ab0, 0x000001c2b33293e0,
0x000001c2b3307570, 0x000001c2b4523b70, 0x000001c2b452bc80, 0x000001c2b489c300,
0x000001c2b522e160, 0x000001c2b52307e0, 0x000001c2b522d7c0, 0x000001c2b522ce20,
0x000001c2b522fe40, 0x000001c2b522f970
}

Java Threads: ( => current thread )
  0x000001c29ffe0f50 JavaThread "main" [_thread_blocked, id=32512, stack(0x000000504a200000,0x000000504a300000)]
  0x000001c2b1ee3eb0 JavaThread "Reference Handler" daemon [_thread_blocked, id=1636, stack(0x000000504a900000,0x000000504aa00000)]
  0x000001c2b1ee4d20 JavaThread "Finalizer" daemon [_thread_blocked, id=25532, stack(0x000000504aa00000,0x000000504ab00000)]
  0x000001c2b1ef42a0 JavaThread "Signal Dispatcher" daemon [_thread_blocked, id=18556, stack(0x000000504ab00000,0x000000504ac00000)]
  0x000001c2b1ef7020 JavaThread "Attach Listener" daemon [_thread_blocked, id=7284, stack(0x000000504ac00000,0x000000504ad00000)]
  0x000001c2b1ef89e0 JavaThread "Service Thread" daemon [_thread_blocked, id=31440, stack(0x000000504ad00000,0x000000504ae00000)]
  0x000001c2b1ef9390 JavaThread "Monitor Deflation Thread" daemon [_thread_blocked, id=34340, stack(0x000000504ae00000,0x000000504af00000)]
  0x000001c2b1ef9df0 JavaThread "C1 CompilerThread0" daemon [_thread_blocked, id=27220, stack(0x000000504af00000,0x000000504b000000)]
  0x000001c2b1f04540 JavaThread "Sweeper thread" daemon [_thread_blocked, id=14992, stack(0x000000504b000000,0x000000504b100000)]
  0x000001c2b1ed0a00 JavaThread "Common-Cleaner" daemon [_thread_blocked, id=34684, stack(0x000000504b100000,0x000000504b200000)]
  0x000001c2b1ed0ed0 JavaThread "C1 CompilerThread1" daemon [_thread_blocked, id=10676, stack(0x000000504b200000,0x000000504b300000)]
  0x000001c2b298e0f0 JavaThread "C1 CompilerThread2" daemon [_thread_blocked, id=12492, stack(0x000000504b300000,0x000000504b400000)]
  0x000001c2b2de5a40 JavaThread "Monitor Ctrl-Break" daemon [_thread_in_native, id=31904, stack(0x000000504b400000,0x000000504b500000)]
  0x000001c2b2de5f10 JavaThread "Notification Thread" daemon [_thread_blocked, id=2436, stack(0x000000504b500000,0x000000504b600000)]
  0x000001c2b2f52ab0 JavaThread "RMI TCP Accept-0" daemon [_thread_in_native, id=396, stack(0x000000504b600000,0x000000504b700000)]
  0x000001c2b33293e0 JavaThread "Thread-0" [_thread_blocked, id=13096, stack(0x000000504bf00000,0x000000504c000000)]
  0x000001c2b3307570 JavaThread "restartedMain" [_thread_blocked, id=10312, stack(0x000000504c000000,0x000000504c100000)]
  0x000001c2b4523b70 JavaThread "RMI TCP Connection(1)-192.168.56.1" daemon [_thread_in_native, id=22732, stack(0x000000504c200000,0x000000504c300000)]
  0x000001c2b452bc80 JavaThread "RMI Scheduler(0)" daemon [_thread_blocked, id=1228, stack(0x000000504c300000,0x000000504c400000)]
  0x000001c2b489c300 JavaThread "C1 CompilerThread3" daemon [_thread_blocked, id=11380, stack(0x000000504c400000,0x000000504c500000)]
  0x000001c2b522e160 JavaThread "Catalina-utility-1" [_thread_blocked, id=32800, stack(0x000000504c100000,0x000000504c200000)]
  0x000001c2b52307e0 JavaThread "Catalina-utility-2" [_thread_blocked, id=2128, stack(0x000000504c700000,0x000000504c800000)]
  0x000001c2b522d7c0 JavaThread "container-0" [_thread_blocked, id=1224, stack(0x000000504c800000,0x000000504c900000)]
  0x000001c2b522ce20 JavaThread "mssql-jdbc-shared-timer-core-0" daemon [_thread_blocked, id=30704, stack(0x000000504ca00000,0x000000504cb00000)]
  0x000001c2b522fe40 JavaThread "HikariPool-1 housekeeper" daemon [_thread_blocked, id=8400, stack(0x000000504cb00000,0x000000504cc00000)]
  0x000001c2b522f970 JavaThread "HikariPool-1 connection adder" daemon [_thread_blocked, id=3084, stack(0x000000504cc00000,0x000000504cd00000)]

Other Threads:
=>0x000001c2b1edd2a0 VMThread "VM Thread" [stack: 0x000000504a800000,0x000000504a900000] [id=16828]
  0x000001c2b2f53400 WatcherThread [stack: 0x000000504b700000,0x000000504b800000] [id=24488]
  0x000001c2a001f7a0 GCTaskThread "GC Thread#0" [stack: 0x000000504a300000,0x000000504a400000] [id=12540]
  0x000001c2b30d5280 GCTaskThread "GC Thread#1" [stack: 0x000000504b800000,0x000000504b900000] [id=25876]
  0x000001c2b30d5530 GCTaskThread "GC Thread#2" [stack: 0x000000504b900000,0x000000504ba00000] [id=28320]
  0x000001c2b3314780 GCTaskThread "GC Thread#3" [stack: 0x000000504ba00000,0x000000504bb00000] [id=35356]
  0x000001c2b3314a30 GCTaskThread "GC Thread#4" [stack: 0x000000504bb00000,0x000000504bc00000] [id=21400]
  0x000001c2b3318cf0 GCTaskThread "GC Thread#5" [stack: 0x000000504bc00000,0x000000504bd00000] [id=32424]
  0x000001c2b33195b0 GCTaskThread "GC Thread#6" [stack: 0x000000504bd00000,0x000000504be00000] [id=24184]
  0x000001c2b465e560 GCTaskThread "GC Thread#7" [stack: 0x000000504c500000,0x000000504c600000] [id=32148]
  0x000001c2a0031430 ConcurrentGCThread "G1 Main Marker" [stack: 0x000000504a400000,0x000000504a500000] [id=9088]
  0x000001c2a00325e0 ConcurrentGCThread "G1 Conc#0" [stack: 0x000000504a500000,0x000000504a600000] [id=30764]
  0x000001c2b4abfdc0 ConcurrentGCThread "G1 Conc#1" [stack: 0x000000504c600000,0x000000504c700000] [id=15680]
  0x000001c2b1d944d0 ConcurrentGCThread "G1 Refine#0" [stack: 0x000000504a600000,0x000000504a700000] [id=25616]
  0x000001c2b2b017b0 ConcurrentGCThread "G1 Refine#1" [stack: 0x000000504be00000,0x000000504bf00000] [id=25872]
  0x000001c2b1d94e00 ConcurrentGCThread "G1 Service" [stack: 0x000000504a700000,0x000000504a800000] [id=23784]

Threads with active compile tasks:

VM state: at safepoint (normal execution)

VM Mutex/Monitor currently owned by a thread:  ([mutex/lock_event])
[0x000001c29ffdd520] Threads_lock - owner thread: 0x000001c2b1edd2a0
[0x000001c29ffded50] Heap_lock - owner thread: 0x000001c2b3307570

Heap address: 0x0000000081600000, size: 2026 MB, Compressed Oops mode: 32-bit

CDS archive(s) mapped at: [0x0000000800000000-0x0000000800bc0000-0x0000000800bc0000), size 12320768, SharedBaseAddress: 0x0000000800000000, ArchiveRelocationMode: 0.
Compressed class space mapped at: 0x0000000800c00000-0x0000000840c00000, reserved size: 1073741824
Narrow klass base: 0x0000000800000000, Narrow klass shift: 0, Narrow klass range: 0x100000000

GC Precious Log:
 CPUs: 8 total, 8 available
 Memory: 8097M
 Large Page Support: Disabled
 NUMA Support: Disabled
 Compressed Oops: Enabled (32-bit)
 Heap Region Size: 1M
 Heap Min Capacity: 8M
 Heap Initial Capacity: 128M
 Heap Max Capacity: 2026M
 Pre-touch: Disabled
 Parallel Workers: 8
 Concurrent Workers: 2
 Concurrent Refinement Workers: 8
 Periodic GC: Disabled

Heap:
 garbage-first heap   total 151552K, used 41711K [0x0000000081600000, 0x0000000100000000)
  region size 1024K, 4 young (4096K), 4 survivors (4096K)
 Metaspace       used 62655K, committed 63296K, reserved 1105920K
  class space    used 8702K, committed 9024K, reserved 1048576K

Heap Regions: E=young(eden), S=young(survivor), O=old, HS=humongous(starts), HC=humongous(continues), CS=collection set, F=free, OA=open archive, CA=closed archive, TAMS=top-at-mark-start (previous, next)
|   0|0x0000000081600000, 0x0000000081700000, 0x0000000081700000|100%|HS|  |TAMS 0x0000000081700000, 0x0000000081600000| Complete 
|   1|0x0000000081700000, 0x0000000081800000, 0x0000000081800000|100%| O|  |TAMS 0x0000000081800000, 0x0000000081700000| Untracked 
|   2|0x0000000081800000, 0x0000000081900000, 0x0000000081900000|100%| O|  |TAMS 0x0000000081900000, 0x0000000081800000| Untracked 
|   3|0x0000000081900000, 0x0000000081a00000, 0x0000000081a00000|100%| O|  |TAMS 0x0000000081a00000, 0x0000000081900000| Untracked 
|   4|0x0000000081a00000, 0x0000000081b00000, 0x0000000081b00000|100%| O|  |TAMS 0x0000000081b00000, 0x0000000081a00000| Untracked 
|   5|0x0000000081b00000, 0x0000000081c00000, 0x0000000081c00000|100%| O|  |TAMS 0x0000000081c00000, 0x0000000081b00000| Untracked 
|   6|0x0000000081c00000, 0x0000000081d00000, 0x0000000081d00000|100%| O|  |TAMS 0x0000000081d00000, 0x0000000081c00000| Untracked 
|   7|0x0000000081d00000, 0x0000000081e00000, 0x0000000081e00000|100%| O|  |TAMS 0x0000000081e00000, 0x0000000081d00000| Untracked 
|   8|0x0000000081e00000, 0x0000000081f00000, 0x0000000081f00000|100%| O|  |TAMS 0x0000000081f00000, 0x0000000081e00000| Untracked 
|   9|0x0000000081f00000, 0x0000000082000000, 0x0000000082000000|100%| O|  |TAMS 0x0000000082000000, 0x0000000081f00000| Untracked 
|  10|0x0000000082000000, 0x0000000082100000, 0x0000000082100000|100%| O|  |TAMS 0x0000000082100000, 0x0000000082000000| Untracked 
|  11|0x0000000082100000, 0x0000000082200000, 0x0000000082200000|100%| O|  |TAMS 0x0000000082200000, 0x0000000082100000| Untracked 
|  12|0x0000000082200000, 0x0000000082300000, 0x0000000082300000|100%| O|  |TAMS 0x0000000082300000, 0x0000000082200000| Untracked 
|  13|0x0000000082300000, 0x0000000082361200, 0x0000000082400000| 37%| O|  |TAMS 0x0000000082361200, 0x0000000082300000| Untracked 
|  14|0x0000000082400000, 0x0000000082500000, 0x0000000082500000|100%| O|  |TAMS 0x0000000082500000, 0x0000000082400000| Untracked 
|  15|0x0000000082500000, 0x0000000082600000, 0x0000000082600000|100%| O|  |TAMS 0x0000000082600000, 0x0000000082500000| Untracked 
|  16|0x0000000082600000, 0x0000000082700000, 0x0000000082700000|100%| O|  |TAMS 0x0000000082700000, 0x0000000082600000| Untracked 
|  17|0x0000000082700000, 0x0000000082800000, 0x0000000082800000|100%| O|  |TAMS 0x0000000082800000, 0x0000000082700000| Untracked 
|  18|0x0000000082800000, 0x0000000082900000, 0x0000000082900000|100%| O|  |TAMS 0x0000000082900000, 0x0000000082800000| Untracked 
|  19|0x0000000082900000, 0x0000000082a00000, 0x0000000082a00000|100%| O|  |TAMS 0x0000000082a00000, 0x0000000082900000| Untracked 
|  20|0x0000000082a00000, 0x0000000082b00000, 0x0000000082b00000|100%| O|  |TAMS 0x0000000082b00000, 0x0000000082a00000| Untracked 
|  21|0x0000000082b00000, 0x0000000082c00000, 0x0000000082c00000|100%| O|  |TAMS 0x0000000082c00000, 0x0000000082b00000| Untracked 
|  22|0x0000000082c00000, 0x0000000082d00000, 0x0000000082d00000|100%| O|  |TAMS 0x0000000082d00000, 0x0000000082c00000| Untracked 
|  23|0x0000000082d00000, 0x0000000082e00000, 0x0000000082e00000|100%| O|  |TAMS 0x0000000082e00000, 0x0000000082d00000| Untracked 
|  24|0x0000000082e00000, 0x0000000082e2ec00, 0x0000000082f00000| 18%| O|  |TAMS 0x0000000082e2ec00, 0x0000000082e00000| Untracked 
|  25|0x0000000082f00000, 0x0000000083000000, 0x0000000083000000|100%| O|  |TAMS 0x0000000082f00000, 0x0000000082f00000| Untracked 
|  26|0x0000000083000000, 0x0000000083100000, 0x0000000083100000|100%| O|  |TAMS 0x0000000083000000, 0x0000000083000000| Untracked 
|  27|0x0000000083100000, 0x0000000083200000, 0x0000000083200000|100%| O|  |TAMS 0x0000000083100000, 0x0000000083100000| Untracked 
|  28|0x0000000083200000, 0x0000000083300000, 0x0000000083300000|100%| O|  |TAMS 0x0000000083200000, 0x0000000083200000| Untracked 
|  29|0x0000000083300000, 0x0000000083400000, 0x0000000083400000|100%| O|  |TAMS 0x0000000083300000, 0x0000000083300000| Untracked 
|  30|0x0000000083400000, 0x0000000083500000, 0x0000000083500000|100%| O|  |TAMS 0x0000000083400000, 0x0000000083400000| Untracked 
|  31|0x0000000083500000, 0x0000000083600000, 0x0000000083600000|100%| O|  |TAMS 0x0000000083500000, 0x0000000083500000| Untracked 
|  32|0x0000000083600000, 0x0000000083700000, 0x0000000083700000|100%| O|  |TAMS 0x0000000083600000, 0x0000000083600000| Untracked 
|  33|0x0000000083700000, 0x0000000083800000, 0x0000000083800000|100%| O|  |TAMS 0x0000000083700000, 0x0000000083700000| Untracked 
|  34|0x0000000083800000, 0x0000000083900000, 0x0000000083900000|100%| O|  |TAMS 0x0000000083800000, 0x0000000083800000| Untracked 
|  35|0x0000000083900000, 0x0000000083a00000, 0x0000000083a00000|100%| O|  |TAMS 0x0000000083900000, 0x0000000083900000| Untracked 
|  36|0x0000000083a00000, 0x0000000083b00000, 0x0000000083b00000|100%| O|  |TAMS 0x0000000083a00000, 0x0000000083a00000| Untracked 
|  37|0x0000000083b00000, 0x0000000083c00000, 0x0000000083c00000|100%| O|  |TAMS 0x0000000083b00000, 0x0000000083b00000| Untracked 
|  38|0x0000000083c00000, 0x0000000083d00000, 0x0000000083d00000|100%| O|  |TAMS 0x0000000083c00000, 0x0000000083c00000| Untracked 
|  39|0x0000000083d00000, 0x0000000083d1a800, 0x0000000083e00000| 10%| O|  |TAMS 0x0000000083d00000, 0x0000000083d00000| Untracked 
|  40|0x0000000083e00000, 0x0000000083e00000, 0x0000000083f00000|  0%| F|  |TAMS 0x0000000083e00000, 0x0000000083e00000| Untracked 
|  41|0x0000000083f00000, 0x0000000083f00000, 0x0000000084000000|  0%| F|  |TAMS 0x0000000083f00000, 0x0000000083f00000| Untracked 
|  42|0x0000000084000000, 0x0000000084000000, 0x0000000084100000|  0%| F|  |TAMS 0x0000000084000000, 0x0000000084000000| Untracked 
|  43|0x0000000084100000, 0x0000000084100000, 0x0000000084200000|  0%| F|  |TAMS 0x0000000084100000, 0x0000000084100000| Untracked 
|  44|0x0000000084200000, 0x0000000084200000, 0x0000000084300000|  0%| F|  |TAMS 0x0000000084200000, 0x0000000084200000| Untracked 
|  45|0x0000000084300000, 0x0000000084300000, 0x0000000084400000|  0%| F|  |TAMS 0x0000000084300000, 0x0000000084300000| Untracked 
|  46|0x0000000084400000, 0x0000000084400000, 0x0000000084500000|  0%| F|  |TAMS 0x0000000084400000, 0x0000000084400000| Untracked 
|  47|0x0000000084500000, 0x0000000084500000, 0x0000000084600000|  0%| F|  |TAMS 0x0000000084500000, 0x0000000084500000| Untracked 
|  48|0x0000000084600000, 0x0000000084600000, 0x0000000084700000|  0%| F|  |TAMS 0x0000000084600000, 0x0000000084600000| Untracked 
|  49|0x0000000084700000, 0x0000000084700000, 0x0000000084800000|  0%| F|  |TAMS 0x0000000084700000, 0x0000000084700000| Untracked 
|  50|0x0000000084800000, 0x0000000084800000, 0x0000000084900000|  0%| F|  |TAMS 0x0000000084800000, 0x0000000084800000| Untracked 
|  51|0x0000000084900000, 0x0000000084900000, 0x0000000084a00000|  0%| F|  |TAMS 0x0000000084900000, 0x0000000084900000| Untracked 
|  52|0x0000000084a00000, 0x0000000084a00000, 0x0000000084b00000|  0%| F|  |TAMS 0x0000000084a00000, 0x0000000084a00000| Untracked 
|  53|0x0000000084b00000, 0x0000000084b00000, 0x0000000084c00000|  0%| F|  |TAMS 0x0000000084b00000, 0x0000000084b00000| Untracked 
|  54|0x0000000084c00000, 0x0000000084c116b0, 0x0000000084d00000|  6%| S|CS|TAMS 0x0000000084c00000, 0x0000000084c00000| Complete 
|  55|0x0000000084d00000, 0x0000000084e00000, 0x0000000084e00000|100%| S|CS|TAMS 0x0000000084d00000, 0x0000000084d00000| Complete 
|  56|0x0000000084e00000, 0x0000000084f00000, 0x0000000084f00000|100%| S|CS|TAMS 0x0000000084e00000, 0x0000000084e00000| Complete 
|  57|0x0000000084f00000, 0x0000000084f00000, 0x0000000085000000|  0%| F|  |TAMS 0x0000000084f00000, 0x0000000084f00000| Untracked 
|  58|0x0000000085000000, 0x0000000085000000, 0x0000000085100000|  0%| F|  |TAMS 0x0000000085000000, 0x0000000085000000| Untracked 
|  59|0x0000000085100000, 0x0000000085200000, 0x0000000085200000|100%| S|CS|TAMS 0x0000000085100000, 0x0000000085100000| Complete 
|  60|0x0000000085200000, 0x0000000085200000, 0x0000000085300000|  0%| F|  |TAMS 0x0000000085200000, 0x0000000085200000| Untracked 
|  61|0x0000000085300000, 0x0000000085300000, 0x0000000085400000|  0%| F|  |TAMS 0x0000000085300000, 0x0000000085300000| Untracked 
|  62|0x0000000085400000, 0x0000000085400000, 0x0000000085500000|  0%| F|  |TAMS 0x0000000085400000, 0x0000000085400000| Untracked 
|  63|0x0000000085500000, 0x0000000085500000, 0x0000000085600000|  0%| F|  |TAMS 0x0000000085500000, 0x0000000085500000| Untracked 
|  64|0x0000000085600000, 0x0000000085600000, 0x0000000085700000|  0%| F|  |TAMS 0x0000000085600000, 0x0000000085600000| Untracked 
|  65|0x0000000085700000, 0x0000000085700000, 0x0000000085800000|  0%| F|  |TAMS 0x0000000085700000, 0x0000000085700000| Untracked 
|  66|0x0000000085800000, 0x0000000085800000, 0x0000000085900000|  0%| F|  |TAMS 0x0000000085800000, 0x0000000085800000| Untracked 
|  67|0x0000000085900000, 0x0000000085900000, 0x0000000085a00000|  0%| F|  |TAMS 0x0000000085900000, 0x0000000085900000| Untracked 
|  68|0x0000000085a00000, 0x0000000085a00000, 0x0000000085b00000|  0%| F|  |TAMS 0x0000000085a00000, 0x0000000085a00000| Untracked 
|  69|0x0000000085b00000, 0x0000000085b00000, 0x0000000085c00000|  0%| F|  |TAMS 0x0000000085b00000, 0x0000000085b00000| Untracked 
|  70|0x0000000085c00000, 0x0000000085c00000, 0x0000000085d00000|  0%| F|  |TAMS 0x0000000085c00000, 0x0000000085c00000| Untracked 
|  71|0x0000000085d00000, 0x0000000085d00000, 0x0000000085e00000|  0%| F|  |TAMS 0x0000000085d00000, 0x0000000085d00000| Untracked 
|  72|0x0000000085e00000, 0x0000000085e00000, 0x0000000085f00000|  0%| F|  |TAMS 0x0000000085e00000, 0x0000000085e00000| Untracked 
|  73|0x0000000085f00000, 0x0000000085f00000, 0x0000000086000000|  0%| F|  |TAMS 0x0000000085f00000, 0x0000000085f00000| Untracked 
|  74|0x0000000086000000, 0x0000000086000000, 0x0000000086100000|  0%| F|  |TAMS 0x0000000086000000, 0x0000000086000000| Untracked 
|  75|0x0000000086100000, 0x0000000086100000, 0x0000000086200000|  0%| F|  |TAMS 0x0000000086100000, 0x0000000086100000| Untracked 
|  76|0x0000000086200000, 0x0000000086200000, 0x0000000086300000|  0%| F|  |TAMS 0x0000000086200000, 0x0000000086200000| Untracked 
|  77|0x0000000086300000, 0x0000000086300000, 0x0000000086400000|  0%| F|  |TAMS 0x0000000086300000, 0x0000000086300000| Untracked 
|  78|0x0000000086400000, 0x0000000086400000, 0x0000000086500000|  0%| F|  |TAMS 0x0000000086400000, 0x0000000086400000| Untracked 
|  79|0x0000000086500000, 0x0000000086500000, 0x0000000086600000|  0%| F|  |TAMS 0x0000000086500000, 0x0000000086500000| Untracked 
|  80|0x0000000086600000, 0x0000000086600000, 0x0000000086700000|  0%| F|  |TAMS 0x0000000086600000, 0x0000000086600000| Untracked 
|  81|0x0000000086700000, 0x0000000086700000, 0x0000000086800000|  0%| F|  |TAMS 0x0000000086700000, 0x0000000086700000| Untracked 
|  82|0x0000000086800000, 0x0000000086800000, 0x0000000086900000|  0%| F|  |TAMS 0x0000000086800000, 0x0000000086800000| Untracked 
|  83|0x0000000086900000, 0x0000000086900000, 0x0000000086a00000|  0%| F|  |TAMS 0x0000000086900000, 0x0000000086900000| Untracked 
|  84|0x0000000086a00000, 0x0000000086a00000, 0x0000000086b00000|  0%| F|  |TAMS 0x0000000086a00000, 0x0000000086a00000| Untracked 
|  85|0x0000000086b00000, 0x0000000086b00000, 0x0000000086c00000|  0%| F|  |TAMS 0x0000000086b00000, 0x0000000086b00000| Untracked 
|  86|0x0000000086c00000, 0x0000000086c00000, 0x0000000086d00000|  0%| F|  |TAMS 0x0000000086c00000, 0x0000000086c00000| Untracked 
|  87|0x0000000086d00000, 0x0000000086d00000, 0x0000000086e00000|  0%| F|  |TAMS 0x0000000086d00000, 0x0000000086d00000| Untracked 
|  88|0x0000000086e00000, 0x0000000086e00000, 0x0000000086f00000|  0%| F|  |TAMS 0x0000000086e00000, 0x0000000086e00000| Untracked 
|  89|0x0000000086f00000, 0x0000000086f00000, 0x0000000087000000|  0%| F|  |TAMS 0x0000000086f00000, 0x0000000086f00000| Untracked 
|  90|0x0000000087000000, 0x0000000087000000, 0x0000000087100000|  0%| F|  |TAMS 0x0000000087000000, 0x0000000087000000| Untracked 
|  91|0x0000000087100000, 0x0000000087100000, 0x0000000087200000|  0%| F|  |TAMS 0x0000000087100000, 0x0000000087100000| Untracked 
|  92|0x0000000087200000, 0x0000000087200000, 0x0000000087300000|  0%| F|  |TAMS 0x0000000087200000, 0x0000000087200000| Untracked 
|  93|0x0000000087300000, 0x0000000087300000, 0x0000000087400000|  0%| F|  |TAMS 0x0000000087300000, 0x0000000087300000| Untracked 
|  94|0x0000000087400000, 0x0000000087400000, 0x0000000087500000|  0%| F|  |TAMS 0x0000000087400000, 0x0000000087400000| Untracked 
|  95|0x0000000087500000, 0x0000000087500000, 0x0000000087600000|  0%| F|  |TAMS 0x0000000087500000, 0x0000000087500000| Untracked 
|  96|0x0000000087600000, 0x0000000087600000, 0x0000000087700000|  0%| F|  |TAMS 0x0000000087600000, 0x0000000087600000| Untracked 
|  97|0x0000000087700000, 0x0000000087700000, 0x0000000087800000|  0%| F|  |TAMS 0x0000000087700000, 0x0000000087700000| Untracked 
|  98|0x0000000087800000, 0x0000000087800000, 0x0000000087900000|  0%| F|  |TAMS 0x0000000087800000, 0x0000000087800000| Untracked 
|  99|0x0000000087900000, 0x0000000087900000, 0x0000000087a00000|  0%| F|  |TAMS 0x0000000087900000, 0x0000000087900000| Untracked 
| 100|0x0000000087a00000, 0x0000000087a00000, 0x0000000087b00000|  0%| F|  |TAMS 0x0000000087a00000, 0x0000000087a00000| Untracked 
| 101|0x0000000087b00000, 0x0000000087b00000, 0x0000000087c00000|  0%| F|  |TAMS 0x0000000087b00000, 0x0000000087b00000| Untracked 
| 102|0x0000000087c00000, 0x0000000087c00000, 0x0000000087d00000|  0%| F|  |TAMS 0x0000000087c00000, 0x0000000087c00000| Untracked 
| 103|0x0000000087d00000, 0x0000000087d00000, 0x0000000087e00000|  0%| F|  |TAMS 0x0000000087d00000, 0x0000000087d00000| Untracked 
| 104|0x0000000087e00000, 0x0000000087e00000, 0x0000000087f00000|  0%| F|  |TAMS 0x0000000087e00000, 0x0000000087e00000| Untracked 
| 105|0x0000000087f00000, 0x0000000087f00000, 0x0000000088000000|  0%| F|  |TAMS 0x0000000087f00000, 0x0000000087f00000| Untracked 
| 106|0x0000000088000000, 0x0000000088000000, 0x0000000088100000|  0%| F|  |TAMS 0x0000000088000000, 0x0000000088000000| Untracked 
| 107|0x0000000088100000, 0x0000000088100000, 0x0000000088200000|  0%| F|  |TAMS 0x0000000088100000, 0x0000000088100000| Untracked 
| 108|0x0000000088200000, 0x0000000088200000, 0x0000000088300000|  0%| F|  |TAMS 0x0000000088200000, 0x0000000088200000| Untracked 
| 109|0x0000000088300000, 0x0000000088300000, 0x0000000088400000|  0%| F|  |TAMS 0x0000000088300000, 0x0000000088300000| Untracked 
| 110|0x0000000088400000, 0x0000000088400000, 0x0000000088500000|  0%| F|  |TAMS 0x0000000088400000, 0x0000000088400000| Untracked 
| 111|0x0000000088500000, 0x0000000088500000, 0x0000000088600000|  0%| F|  |TAMS 0x0000000088500000, 0x0000000088500000| Untracked 
| 112|0x0000000088600000, 0x0000000088600000, 0x0000000088700000|  0%| F|  |TAMS 0x0000000088600000, 0x0000000088600000| Untracked 
| 113|0x0000000088700000, 0x0000000088700000, 0x0000000088800000|  0%| F|  |TAMS 0x0000000088700000, 0x0000000088700000| Untracked 
| 114|0x0000000088800000, 0x0000000088800000, 0x0000000088900000|  0%| F|  |TAMS 0x0000000088800000, 0x0000000088800000| Untracked 
| 115|0x0000000088900000, 0x0000000088900000, 0x0000000088a00000|  0%| F|  |TAMS 0x0000000088900000, 0x0000000088900000| Untracked 
| 116|0x0000000088a00000, 0x0000000088a00000, 0x0000000088b00000|  0%| F|  |TAMS 0x0000000088a00000, 0x0000000088a00000| Untracked 
| 117|0x0000000088b00000, 0x0000000088b00000, 0x0000000088c00000|  0%| F|  |TAMS 0x0000000088b00000, 0x0000000088b00000| Untracked 
| 118|0x0000000088c00000, 0x0000000088c00000, 0x0000000088d00000|  0%| F|  |TAMS 0x0000000088c00000, 0x0000000088c00000| Untracked 
| 119|0x0000000088d00000, 0x0000000088d00000, 0x0000000088e00000|  0%| F|  |TAMS 0x0000000088d00000, 0x0000000088d00000| Untracked 
| 120|0x0000000088e00000, 0x0000000088e00000, 0x0000000088f00000|  0%| F|  |TAMS 0x0000000088e00000, 0x0000000088e00000| Untracked 
| 121|0x0000000088f00000, 0x0000000088f00000, 0x0000000089000000|  0%| F|  |TAMS 0x0000000088f00000, 0x0000000088f00000| Untracked 
| 122|0x0000000089000000, 0x0000000089000000, 0x0000000089100000|  0%| F|  |TAMS 0x0000000089000000, 0x0000000089000000| Untracked 
| 123|0x0000000089100000, 0x0000000089100000, 0x0000000089200000|  0%| F|  |TAMS 0x0000000089100000, 0x0000000089100000| Untracked 
| 124|0x0000000089200000, 0x0000000089200000, 0x0000000089300000|  0%| F|  |TAMS 0x0000000089200000, 0x0000000089200000| Untracked 
| 125|0x0000000089300000, 0x0000000089300000, 0x0000000089400000|  0%| F|  |TAMS 0x0000000089300000, 0x0000000089300000| Untracked 
| 126|0x0000000089400000, 0x0000000089400000, 0x0000000089500000|  0%| F|  |TAMS 0x0000000089400000, 0x0000000089400000| Untracked 
| 127|0x0000000089500000, 0x0000000089500000, 0x0000000089600000|  0%| F|  |TAMS 0x0000000089500000, 0x0000000089500000| Untracked 
| 128|0x0000000089600000, 0x0000000089600000, 0x0000000089700000|  0%| F|  |TAMS 0x0000000089600000, 0x0000000089600000| Untracked 
| 129|0x0000000089700000, 0x0000000089700000, 0x0000000089800000|  0%| F|  |TAMS 0x0000000089700000, 0x0000000089700000| Untracked 
| 130|0x0000000089800000, 0x0000000089800000, 0x0000000089900000|  0%| F|  |TAMS 0x0000000089800000, 0x0000000089800000| Untracked 
| 131|0x0000000089900000, 0x0000000089900000, 0x0000000089a00000|  0%| F|  |TAMS 0x0000000089900000, 0x0000000089900000| Untracked 
| 132|0x0000000089a00000, 0x0000000089a00000, 0x0000000089b00000|  0%| F|  |TAMS 0x0000000089a00000, 0x0000000089a00000| Untracked 
| 133|0x0000000089b00000, 0x0000000089b00000, 0x0000000089c00000|  0%| F|  |TAMS 0x0000000089b00000, 0x0000000089b00000| Untracked 
| 134|0x0000000089c00000, 0x0000000089c00000, 0x0000000089d00000|  0%| F|  |TAMS 0x0000000089c00000, 0x0000000089c00000| Untracked 
| 135|0x0000000089d00000, 0x0000000089d00000, 0x0000000089e00000|  0%| F|  |TAMS 0x0000000089d00000, 0x0000000089d00000| Untracked 
| 136|0x0000000089e00000, 0x0000000089e00000, 0x0000000089f00000|  0%| F|  |TAMS 0x0000000089e00000, 0x0000000089e00000| Untracked 
| 137|0x0000000089f00000, 0x0000000089f00000, 0x000000008a000000|  0%| F|  |TAMS 0x0000000089f00000, 0x0000000089f00000| Untracked 
| 138|0x000000008a000000, 0x000000008a000000, 0x000000008a100000|  0%| F|  |TAMS 0x000000008a000000, 0x000000008a000000| Untracked 
| 139|0x000000008a100000, 0x000000008a100000, 0x000000008a200000|  0%| F|  |TAMS 0x000000008a100000, 0x000000008a100000| Untracked 
| 140|0x000000008a200000, 0x000000008a200000, 0x000000008a300000|  0%| F|  |TAMS 0x000000008a200000, 0x000000008a200000| Untracked 
| 141|0x000000008a300000, 0x000000008a300000, 0x000000008a400000|  0%| F|  |TAMS 0x000000008a300000, 0x000000008a300000| Untracked 
| 142|0x000000008a400000, 0x000000008a400000, 0x000000008a500000|  0%| F|  |TAMS 0x000000008a400000, 0x000000008a400000| Untracked 
| 143|0x000000008a500000, 0x000000008a500000, 0x000000008a600000|  0%| F|  |TAMS 0x000000008a500000, 0x000000008a500000| Untracked 
| 144|0x000000008a600000, 0x000000008a600000, 0x000000008a700000|  0%| F|  |TAMS 0x000000008a600000, 0x000000008a600000| Untracked 
| 145|0x000000008a700000, 0x000000008a700000, 0x000000008a800000|  0%| F|  |TAMS 0x000000008a700000, 0x000000008a700000| Untracked 
| 146|0x000000008a800000, 0x000000008a800000, 0x000000008a900000|  0%| F|  |TAMS 0x000000008a800000, 0x000000008a800000| Untracked 
| 147|0x000000008a900000, 0x000000008a900000, 0x000000008aa00000|  0%| F|  |TAMS 0x000000008a900000, 0x000000008a900000| Untracked 

Card table byte_map: [0x000001c2aacf0000,0x000001c2ab0f0000] _byte_map_base: 0x000001c2aa8e5000

Marking Bits (Prev, Next): (CMBitMap*) 0x000001c2a0020e00, (CMBitMap*) 0x000001c2a0020dc0
 Prev Bits: [0x000001c2ad4a0000, 0x000001c2af448000)
 Next Bits: [0x000001c2ab4f0000, 0x000001c2ad498000)

Polling page: 0x000001c29dfe0000

Metaspace:

Usage:
  Non-class:     52.69 MB used.
      Class:      8.50 MB used.
       Both:     61.19 MB used.

Virtual space:
  Non-class space:       56.00 MB reserved,      53.00 MB ( 95%) committed,  7 nodes.
      Class space:        1.00 GB reserved,       8.81 MB ( <1%) committed,  1 nodes.
             Both:        1.05 GB reserved,      61.81 MB (  6%) committed. 

Chunk freelists:
   Non-Class:  2.90 MB
       Class:  3.02 MB
        Both:  5.92 MB

MaxMetaspaceSize: unlimited
CompressedClassSpaceSize: 1.00 GB
Initial GC threshold: 21.00 MB
Current GC threshold: 77.19 MB
CDS: on
MetaspaceReclaimPolicy: balanced
 - commit_granule_bytes: 65536.
 - commit_granule_words: 8192.
 - virtual_space_node_default_size: 1048576.
 - enlarge_chunks_in_place: 1.
 - new_chunks_are_fully_committed: 0.
 - uncommit_free_chunks: 1.
 - use_allocation_guard: 0.
 - handle_deallocations: 1.


Internal statistics:

num_allocs_failed_limit: 11.
num_arena_births: 862.
num_arena_deaths: 0.
num_vsnodes_births: 8.
num_vsnodes_deaths: 0.
num_space_committed: 989.
num_space_uncommitted: 0.
num_chunks_returned_to_freelist: 11.
num_chunks_taken_from_freelist: 3140.
num_chunk_merges: 11.
num_chunk_splits: 2202.
num_chunks_enlarged: 1645.
num_purges: 0.
num_inconsistent_stats: 0.

CodeCache: size=49152Kb used=15384Kb max_used=15384Kb free=33767Kb
 bounds [0x000001c2a77e0000, 0x000001c2a86f0000, 0x000001c2aa7e0000]
 total_blobs=8705 nmethods=8015 adapters=613
 compilation: enabled
              stopped_count=0, restarted_count=0
 full_count=0

Compilation events (20 events):
Event: 6.824 Thread 0x000001c2b1ed0ed0 8006       1       java.util.IdentityHashMap::capacity (29 bytes)
Event: 6.824 Thread 0x000001c2b1ed0ed0 nmethod 8006 0x000001c2a86e3290 code [0x000001c2a86e3420, 0x000001c2a86e3528]
Event: 6.827 Thread 0x000001c2b1ed0ed0 8007       1       org.springframework.core.MethodParameter::getAnnotatedElement (5 bytes)
Event: 6.827 Thread 0x000001c2b1ed0ed0 nmethod 8007 0x000001c2a86e3610 code [0x000001c2a86e37a0, 0x000001c2a86e3878]
Event: 6.828 Thread 0x000001c2b1ed0ed0 8008       1       org.springframework.core.MethodParameter::adaptAnnotationArray (2 bytes)
Event: 6.828 Thread 0x000001c2b1ed0ed0 nmethod 8008 0x000001c2a86e3910 code [0x000001c2a86e3aa0, 0x000001c2a86e3b78]
Event: 6.829 Thread 0x000001c2b298e0f0 8009       1       java.lang.ThreadLocal$ThreadLocalMap::cleanSomeSlots (61 bytes)
Event: 6.829 Thread 0x000001c2b298e0f0 nmethod 8009 0x000001c2a86e3c10 code [0x000001c2a86e3dc0, 0x000001c2a86e3f98]
Event: 6.830 Thread 0x000001c2b298e0f0 8010       1       org.springframework.util.ConcurrentReferenceHashMap::<init> (173 bytes)
Event: 6.830 Thread 0x000001c2b489c300 8011       1       org.springframework.util.ConcurrentReferenceHashMap::calculateShift (26 bytes)
Event: 6.830 Thread 0x000001c2b489c300 nmethod 8011 0x000001c2a86e4110 code [0x000001c2a86e42a0, 0x000001c2a86e4378]
Event: 6.830 Thread 0x000001c2b1ed0ed0 8012       1       org.springframework.util.ConcurrentLruCache$CacheEntry::<init> (15 bytes)
Event: 6.830 Thread 0x000001c2b1ef9df0 8013       1       java.util.concurrent.atomic.AtomicInteger::lazySet (12 bytes)
Event: 6.830 Thread 0x000001c2b1ed0ed0 nmethod 8012 0x000001c2a86e4410 code [0x000001c2a86e45a0, 0x000001c2a86e46f8]
Event: 6.830 Thread 0x000001c2b1ef9df0 nmethod 8013 0x000001c2a86e4790 code [0x000001c2a86e4920, 0x000001c2a86e49f8]
Event: 6.830 Thread 0x000001c2b489c300 8014       1       org.springframework.util.ReflectionUtils::isEqualsMethod (42 bytes)
Event: 6.830 Thread 0x000001c2b1ed0ed0 8015       1       org.springframework.util.ReflectionUtils::isHashCodeMethod (30 bytes)
Event: 6.830 Thread 0x000001c2b1ed0ed0 nmethod 8015 0x000001c2a86e4a90 code [0x000001c2a86e4c20, 0x000001c2a86e4d48]
Event: 6.830 Thread 0x000001c2b489c300 nmethod 8014 0x000001c2a86e4e90 code [0x000001c2a86e5040, 0x000001c2a86e5218]
Event: 6.831 Thread 0x000001c2b298e0f0 nmethod 8010 0x000001c2a86e5390 code [0x000001c2a86e55a0, 0x000001c2a86e5d58]

GC Heap History (20 events):
Event: 3.148 GC heap after
{Heap after GC invocations=9 (full 0):
 garbage-first heap   total 75776K, used 20730K [0x0000000081600000, 0x0000000100000000)
  region size 1024K, 4 young (4096K), 4 survivors (4096K)
 Metaspace       used 25276K, committed 25664K, reserved 1073152K
  class space    used 3525K, committed 3712K, reserved 1048576K
}
Event: 3.621 GC heap before
{Heap before GC invocations=9 (full 0):
 garbage-first heap   total 75776K, used 55546K [0x0000000081600000, 0x0000000100000000)
  region size 1024K, 39 young (39936K), 4 survivors (4096K)
 Metaspace       used 29332K, committed 29760K, reserved 1081344K
  class space    used 4127K, committed 4352K, reserved 1048576K
}
Event: 3.626 GC heap after
{Heap after GC invocations=10 (full 0):
 garbage-first heap   total 75776K, used 23940K [0x0000000081600000, 0x0000000100000000)
  region size 1024K, 5 young (5120K), 5 survivors (5120K)
 Metaspace       used 29332K, committed 29760K, reserved 1081344K
  class space    used 4127K, committed 4352K, reserved 1048576K
}
Event: 3.630 GC heap before
{Heap before GC invocations=10 (full 0):
 garbage-first heap   total 75776K, used 56708K [0x0000000081600000, 0x0000000100000000)
  region size 1024K, 38 young (38912K), 5 survivors (5120K)
 Metaspace       used 29332K, committed 29760K, reserved 1081344K
  class space    used 4127K, committed 4352K, reserved 1048576K
}
Event: 3.635 GC heap after
{Heap after GC invocations=11 (full 0):
 garbage-first heap   total 151552K, used 24195K [0x0000000081600000, 0x0000000100000000)
  region size 1024K, 1 young (1024K), 1 survivors (1024K)
 Metaspace       used 29332K, committed 29760K, reserved 1081344K
  class space    used 4127K, committed 4352K, reserved 1048576K
}
Event: 3.871 GC heap before
{Heap before GC invocations=11 (full 0):
 garbage-first heap   total 151552K, used 112259K [0x0000000081600000, 0x0000000100000000)
  region size 1024K, 88 young (90112K), 1 survivors (1024K)
 Metaspace       used 31377K, committed 31872K, reserved 1081344K
  class space    used 4361K, committed 4608K, reserved 1048576K
}
Event: 3.873 GC heap after
{Heap after GC invocations=12 (full 0):
 garbage-first heap   total 151552K, used 25310K [0x0000000081600000, 0x0000000100000000)
  region size 1024K, 2 young (2048K), 2 survivors (2048K)
 Metaspace       used 31377K, committed 31872K, reserved 1081344K
  class space    used 4361K, committed 4608K, reserved 1048576K
}
Event: 4.265 GC heap before
{Heap before GC invocations=12 (full 0):
 garbage-first heap   total 151552K, used 58078K [0x0000000081600000, 0x0000000100000000)
  region size 1024K, 35 young (35840K), 2 survivors (2048K)
 Metaspace       used 35968K, committed 36416K, reserved 1081344K
  class space    used 5015K, committed 5248K, reserved 1048576K
}
Event: 4.269 GC heap after
{Heap after GC invocations=13 (full 0):
 garbage-first heap   total 151552K, used 27061K [0x0000000081600000, 0x0000000100000000)
  region size 1024K, 3 young (3072K), 3 survivors (3072K)
 Metaspace       used 35968K, committed 36416K, reserved 1081344K
  class space    used 5015K, committed 5248K, reserved 1048576K
}
Event: 5.055 GC heap before
{Heap before GC invocations=14 (full 0):
 garbage-first heap   total 102400K, used 85429K [0x0000000081600000, 0x0000000100000000)
  region size 1024K, 60 young (61440K), 3 survivors (3072K)
 Metaspace       used 46802K, committed 47360K, reserved 1089536K
  class space    used 6441K, committed 6720K, reserved 1048576K
}
Event: 5.061 GC heap after
{Heap after GC invocations=15 (full 0):
 garbage-first heap   total 102400K, used 31233K [0x0000000081600000, 0x0000000100000000)
  region size 1024K, 7 young (7168K), 7 survivors (7168K)
 Metaspace       used 46802K, committed 47360K, reserved 1089536K
  class space    used 6441K, committed 6720K, reserved 1048576K
}
Event: 5.543 GC heap before
{Heap before GC invocations=16 (full 0):
 garbage-first heap   total 102400K, used 81409K [0x0000000081600000, 0x0000000100000000)
  region size 1024K, 56 young (57344K), 7 survivors (7168K)
 Metaspace       used 51790K, committed 52352K, reserved 1097728K
  class space    used 7201K, committed 7424K, reserved 1048576K
}
Event: 5.548 GC heap after
{Heap after GC invocations=17 (full 0):
 garbage-first heap   total 102400K, used 32783K [0x0000000081600000, 0x0000000100000000)
  region size 1024K, 2 young (2048K), 2 survivors (2048K)
 Metaspace       used 51790K, committed 52352K, reserved 1097728K
  class space    used 7201K, committed 7424K, reserved 1048576K
}
Event: 5.967 GC heap before
{Heap before GC invocations=17 (full 0):
 garbage-first heap   total 102400K, used 81935K [0x0000000081600000, 0x0000000100000000)
  region size 1024K, 50 young (51200K), 2 survivors (2048K)
 Metaspace       used 56156K, committed 56704K, reserved 1097728K
  class space    used 7833K, committed 8064K, reserved 1048576K
}
Event: 5.970 GC heap after
{Heap after GC invocations=18 (full 0):
 garbage-first heap   total 102400K, used 34839K [0x0000000081600000, 0x0000000100000000)
  region size 1024K, 4 young (4096K), 4 survivors (4096K)
 Metaspace       used 56156K, committed 56704K, reserved 1097728K
  class space    used 7833K, committed 8064K, reserved 1048576K
}
Event: 6.431 GC heap before
{Heap before GC invocations=18 (full 0):
 garbage-first heap   total 102400K, used 81943K [0x0000000081600000, 0x0000000100000000)
  region size 1024K, 50 young (51200K), 4 survivors (4096K)
 Metaspace       used 59964K, committed 60544K, reserved 1105920K
  class space    used 8371K, committed 8640K, reserved 1048576K
}
Event: 6.439 GC heap after
{Heap after GC invocations=19 (full 0):
 garbage-first heap   total 102400K, used 38702K [0x0000000081600000, 0x0000000100000000)
  region size 1024K, 7 young (7168K), 7 survivors (7168K)
 Metaspace       used 59964K, committed 60544K, reserved 1105920K
  class space    used 8371K, committed 8640K, reserved 1048576K
}
Event: 6.623 GC heap before
{Heap before GC invocations=19 (full 0):
 garbage-first heap   total 102400K, used 80686K [0x0000000081600000, 0x0000000100000000)
  region size 1024K, 48 young (49152K), 7 survivors (7168K)
 Metaspace       used 61695K, committed 62272K, reserved 1105920K
  class space    used 8574K, committed 8832K, reserved 1048576K
}
Event: 6.629 GC heap after
{Heap after GC invocations=20 (full 0):
 garbage-first heap   total 102400K, used 40617K [0x0000000081600000, 0x0000000100000000)
  region size 1024K, 2 young (2048K), 2 survivors (2048K)
 Metaspace       used 61695K, committed 62272K, reserved 1105920K
  class space    used 8574K, committed 8832K, reserved 1048576K
}
Event: 6.833 GC heap before
{Heap before GC invocations=20 (full 0):
 garbage-first heap   total 102400K, used 81577K [0x0000000081600000, 0x0000000100000000)
  region size 1024K, 42 young (43008K), 2 survivors (2048K)
 Metaspace       used 62655K, committed 63296K, reserved 1105920K
  class space    used 8702K, committed 9024K, reserved 1048576K
}

Deoptimization events (20 events):
Event: 0.789 Thread 0x000001c29ffe0f50 DEOPT PACKING pc=0x000001c2a7abcf75 sp=0x000000504a2fd6f0
Event: 0.790 Thread 0x000001c29ffe0f50 DEOPT UNPACKING pc=0x000001c2a7832b43 sp=0x000000504a2fcb48 mode 3
Event: 1.407 Thread 0x000001c2b3307570 DEOPT PACKING pc=0x000001c2a7ce1e99 sp=0x000000504c0fccb0
Event: 1.407 Thread 0x000001c2b3307570 DEOPT UNPACKING pc=0x000001c2a7832b43 sp=0x000000504c0fc190 mode 3
Event: 1.512 Thread 0x000001c2b3307570 DEOPT PACKING pc=0x000001c2a7ccd1ad sp=0x000000504c0fdc30
Event: 1.512 Thread 0x000001c2b3307570 DEOPT UNPACKING pc=0x000001c2a7832b43 sp=0x000000504c0fd190 mode 3
Event: 3.125 Thread 0x000001c2b3307570 DEOPT PACKING pc=0x000001c2a80b46f5 sp=0x000000504c0fc260
Event: 3.125 Thread 0x000001c2b3307570 DEOPT UNPACKING pc=0x000001c2a7832b43 sp=0x000000504c0fb6d0 mode 3
Event: 3.153 Thread 0x000001c2b3307570 DEOPT PACKING pc=0x000001c2a80cd819 sp=0x000000504c0fd8c0
Event: 3.153 Thread 0x000001c2b3307570 DEOPT UNPACKING pc=0x000001c2a7832b43 sp=0x000000504c0fcda0 mode 3
Event: 3.576 Thread 0x000001c2b3307570 DEOPT PACKING pc=0x000001c2a818bbdd sp=0x000000504c0fcd40
Event: 3.576 Thread 0x000001c2b3307570 DEOPT UNPACKING pc=0x000001c2a7832b43 sp=0x000000504c0fc2a8 mode 3
Event: 3.986 Thread 0x000001c2b3307570 DEOPT PACKING pc=0x000001c2a7cee581 sp=0x000000504c0fe0e0
Event: 3.986 Thread 0x000001c2b3307570 DEOPT UNPACKING pc=0x000001c2a7832b43 sp=0x000000504c0fd570 mode 3
Event: 3.986 Thread 0x000001c2b52307e0 DEOPT PACKING pc=0x000001c2a7c96a17 sp=0x000000504c7fefd0
Event: 3.986 Thread 0x000001c2b52307e0 DEOPT UNPACKING pc=0x000001c2a7832b43 sp=0x000000504c7fe428 mode 3
Event: 4.527 Thread 0x000001c2b3307570 DEOPT PACKING pc=0x000001c2a821933c sp=0x000000504c0fc180
Event: 4.527 Thread 0x000001c2b3307570 DEOPT UNPACKING pc=0x000001c2a7832b43 sp=0x000000504c0fb600 mode 3
Event: 6.039 Thread 0x000001c2b3307570 DEOPT PACKING pc=0x000001c2a8608a3c sp=0x000000504c0fbcf0
Event: 6.039 Thread 0x000001c2b3307570 DEOPT UNPACKING pc=0x000001c2a7832b43 sp=0x000000504c0fb248 mode 0

Classes unloaded (0 events):
No events

Classes redefined (0 events):
No events

Internal exceptions (20 events):
Event: 5.763 Thread 0x000001c2b3307570 Exception <a 'java/lang/NoSuchMethodError'{0x0000000085881770}: 'java.lang.Object java.lang.invoke.Invokers$Holder.linkToTargetMethod(java.lang.Object, java.lang.Object, java.lang.Object, java.lang.Object, java.lang.Object, java.lang.Object, java.lang.Object, java.lang.Object, java.lang.Object, java.lang.Object, java.lang.Object)'> (0x0000000085881770) 
thrown [t:\workspace\open\src\hotspot\share\interpreter\linkResolver.cpp, line 766]
Event: 5.789 Thread 0x000001c2b3307570 Exception <a 'java/lang/NoSuchMethodError'{0x0000000085651708}: 'java.lang.Object java.lang.invoke.DirectMethodHandle$Holder.newInvokeSpecial(java.lang.Object, java.lang.Object, java.lang.Object, java.lang.Object, java.lang.Object, java.lang.Object, java.lang.Object, int)'> (0x0000000085651708) 
thrown [t:\workspace\open\src\hotspot\share\interpreter\linkResolver.cpp, line 766]
Event: 5.789 Thread 0x000001c2b3307570 Exception <a 'java/lang/NoSuchMethodError'{0x0000000085656700}: 'java.lang.Object java.lang.invoke.DirectMethodHandle$Holder.invokeSpecial(java.lang.Object, java.lang.Object, java.lang.Object, java.lang.Object, java.lang.Object, java.lang.Object, java.lang.Object, java.lang.Object, int)'> (0x0000000085656700) 
thrown [t:\workspace\open\src\hotspot\share\interpreter\linkResolver.cpp, line 766]
Event: 5.806 Thread 0x000001c2b3307570 Exception <a 'java/lang/NoSuchMethodError'{0x0000000085558cc0}: 'java.lang.Object java.lang.invoke.DirectMethodHandle$Holder.newInvokeSpecial(java.lang.Object, java.lang.Object, int, java.lang.Object, int, java.lang.Object, java.lang.Object)'> (0x0000000085558cc0) 
thrown [t:\workspace\open\src\hotspot\share\interpreter\linkResolver.cpp, line 766]
Event: 5.810 Thread 0x000001c2b3307570 Exception <a 'java/lang/IncompatibleClassChangeError'{0x0000000085589f60}: Found class java.lang.Object, but interface was expected> (0x0000000085589f60) 
thrown [t:\workspace\open\src\hotspot\share\interpreter\linkResolver.cpp, line 833]
Event: 5.834 Thread 0x000001c2b3307570 Exception <a 'java/lang/NoSuchMethodError'{0x00000000854958e8}: 'void java.lang.invoke.DirectMethodHandle$Holder.invokeInterface(java.lang.Object, java.lang.Object)'> (0x00000000854958e8) 
thrown [t:\workspace\open\src\hotspot\share\interpreter\linkResolver.cpp, line 766]
Event: 5.953 Thread 0x000001c2b3307570 Exception <a 'java/lang/IncompatibleClassChangeError'{0x0000000084bdcb90}: Found class java.lang.Object, but interface was expected> (0x0000000084bdcb90) 
thrown [t:\workspace\open\src\hotspot\share\interpreter\linkResolver.cpp, line 833]
Event: 5.958 Thread 0x000001c2b3307570 Exception <a 'java/lang/IncompatibleClassChangeError'{0x0000000084a6d0b0}: Found class java.lang.Object, but interface was expected> (0x0000000084a6d0b0) 
thrown [t:\workspace\open\src\hotspot\share\interpreter\linkResolver.cpp, line 833]
Event: 5.981 Thread 0x000001c2b3307570 Exception <a 'java/lang/IncompatibleClassChangeError'{0x000000008a9e31a0}: Found class java.lang.Object, but interface was expected> (0x000000008a9e31a0) 
thrown [t:\workspace\open\src\hotspot\share\interpreter\linkResolver.cpp, line 833]
Event: 6.103 Thread 0x000001c2b3307570 Exception <a 'java/lang/IncompatibleClassChangeError'{0x000000008702fb68}: Found class java.lang.Object, but interface was expected> (0x000000008702fb68) 
thrown [t:\workspace\open\src\hotspot\share\interpreter\linkResolver.cpp, line 833]
Event: 6.117 Thread 0x000001c2b4523b70 Exception <a 'java/lang/reflect/InvocationTargetException'{0x0000000086e02b18}> (0x0000000086e02b18) 
thrown [t:\workspace\open\src\hotspot\share\runtime\reflection.cpp, line 1121]
Event: 6.323 Thread 0x000001c2b3307570 Exception <a 'java/lang/reflect/InvocationTargetException'{0x0000000085b327f0}> (0x0000000085b327f0) 
thrown [t:\workspace\open\src\hotspot\share\runtime\reflection.cpp, line 1121]
Event: 6.475 Thread 0x000001c2b3307570 Exception <a 'java/lang/NoSuchMethodError'{0x000000008704acc8}: 'int java.lang.invoke.DirectMethodHandle$Holder.invokeStatic(java.lang.Object)'> (0x000000008704acc8) 
thrown [t:\workspace\open\src\hotspot\share\interpreter\linkResolver.cpp, line 766]
Event: 6.588 Thread 0x000001c2b3307570 Exception <a 'java/lang/reflect/InvocationTargetException'{0x0000000085b3fb00}> (0x0000000085b3fb00) 
thrown [t:\workspace\open\src\hotspot\share\runtime\reflection.cpp, line 1121]
Event: 6.633 Thread 0x000001c2b4523b70 Exception <a 'java/lang/reflect/InvocationTargetException'{0x000000008a882be8}> (0x000000008a882be8) 
thrown [t:\workspace\open\src\hotspot\share\runtime\reflection.cpp, line 1121]
Event: 6.711 Thread 0x000001c2b3307570 Exception <a 'java/lang/reflect/InvocationTargetException'{0x000000008601a560}> (0x000000008601a560) 
thrown [t:\workspace\open\src\hotspot\share\runtime\reflection.cpp, line 1121]
Event: 6.739 Thread 0x000001c2b3307570 Exception <a 'java/lang/reflect/InvocationTargetException'{0x0000000085f4c7b0}> (0x0000000085f4c7b0) 
thrown [t:\workspace\open\src\hotspot\share\runtime\reflection.cpp, line 1121]
Event: 6.780 Thread 0x000001c2b3307570 Exception <a 'java/lang/reflect/InvocationTargetException'{0x0000000085a39b58}> (0x0000000085a39b58) 
thrown [t:\workspace\open\src\hotspot\share\runtime\reflection.cpp, line 1121]
Event: 6.784 Thread 0x000001c2b3307570 Exception <a 'java/lang/reflect/InvocationTargetException'{0x0000000085a67160}> (0x0000000085a67160) 
thrown [t:\workspace\open\src\hotspot\share\runtime\reflection.cpp, line 1121]
Event: 6.815 Thread 0x000001c2b3307570 Exception <a 'java/lang/reflect/InvocationTargetException'{0x0000000085410198}> (0x0000000085410198) 
thrown [t:\workspace\open\src\hotspot\share\runtime\reflection.cpp, line 1121]

VM Operations (20 events):
Event: 6.140 Executing VM operation: HandshakeAllThreads done
Event: 6.141 Executing VM operation: HandshakeAllThreads
Event: 6.141 Executing VM operation: HandshakeAllThreads done
Event: 6.192 Executing VM operation: HandshakeAllThreads
Event: 6.192 Executing VM operation: HandshakeAllThreads done
Event: 6.197 Executing VM operation: HandshakeAllThreads
Event: 6.197 Executing VM operation: HandshakeAllThreads done
Event: 6.259 Executing VM operation: HandshakeAllThreads
Event: 6.259 Executing VM operation: HandshakeAllThreads done
Event: 6.263 Executing VM operation: ICBufferFull
Event: 6.264 Executing VM operation: ICBufferFull done
Event: 6.431 Executing VM operation: G1CollectForAllocation
Event: 6.439 Executing VM operation: G1CollectForAllocation done
Event: 6.489 Executing VM operation: HandshakeAllThreads
Event: 6.489 Executing VM operation: HandshakeAllThreads done
Event: 6.520 Executing VM operation: HandshakeAllThreads
Event: 6.520 Executing VM operation: HandshakeAllThreads done
Event: 6.623 Executing VM operation: G1CollectForAllocation
Event: 6.629 Executing VM operation: G1CollectForAllocation done
Event: 6.833 Executing VM operation: G1CollectForAllocation

Events (20 events):
Event: 6.159 loading class java/util/regex/Pattern$Bound
Event: 6.159 loading class java/util/regex/Pattern$Bound done
Event: 6.161 loading class java/util/regex/Pattern$Behind
Event: 6.161 loading class java/util/regex/Pattern$Behind done
Event: 6.166 loading class java/util/regex/Pattern$1
Event: 6.166 loading class java/util/regex/Pattern$1 done
Event: 6.191 loading class java/util/ArrayList$ListItr
Event: 6.191 loading class java/util/ArrayList$ListItr done
Event: 6.630 Thread 0x000001c2b522e630 Thread added: 0x000001c2b522e630
Event: 6.634 Thread 0x000001c2b522e630 Thread exited: 0x000001c2b522e630
Event: 6.736 loading class java/util/stream/ReferencePipeline$4
Event: 6.736 loading class java/util/stream/ReferencePipeline$4 done
Event: 6.736 loading class java/util/stream/Nodes$IntFixedNodeBuilder
Event: 6.737 loading class java/util/stream/Node$Builder$OfInt
Event: 6.737 loading class java/util/stream/Node$Builder$OfInt done
Event: 6.737 loading class java/util/stream/Nodes$IntArrayNode
Event: 6.737 loading class java/util/stream/Nodes$IntArrayNode done
Event: 6.737 loading class java/util/stream/Nodes$IntFixedNodeBuilder done
Event: 6.737 loading class java/util/stream/ReferencePipeline$4$1
Event: 6.737 loading class java/util/stream/ReferencePipeline$4$1 done


Dynamic libraries:
0x00007ff7c2a70000 - 0x00007ff7c2a80000 	C:\Program Files\Java\jdk-17.0.1\bin\java.exe
0x00007ffe4f730000 - 0x00007ffe4f927000 	C:\WINDOWS\SYSTEM32\ntdll.dll
0x00007ffe4e390000 - 0x00007ffe4e44d000 	C:\WINDOWS\System32\KERNEL32.DLL
0x00007ffe4d0a0000 - 0x00007ffe4d396000 	C:\WINDOWS\System32\KERNELBASE.dll
0x00007ffe4ce10000 - 0x00007ffe4cf10000 	C:\WINDOWS\System32\ucrtbase.dll
0x00007ffe47d10000 - 0x00007ffe47d28000 	C:\Program Files\Java\jdk-17.0.1\bin\jli.dll
0x00007ffe47d30000 - 0x00007ffe47d4a000 	C:\Program Files\Java\jdk-17.0.1\bin\VCRUNTIME140.dll
0x00007ffe4e9a0000 - 0x00007ffe4ea4e000 	C:\WINDOWS\System32\ADVAPI32.dll
0x00007ffe4edf0000 - 0x00007ffe4ee8e000 	C:\WINDOWS\System32\msvcrt.dll
0x00007ffe4e6a0000 - 0x00007ffe4e73c000 	C:\WINDOWS\System32\sechost.dll
0x00007ffe4ef80000 - 0x00007ffe4f0a6000 	C:\WINDOWS\System32\RPCRT4.dll
0x00007ffe4d790000 - 0x00007ffe4d92e000 	C:\WINDOWS\System32\USER32.dll
0x00007ffe4d070000 - 0x00007ffe4d092000 	C:\WINDOWS\System32\win32u.dll
0x00007ffe4f0b0000 - 0x00007ffe4f0dc000 	C:\WINDOWS\System32\GDI32.dll
0x00007ffe43810000 - 0x00007ffe43aaa000 	C:\WINDOWS\WinSxS\amd64_microsoft.windows.common-controls_6595b64144ccf1df_6.0.19041.3570_none_60bb2a3971f3e41a\COMCTL32.dll
0x00007ffe4d540000 - 0x00007ffe4d65a000 	C:\WINDOWS\System32\gdi32full.dll
0x00007ffe4d6f0000 - 0x00007ffe4d78d000 	C:\WINDOWS\System32\msvcp_win.dll
0x00007ffe3eaf0000 - 0x00007ffe3eafa000 	C:\WINDOWS\SYSTEM32\VERSION.dll
0x00007ffe4ea60000 - 0x00007ffe4ea90000 	C:\WINDOWS\System32\IMM32.DLL
0x00007ffe47150000 - 0x00007ffe4715c000 	C:\Program Files\Java\jdk-17.0.1\bin\vcruntime140_1.dll
0x00007ffe3fe90000 - 0x00007ffe3ff1d000 	C:\Program Files\Java\jdk-17.0.1\bin\msvcp140.dll
0x00007ffe0f960000 - 0x00007ffe1051e000 	C:\Program Files\Java\jdk-17.0.1\bin\server\jvm.dll
0x00007ffe4f6e0000 - 0x00007ffe4f6e8000 	C:\WINDOWS\System32\PSAPI.DLL
0x00007ffe4a7a0000 - 0x00007ffe4a7a9000 	C:\WINDOWS\SYSTEM32\WSOCK32.dll
0x00007ffe4f1f0000 - 0x00007ffe4f25b000 	C:\WINDOWS\System32\WS2_32.dll
0x00007ffe3e7b0000 - 0x00007ffe3e7d7000 	C:\WINDOWS\SYSTEM32\WINMM.dll
0x00007ffe4acb0000 - 0x00007ffe4acc2000 	C:\WINDOWS\SYSTEM32\kernel.appcore.dll
0x00007ffe47140000 - 0x00007ffe4714a000 	C:\Program Files\Java\jdk-17.0.1\bin\jimage.dll
0x00007ffe38ea0000 - 0x00007ffe39084000 	C:\WINDOWS\SYSTEM32\DBGHELP.DLL
0x00007ffe32f60000 - 0x00007ffe32f94000 	C:\WINDOWS\SYSTEM32\dbgcore.DLL
0x00007ffe4d660000 - 0x00007ffe4d6e2000 	C:\WINDOWS\System32\bcryptPrimitives.dll
0x00007ffe47620000 - 0x00007ffe4762e000 	C:\Program Files\Java\jdk-17.0.1\bin\instrument.dll
0x00007ffe40a20000 - 0x00007ffe40a45000 	C:\Program Files\Java\jdk-17.0.1\bin\java.dll
0x00007ffe1aec0000 - 0x00007ffe1af96000 	C:\Program Files\Java\jdk-17.0.1\bin\svml.dll
0x00007ffe4dc40000 - 0x00007ffe4e384000 	C:\WINDOWS\System32\SHELL32.dll
0x00007ffe4aeb0000 - 0x00007ffe4b64b000 	C:\WINDOWS\SYSTEM32\windows.storage.dll
0x00007ffe4ea90000 - 0x00007ffe4ede4000 	C:\WINDOWS\System32\combase.dll
0x00007ffe4c850000 - 0x00007ffe4c87d000 	C:\WINDOWS\SYSTEM32\Wldp.dll
0x00007ffe4e740000 - 0x00007ffe4e7ed000 	C:\WINDOWS\System32\SHCORE.dll
0x00007ffe4ee90000 - 0x00007ffe4eee5000 	C:\WINDOWS\System32\shlwapi.dll
0x00007ffe4cd40000 - 0x00007ffe4cd65000 	C:\WINDOWS\SYSTEM32\profapi.dll
0x00007ffe46b00000 - 0x00007ffe46b18000 	C:\Program Files\Java\jdk-17.0.1\bin\zip.dll
0x00007ffe46680000 - 0x00007ffe46699000 	C:\Program Files\Java\jdk-17.0.1\bin\net.dll
0x00007ffe44fa0000 - 0x00007ffe450aa000 	C:\WINDOWS\SYSTEM32\WINHTTP.dll
0x00007ffe4c5b0000 - 0x00007ffe4c61a000 	C:\WINDOWS\system32\mswsock.dll
0x00007ffe45e40000 - 0x00007ffe45e55000 	C:\Program Files\Java\jdk-17.0.1\bin\nio.dll
0x00007ffe40bb0000 - 0x00007ffe40bca000 	C:\Program Files\IntelliJ IDEA 2020.3.2\bin\breakgen64.dll
0x00007ffe4c2a0000 - 0x00007ffe4c36a000 	C:\WINDOWS\SYSTEM32\DNSAPI.dll
0x00007ffe4c250000 - 0x00007ffe4c28b000 	C:\WINDOWS\SYSTEM32\IPHLPAPI.DLL
0x00007ffe4f260000 - 0x00007ffe4f268000 	C:\WINDOWS\System32\NSI.dll
0x00007ffe41330000 - 0x00007ffe4133a000 	C:\Windows\System32\rasadhlp.dll
0x00007ffe41060000 - 0x00007ffe410e2000 	C:\WINDOWS\System32\fwpuclnt.dll
0x00007ffe4d3f0000 - 0x00007ffe4d417000 	C:\WINDOWS\System32\bcrypt.dll
0x00007ffe462d0000 - 0x00007ffe462d9000 	C:\Program Files\Java\jdk-17.0.1\bin\management.dll
0x00007ffe45ff0000 - 0x00007ffe45ffb000 	C:\Program Files\Java\jdk-17.0.1\bin\management_ext.dll
0x00007ffe4c7a0000 - 0x00007ffe4c7b8000 	C:\WINDOWS\SYSTEM32\CRYPTSP.dll
0x00007ffe4bdf0000 - 0x00007ffe4be24000 	C:\WINDOWS\system32\rsaenh.dll
0x00007ffe4cd00000 - 0x00007ffe4cd2e000 	C:\WINDOWS\SYSTEM32\USERENV.dll
0x00007ffe4c7c0000 - 0x00007ffe4c7cc000 	C:\WINDOWS\SYSTEM32\CRYPTBASE.dll
0x00007ffe45b70000 - 0x00007ffe45b87000 	C:\WINDOWS\SYSTEM32\dhcpcsvc6.DLL
0x00007ffe45b50000 - 0x00007ffe45b6d000 	C:\WINDOWS\SYSTEM32\dhcpcsvc.DLL
0x00007ffe25350000 - 0x00007ffe25367000 	C:\WINDOWS\system32\napinsp.dll
0x00007ffe25370000 - 0x00007ffe2538b000 	C:\WINDOWS\system32\pnrpnsp.dll
0x00007ffe48070000 - 0x00007ffe48085000 	C:\WINDOWS\system32\wshbth.dll
0x00007ffe48a90000 - 0x00007ffe48aad000 	C:\WINDOWS\system32\NLAapi.dll
0x00007ffe25390000 - 0x00007ffe253a2000 	C:\WINDOWS\System32\winrnr.dll
0x00007ffe40a10000 - 0x00007ffe40a1e000 	C:\Program Files\Java\jdk-17.0.1\bin\sunmscapi.dll
0x00007ffe4cf10000 - 0x00007ffe4d06d000 	C:\WINDOWS\System32\CRYPT32.dll
0x00007ffe4c8c0000 - 0x00007ffe4c8e7000 	C:\WINDOWS\SYSTEM32\ncrypt.dll
0x00007ffe4c880000 - 0x00007ffe4c8bb000 	C:\WINDOWS\SYSTEM32\NTASN1.dll

dbghelp: loaded successfully - version: 4.0.5 - missing functions: none
symbol engine: initialized successfully - sym options: 0x614 - pdb path: .;C:\Program Files\Java\jdk-17.0.1\bin;C:\WINDOWS\SYSTEM32;C:\WINDOWS\WinSxS\amd64_microsoft.windows.common-controls_6595b64144ccf1df_6.0.19041.3570_none_60bb2a3971f3e41a;C:\Program Files\Java\jdk-17.0.1\bin\server;C:\Program Files\IntelliJ IDEA 2020.3.2\bin

VM Arguments:
jvm_args: -XX:TieredStopAtLevel=1 -Xverify:none -Dspring.output.ansi.enabled=always -javaagent:C:\Program Files\IntelliJ IDEA 2020.3.2\lib\idea_rt.jar=52786:C:\Program Files\IntelliJ IDEA 2020.3.2\bin -Dcom.sun.management.jmxremote -Dspring.jmx.enabled=true -Dspring.liveBeansView.mbeanDomain -Dspring.application.admin.enabled=true -Dfile.encoding=UTF-8 
java_command: com.fpoly.ooc.ApiServiceMsApplication
java_class_path (initial): E:\DATN\UD-HN_1998-outOFcollege\api-service-ms\target\classes;C:\Users\Admin\.m2\repository\org\springframework\boot\spring-boot-starter-data-jpa\3.1.3\spring-boot-starter-data-jpa-3.1.3.jar;C:\Users\Admin\.m2\repository\org\springframework\boot\spring-boot-starter-aop\3.1.3\spring-boot-starter-aop-3.1.3.jar;C:\Users\Admin\.m2\repository\org\springframework\spring-aop\6.0.11\spring-aop-6.0.11.jar;C:\Users\Admin\.m2\repository\org\aspectj\aspectjweaver\1.9.20\aspectjweaver-1.9.20.jar;C:\Users\Admin\.m2\repository\org\springframework\boot\spring-boot-starter-jdbc\3.1.3\spring-boot-starter-jdbc-3.1.3.jar;C:\Users\Admin\.m2\repository\com\zaxxer\HikariCP\5.0.1\HikariCP-5.0.1.jar;C:\Users\Admin\.m2\repository\org\springframework\spring-jdbc\6.0.11\spring-jdbc-6.0.11.jar;C:\Users\Admin\.m2\repository\org\hibernate\orm\hibernate-core\6.2.7.Final\hibernate-core-6.2.7.Final.jar;C:\Users\Admin\.m2\repository\jakarta\persistence\jakarta.persistence-api\3.1.0\jakarta.persistence-api-3.1.0.jar;C:\Users\Admin\.m2\repository\jakarta\transaction\jakarta.transaction-api\2.0.1\jakarta.transaction-api-2.0.1.jar;C:\Users\Admin\.m2\repository\org\jboss\logging\jboss-logging\3.5.3.Final\jboss-logging-3.5.3.Final.jar;C:\Users\Admin\.m2\repository\org\hibernate\common\hibernate-commons-annotations\6.0.6.Final\hibernate-commons-annotations-6.0.6.Final.jar;C:\Users\Admin\.m2\repository\io\smallrye\jandex\3.0.5\jandex-3.0.5.jar;C:\Users\Admin\.m2\repository\com\fasterxml\classmate\1.5.1\classmate-1.5.1.jar;C:\Users\Admin\.m2\repository\net\bytebuddy\byte-buddy\1.14.6\byte-buddy-1.14.6.jar;C:\Users\Admin\.m2\repository\org\glassfish\jaxb\jaxb-runtime\4.0.3\jaxb-runtime-4.0.3.jar;C:\Users\Admin\.m2\repository\org\glassfish\jaxb\jaxb-core\4.0.3\jaxb-core-4.0.3.jar;C:\Users\Admin\.m2\repository\org\glassfish\jaxb\txw2\4.0.3\txw2-4.0.3.jar;C:\Users\Admin\.m2\repository\com\sun\istack\istack-commons-runtime\4.1.2\istack-commons-runtime-4.1.2.jar;C:\Users\Admin\.m2\repos
Launcher Type: SUN_STANDARD

[Global flags]
     intx CICompilerCount                          = 4                                         {product} {ergonomic}
     uint ConcGCThreads                            = 2                                         {product} {ergonomic}
     uint G1ConcRefinementThreads                  = 8                                         {product} {ergonomic}
   size_t G1HeapRegionSize                         = 1048576                                   {product} {ergonomic}
    uintx GCDrainStackTargetSize                   = 64                                        {product} {ergonomic}
   size_t InitialHeapSize                          = 134217728                                 {product} {ergonomic}
     bool ManagementServer                         = true                                      {product} {command line}
   size_t MarkStackSize                            = 4194304                                   {product} {ergonomic}
   size_t MaxHeapSize                              = 2124414976                                {product} {ergonomic}
   size_t MaxNewSize                               = 1274019840                                {product} {ergonomic}
   size_t MinHeapDeltaBytes                        = 1048576                                   {product} {ergonomic}
   size_t MinHeapSize                              = 8388608                                   {product} {ergonomic}
    uintx NonProfiledCodeHeapSize                  = 0                                      {pd product} {ergonomic}
     bool ProfileInterpreter                       = false                                  {pd product} {command line}
    uintx ProfiledCodeHeapSize                     = 0                                      {pd product} {ergonomic}
   size_t SoftMaxHeapSize                          = 2124414976                             {manageable} {ergonomic}
     intx TieredStopAtLevel                        = 1                                         {product} {command line}
     bool UseCompressedClassPointers               = true                           {product lp64_product} {ergonomic}
     bool UseCompressedOops                        = true                           {product lp64_product} {ergonomic}
     bool UseG1GC                                  = true                                      {product} {ergonomic}
     bool UseLargePagesIndividualAllocation        = false                                  {pd product} {ergonomic}

Logging:
Log output configuration:
 #0: stdout all=warning uptime,level,tags
 #1: stderr all=off uptime,level,tags

Environment Variables:
JAVA_HOME=C:\Program Files\Java\jdk-17.0.1
PATH=C:\Program Files\Common Files\Oracle\Java\javapath;"C:\Program Files (x86)\Common Files\Oracle\Java\javapath;C:\Program Files\Java\jre1.8.0_311\bin;";C:\WINDOWS\system32;C:\WINDOWS;C:\WINDOWS\System32\Wbem;C:\WINDOWS\System32\WindowsPowerShell\v1.0\;C:\WINDOWS\System32\OpenSSH\;C:\Program Files (x86)\AMD\ATI.ACE\Core-Static;C:\Program Files\Java\jre1.8.0_311\bin;C:\Program Files\Microsoft VS Code\bin;C:\TDM-GCC-64\bin;C:\Program Files\Microsoft SQL Server\Client SDK\ODBC\170\Tools\Binn\;C:\Program Files (x86)\Microsoft SQL Server\150\Tools\Binn\;C:\Program Files\Microsoft SQL Server\150\Tools\Binn\;C:\Program Files\Microsoft SQL Server\150\DTS\Binn\;C:\Program Files (x86)\Microsoft SQL Server\150\DTS\Binn\;C:\Program Files\Azure Data Studio\bin;C:\Program Files\Git\cmd;C:\Program Files\nodejs\;C:\Users\Admin\AppData\Local\Programs\Python\Python310\Scripts\;C:\Users\Admin\AppData\Local\Programs\Python\Python310\;"C:\Users\Admin\AppData\Local\Microsoft\WindowsApps;";"C:\Users\Admin\AppData\Local\Programs\Microsoft VS Code\bin;";C:\Program Files\Java\jdk-17.0.1\bin\;C:\Program Files\Azure Data Studio\bin;C:\Users\Admin\Downloads\ngrok-stable-windows-amd64;C:\Program Files\JetBrains\IntelliJ IDEA Community Edition 2022.1\bin;;C:\Users\Admin\AppData\Roaming\npm;C:\TDM-GCC-64\bin;C:\Users\Admin\Downloads\apache-maven-3.9.3-bin\apache-maven-3.9.3\bin;
USERNAME=Admin
OS=Windows_NT
PROCESSOR_IDENTIFIER=Intel64 Family 6 Model 60 Stepping 3, GenuineIntel



---------------  S Y S T E M  ---------------

OS:
 Windows 10 , 64 bit Build 19041 (10.0.19041.3570)
OS uptime: 4 days 22:01 hours

CPU: total 8 (initial active 8) (4 cores per cpu, 2 threads per core) family 6 model 60 stepping 3 microcode 0x27, cx8, cmov, fxsr, ht, mmx, sse, sse2, sse3, ssse3, sse4.1, sse4.2, popcnt, lzcnt, tsc, tscinvbit, avx, avx2, aes, erms, clmul, bmi1, bmi2, fma, vzeroupper, clflush

Memory: 4k page, system-wide physical 8097M (1098M free)
TotalPageFile size 12940M (AvailPageFile size 57M)
current process WorkingSet (physical memory assigned to process): 246M, peak: 251M
current process commit charge ("private bytes"): 340M, peak: 407M

vm_info: Java HotSpot(TM) 64-Bit Server VM (17.0.1+12-LTS-39) for windows-amd64 JRE (17.0.1+12-LTS-39), built on Sep 27 2021 18:41:35 by "mach5one" with MS VC++ 16.8 (VS2019)

END.
