#
# There is insufficient memory for the Java Runtime Environment to continue.
# Native memory allocation (mmap) failed to map 8388608 bytes for G1 virtual space
# Possible reasons:
#   The system is out of physical RAM or swap space
#   The process is running with CompressedOops enabled, and the Java Heap may be blocking the growth of the native heap
# Possible solutions:
#   Reduce memory load on the system
#   Increase physical memory or swap space
#   Check if swap backing store is full
#   Decrease Java heap size (-Xmx/-Xms)
#   Decrease number of Java threads
#   Decrease Java thread stack sizes (-Xss)
#   Set larger code cache with -XX:ReservedCodeCacheSize=
#   JVM is running with Unscaled Compressed Oops mode in which the Java heap is
#     placed in the first 4GB address space. The Java Heap base address is the
#     maximum limit for the native heap growth. Please use -XX:HeapBaseMinAddress
#     to set the Java Heap base and to place the Java Heap above 4GB virtual address.
# This output file may be truncated or incomplete.
#
#  Out of Memory Error (os_windows.cpp:3469), pid=24148, tid=27132
#
# JRE version: Java(TM) SE Runtime Environment (17.0.1+12) (build 17.0.1+12-LTS-39)
# Java VM: Java HotSpot(TM) 64-Bit Server VM (17.0.1+12-LTS-39, mixed mode, emulated-client, sharing, tiered, compressed oops, compressed class ptrs, g1 gc, windows-amd64)
# No core dump will be written. Minidumps are not enabled by default on client versions of Windows
#

---------------  S U M M A R Y ------------

Command Line: -XX:TieredStopAtLevel=1 -Xverify:none -Dspring.output.ansi.enabled=always -javaagent:C:\Program Files\IntelliJ IDEA 2020.3.2\lib\idea_rt.jar=58608:C:\Program Files\IntelliJ IDEA 2020.3.2\bin -Dcom.sun.management.jmxremote -Dspring.jmx.enabled=true -Dspring.liveBeansView.mbeanDomain -Dspring.application.admin.enabled=true -Dfile.encoding=UTF-8 com.fpoly.ooc.ApiServiceMsApplication

Host: Intel(R) Core(TM) i7-4800MQ CPU @ 2.70GHz, 8 cores, 7G,  Windows 10 , 64 bit Build 19041 (10.0.19041.3570)
Time: Tue Nov  7 18:04:00 2023 SE Asia Standard Time elapsed time: 13.078520 seconds (0d 0h 0m 13s)

---------------  T H R E A D  ---------------

Current thread (0x00000205ea3c2170):  VMThread "VM Thread" [stack: 0x00000036bb100000,0x00000036bb200000] [id=27132]

Stack: [0x00000036bb100000,0x00000036bb200000]
Native frames: (J=compiled Java code, j=interpreted, Vv=VM code, C=native code)
V  [jvm.dll+0x66fa1a]
V  [jvm.dll+0x7ce5a4]
V  [jvm.dll+0x7cfd4e]
V  [jvm.dll+0x7d03b3]
V  [jvm.dll+0x242b05]
V  [jvm.dll+0x66ca39]
V  [jvm.dll+0x661502]
V  [jvm.dll+0x30081b]
V  [jvm.dll+0x307da6]
V  [jvm.dll+0x357a1e]
V  [jvm.dll+0x357c4f]
V  [jvm.dll+0x2d7ad8]
V  [jvm.dll+0x2d5da4]
V  [jvm.dll+0x2d53ac]
V  [jvm.dll+0x318d0b]
V  [jvm.dll+0x7d484b]
V  [jvm.dll+0x7d5584]
V  [jvm.dll+0x7d5a9c]
V  [jvm.dll+0x7d5e74]
V  [jvm.dll+0x7d5f40]
V  [jvm.dll+0x77e91a]
V  [jvm.dll+0x66e845]
C  [ucrtbase.dll+0x21bb2]
C  [KERNEL32.DLL+0x17344]
C  [ntdll.dll+0x526b1]

VM_Operation (0x00000036bc9fb390): G1CollectForAllocation, mode: safepoint, requested by thread 0x00000205eb9e52e0


---------------  P R O C E S S  ---------------

Threads class SMR info:
_java_thread_list=0x00000205efdf1b30, length=46, elements={
0x00000205d8571f50, 0x00000205ea3c9520, 0x00000205ea3cab30, 0x00000205ea3d9790,
0x00000205ea3dc410, 0x00000205ea3de570, 0x00000205ea3e36e0, 0x00000205ea3e91f0,
0x00000205ea40a390, 0x00000205ea3b58d0, 0x00000205eb07e450, 0x00000205eb082970,
0x00000205eb4ca890, 0x00000205eb4cad60, 0x00000205eb664660, 0x00000205eb9c4a80,
0x00000205eb9e52e0, 0x00000205ebb4a440, 0x00000205ebb8ca90, 0x00000205eca51c70,
0x00000205ec96e7b0, 0x00000205ec96ec80, 0x00000205ec96c130, 0x00000205ec96c600,
0x00000205ec96cfa0, 0x00000205ec96bc60, 0x00000205ec96cad0, 0x00000205ec96d470,
0x00000205ec96d940, 0x00000205ec96de10, 0x00000205ec96e2e0, 0x00000205ec96b2c0,
0x00000205ec96b790, 0x00000205ef232220, 0x00000205ef230ee0, 0x00000205ef2348a0,
0x00000205ef236f20, 0x00000205ef2313b0, 0x00000205ef231880, 0x00000205ef2373f0,
0x00000205ef235710, 0x00000205ef230a10, 0x00000205ef2378c0, 0x00000205ef230070,
0x00000205ef231d50, 0x00000205ef2326f0
}

Java Threads: ( => current thread )
  0x00000205d8571f50 JavaThread "main" [_thread_blocked, id=13084, stack(0x00000036bab00000,0x00000036bac00000)]
  0x00000205ea3c9520 JavaThread "Reference Handler" daemon [_thread_blocked, id=18656, stack(0x00000036bb200000,0x00000036bb300000)]
  0x00000205ea3cab30 JavaThread "Finalizer" daemon [_thread_blocked, id=15392, stack(0x00000036bb300000,0x00000036bb400000)]
  0x00000205ea3d9790 JavaThread "Signal Dispatcher" daemon [_thread_blocked, id=14480, stack(0x00000036bb400000,0x00000036bb500000)]
  0x00000205ea3dc410 JavaThread "Attach Listener" daemon [_thread_blocked, id=30404, stack(0x00000036bb500000,0x00000036bb600000)]
  0x00000205ea3de570 JavaThread "Service Thread" daemon [_thread_blocked, id=13224, stack(0x00000036bb600000,0x00000036bb700000)]
  0x00000205ea3e36e0 JavaThread "Monitor Deflation Thread" daemon [_thread_blocked, id=22192, stack(0x00000036bb700000,0x00000036bb800000)]
  0x00000205ea3e91f0 JavaThread "C1 CompilerThread0" daemon [_thread_blocked, id=30672, stack(0x00000036bb800000,0x00000036bb900000)]
  0x00000205ea40a390 JavaThread "Sweeper thread" daemon [_thread_blocked, id=22788, stack(0x00000036bb900000,0x00000036bba00000)]
  0x00000205ea3b58d0 JavaThread "Common-Cleaner" daemon [_thread_blocked, id=27064, stack(0x00000036bba00000,0x00000036bbb00000)]
  0x00000205eb07e450 JavaThread "C1 CompilerThread1" daemon [_thread_blocked, id=14996, stack(0x00000036bbb00000,0x00000036bbc00000)]
  0x00000205eb082970 JavaThread "C1 CompilerThread2" daemon [_thread_blocked, id=15160, stack(0x00000036bbc00000,0x00000036bbd00000)]
  0x00000205eb4ca890 JavaThread "Monitor Ctrl-Break" daemon [_thread_in_native, id=25864, stack(0x00000036bbd00000,0x00000036bbe00000)]
  0x00000205eb4cad60 JavaThread "Notification Thread" daemon [_thread_blocked, id=11084, stack(0x00000036bbe00000,0x00000036bbf00000)]
  0x00000205eb664660 JavaThread "RMI TCP Accept-0" daemon [_thread_blocked, id=28068, stack(0x00000036bbf00000,0x00000036bc000000)]
  0x00000205eb9c4a80 JavaThread "Thread-0" [_thread_blocked, id=820, stack(0x00000036bc800000,0x00000036bc900000)]
  0x00000205eb9e52e0 JavaThread "restartedMain" [_thread_blocked, id=17364, stack(0x00000036bc900000,0x00000036bca00000)]
  0x00000205ebb4a440 JavaThread "RMI TCP Connection(2)-192.168.56.1" daemon [_thread_in_native, id=12248, stack(0x00000036bca00000,0x00000036bcb00000)]
  0x00000205ebb8ca90 JavaThread "RMI Scheduler(0)" daemon [_thread_blocked, id=18720, stack(0x00000036bcc00000,0x00000036bcd00000)]
  0x00000205eca51c70 JavaThread "C1 CompilerThread3" daemon [_thread_blocked, id=26836, stack(0x00000036bcd00000,0x00000036bce00000)]
  0x00000205ec96e7b0 JavaThread "RMI TCP Connection(4)-192.168.56.1" daemon [_thread_in_native, id=21508, stack(0x00000036bcb00000,0x00000036bcc00000)]
  0x00000205ec96ec80 JavaThread "RMI TCP Connection(6)-192.168.56.1" daemon [_thread_in_native, id=16352, stack(0x00000036bcf00000,0x00000036bd000000)]
  0x00000205ec96c130 JavaThread "RMI TCP Connection(8)-192.168.56.1" daemon [_thread_in_native, id=26364, stack(0x00000036bd100000,0x00000036bd200000)]
  0x00000205ec96c600 JavaThread "RMI TCP Connection(11)-192.168.56.1" daemon [_thread_in_native, id=16380, stack(0x00000036bd200000,0x00000036bd300000)]
  0x00000205ec96cfa0 JavaThread "RMI TCP Connection(13)-192.168.56.1" daemon [_thread_in_native, id=944, stack(0x00000036bd300000,0x00000036bd400000)]
  0x00000205ec96bc60 JavaThread "RMI TCP Connection(15)-192.168.56.1" daemon [_thread_in_native, id=26828, stack(0x00000036bd400000,0x00000036bd500000)]
  0x00000205ec96cad0 JavaThread "Catalina-utility-1" [_thread_blocked, id=9660, stack(0x00000036bd500000,0x00000036bd600000)]
  0x00000205ec96d470 JavaThread "Catalina-utility-2" [_thread_blocked, id=28736, stack(0x00000036bd600000,0x00000036bd700000)]
  0x00000205ec96d940 JavaThread "container-0" [_thread_blocked, id=14152, stack(0x00000036bd700000,0x00000036bd800000)]
  0x00000205ec96de10 JavaThread "RMI TCP Connection(17)-192.168.56.1" daemon [_thread_in_native, id=11720, stack(0x00000036bd800000,0x00000036bd900000)]
  0x00000205ec96e2e0 JavaThread "RMI TCP Connection(19)-192.168.56.1" daemon [_thread_in_native, id=21884, stack(0x00000036bd900000,0x00000036bda00000)]
  0x00000205ec96b2c0 JavaThread "mssql-jdbc-shared-timer-core-0" daemon [_thread_blocked, id=20416, stack(0x00000036bdb00000,0x00000036bdc00000)]
  0x00000205ec96b790 JavaThread "HikariPool-1 housekeeper" daemon [_thread_blocked, id=13000, stack(0x00000036bdc00000,0x00000036bdd00000)]
  0x00000205ef232220 JavaThread "RMI TCP Connection(21)-192.168.56.1" daemon [_thread_in_native, id=17660, stack(0x00000036bde00000,0x00000036bdf00000)]
  0x00000205ef230ee0 JavaThread "RMI TCP Connection(23)-192.168.56.1" daemon [_thread_in_native, id=30296, stack(0x00000036bdf00000,0x00000036be000000)]
  0x00000205ef2348a0 JavaThread "RMI TCP Connection(25)-192.168.56.1" daemon [_thread_in_native, id=29348, stack(0x00000036be000000,0x00000036be100000)]
  0x00000205ef236f20 JavaThread "RMI TCP Connection(27)-192.168.56.1" daemon [_thread_in_native, id=5812, stack(0x00000036be100000,0x00000036be200000)]
  0x00000205ef2313b0 JavaThread "RMI TCP Connection(29)-192.168.56.1" daemon [_thread_in_native, id=2588, stack(0x00000036be200000,0x00000036be300000)]
  0x00000205ef231880 JavaThread "RMI TCP Connection(31)-192.168.56.1" daemon [_thread_in_native, id=30308, stack(0x00000036be300000,0x00000036be400000)]
  0x00000205ef2373f0 JavaThread "RMI TCP Connection(33)-192.168.56.1" daemon [_thread_in_native, id=21768, stack(0x00000036be400000,0x00000036be500000)]
  0x00000205ef235710 JavaThread "RMI TCP Connection(35)-192.168.56.1" daemon [_thread_in_native, id=24196, stack(0x00000036be500000,0x00000036be600000)]
  0x00000205ef230a10 JavaThread "RMI TCP Connection(37)-192.168.56.1" daemon [_thread_in_native, id=19592, stack(0x00000036be600000,0x00000036be700000)]
  0x00000205ef2378c0 JavaThread "RMI TCP Connection(39)-192.168.56.1" daemon [_thread_in_native, id=1204, stack(0x00000036be700000,0x00000036be800000)]
  0x00000205ef230070 JavaThread "RMI TCP Connection(41)-192.168.56.1" daemon [_thread_in_native, id=22276, stack(0x00000036bdd00000,0x00000036bde00000)]
  0x00000205ef231d50 JavaThread "RMI TCP Connection(43)-192.168.56.1" daemon [_thread_in_native, id=976, stack(0x00000036be800000,0x00000036be900000)]
  0x00000205ef2326f0 JavaThread "MessageBroker-1" [_thread_blocked, id=8704, stack(0x00000036be900000,0x00000036bea00000)]

Other Threads:
=>0x00000205ea3c2170 VMThread "VM Thread" [stack: 0x00000036bb100000,0x00000036bb200000] [id=27132]
  0x00000205d85c8bb0 WatcherThread [stack: 0x00000036bc000000,0x00000036bc100000] [id=19752]
  0x00000205d85afbf0 GCTaskThread "GC Thread#0" [stack: 0x00000036bac00000,0x00000036bad00000] [id=21056]
  0x00000205eb803eb0 GCTaskThread "GC Thread#1" [stack: 0x00000036bc100000,0x00000036bc200000] [id=17048]
  0x00000205eb9aa3d0 GCTaskThread "GC Thread#2" [stack: 0x00000036bc200000,0x00000036bc300000] [id=4132]
  0x00000205eb9cf850 GCTaskThread "GC Thread#3" [stack: 0x00000036bc300000,0x00000036bc400000] [id=28540]
  0x00000205eb9cfb00 GCTaskThread "GC Thread#4" [stack: 0x00000036bc400000,0x00000036bc500000] [id=8168]
  0x00000205eb9cfdb0 GCTaskThread "GC Thread#5" [stack: 0x00000036bc500000,0x00000036bc600000] [id=8960]
  0x00000205eb9e0090 GCTaskThread "GC Thread#6" [stack: 0x00000036bc600000,0x00000036bc700000] [id=13924]
  0x00000205ea4035b0 GCTaskThread "GC Thread#7" [stack: 0x00000036bce00000,0x00000036bcf00000] [id=16224]
  0x00000205d85c1880 ConcurrentGCThread "G1 Main Marker" [stack: 0x00000036bad00000,0x00000036bae00000] [id=6576]
  0x00000205d85c2a30 ConcurrentGCThread "G1 Conc#0" [stack: 0x00000036bae00000,0x00000036baf00000] [id=8656]
  0x00000205ece446c0 ConcurrentGCThread "G1 Conc#1" [stack: 0x00000036bd000000,0x00000036bd100000] [id=18296]
  0x00000205ea280090 ConcurrentGCThread "G1 Refine#0" [stack: 0x00000036baf00000,0x00000036bb000000] [id=1380]
  0x00000205eb9aaf80 ConcurrentGCThread "G1 Refine#1" [stack: 0x00000036bc700000,0x00000036bc800000] [id=29800]
  0x00000205ea280ab0 ConcurrentGCThread "G1 Service" [stack: 0x00000036bb000000,0x00000036bb100000] [id=23608]

Threads with active compile tasks:

VM state: at safepoint (normal execution)

VM Mutex/Monitor currently owned by a thread:  ([mutex/lock_event])
[0x00000205d856c2c0] Threads_lock - owner thread: 0x00000205ea3c2170
[0x00000205d856caa0] Heap_lock - owner thread: 0x00000205eb9e52e0

Heap address: 0x0000000081600000, size: 2026 MB, Compressed Oops mode: 32-bit

CDS archive(s) mapped at: [0x0000000800000000-0x0000000800bc0000-0x0000000800bc0000), size 12320768, SharedBaseAddress: 0x0000000800000000, ArchiveRelocationMode: 0.
Compressed class space mapped at: 0x0000000800c00000-0x0000000840c00000, reserved size: 1073741824
Narrow klass base: 0x0000000800000000, Narrow klass shift: 0, Narrow klass range: 0x100000000

GC Precious Log:
 CPUs: 8 total, 8 available
 Memory: 8097M
 Large Page Support: Disabled
 NUMA Support: Disabled
 Compressed Oops: Enabled (32-bit)
 Heap Region Size: 1M
 Heap Min Capacity: 8M
 Heap Initial Capacity: 128M
 Heap Max Capacity: 2026M
 Pre-touch: Disabled
 Parallel Workers: 8
 Concurrent Workers: 2
 Concurrent Refinement Workers: 8
 Periodic GC: Disabled

Heap:
 garbage-first heap   total 131072K, used 56458K [0x0000000081600000, 0x0000000100000000)
  region size 1024K, 5 young (5120K), 5 survivors (5120K)
 Metaspace       used 67838K, committed 68480K, reserved 1114112K
  class space    used 9533K, committed 9856K, reserved 1048576K

Heap Regions: E=young(eden), S=young(survivor), O=old, HS=humongous(starts), HC=humongous(continues), CS=collection set, F=free, OA=open archive, CA=closed archive, TAMS=top-at-mark-start (previous, next)
|   0|0x0000000081600000, 0x0000000081700000, 0x0000000081700000|100%|HS|  |TAMS 0x0000000081700000, 0x0000000081600000| Complete 
|   1|0x0000000081700000, 0x0000000081800000, 0x0000000081800000|100%| O|  |TAMS 0x0000000081800000, 0x0000000081700000| Untracked 
|   2|0x0000000081800000, 0x0000000081900000, 0x0000000081900000|100%| O|  |TAMS 0x0000000081900000, 0x0000000081800000| Untracked 
|   3|0x0000000081900000, 0x0000000081a00000, 0x0000000081a00000|100%| O|  |TAMS 0x0000000081a00000, 0x0000000081900000| Untracked 
|   4|0x0000000081a00000, 0x0000000081b00000, 0x0000000081b00000|100%| O|  |TAMS 0x0000000081b00000, 0x0000000081a00000| Untracked 
|   5|0x0000000081b00000, 0x0000000081c00000, 0x0000000081c00000|100%| O|  |TAMS 0x0000000081c00000, 0x0000000081b00000| Untracked 
|   6|0x0000000081c00000, 0x0000000081d00000, 0x0000000081d00000|100%| O|  |TAMS 0x0000000081d00000, 0x0000000081c00000| Untracked 
|   7|0x0000000081d00000, 0x0000000081e00000, 0x0000000081e00000|100%| O|  |TAMS 0x0000000081e00000, 0x0000000081d00000| Untracked 
|   8|0x0000000081e00000, 0x0000000081f00000, 0x0000000081f00000|100%| O|  |TAMS 0x0000000081f00000, 0x0000000081e00000| Untracked 
|   9|0x0000000081f00000, 0x0000000082000000, 0x0000000082000000|100%| O|  |TAMS 0x0000000082000000, 0x0000000081f00000| Untracked 
|  10|0x0000000082000000, 0x0000000082100000, 0x0000000082100000|100%| O|  |TAMS 0x0000000082100000, 0x0000000082000000| Untracked 
|  11|0x0000000082100000, 0x0000000082200000, 0x0000000082200000|100%| O|  |TAMS 0x0000000082200000, 0x0000000082100000| Untracked 
|  12|0x0000000082200000, 0x0000000082300000, 0x0000000082300000|100%| O|  |TAMS 0x0000000082300000, 0x0000000082200000| Untracked 
|  13|0x0000000082300000, 0x000000008238a200, 0x0000000082400000| 53%| O|  |TAMS 0x000000008238a200, 0x0000000082300000| Untracked 
|  14|0x0000000082400000, 0x0000000082500000, 0x0000000082500000|100%| O|  |TAMS 0x0000000082500000, 0x0000000082400000| Untracked 
|  15|0x0000000082500000, 0x0000000082600000, 0x0000000082600000|100%| O|  |TAMS 0x0000000082600000, 0x0000000082500000| Untracked 
|  16|0x0000000082600000, 0x0000000082700000, 0x0000000082700000|100%| O|  |TAMS 0x0000000082700000, 0x0000000082600000| Untracked 
|  17|0x0000000082700000, 0x0000000082800000, 0x0000000082800000|100%| O|  |TAMS 0x0000000082800000, 0x0000000082700000| Untracked 
|  18|0x0000000082800000, 0x0000000082900000, 0x0000000082900000|100%| O|  |TAMS 0x0000000082900000, 0x0000000082800000| Untracked 
|  19|0x0000000082900000, 0x0000000082a00000, 0x0000000082a00000|100%| O|  |TAMS 0x0000000082a00000, 0x0000000082900000| Untracked 
|  20|0x0000000082a00000, 0x0000000082b00000, 0x0000000082b00000|100%| O|  |TAMS 0x0000000082b00000, 0x0000000082a00000| Untracked 
|  21|0x0000000082b00000, 0x0000000082c00000, 0x0000000082c00000|100%| O|  |TAMS 0x0000000082c00000, 0x0000000082b00000| Untracked 
|  22|0x0000000082c00000, 0x0000000082d00000, 0x0000000082d00000|100%| O|  |TAMS 0x0000000082d00000, 0x0000000082c00000| Untracked 
|  23|0x0000000082d00000, 0x0000000082e00000, 0x0000000082e00000|100%| O|  |TAMS 0x0000000082e00000, 0x0000000082d00000| Untracked 
|  24|0x0000000082e00000, 0x0000000082f00000, 0x0000000082f00000|100%| O|  |TAMS 0x0000000082f00000, 0x0000000082e00000| Untracked 
|  25|0x0000000082f00000, 0x0000000083000000, 0x0000000083000000|100%| O|  |TAMS 0x0000000083000000, 0x0000000082f00000| Untracked 
|  26|0x0000000083000000, 0x0000000083100000, 0x0000000083100000|100%| O|  |TAMS 0x0000000083100000, 0x0000000083000000| Untracked 
|  27|0x0000000083100000, 0x0000000083200000, 0x0000000083200000|100%| O|  |TAMS 0x0000000083200000, 0x0000000083100000| Untracked 
|  28|0x0000000083200000, 0x0000000083300000, 0x0000000083300000|100%| O|  |TAMS 0x0000000083300000, 0x0000000083200000| Untracked 
|  29|0x0000000083300000, 0x0000000083400000, 0x0000000083400000|100%| O|  |TAMS 0x0000000083400000, 0x0000000083300000| Untracked 
|  30|0x0000000083400000, 0x0000000083500000, 0x0000000083500000|100%| O|  |TAMS 0x0000000083500000, 0x0000000083400000| Untracked 
|  31|0x0000000083500000, 0x0000000083600000, 0x0000000083600000|100%| O|  |TAMS 0x0000000083600000, 0x0000000083500000| Untracked 
|  32|0x0000000083600000, 0x0000000083700000, 0x0000000083700000|100%| O|  |TAMS 0x0000000083700000, 0x0000000083600000| Untracked 
|  33|0x0000000083700000, 0x0000000083800000, 0x0000000083800000|100%| O|  |TAMS 0x0000000083800000, 0x0000000083700000| Untracked 
|  34|0x0000000083800000, 0x0000000083900000, 0x0000000083900000|100%| O|  |TAMS 0x0000000083900000, 0x0000000083800000| Untracked 
|  35|0x0000000083900000, 0x0000000083a00000, 0x0000000083a00000|100%| O|  |TAMS 0x0000000083a00000, 0x0000000083900000| Untracked 
|  36|0x0000000083a00000, 0x0000000083b00000, 0x0000000083b00000|100%| O|  |TAMS 0x0000000083b00000, 0x0000000083a00000| Untracked 
|  37|0x0000000083b00000, 0x0000000083c00000, 0x0000000083c00000|100%| O|  |TAMS 0x0000000083c00000, 0x0000000083b00000| Untracked 
|  38|0x0000000083c00000, 0x0000000083d00000, 0x0000000083d00000|100%| O|  |TAMS 0x0000000083c31000, 0x0000000083c00000| Untracked 
|  39|0x0000000083d00000, 0x0000000083e00000, 0x0000000083e00000|100%| O|  |TAMS 0x0000000083d00000, 0x0000000083d00000| Untracked 
|  40|0x0000000083e00000, 0x0000000083f00000, 0x0000000083f00000|100%| O|  |TAMS 0x0000000083e00000, 0x0000000083e00000| Untracked 
|  41|0x0000000083f00000, 0x0000000084000000, 0x0000000084000000|100%| O|  |TAMS 0x0000000083f00000, 0x0000000083f00000| Untracked 
|  42|0x0000000084000000, 0x0000000084100000, 0x0000000084100000|100%| O|  |TAMS 0x0000000084000000, 0x0000000084000000| Untracked 
|  43|0x0000000084100000, 0x0000000084200000, 0x0000000084200000|100%| O|  |TAMS 0x0000000084100000, 0x0000000084100000| Untracked 
|  44|0x0000000084200000, 0x0000000084300000, 0x0000000084300000|100%| O|  |TAMS 0x0000000084200000, 0x0000000084200000| Untracked 
|  45|0x0000000084300000, 0x0000000084400000, 0x0000000084400000|100%| O|  |TAMS 0x0000000084300000, 0x0000000084300000| Untracked 
|  46|0x0000000084400000, 0x0000000084500000, 0x0000000084500000|100%| O|  |TAMS 0x0000000084400000, 0x0000000084400000| Untracked 
|  47|0x0000000084500000, 0x0000000084600000, 0x0000000084600000|100%| O|  |TAMS 0x0000000084500000, 0x0000000084500000| Untracked 
|  48|0x0000000084600000, 0x0000000084700000, 0x0000000084700000|100%| O|  |TAMS 0x0000000084600000, 0x0000000084600000| Untracked 
|  49|0x0000000084700000, 0x0000000084800000, 0x0000000084800000|100%| O|  |TAMS 0x0000000084700000, 0x0000000084700000| Untracked 
|  50|0x0000000084800000, 0x0000000084900000, 0x0000000084900000|100%| O|  |TAMS 0x0000000084800000, 0x0000000084800000| Untracked 
|  51|0x0000000084900000, 0x0000000084936600, 0x0000000084a00000| 21%| O|  |TAMS 0x0000000084900000, 0x0000000084900000| Untracked 
|  52|0x0000000084a00000, 0x0000000084a00000, 0x0000000084b00000|  0%| F|  |TAMS 0x0000000084a00000, 0x0000000084a00000| Untracked 
|  53|0x0000000084b00000, 0x0000000084b00000, 0x0000000084c00000|  0%| F|  |TAMS 0x0000000084b00000, 0x0000000084b00000| Untracked 
|  54|0x0000000084c00000, 0x0000000084c00000, 0x0000000084d00000|  0%| F|  |TAMS 0x0000000084c00000, 0x0000000084c00000| Untracked 
|  55|0x0000000084d00000, 0x0000000084d00000, 0x0000000084e00000|  0%| F|  |TAMS 0x0000000084d00000, 0x0000000084d00000| Untracked 
|  56|0x0000000084e00000, 0x0000000084e00000, 0x0000000084f00000|  0%| F|  |TAMS 0x0000000084e00000, 0x0000000084e00000| Untracked 
|  57|0x0000000084f00000, 0x0000000084f00000, 0x0000000085000000|  0%| F|  |TAMS 0x0000000084f00000, 0x0000000084f00000| Untracked 
|  58|0x0000000085000000, 0x0000000085000000, 0x0000000085100000|  0%| F|  |TAMS 0x0000000085000000, 0x0000000085000000| Untracked 
|  59|0x0000000085100000, 0x0000000085100000, 0x0000000085200000|  0%| F|  |TAMS 0x0000000085100000, 0x0000000085100000| Untracked 
|  60|0x0000000085200000, 0x0000000085200000, 0x0000000085300000|  0%| F|  |TAMS 0x0000000085200000, 0x0000000085200000| Untracked 
|  61|0x0000000085300000, 0x0000000085300000, 0x0000000085400000|  0%| F|  |TAMS 0x0000000085300000, 0x0000000085300000| Untracked 
|  62|0x0000000085400000, 0x0000000085400000, 0x0000000085500000|  0%| F|  |TAMS 0x0000000085400000, 0x0000000085400000| Untracked 
|  63|0x0000000085500000, 0x0000000085562340, 0x0000000085600000| 38%| S|CS|TAMS 0x0000000085500000, 0x0000000085500000| Complete 
|  64|0x0000000085600000, 0x0000000085700000, 0x0000000085700000|100%| S|CS|TAMS 0x0000000085600000, 0x0000000085600000| Complete 
|  65|0x0000000085700000, 0x0000000085700000, 0x0000000085800000|  0%| F|  |TAMS 0x0000000085700000, 0x0000000085700000| Untracked 
|  66|0x0000000085800000, 0x0000000085800000, 0x0000000085900000|  0%| F|  |TAMS 0x0000000085800000, 0x0000000085800000| Untracked 
|  67|0x0000000085900000, 0x0000000085a00000, 0x0000000085a00000|100%| S|CS|TAMS 0x0000000085900000, 0x0000000085900000| Complete 
|  68|0x0000000085a00000, 0x0000000085b00000, 0x0000000085b00000|100%| S|CS|TAMS 0x0000000085a00000, 0x0000000085a00000| Complete 
|  69|0x0000000085b00000, 0x0000000085b00000, 0x0000000085c00000|  0%| F|  |TAMS 0x0000000085b00000, 0x0000000085b00000| Untracked 
|  70|0x0000000085c00000, 0x0000000085c00000, 0x0000000085d00000|  0%| F|  |TAMS 0x0000000085c00000, 0x0000000085c00000| Untracked 
|  71|0x0000000085d00000, 0x0000000085e00000, 0x0000000085e00000|100%| S|CS|TAMS 0x0000000085d00000, 0x0000000085d00000| Complete 
|  72|0x0000000085e00000, 0x0000000085e00000, 0x0000000085f00000|  0%| F|  |TAMS 0x0000000085e00000, 0x0000000085e00000| Untracked 
|  73|0x0000000085f00000, 0x0000000085f00000, 0x0000000086000000|  0%| F|  |TAMS 0x0000000085f00000, 0x0000000085f00000| Untracked 
|  74|0x0000000086000000, 0x0000000086000000, 0x0000000086100000|  0%| F|  |TAMS 0x0000000086000000, 0x0000000086000000| Untracked 
|  75|0x0000000086100000, 0x0000000086100000, 0x0000000086200000|  0%| F|  |TAMS 0x0000000086100000, 0x0000000086100000| Untracked 
|  76|0x0000000086200000, 0x0000000086200000, 0x0000000086300000|  0%| F|  |TAMS 0x0000000086200000, 0x0000000086200000| Untracked 
|  77|0x0000000086300000, 0x0000000086300000, 0x0000000086400000|  0%| F|  |TAMS 0x0000000086300000, 0x0000000086300000| Untracked 
|  78|0x0000000086400000, 0x0000000086400000, 0x0000000086500000|  0%| F|  |TAMS 0x0000000086400000, 0x0000000086400000| Untracked 
|  79|0x0000000086500000, 0x0000000086500000, 0x0000000086600000|  0%| F|  |TAMS 0x0000000086500000, 0x0000000086500000| Untracked 
|  80|0x0000000086600000, 0x0000000086600000, 0x0000000086700000|  0%| F|  |TAMS 0x0000000086600000, 0x0000000086600000| Untracked 
|  81|0x0000000086700000, 0x0000000086700000, 0x0000000086800000|  0%| F|  |TAMS 0x0000000086700000, 0x0000000086700000| Untracked 
|  82|0x0000000086800000, 0x0000000086800000, 0x0000000086900000|  0%| F|  |TAMS 0x0000000086800000, 0x0000000086800000| Untracked 
|  83|0x0000000086900000, 0x0000000086900000, 0x0000000086a00000|  0%| F|  |TAMS 0x0000000086900000, 0x0000000086900000| Untracked 
|  84|0x0000000086a00000, 0x0000000086a00000, 0x0000000086b00000|  0%| F|  |TAMS 0x0000000086a00000, 0x0000000086a00000| Untracked 
|  85|0x0000000086b00000, 0x0000000086b00000, 0x0000000086c00000|  0%| F|  |TAMS 0x0000000086b00000, 0x0000000086b00000| Untracked 
|  86|0x0000000086c00000, 0x0000000086c00000, 0x0000000086d00000|  0%| F|  |TAMS 0x0000000086c00000, 0x0000000086c00000| Untracked 
|  87|0x0000000086d00000, 0x0000000086d00000, 0x0000000086e00000|  0%| F|  |TAMS 0x0000000086d00000, 0x0000000086d00000| Untracked 
|  88|0x0000000086e00000, 0x0000000086e00000, 0x0000000086f00000|  0%| F|  |TAMS 0x0000000086e00000, 0x0000000086e00000| Untracked 
|  89|0x0000000086f00000, 0x0000000086f00000, 0x0000000087000000|  0%| F|  |TAMS 0x0000000086f00000, 0x0000000086f00000| Untracked 
|  90|0x0000000087000000, 0x0000000087000000, 0x0000000087100000|  0%| F|  |TAMS 0x0000000087000000, 0x0000000087000000| Untracked 
|  91|0x0000000087100000, 0x0000000087100000, 0x0000000087200000|  0%| F|  |TAMS 0x0000000087100000, 0x0000000087100000| Untracked 
|  92|0x0000000087200000, 0x0000000087200000, 0x0000000087300000|  0%| F|  |TAMS 0x0000000087200000, 0x0000000087200000| Untracked 
|  93|0x0000000087300000, 0x0000000087300000, 0x0000000087400000|  0%| F|  |TAMS 0x0000000087300000, 0x0000000087300000| Untracked 
|  94|0x0000000087400000, 0x0000000087400000, 0x0000000087500000|  0%| F|  |TAMS 0x0000000087400000, 0x0000000087400000| Untracked 
|  95|0x0000000087500000, 0x0000000087500000, 0x0000000087600000|  0%| F|  |TAMS 0x0000000087500000, 0x0000000087500000| Untracked 
|  96|0x0000000087600000, 0x0000000087600000, 0x0000000087700000|  0%| F|  |TAMS 0x0000000087600000, 0x0000000087600000| Untracked 
|  97|0x0000000087700000, 0x0000000087700000, 0x0000000087800000|  0%| F|  |TAMS 0x0000000087700000, 0x0000000087700000| Untracked 
|  98|0x0000000087800000, 0x0000000087800000, 0x0000000087900000|  0%| F|  |TAMS 0x0000000087800000, 0x0000000087800000| Untracked 
|  99|0x0000000087900000, 0x0000000087900000, 0x0000000087a00000|  0%| F|  |TAMS 0x0000000087900000, 0x0000000087900000| Untracked 
| 100|0x0000000087a00000, 0x0000000087a00000, 0x0000000087b00000|  0%| F|  |TAMS 0x0000000087a00000, 0x0000000087a00000| Untracked 
| 101|0x0000000087b00000, 0x0000000087b00000, 0x0000000087c00000|  0%| F|  |TAMS 0x0000000087b00000, 0x0000000087b00000| Untracked 
| 102|0x0000000087c00000, 0x0000000087c00000, 0x0000000087d00000|  0%| F|  |TAMS 0x0000000087c00000, 0x0000000087c00000| Untracked 
| 103|0x0000000087d00000, 0x0000000087d00000, 0x0000000087e00000|  0%| F|  |TAMS 0x0000000087d00000, 0x0000000087d00000| Untracked 
| 104|0x0000000087e00000, 0x0000000087e00000, 0x0000000087f00000|  0%| F|  |TAMS 0x0000000087e00000, 0x0000000087e00000| Untracked 
| 105|0x0000000087f00000, 0x0000000087f00000, 0x0000000088000000|  0%| F|  |TAMS 0x0000000087f00000, 0x0000000087f00000| Untracked 
| 106|0x0000000088000000, 0x0000000088000000, 0x0000000088100000|  0%| F|  |TAMS 0x0000000088000000, 0x0000000088000000| Untracked 
| 107|0x0000000088100000, 0x0000000088100000, 0x0000000088200000|  0%| F|  |TAMS 0x0000000088100000, 0x0000000088100000| Untracked 
| 108|0x0000000088200000, 0x0000000088200000, 0x0000000088300000|  0%| F|  |TAMS 0x0000000088200000, 0x0000000088200000| Untracked 
| 109|0x0000000088300000, 0x0000000088300000, 0x0000000088400000|  0%| F|  |TAMS 0x0000000088300000, 0x0000000088300000| Untracked 
| 110|0x0000000088400000, 0x0000000088400000, 0x0000000088500000|  0%| F|  |TAMS 0x0000000088400000, 0x0000000088400000| Untracked 
| 111|0x0000000088500000, 0x0000000088500000, 0x0000000088600000|  0%| F|  |TAMS 0x0000000088500000, 0x0000000088500000| Untracked 
| 112|0x0000000088600000, 0x0000000088600000, 0x0000000088700000|  0%| F|  |TAMS 0x0000000088600000, 0x0000000088600000| Untracked 
| 113|0x0000000088700000, 0x0000000088700000, 0x0000000088800000|  0%| F|  |TAMS 0x0000000088700000, 0x0000000088700000| Untracked 
| 114|0x0000000088800000, 0x0000000088800000, 0x0000000088900000|  0%| F|  |TAMS 0x0000000088800000, 0x0000000088800000| Untracked 
| 115|0x0000000088900000, 0x0000000088900000, 0x0000000088a00000|  0%| F|  |TAMS 0x0000000088900000, 0x0000000088900000| Untracked 
| 116|0x0000000088a00000, 0x0000000088a00000, 0x0000000088b00000|  0%| F|  |TAMS 0x0000000088a00000, 0x0000000088a00000| Untracked 
| 117|0x0000000088b00000, 0x0000000088b00000, 0x0000000088c00000|  0%| F|  |TAMS 0x0000000088b00000, 0x0000000088b00000| Untracked 
| 118|0x0000000088c00000, 0x0000000088c00000, 0x0000000088d00000|  0%| F|  |TAMS 0x0000000088c00000, 0x0000000088c00000| Untracked 
| 119|0x0000000088d00000, 0x0000000088d00000, 0x0000000088e00000|  0%| F|  |TAMS 0x0000000088d00000, 0x0000000088d00000| Untracked 
| 120|0x0000000088e00000, 0x0000000088e00000, 0x0000000088f00000|  0%| F|  |TAMS 0x0000000088e00000, 0x0000000088e00000| Untracked 
| 121|0x0000000088f00000, 0x0000000088f00000, 0x0000000089000000|  0%| F|  |TAMS 0x0000000088f00000, 0x0000000088f00000| Untracked 
| 122|0x0000000089000000, 0x0000000089000000, 0x0000000089100000|  0%| F|  |TAMS 0x0000000089000000, 0x0000000089000000| Untracked 
| 123|0x0000000089100000, 0x0000000089100000, 0x0000000089200000|  0%| F|  |TAMS 0x0000000089100000, 0x0000000089100000| Untracked 
| 124|0x0000000089200000, 0x0000000089200000, 0x0000000089300000|  0%| F|  |TAMS 0x0000000089200000, 0x0000000089200000| Untracked 
| 125|0x0000000089300000, 0x0000000089300000, 0x0000000089400000|  0%| F|  |TAMS 0x0000000089300000, 0x0000000089300000| Untracked 
| 126|0x0000000089400000, 0x0000000089400000, 0x0000000089500000|  0%| F|  |TAMS 0x0000000089400000, 0x0000000089400000| Untracked 
| 127|0x0000000089500000, 0x0000000089500000, 0x0000000089600000|  0%| F|  |TAMS 0x0000000089500000, 0x0000000089500000| Untracked 

Card table byte_map: [0x00000205e3280000,0x00000205e3680000] _byte_map_base: 0x00000205e2e75000

Marking Bits (Prev, Next): (CMBitMap*) 0x00000205d85b0200, (CMBitMap*) 0x00000205d85b0240
 Prev Bits: [0x00000205e3a80000, 0x00000205e5a28000)
 Next Bits: [0x00000205e5a30000, 0x00000205e79d8000)

Polling page: 0x00000205d64f0000

Metaspace:

Usage:
  Non-class:     56.94 MB used.
      Class:      9.31 MB used.
       Both:     66.25 MB used.

Virtual space:
  Non-class space:       64.00 MB reserved,      57.25 MB ( 89%) committed,  8 nodes.
      Class space:        1.00 GB reserved,       9.62 MB ( <1%) committed,  1 nodes.
             Both:        1.06 GB reserved,      66.88 MB (  6%) committed. 

Chunk freelists:
   Non-Class:  2.70 MB
       Class:  2.34 MB
        Both:  5.05 MB

MaxMetaspaceSize: unlimited
CompressedClassSpaceSize: 1.00 GB
Initial GC threshold: 21.00 MB
Current GC threshold: 103.88 MB
CDS: on
MetaspaceReclaimPolicy: balanced
 - commit_granule_bytes: 65536.
 - commit_granule_words: 8192.
 - virtual_space_node_default_size: 1048576.
 - enlarge_chunks_in_place: 1.
 - new_chunks_are_fully_committed: 0.
 - uncommit_free_chunks: 1.
 - use_allocation_guard: 0.
 - handle_deallocations: 1.


Internal statistics:

num_allocs_failed_limit: 9.
num_arena_births: 982.
num_arena_deaths: 0.
num_vsnodes_births: 9.
num_vsnodes_deaths: 0.
num_space_committed: 1070.
num_space_uncommitted: 0.
num_chunks_returned_to_freelist: 9.
num_chunks_taken_from_freelist: 3610.
num_chunk_merges: 9.
num_chunk_splits: 2460.
num_chunks_enlarged: 1746.
num_purges: 0.
num_inconsistent_stats: 0.

CodeCache: size=49152Kb used=18226Kb max_used=18226Kb free=30925Kb
 bounds [0x00000205dfd70000, 0x00000205e0f40000, 0x00000205e2d70000]
 total_blobs=10314 nmethods=9620 adapters=617
 compilation: enabled
              stopped_count=0, restarted_count=0
 full_count=0

Compilation events (20 events):
Event: 13.001 Thread 0x00000205eb082970 9611       1       org.springframework.core.MethodIntrospector::lambda$selectMethods$0 (59 bytes)
Event: 13.001 Thread 0x00000205eb082970 nmethod 9611 0x00000205e0f39610 code [0x00000205e0f397e0, 0x00000205e0f39988]
Event: 13.001 Thread 0x00000205eb082970 9612       1       java.util.concurrent.atomic.AtomicBoolean::get (13 bytes)
Event: 13.001 Thread 0x00000205eb082970 nmethod 9612 0x00000205e0f39b10 code [0x00000205e0f39ca0, 0x00000205e0f39d78]
Event: 13.006 Thread 0x00000205eb082970 9613       1       org.springframework.context.support.AbstractApplicationContext::assertBeanFactoryActive (55 bytes)
Event: 13.007 Thread 0x00000205eb082970 nmethod 9613 0x00000205e0f39e10 code [0x00000205e0f39fe0, 0x00000205e0f3a2b8]
Event: 13.007 Thread 0x00000205eb082970 9614       1       org.springframework.context.support.AbstractApplicationContext::getType (15 bytes)
Event: 13.007 Thread 0x00000205eb082970 nmethod 9614 0x00000205e0f3a490 code [0x00000205e0f3a640, 0x00000205e0f3a758]
Event: 13.007 Thread 0x00000205eca51c70 9615       1       org.springframework.messaging.simp.annotation.support.SimpAnnotationMethodMessageHandler::isHandler (8 bytes)
Event: 13.007 Thread 0x00000205eca51c70 nmethod 9615 0x00000205e0f3a890 code [0x00000205e0f3aa20, 0x00000205e0f3ab08]
Event: 13.031 Thread 0x00000205eb07e450 9616       1       org.springframework.beans.factory.InjectionPoint::<init> (16 bytes)
Event: 13.031 Thread 0x00000205eb07e450 nmethod 9616 0x00000205e0f3ab90 code [0x00000205e0f3ad40, 0x00000205e0f3af08]
Event: 13.035 Thread 0x00000205eca51c70 9617   !   1       jdk.proxy2.$Proxy48::annotationType (29 bytes)
Event: 13.035 Thread 0x00000205eca51c70 nmethod 9617 0x00000205e0f3b010 code [0x00000205e0f3b1c0, 0x00000205e0f3b398]
Event: 13.040 Thread 0x00000205eb07e450 9618       1       java.lang.invoke.MethodHandle::asCollectorChecks (74 bytes)
Event: 13.041 Thread 0x00000205eb07e450 nmethod 9618 0x00000205e0f3b510 code [0x00000205e0f3b700, 0x00000205e0f3ba28]
Event: 13.042 Thread 0x00000205eb082970 9619       1       org.springframework.beans.factory.config.DependencyDescriptor::<init> (8 bytes)
Event: 13.042 Thread 0x00000205eb082970 nmethod 9619 0x00000205e0f3bc90 code [0x00000205e0f3be20, 0x00000205e0f3bf08]
Event: 13.042 Thread 0x00000205eca51c70 9620       1       org.springframework.beans.factory.config.DependencyDescriptor::<init> (74 bytes)
Event: 13.043 Thread 0x00000205eca51c70 nmethod 9620 0x00000205e0f3bf90 code [0x00000205e0f3c180, 0x00000205e0f3c6d8]

GC Heap History (20 events):
Event: 9.853 GC heap after
{Heap after GC invocations=26 (full 0):
 garbage-first heap   total 87040K, used 40596K [0x0000000081600000, 0x0000000100000000)
  region size 1024K, 3 young (3072K), 3 survivors (3072K)
 Metaspace       used 62239K, committed 62912K, reserved 1105920K
  class space    used 8699K, committed 9024K, reserved 1048576K
}
Event: 10.142 GC heap before
{Heap before GC invocations=26 (full 0):
 garbage-first heap   total 87040K, used 71316K [0x0000000081600000, 0x0000000100000000)
  region size 1024K, 33 young (33792K), 3 survivors (3072K)
 Metaspace       used 62717K, committed 63360K, reserved 1105920K
  class space    used 8799K, committed 9088K, reserved 1048576K
}
Event: 10.146 GC heap after
{Heap after GC invocations=27 (full 0):
 garbage-first heap   total 87040K, used 42069K [0x0000000081600000, 0x0000000100000000)
  region size 1024K, 4 young (4096K), 4 survivors (4096K)
 Metaspace       used 62717K, committed 63360K, reserved 1105920K
  class space    used 8799K, committed 9088K, reserved 1048576K
}
Event: 10.378 GC heap before
{Heap before GC invocations=27 (full 0):
 garbage-first heap   total 87040K, used 70741K [0x0000000081600000, 0x0000000100000000)
  region size 1024K, 32 young (32768K), 4 survivors (4096K)
 Metaspace       used 63162K, committed 63808K, reserved 1105920K
  class space    used 8901K, committed 9216K, reserved 1048576K
}
Event: 10.381 GC heap after
{Heap after GC invocations=28 (full 0):
 garbage-first heap   total 87040K, used 43138K [0x0000000081600000, 0x0000000100000000)
  region size 1024K, 3 young (3072K), 3 survivors (3072K)
 Metaspace       used 63162K, committed 63808K, reserved 1105920K
  class space    used 8901K, committed 9216K, reserved 1048576K
}
Event: 10.633 GC heap before
{Heap before GC invocations=29 (full 0):
 garbage-first heap   total 96256K, used 71810K [0x0000000081600000, 0x0000000100000000)
  region size 1024K, 31 young (31744K), 3 survivors (3072K)
 Metaspace       used 63274K, committed 63872K, reserved 1105920K
  class space    used 8923K, committed 9216K, reserved 1048576K
}
Event: 10.636 GC heap after
{Heap after GC invocations=30 (full 0):
 garbage-first heap   total 96256K, used 44148K [0x0000000081600000, 0x0000000100000000)
  region size 1024K, 3 young (3072K), 3 survivors (3072K)
 Metaspace       used 63274K, committed 63872K, reserved 1105920K
  class space    used 8923K, committed 9216K, reserved 1048576K
}
Event: 10.881 GC heap before
{Heap before GC invocations=30 (full 0):
 garbage-first heap   total 96256K, used 78964K [0x0000000081600000, 0x0000000100000000)
  region size 1024K, 37 young (37888K), 3 survivors (3072K)
 Metaspace       used 63440K, committed 64128K, reserved 1105920K
  class space    used 8953K, committed 9280K, reserved 1048576K
}
Event: 10.884 GC heap after
{Heap after GC invocations=31 (full 0):
 garbage-first heap   total 115712K, used 45143K [0x0000000081600000, 0x0000000100000000)
  region size 1024K, 4 young (4096K), 4 survivors (4096K)
 Metaspace       used 63440K, committed 64128K, reserved 1105920K
  class space    used 8953K, committed 9280K, reserved 1048576K
}
Event: 11.332 GC heap before
{Heap before GC invocations=31 (full 0):
 garbage-first heap   total 115712K, used 95319K [0x0000000081600000, 0x0000000100000000)
  region size 1024K, 53 young (54272K), 4 survivors (4096K)
 Metaspace       used 64174K, committed 64768K, reserved 1105920K
  class space    used 9053K, committed 9344K, reserved 1048576K
}
Event: 11.336 GC heap after
{Heap after GC invocations=32 (full 0):
 garbage-first heap   total 115712K, used 46819K [0x0000000081600000, 0x0000000100000000)
  region size 1024K, 5 young (5120K), 5 survivors (5120K)
 Metaspace       used 64174K, committed 64768K, reserved 1105920K
  class space    used 9053K, committed 9344K, reserved 1048576K
}
Event: 11.822 GC heap before
{Heap before GC invocations=32 (full 0):
 garbage-first heap   total 115712K, used 95971K [0x0000000081600000, 0x0000000100000000)
  region size 1024K, 53 young (54272K), 5 survivors (5120K)
 Metaspace       used 64435K, committed 65088K, reserved 1105920K
  class space    used 9074K, committed 9408K, reserved 1048576K
}
Event: 11.826 GC heap after
{Heap after GC invocations=33 (full 0):
 garbage-first heap   total 115712K, used 48659K [0x0000000081600000, 0x0000000100000000)
  region size 1024K, 5 young (5120K), 5 survivors (5120K)
 Metaspace       used 64435K, committed 65088K, reserved 1105920K
  class space    used 9074K, committed 9408K, reserved 1048576K
}
Event: 12.054 GC heap before
{Heap before GC invocations=33 (full 0):
 garbage-first heap   total 115712K, used 95763K [0x0000000081600000, 0x0000000100000000)
  region size 1024K, 51 young (52224K), 5 survivors (5120K)
 Metaspace       used 64539K, committed 65216K, reserved 1105920K
  class space    used 9080K, committed 9408K, reserved 1048576K
}
Event: 12.058 GC heap after
{Heap after GC invocations=34 (full 0):
 garbage-first heap   total 115712K, used 50452K [0x0000000081600000, 0x0000000100000000)
  region size 1024K, 6 young (6144K), 6 survivors (6144K)
 Metaspace       used 64539K, committed 65216K, reserved 1105920K
  class space    used 9080K, committed 9408K, reserved 1048576K
}
Event: 12.235 GC heap before
{Heap before GC invocations=34 (full 0):
 garbage-first heap   total 115712K, used 95508K [0x0000000081600000, 0x0000000100000000)
  region size 1024K, 50 young (51200K), 6 survivors (6144K)
 Metaspace       used 64736K, committed 65408K, reserved 1105920K
  class space    used 9107K, committed 9472K, reserved 1048576K
}
Event: 12.239 GC heap after
{Heap after GC invocations=35 (full 0):
 garbage-first heap   total 115712K, used 52022K [0x0000000081600000, 0x0000000100000000)
  region size 1024K, 6 young (6144K), 6 survivors (6144K)
 Metaspace       used 64736K, committed 65408K, reserved 1105920K
  class space    used 9107K, committed 9472K, reserved 1048576K
}
Event: 12.404 GC heap before
{Heap before GC invocations=35 (full 0):
 garbage-first heap   total 115712K, used 95030K [0x0000000081600000, 0x0000000100000000)
  region size 1024K, 48 young (49152K), 6 survivors (6144K)
 Metaspace       used 64849K, committed 65536K, reserved 1105920K
  class space    used 9115K, committed 9472K, reserved 1048576K
}
Event: 12.409 GC heap after
{Heap after GC invocations=36 (full 0):
 garbage-first heap   total 115712K, used 54431K [0x0000000081600000, 0x0000000100000000)
  region size 1024K, 4 young (4096K), 4 survivors (4096K)
 Metaspace       used 64849K, committed 65536K, reserved 1105920K
  class space    used 9115K, committed 9472K, reserved 1048576K
}
Event: 13.054 GC heap before
{Heap before GC invocations=36 (full 0):
 garbage-first heap   total 115712K, used 96415K [0x0000000081600000, 0x0000000100000000)
  region size 1024K, 45 young (46080K), 4 survivors (4096K)
 Metaspace       used 67838K, committed 68480K, reserved 1114112K
  class space    used 9533K, committed 9856K, reserved 1048576K
}

Deoptimization events (20 events):
Event: 1.962 Thread 0x00000205eb9e52e0 DEOPT PACKING pc=0x00000205e0289019 sp=0x00000036bc9fcc80
Event: 1.962 Thread 0x00000205eb9e52e0 DEOPT UNPACKING pc=0x00000205dfdc2b43 sp=0x00000036bc9fc160 mode 3
Event: 2.137 Thread 0x00000205eb9e52e0 DEOPT PACKING pc=0x00000205e02740ad sp=0x00000036bc9fdc00
Event: 2.137 Thread 0x00000205eb9e52e0 DEOPT UNPACKING pc=0x00000205dfdc2b43 sp=0x00000036bc9fd160 mode 3
Event: 4.426 Thread 0x00000205eb9e52e0 DEOPT PACKING pc=0x00000205e0666675 sp=0x00000036bc9fc230
Event: 4.426 Thread 0x00000205eb9e52e0 DEOPT UNPACKING pc=0x00000205dfdc2b43 sp=0x00000036bc9fb6a0 mode 3
Event: 4.442 Thread 0x00000205eb9e52e0 DEOPT PACKING pc=0x00000205e067fa99 sp=0x00000036bc9fc660
Event: 4.442 Thread 0x00000205eb9e52e0 DEOPT UNPACKING pc=0x00000205dfdc2b43 sp=0x00000036bc9fbb40 mode 3
Event: 5.050 Thread 0x00000205eb9e52e0 DEOPT PACKING pc=0x00000205e0742edd sp=0x00000036bc9fcd10
Event: 5.050 Thread 0x00000205eb9e52e0 DEOPT UNPACKING pc=0x00000205dfdc2b43 sp=0x00000036bc9fc278 mode 3
Event: 5.590 Thread 0x00000205ec96cad0 DEOPT PACKING pc=0x00000205e0228417 sp=0x00000036bd5fed90
Event: 5.590 Thread 0x00000205ec96cad0 DEOPT UNPACKING pc=0x00000205dfdc2b43 sp=0x00000036bd5fe1e8 mode 3
Event: 6.392 Thread 0x00000205eb9e52e0 DEOPT PACKING pc=0x00000205e07da0bc sp=0x00000036bc9fc150
Event: 6.392 Thread 0x00000205eb9e52e0 DEOPT UNPACKING pc=0x00000205dfdc2b43 sp=0x00000036bc9fb5d0 mode 3
Event: 8.774 Thread 0x00000205eb9e52e0 DEOPT PACKING pc=0x00000205e0bde53c sp=0x00000036bc9fbcc0
Event: 8.774 Thread 0x00000205eb9e52e0 DEOPT UNPACKING pc=0x00000205dfdc2b43 sp=0x00000036bc9fb218 mode 0
Event: 12.578 Thread 0x00000205eb9e52e0 DEOPT PACKING pc=0x00000205e02e83a2 sp=0x00000036bc9fbca0
Event: 12.578 Thread 0x00000205eb9e52e0 DEOPT UNPACKING pc=0x00000205dfdc2b43 sp=0x00000036bc9fb1a8 mode 3
Event: 12.580 Thread 0x00000205eb9e52e0 DEOPT PACKING pc=0x00000205e02aa715 sp=0x00000036bc9fbc60
Event: 12.580 Thread 0x00000205eb9e52e0 DEOPT UNPACKING pc=0x00000205dfdc2b43 sp=0x00000036bc9fb1a8 mode 3

Classes unloaded (0 events):
No events

Classes redefined (0 events):
No events

Internal exceptions (20 events):
Event: 9.378 Thread 0x00000205ef231880 Exception <a 'java/lang/reflect/InvocationTargetException'{0x00000000851a4b98}> (0x00000000851a4b98) 
thrown [t:\workspace\open\src\hotspot\share\runtime\reflection.cpp, line 1121]
Event: 9.529 Thread 0x00000205eb9e52e0 Exception <a 'java/lang/reflect/InvocationTargetException'{0x0000000085c657a0}> (0x0000000085c657a0) 
thrown [t:\workspace\open\src\hotspot\share\runtime\reflection.cpp, line 1121]
Event: 9.708 Thread 0x00000205eb9e52e0 Exception <a 'java/lang/reflect/InvocationTargetException'{0x00000000856011d8}> (0x00000000856011d8) 
thrown [t:\workspace\open\src\hotspot\share\runtime\reflection.cpp, line 1121]
Event: 9.736 Thread 0x00000205eb9e52e0 Exception <a 'java/lang/reflect/InvocationTargetException'{0x0000000085533008}> (0x0000000085533008) 
thrown [t:\workspace\open\src\hotspot\share\runtime\reflection.cpp, line 1121]
Event: 9.810 Thread 0x00000205eb9e52e0 Exception <a 'java/lang/reflect/InvocationTargetException'{0x000000008501ebe0}> (0x000000008501ebe0) 
thrown [t:\workspace\open\src\hotspot\share\runtime\reflection.cpp, line 1121]
Event: 9.815 Thread 0x00000205eb9e52e0 Exception <a 'java/lang/reflect/InvocationTargetException'{0x000000008504c1e8}> (0x000000008504c1e8) 
thrown [t:\workspace\open\src\hotspot\share\runtime\reflection.cpp, line 1121]
Event: 9.869 Thread 0x00000205eb9e52e0 Exception <a 'java/lang/reflect/InvocationTargetException'{0x0000000088ef52b0}> (0x0000000088ef52b0) 
thrown [t:\workspace\open\src\hotspot\share\runtime\reflection.cpp, line 1121]
Event: 9.921 Thread 0x00000205ef2373f0 Exception <a 'java/lang/reflect/InvocationTargetException'{0x00000000864a0a20}> (0x00000000864a0a20) 
thrown [t:\workspace\open\src\hotspot\share\runtime\reflection.cpp, line 1121]
Event: 9.926 Thread 0x00000205eb9e52e0 Exception <a 'java/lang/reflect/InvocationTargetException'{0x00000000862617f0}> (0x00000000862617f0) 
thrown [t:\workspace\open\src\hotspot\share\runtime\reflection.cpp, line 1121]
Event: 9.934 Thread 0x00000205eb9e52e0 Exception <a 'java/lang/reflect/InvocationTargetException'{0x00000000862bb778}> (0x00000000862bb778) 
thrown [t:\workspace\open\src\hotspot\share\runtime\reflection.cpp, line 1121]
Event: 10.042 Thread 0x00000205eb9e52e0 Exception <a 'java/lang/reflect/InvocationTargetException'{0x0000000085a97fb0}> (0x0000000085a97fb0) 
thrown [t:\workspace\open\src\hotspot\share\runtime\reflection.cpp, line 1121]
Event: 10.056 Thread 0x00000205eb9e52e0 Exception <a 'java/lang/NoSuchMethodError'{0x0000000085afd5b8}: 'java.lang.Object java.lang.invoke.DirectMethodHandle$Holder.invokeInterface(java.lang.Object, java.lang.Object, int)'> (0x0000000085afd5b8) 
thrown [t:\workspace\open\src\hotspot\share\interpreter\linkResolver.cpp, line 766]
Event: 10.977 Thread 0x00000205eb9e52e0 Exception <a 'java/lang/NoSuchMethodError'{0x0000000087fc90e0}: 'int java.lang.invoke.DirectMethodHandle$Holder.invokeStatic(java.lang.Object, java.lang.Object, int)'> (0x0000000087fc90e0) 
thrown [t:\workspace\open\src\hotspot\share\interpreter\linkResolver.cpp, line 766]
Event: 10.980 Thread 0x00000205eb9e52e0 Exception <a 'java/lang/NoSuchMethodError'{0x0000000087fe6488}: 'java.lang.Object java.lang.invoke.DirectMethodHandle$Holder.newInvokeSpecial(java.lang.Object, java.lang.Object, int)'> (0x0000000087fe6488) 
thrown [t:\workspace\open\src\hotspot\share\interpreter\linkResolver.cpp, line 766]
Event: 10.983 Thread 0x00000205eb9e52e0 Exception <a 'java/lang/NoSuchMethodError'{0x0000000087ff7408}: 'java.lang.Object java.lang.invoke.Invokers$Holder.invoke_MT(java.lang.Object, java.lang.Object, java.lang.Object, java.lang.Object, java.lang.Object, java.lang.Object, java.lang.Object, java.lang.Object, java.lang.Object)'> (0x0000000087ff7408) 
thrown [t:\workspace\open\src\hotspot\share\interpreter\linkResolver.cpp, line 766]
Event: 10.988 Thread 0x00000205eb9e52e0 Exception <a 'java/lang/IncompatibleClassChangeError'{0x0000000087e24170}: Found class java.lang.Object, but interface was expected> (0x0000000087e24170) 
thrown [t:\workspace\open\src\hotspot\share\interpreter\linkResolver.cpp, line 833]
Event: 11.001 Thread 0x00000205eb9e52e0 Exception <a 'java/lang/NoSuchMethodError'{0x0000000087efdcf8}: 'java.lang.Object java.lang.invoke.DirectMethodHandle$Holder.invokeStatic(java.lang.Object, int, java.lang.Object)'> (0x0000000087efdcf8) 
thrown [t:\workspace\open\src\hotspot\share\interpreter\linkResolver.cpp, line 766]
Event: 12.479 Thread 0x00000205eb9e52e0 Exception <a 'java/io/FileNotFoundException'{0x0000000087aa43a0}> (0x0000000087aa43a0) 
thrown [t:\workspace\open\src\hotspot\share\prims\jni.cpp, line 516]
Event: 12.480 Thread 0x00000205eb9e52e0 Exception <a 'java/io/FileNotFoundException'{0x0000000087aaf680}> (0x0000000087aaf680) 
thrown [t:\workspace\open\src\hotspot\share\prims\jni.cpp, line 516]
Event: 12.945 Thread 0x00000205eb9e52e0 Exception <a 'java/lang/NoSuchMethodError'{0x00000000861b0220}: 'java.lang.Object java.lang.invoke.DirectMethodHandle$Holder.invokeInterface(java.lang.Object, java.lang.Object, java.lang.Object, java.lang.Object)'> (0x00000000861b0220) 
thrown [t:\workspace\open\src\hotspot\share\interpreter\linkResolver.cpp, line 766]

VM Operations (20 events):
Event: 12.239 Executing VM operation: G1CollectForAllocation done
Event: 12.404 Executing VM operation: G1CollectForAllocation
Event: 12.409 Executing VM operation: G1CollectForAllocation done
Event: 12.433 Executing VM operation: ICBufferFull
Event: 12.433 Executing VM operation: ICBufferFull done
Event: 12.438 Executing VM operation: ICBufferFull
Event: 12.438 Executing VM operation: ICBufferFull done
Event: 12.719 Executing VM operation: ICBufferFull
Event: 12.719 Executing VM operation: ICBufferFull done
Event: 12.728 Executing VM operation: ICBufferFull
Event: 12.729 Executing VM operation: ICBufferFull done
Event: 12.749 Executing VM operation: HandshakeAllThreads
Event: 12.749 Executing VM operation: HandshakeAllThreads done
Event: 12.904 Executing VM operation: HandshakeAllThreads
Event: 12.904 Executing VM operation: HandshakeAllThreads done
Event: 12.986 Executing VM operation: HandshakeAllThreads
Event: 12.986 Executing VM operation: HandshakeAllThreads done
Event: 13.019 Executing VM operation: HandshakeAllThreads
Event: 13.019 Executing VM operation: HandshakeAllThreads done
Event: 13.054 Executing VM operation: G1CollectForAllocation

Events (20 events):
Event: 12.717 loading class java/util/concurrent/Semaphore done
Event: 12.717 loading class java/util/concurrent/Semaphore$NonfairSync
Event: 12.717 loading class java/util/concurrent/Semaphore$Sync
Event: 12.717 loading class java/util/concurrent/Semaphore$Sync done
Event: 12.717 loading class java/util/concurrent/Semaphore$NonfairSync done
Event: 12.718 loading class java/time/DayOfWeek
Event: 12.718 loading class java/time/DayOfWeek done
Event: 12.719 loading class java/time/Month$1
Event: 12.719 loading class java/time/Month$1 done
Event: 12.746 loading class sun/reflect/annotation/AnnotationInvocationHandler$1
Event: 12.746 loading class sun/reflect/annotation/AnnotationInvocationHandler$1 done
Event: 12.844 loading class java/util/Comparators$NullComparator
Event: 12.845 loading class java/util/Comparators$NullComparator done
Event: 12.845 loading class java/util/EnumMap$Values
Event: 12.845 loading class java/util/EnumMap$Values done
Event: 12.845 loading class java/util/EnumMap$ValueIterator
Event: 12.846 loading class java/util/EnumMap$ValueIterator done
Event: 12.874 Thread 0x00000205ef2326f0 Thread added: 0x00000205ef2326f0
Event: 12.890 loading class java/time/DurationEditor
Event: 12.890 loading class java/time/DurationEditor done


Dynamic libraries:
0x00007ff71fd90000 - 0x00007ff71fda0000 	C:\Program Files\Java\jdk-17.0.1\bin\java.exe
0x00007ffe4f730000 - 0x00007ffe4f927000 	C:\WINDOWS\SYSTEM32\ntdll.dll
0x00007ffe4e390000 - 0x00007ffe4e44d000 	C:\WINDOWS\System32\KERNEL32.DLL
0x00007ffe4d0a0000 - 0x00007ffe4d396000 	C:\WINDOWS\System32\KERNELBASE.dll
0x00007ffe4ce10000 - 0x00007ffe4cf10000 	C:\WINDOWS\System32\ucrtbase.dll
0x00007ffe463a0000 - 0x00007ffe463b8000 	C:\Program Files\Java\jdk-17.0.1\bin\jli.dll
0x00007ffe47d40000 - 0x00007ffe47d5a000 	C:\Program Files\Java\jdk-17.0.1\bin\VCRUNTIME140.dll
0x00007ffe4e9a0000 - 0x00007ffe4ea4e000 	C:\WINDOWS\System32\ADVAPI32.dll
0x00007ffe4edf0000 - 0x00007ffe4ee8e000 	C:\WINDOWS\System32\msvcrt.dll
0x00007ffe4e6a0000 - 0x00007ffe4e73c000 	C:\WINDOWS\System32\sechost.dll
0x00007ffe4ef80000 - 0x00007ffe4f0a6000 	C:\WINDOWS\System32\RPCRT4.dll
0x00007ffe4d790000 - 0x00007ffe4d92e000 	C:\WINDOWS\System32\USER32.dll
0x00007ffe4d070000 - 0x00007ffe4d092000 	C:\WINDOWS\System32\win32u.dll
0x00007ffe4f0b0000 - 0x00007ffe4f0dc000 	C:\WINDOWS\System32\GDI32.dll
0x00007ffe4d540000 - 0x00007ffe4d65a000 	C:\WINDOWS\System32\gdi32full.dll
0x00007ffe43810000 - 0x00007ffe43aaa000 	C:\WINDOWS\WinSxS\amd64_microsoft.windows.common-controls_6595b64144ccf1df_6.0.19041.3570_none_60bb2a3971f3e41a\COMCTL32.dll
0x00007ffe4d6f0000 - 0x00007ffe4d78d000 	C:\WINDOWS\System32\msvcp_win.dll
0x00007ffe3eaf0000 - 0x00007ffe3eafa000 	C:\WINDOWS\SYSTEM32\VERSION.dll
0x00007ffe4ea60000 - 0x00007ffe4ea90000 	C:\WINDOWS\System32\IMM32.DLL
0x00007ffe47d80000 - 0x00007ffe47d8c000 	C:\Program Files\Java\jdk-17.0.1\bin\vcruntime140_1.dll
0x00007ffe3df70000 - 0x00007ffe3dffd000 	C:\Program Files\Java\jdk-17.0.1\bin\msvcp140.dll
0x00007ffdfa1b0000 - 0x00007ffdfad6e000 	C:\Program Files\Java\jdk-17.0.1\bin\server\jvm.dll
0x00007ffe4f6e0000 - 0x00007ffe4f6e8000 	C:\WINDOWS\System32\PSAPI.DLL
0x00007ffe48cd0000 - 0x00007ffe48cd9000 	C:\WINDOWS\SYSTEM32\WSOCK32.dll
0x00007ffe4f1f0000 - 0x00007ffe4f25b000 	C:\WINDOWS\System32\WS2_32.dll
0x00007ffe3e7b0000 - 0x00007ffe3e7d7000 	C:\WINDOWS\SYSTEM32\WINMM.dll
0x00007ffe4acb0000 - 0x00007ffe4acc2000 	C:\WINDOWS\SYSTEM32\kernel.appcore.dll
0x00007ffe47d30000 - 0x00007ffe47d3a000 	C:\Program Files\Java\jdk-17.0.1\bin\jimage.dll
0x00007ffe38ea0000 - 0x00007ffe39084000 	C:\WINDOWS\SYSTEM32\DBGHELP.DLL
0x00007ffe32f60000 - 0x00007ffe32f94000 	C:\WINDOWS\SYSTEM32\dbgcore.DLL
0x00007ffe4d660000 - 0x00007ffe4d6e2000 	C:\WINDOWS\System32\bcryptPrimitives.dll
0x00007ffe48bb0000 - 0x00007ffe48bbe000 	C:\Program Files\Java\jdk-17.0.1\bin\instrument.dll
0x00007ffe46370000 - 0x00007ffe46395000 	C:\Program Files\Java\jdk-17.0.1\bin\java.dll
0x00007ffe2bbc0000 - 0x00007ffe2bc96000 	C:\Program Files\Java\jdk-17.0.1\bin\svml.dll
0x00007ffe4dc40000 - 0x00007ffe4e384000 	C:\WINDOWS\System32\SHELL32.dll
0x00007ffe4aeb0000 - 0x00007ffe4b64b000 	C:\WINDOWS\SYSTEM32\windows.storage.dll
0x00007ffe4ea90000 - 0x00007ffe4ede4000 	C:\WINDOWS\System32\combase.dll
0x00007ffe4c850000 - 0x00007ffe4c87d000 	C:\WINDOWS\SYSTEM32\Wldp.dll
0x00007ffe4e740000 - 0x00007ffe4e7ed000 	C:\WINDOWS\System32\SHCORE.dll
0x00007ffe4ee90000 - 0x00007ffe4eee5000 	C:\WINDOWS\System32\shlwapi.dll
0x00007ffe4cd40000 - 0x00007ffe4cd65000 	C:\WINDOWS\SYSTEM32\profapi.dll
0x00007ffe3df50000 - 0x00007ffe3df68000 	C:\Program Files\Java\jdk-17.0.1\bin\zip.dll
0x00007ffe46350000 - 0x00007ffe46369000 	C:\Program Files\Java\jdk-17.0.1\bin\net.dll
0x00007ffe44fa0000 - 0x00007ffe450aa000 	C:\WINDOWS\SYSTEM32\WINHTTP.dll
0x00007ffe4c5b0000 - 0x00007ffe4c61a000 	C:\WINDOWS\system32\mswsock.dll
0x00007ffe3e430000 - 0x00007ffe3e445000 	C:\Program Files\Java\jdk-17.0.1\bin\nio.dll
0x00007ffe48b60000 - 0x00007ffe48b7a000 	C:\Program Files\IntelliJ IDEA 2020.3.2\bin\breakgen64.dll
0x00007ffe4c2a0000 - 0x00007ffe4c36a000 	C:\WINDOWS\SYSTEM32\DNSAPI.dll
0x00007ffe4c250000 - 0x00007ffe4c28b000 	C:\WINDOWS\SYSTEM32\IPHLPAPI.DLL
0x00007ffe4f260000 - 0x00007ffe4f268000 	C:\WINDOWS\System32\NSI.dll
0x00007ffe41330000 - 0x00007ffe4133a000 	C:\Windows\System32\rasadhlp.dll
0x00007ffe41060000 - 0x00007ffe410e2000 	C:\WINDOWS\System32\fwpuclnt.dll
0x00007ffe4d3f0000 - 0x00007ffe4d417000 	C:\WINDOWS\System32\bcrypt.dll
0x00007ffe474e0000 - 0x00007ffe474e9000 	C:\Program Files\Java\jdk-17.0.1\bin\management.dll
0x00007ffe46340000 - 0x00007ffe4634b000 	C:\Program Files\Java\jdk-17.0.1\bin\management_ext.dll
0x00007ffe4c7a0000 - 0x00007ffe4c7b8000 	C:\WINDOWS\SYSTEM32\CRYPTSP.dll
0x00007ffe4bdf0000 - 0x00007ffe4be24000 	C:\WINDOWS\system32\rsaenh.dll
0x00007ffe4cd00000 - 0x00007ffe4cd2e000 	C:\WINDOWS\SYSTEM32\USERENV.dll
0x00007ffe4c7c0000 - 0x00007ffe4c7cc000 	C:\WINDOWS\SYSTEM32\CRYPTBASE.dll
0x00007ffe45b70000 - 0x00007ffe45b87000 	C:\WINDOWS\SYSTEM32\dhcpcsvc6.DLL
0x00007ffe45b50000 - 0x00007ffe45b6d000 	C:\WINDOWS\SYSTEM32\dhcpcsvc.DLL
0x00007ffe25350000 - 0x00007ffe25367000 	C:\WINDOWS\system32\napinsp.dll
0x00007ffe25370000 - 0x00007ffe2538b000 	C:\WINDOWS\system32\pnrpnsp.dll
0x00007ffe48070000 - 0x00007ffe48085000 	C:\WINDOWS\system32\wshbth.dll
0x00007ffe48a90000 - 0x00007ffe48aad000 	C:\WINDOWS\system32\NLAapi.dll
0x00007ffe25390000 - 0x00007ffe253a2000 	C:\WINDOWS\System32\winrnr.dll
0x00007ffe3dee0000 - 0x00007ffe3deee000 	C:\Program Files\Java\jdk-17.0.1\bin\sunmscapi.dll
0x00007ffe4cf10000 - 0x00007ffe4d06d000 	C:\WINDOWS\System32\CRYPT32.dll
0x00007ffe4c8c0000 - 0x00007ffe4c8e7000 	C:\WINDOWS\SYSTEM32\ncrypt.dll
0x00007ffe4c880000 - 0x00007ffe4c8bb000 	C:\WINDOWS\SYSTEM32\NTASN1.dll

dbghelp: loaded successfully - version: 4.0.5 - missing functions: none
symbol engine: initialized successfully - sym options: 0x614 - pdb path: .;C:\Program Files\Java\jdk-17.0.1\bin;C:\WINDOWS\SYSTEM32;C:\WINDOWS\WinSxS\amd64_microsoft.windows.common-controls_6595b64144ccf1df_6.0.19041.3570_none_60bb2a3971f3e41a;C:\Program Files\Java\jdk-17.0.1\bin\server;C:\Program Files\IntelliJ IDEA 2020.3.2\bin

VM Arguments:
jvm_args: -XX:TieredStopAtLevel=1 -Xverify:none -Dspring.output.ansi.enabled=always -javaagent:C:\Program Files\IntelliJ IDEA 2020.3.2\lib\idea_rt.jar=58608:C:\Program Files\IntelliJ IDEA 2020.3.2\bin -Dcom.sun.management.jmxremote -Dspring.jmx.enabled=true -Dspring.liveBeansView.mbeanDomain -Dspring.application.admin.enabled=true -Dfile.encoding=UTF-8 
java_command: com.fpoly.ooc.ApiServiceMsApplication
java_class_path (initial): E:\DATN\UD-HN_1998-outOFcollege\api-service-ms\target\classes;C:\Users\Admin\.m2\repository\org\springframework\boot\spring-boot-starter-data-jpa\3.1.3\spring-boot-starter-data-jpa-3.1.3.jar;C:\Users\Admin\.m2\repository\org\springframework\boot\spring-boot-starter-aop\3.1.3\spring-boot-starter-aop-3.1.3.jar;C:\Users\Admin\.m2\repository\org\springframework\spring-aop\6.0.11\spring-aop-6.0.11.jar;C:\Users\Admin\.m2\repository\org\aspectj\aspectjweaver\1.9.20\aspectjweaver-1.9.20.jar;C:\Users\Admin\.m2\repository\org\springframework\boot\spring-boot-starter-jdbc\3.1.3\spring-boot-starter-jdbc-3.1.3.jar;C:\Users\Admin\.m2\repository\com\zaxxer\HikariCP\5.0.1\HikariCP-5.0.1.jar;C:\Users\Admin\.m2\repository\org\springframework\spring-jdbc\6.0.11\spring-jdbc-6.0.11.jar;C:\Users\Admin\.m2\repository\org\hibernate\orm\hibernate-core\6.2.7.Final\hibernate-core-6.2.7.Final.jar;C:\Users\Admin\.m2\repository\jakarta\persistence\jakarta.persistence-api\3.1.0\jakarta.persistence-api-3.1.0.jar;C:\Users\Admin\.m2\repository\jakarta\transaction\jakarta.transaction-api\2.0.1\jakarta.transaction-api-2.0.1.jar;C:\Users\Admin\.m2\repository\org\jboss\logging\jboss-logging\3.5.3.Final\jboss-logging-3.5.3.Final.jar;C:\Users\Admin\.m2\repository\org\hibernate\common\hibernate-commons-annotations\6.0.6.Final\hibernate-commons-annotations-6.0.6.Final.jar;C:\Users\Admin\.m2\repository\io\smallrye\jandex\3.0.5\jandex-3.0.5.jar;C:\Users\Admin\.m2\repository\com\fasterxml\classmate\1.5.1\classmate-1.5.1.jar;C:\Users\Admin\.m2\repository\net\bytebuddy\byte-buddy\1.14.6\byte-buddy-1.14.6.jar;C:\Users\Admin\.m2\repository\org\glassfish\jaxb\jaxb-runtime\4.0.3\jaxb-runtime-4.0.3.jar;C:\Users\Admin\.m2\repository\org\glassfish\jaxb\jaxb-core\4.0.3\jaxb-core-4.0.3.jar;C:\Users\Admin\.m2\repository\org\glassfish\jaxb\txw2\4.0.3\txw2-4.0.3.jar;C:\Users\Admin\.m2\repository\com\sun\istack\istack-commons-runtime\4.1.2\istack-commons-runtime-4.1.2.jar;C:\Users\Admin\.m2\repos
Launcher Type: SUN_STANDARD

[Global flags]
     intx CICompilerCount                          = 4                                         {product} {ergonomic}
     uint ConcGCThreads                            = 2                                         {product} {ergonomic}
     uint G1ConcRefinementThreads                  = 8                                         {product} {ergonomic}
   size_t G1HeapRegionSize                         = 1048576                                   {product} {ergonomic}
    uintx GCDrainStackTargetSize                   = 64                                        {product} {ergonomic}
   size_t InitialHeapSize                          = 134217728                                 {product} {ergonomic}
     bool ManagementServer                         = true                                      {product} {command line}
   size_t MarkStackSize                            = 4194304                                   {product} {ergonomic}
   size_t MaxHeapSize                              = 2124414976                                {product} {ergonomic}
   size_t MaxNewSize                               = 1274019840                                {product} {ergonomic}
   size_t MinHeapDeltaBytes                        = 1048576                                   {product} {ergonomic}
   size_t MinHeapSize                              = 8388608                                   {product} {ergonomic}
    uintx NonProfiledCodeHeapSize                  = 0                                      {pd product} {ergonomic}
     bool ProfileInterpreter                       = false                                  {pd product} {command line}
    uintx ProfiledCodeHeapSize                     = 0                                      {pd product} {ergonomic}
   size_t SoftMaxHeapSize                          = 2124414976                             {manageable} {ergonomic}
     intx TieredStopAtLevel                        = 1                                         {product} {command line}
     bool UseCompressedClassPointers               = true                           {product lp64_product} {ergonomic}
     bool UseCompressedOops                        = true                           {product lp64_product} {ergonomic}
     bool UseG1GC                                  = true                                      {product} {ergonomic}
     bool UseLargePagesIndividualAllocation        = false                                  {pd product} {ergonomic}

Logging:
Log output configuration:
 #0: stdout all=warning uptime,level,tags
 #1: stderr all=off uptime,level,tags

Environment Variables:
JAVA_HOME=C:\Program Files\Java\jdk-17.0.1
PATH=C:\Program Files\Common Files\Oracle\Java\javapath;"C:\Program Files (x86)\Common Files\Oracle\Java\javapath;C:\Program Files\Java\jre1.8.0_311\bin;";C:\WINDOWS\system32;C:\WINDOWS;C:\WINDOWS\System32\Wbem;C:\WINDOWS\System32\WindowsPowerShell\v1.0\;C:\WINDOWS\System32\OpenSSH\;C:\Program Files (x86)\AMD\ATI.ACE\Core-Static;C:\Program Files\Java\jre1.8.0_311\bin;C:\Program Files\Microsoft VS Code\bin;C:\TDM-GCC-64\bin;C:\Program Files\Microsoft SQL Server\Client SDK\ODBC\170\Tools\Binn\;C:\Program Files (x86)\Microsoft SQL Server\150\Tools\Binn\;C:\Program Files\Microsoft SQL Server\150\Tools\Binn\;C:\Program Files\Microsoft SQL Server\150\DTS\Binn\;C:\Program Files (x86)\Microsoft SQL Server\150\DTS\Binn\;C:\Program Files\Azure Data Studio\bin;C:\Program Files\Git\cmd;C:\Program Files\nodejs\;C:\Users\Admin\AppData\Local\Programs\Python\Python310\Scripts\;C:\Users\Admin\AppData\Local\Programs\Python\Python310\;"C:\Users\Admin\AppData\Local\Microsoft\WindowsApps;";"C:\Users\Admin\AppData\Local\Programs\Microsoft VS Code\bin;";C:\Program Files\Java\jdk-17.0.1\bin\;C:\Program Files\Azure Data Studio\bin;C:\Users\Admin\Downloads\ngrok-stable-windows-amd64;C:\Program Files\JetBrains\IntelliJ IDEA Community Edition 2022.1\bin;;C:\Users\Admin\AppData\Roaming\npm;C:\TDM-GCC-64\bin;C:\Users\Admin\Downloads\apache-maven-3.9.3-bin\apache-maven-3.9.3\bin;
USERNAME=Admin
OS=Windows_NT
PROCESSOR_IDENTIFIER=Intel64 Family 6 Model 60 Stepping 3, GenuineIntel



---------------  S Y S T E M  ---------------

OS:
 Windows 10 , 64 bit Build 19041 (10.0.19041.3570)
OS uptime: 3 days 19:18 hours

CPU: total 8 (initial active 8) (4 cores per cpu, 2 threads per core) family 6 model 60 stepping 3 microcode 0x27, cx8, cmov, fxsr, ht, mmx, sse, sse2, sse3, ssse3, sse4.1, sse4.2, popcnt, lzcnt, tsc, tscinvbit, avx, avx2, aes, erms, clmul, bmi1, bmi2, fma, vzeroupper, clflush

Memory: 4k page, system-wide physical 8097M (956M free)
TotalPageFile size 13076M (AvailPageFile size 28M)
current process WorkingSet (physical memory assigned to process): 271M, peak: 271M
current process commit charge ("private bytes"): 331M, peak: 339M

vm_info: Java HotSpot(TM) 64-Bit Server VM (17.0.1+12-LTS-39) for windows-amd64 JRE (17.0.1+12-LTS-39), built on Sep 27 2021 18:41:35 by "mach5one" with MS VC++ 16.8 (VS2019)

END.
