#
# There is insufficient memory for the Java Runtime Environment to continue.
# Native memory allocation (malloc) failed to allocate 1048576 bytes for AllocateHeap
# Possible reasons:
#   The system is out of physical RAM or swap space
#   The process is running with CompressedOops enabled, and the Java Heap may be blocking the growth of the native heap
# Possible solutions:
#   Reduce memory load on the system
#   Increase physical memory or swap space
#   Check if swap backing store is full
#   Decrease Java heap size (-Xmx/-Xms)
#   Decrease number of Java threads
#   Decrease Java thread stack sizes (-Xss)
#   Set larger code cache with -XX:ReservedCodeCacheSize=
#   JVM is running with Unscaled Compressed Oops mode in which the Java heap is
#     placed in the first 4GB address space. The Java Heap base address is the
#     maximum limit for the native heap growth. Please use -XX:HeapBaseMinAddress
#     to set the Java Heap base and to place the Java Heap above 4GB virtual address.
# This output file may be truncated or incomplete.
#
#  Out of Memory Error (allocation.cpp:44), pid=29192, tid=10468
#
# JRE version: Java(TM) SE Runtime Environment (17.0.1+12) (build 17.0.1+12-LTS-39)
# Java VM: Java HotSpot(TM) 64-Bit Server VM (17.0.1+12-LTS-39, mixed mode, emulated-client, sharing, tiered, compressed oops, compressed class ptrs, g1 gc, windows-amd64)
# No core dump will be written. Minidumps are not enabled by default on client versions of Windows
#

---------------  S U M M A R Y ------------

Command Line: -XX:TieredStopAtLevel=1 -Xverify:none -Dspring.output.ansi.enabled=always -javaagent:C:\Program Files\IntelliJ IDEA 2020.3.2\lib\idea_rt.jar=64299:C:\Program Files\IntelliJ IDEA 2020.3.2\bin -Dcom.sun.management.jmxremote -Dspring.jmx.enabled=true -Dspring.liveBeansView.mbeanDomain -Dspring.application.admin.enabled=true -Dfile.encoding=UTF-8 com.fpoly.ooc.ApiServiceMsApplication

Host: Intel(R) Core(TM) i7-4800MQ CPU @ 2.70GHz, 8 cores, 7G,  Windows 10 , 64 bit Build 19041 (10.0.19041.3570)
Time: Fri Nov 10 09:23:51 2023 SE Asia Standard Time elapsed time: 547.103062 seconds (0d 0h 9m 7s)

---------------  T H R E A D  ---------------

Current thread (0x000002267f163940):  VMThread "VM Thread" [stack: 0x000000a581200000,0x000000a581300000] [id=10468]

Stack: [0x000000a581200000,0x000000a581300000]
Native frames: (J=compiled Java code, j=interpreted, Vv=VM code, C=native code)
V  [jvm.dll+0x66fa1a]
V  [jvm.dll+0x7ce5a4]
V  [jvm.dll+0x7cfd4e]
V  [jvm.dll+0x7d03b3]
V  [jvm.dll+0x242b05]
V  [jvm.dll+0xa4673]
V  [jvm.dll+0x2f1b63]
V  [jvm.dll+0x2eda40]
V  [jvm.dll+0x2d6247]
V  [jvm.dll+0x318da7]
V  [jvm.dll+0x7d484b]
V  [jvm.dll+0x7d5584]
V  [jvm.dll+0x7d5a9c]
V  [jvm.dll+0x7d5e74]
V  [jvm.dll+0x7d5f40]
V  [jvm.dll+0x77e91a]
V  [jvm.dll+0x66e845]
C  [ucrtbase.dll+0x21bb2]
C  [KERNEL32.DLL+0x17344]
C  [ntdll.dll+0x526b1]

VM_Operation (0x000000a582eff030): G1CollectFull, mode: safepoint, requested by thread 0x00000226145e40f0


---------------  P R O C E S S  ---------------

Threads class SMR info:
_java_thread_list=0x000002261770c330, length=17, elements={
0x000002267f168540, 0x000002267f16b3c0, 0x000002267f17f790, 0x000002267f182650,
0x000002267f183000, 0x000002267f1839b0, 0x000002267f184360, 0x000002267f184d50,
0x000002267fc62000, 0x000002267fff5e40, 0x00000226109087f0, 0x0000022610cc5730,
0x0000022617170630, 0x00000226177686e0, 0x00000226108f88b0, 0x0000022617bad820,
0x00000226145e40f0
}

Java Threads: ( => current thread )
  0x000002267f168540 JavaThread "Reference Handler" daemon [_thread_blocked, id=30140, stack(0x000000a581300000,0x000000a581400000)]
  0x000002267f16b3c0 JavaThread "Finalizer" daemon [_thread_blocked, id=17288, stack(0x000000a581400000,0x000000a581500000)]
  0x000002267f17f790 JavaThread "Signal Dispatcher" daemon [_thread_blocked, id=31128, stack(0x000000a581500000,0x000000a581600000)]
  0x000002267f182650 JavaThread "Attach Listener" daemon [_thread_blocked, id=20336, stack(0x000000a581600000,0x000000a581700000)]
  0x000002267f183000 JavaThread "Service Thread" daemon [_thread_blocked, id=14560, stack(0x000000a581700000,0x000000a581800000)]
  0x000002267f1839b0 JavaThread "Monitor Deflation Thread" daemon [_thread_blocked, id=11928, stack(0x000000a581800000,0x000000a581900000)]
  0x000002267f184360 JavaThread "C1 CompilerThread0" daemon [_thread_blocked, id=19948, stack(0x000000a581900000,0x000000a581a00000)]
  0x000002267f184d50 JavaThread "Sweeper thread" daemon [_thread_blocked, id=35828, stack(0x000000a581a00000,0x000000a581b00000)]
  0x000002267fc62000 JavaThread "Common-Cleaner" daemon [_thread_blocked, id=17520, stack(0x000000a581b00000,0x000000a581c00000)]
  0x000002267fff5e40 JavaThread "Notification Thread" daemon [_thread_blocked, id=11644, stack(0x000000a582000000,0x000000a582100000)]
  0x00000226109087f0 JavaThread "RMI TCP Accept-0" daemon [_thread_in_native, id=21896, stack(0x000000a582100000,0x000000a582200000)]
  0x0000022610cc5730 JavaThread "RMI Scheduler(0)" daemon [_thread_blocked, id=15668, stack(0x000000a582c00000,0x000000a582d00000)]
  0x0000022617170630 JavaThread "ForkJoinPool.commonPool-worker-1" daemon [_thread_blocked, id=14284, stack(0x000000a588b00000,0x000000a588c00000)]
  0x00000226177686e0 JavaThread "DestroyJavaVM" [_thread_blocked, id=30612, stack(0x000000a580c00000,0x000000a580d00000)]
  0x00000226108f88b0 JavaThread "C1 CompilerThread1" daemon [_thread_blocked, id=26208, stack(0x000000a580a00000,0x000000a580b00000)]
  0x0000022617bad820 JavaThread "C1 CompilerThread2" daemon [_thread_blocked, id=32756, stack(0x000000a581f00000,0x000000a582000000)]
  0x00000226145e40f0 JavaThread "Thread-1" [_thread_blocked, id=27132, stack(0x000000a582e00000,0x000000a582f00000)]

Other Threads:
=>0x000002267f163940 VMThread "VM Thread" [stack: 0x000000a581200000,0x000000a581300000] [id=10468]
  0x000002267f172000 WatcherThread [stack: 0x000000a582200000,0x000000a582300000] [id=6464]
  0x000002267d960650 GCTaskThread "GC Thread#0" [stack: 0x000000a580d00000,0x000000a580e00000] [id=19848]
  0x0000022610c3b5f0 GCTaskThread "GC Thread#1" [stack: 0x000000a582300000,0x000000a582400000] [id=15748]
  0x0000022610c6fb30 GCTaskThread "GC Thread#2" [stack: 0x000000a582400000,0x000000a582500000] [id=30232]
  0x0000022610c8a1a0 GCTaskThread "GC Thread#3" [stack: 0x000000a582500000,0x000000a582600000] [id=21336]
  0x0000022610c8a450 GCTaskThread "GC Thread#4" [stack: 0x000000a582600000,0x000000a582700000] [id=14900]
  0x0000022610cacfb0 GCTaskThread "GC Thread#5" [stack: 0x000000a582700000,0x000000a582800000] [id=14236]
  0x0000022610cad260 GCTaskThread "GC Thread#6" [stack: 0x000000a582800000,0x000000a582900000] [id=23740]
  0x0000022610cad510 GCTaskThread "GC Thread#7" [stack: 0x000000a582900000,0x000000a582a00000] [id=10984]
  0x000002267d9722e0 ConcurrentGCThread "G1 Main Marker" [stack: 0x000000a580e00000,0x000000a580f00000] [id=6560]
  0x000002267d972cf0 ConcurrentGCThread "G1 Conc#0" [stack: 0x000000a580f00000,0x000000a581000000] [id=34932]
  0x0000022612695300 ConcurrentGCThread "G1 Conc#1" [stack: 0x000000a583200000,0x000000a583300000] [id=26260]
  0x000002267d9ed9d0 ConcurrentGCThread "G1 Refine#0" [stack: 0x000000a581000000,0x000000a581100000] [id=2116]
  0x0000022610c6fde0 ConcurrentGCThread "G1 Refine#1" [stack: 0x000000a582a00000,0x000000a582b00000] [id=16468]
  0x000002267d9ee3f0 ConcurrentGCThread "G1 Service" [stack: 0x000000a581100000,0x000000a581200000] [id=15960]

Threads with active compile tasks:

VM state: at safepoint (normal execution)

VM Mutex/Monitor currently owned by a thread:  ([mutex/lock_event])
[0x000002267d91d9c0] Threads_lock - owner thread: 0x000002267f163940
[0x000002267d91d780] Heap_lock - owner thread: 0x00000226145e40f0

Heap address: 0x0000000081600000, size: 2026 MB, Compressed Oops mode: 32-bit

CDS archive(s) mapped at: [0x0000000800000000-0x0000000800bc0000-0x0000000800bc0000), size 12320768, SharedBaseAddress: 0x0000000800000000, ArchiveRelocationMode: 0.
Compressed class space mapped at: 0x0000000800c00000-0x0000000840c00000, reserved size: 1073741824
Narrow klass base: 0x0000000800000000, Narrow klass shift: 0, Narrow klass range: 0x100000000

GC Precious Log:
 CPUs: 8 total, 8 available
 Memory: 8097M
 Large Page Support: Disabled
 NUMA Support: Disabled
 Compressed Oops: Enabled (32-bit)
 Heap Region Size: 1M
 Heap Min Capacity: 8M
 Heap Initial Capacity: 128M
 Heap Max Capacity: 2026M
 Pre-touch: Disabled
 Parallel Workers: 8
 Concurrent Workers: 2
 Concurrent Refinement Workers: 8
 Periodic GC: Disabled

Heap:
 garbage-first heap   total 204800K, used 148353K [0x0000000081600000, 0x0000000100000000)
  region size 1024K, 83 young (84992K), 1 survivors (1024K)
 Metaspace       used 89784K, committed 91008K, reserved 1130496K
  class space    used 12329K, committed 12864K, reserved 1048576K

Heap Regions: E=young(eden), S=young(survivor), O=old, HS=humongous(starts), HC=humongous(continues), CS=collection set, F=free, OA=open archive, CA=closed archive, TAMS=top-at-mark-start (previous, next)
|   0|0x0000000081600000, 0x0000000081700000, 0x0000000081700000|100%|HS|  |TAMS 0x0000000081700000, 0x0000000081600000| Complete 
|   1|0x0000000081700000, 0x0000000081800000, 0x0000000081800000|100%| O|  |TAMS 0x0000000081800000, 0x0000000081700000| Untracked 
|   2|0x0000000081800000, 0x0000000081900000, 0x0000000081900000|100%| O|  |TAMS 0x0000000081900000, 0x0000000081800000| Untracked 
|   3|0x0000000081900000, 0x0000000081a00000, 0x0000000081a00000|100%| O|  |TAMS 0x0000000081a00000, 0x0000000081900000| Untracked 
|   4|0x0000000081a00000, 0x0000000081b00000, 0x0000000081b00000|100%| O|  |TAMS 0x0000000081b00000, 0x0000000081a00000| Untracked 
|   5|0x0000000081b00000, 0x0000000081c00000, 0x0000000081c00000|100%| O|  |TAMS 0x0000000081c00000, 0x0000000081b00000| Untracked 
|   6|0x0000000081c00000, 0x0000000081d00000, 0x0000000081d00000|100%| O|  |TAMS 0x0000000081d00000, 0x0000000081c00000| Untracked 
|   7|0x0000000081d00000, 0x0000000081e00000, 0x0000000081e00000|100%| O|  |TAMS 0x0000000081e00000, 0x0000000081d00000| Untracked 
|   8|0x0000000081e00000, 0x0000000081f00000, 0x0000000081f00000|100%| O|  |TAMS 0x0000000081f00000, 0x0000000081e00000| Untracked 
|   9|0x0000000081f00000, 0x0000000082000000, 0x0000000082000000|100%| O|  |TAMS 0x0000000082000000, 0x0000000081f00000| Untracked 
|  10|0x0000000082000000, 0x0000000082100000, 0x0000000082100000|100%| O|  |TAMS 0x0000000082100000, 0x0000000082000000| Untracked 
|  11|0x0000000082100000, 0x0000000082200000, 0x0000000082200000|100%| O|  |TAMS 0x0000000082200000, 0x0000000082100000| Untracked 
|  12|0x0000000082200000, 0x0000000082200000, 0x0000000082300000|  0%| F|  |TAMS 0x0000000082200000, 0x0000000082200000| Untracked 
|  13|0x0000000082300000, 0x0000000082400000, 0x0000000082400000|100%| O|  |TAMS 0x0000000082400000, 0x0000000082300000| Untracked 
|  14|0x0000000082400000, 0x0000000082400000, 0x0000000082500000|  0%| F|  |TAMS 0x0000000082400000, 0x0000000082400000| Untracked 
|  15|0x0000000082500000, 0x0000000082600000, 0x0000000082600000|100%| O|  |TAMS 0x0000000082600000, 0x0000000082500000| Untracked 
|  16|0x0000000082600000, 0x0000000082700000, 0x0000000082700000|100%| O|  |TAMS 0x0000000082700000, 0x0000000082600000| Untracked 
|  17|0x0000000082700000, 0x0000000082700000, 0x0000000082800000|  0%| F|  |TAMS 0x0000000082700000, 0x0000000082700000| Untracked 
|  18|0x0000000082800000, 0x0000000082900000, 0x0000000082900000|100%| O|  |TAMS 0x0000000082900000, 0x0000000082800000| Untracked 
|  19|0x0000000082900000, 0x0000000082900000, 0x0000000082a00000|  0%| F|  |TAMS 0x0000000082900000, 0x0000000082900000| Untracked 
|  20|0x0000000082a00000, 0x0000000082b00000, 0x0000000082b00000|100%| O|  |TAMS 0x0000000082b00000, 0x0000000082a00000| Untracked 
|  21|0x0000000082b00000, 0x0000000082c00000, 0x0000000082c00000|100%| O|  |TAMS 0x0000000082c00000, 0x0000000082b00000| Untracked 
|  22|0x0000000082c00000, 0x0000000082d00000, 0x0000000082d00000|100%| O|  |TAMS 0x0000000082c00000, 0x0000000082c00000| Untracked 
|  23|0x0000000082d00000, 0x0000000082e00000, 0x0000000082e00000|100%| O|  |TAMS 0x0000000082e00000, 0x0000000082d00000| Untracked 
|  24|0x0000000082e00000, 0x0000000082f00000, 0x0000000082f00000|100%| O|  |TAMS 0x0000000082f00000, 0x0000000082e00000| Untracked 
|  25|0x0000000082f00000, 0x0000000083000000, 0x0000000083000000|100%| O|  |TAMS 0x0000000083000000, 0x0000000082f00000| Untracked 
|  26|0x0000000083000000, 0x0000000083100000, 0x0000000083100000|100%| O|  |TAMS 0x0000000083100000, 0x0000000083000000| Untracked 
|  27|0x0000000083100000, 0x0000000083200000, 0x0000000083200000|100%| O|  |TAMS 0x0000000083200000, 0x0000000083100000| Untracked 
|  28|0x0000000083200000, 0x0000000083300000, 0x0000000083300000|100%| O|  |TAMS 0x0000000083300000, 0x0000000083200000| Untracked 
|  29|0x0000000083300000, 0x0000000083400000, 0x0000000083400000|100%| O|  |TAMS 0x0000000083400000, 0x0000000083300000| Untracked 
|  30|0x0000000083400000, 0x0000000083500000, 0x0000000083500000|100%| O|  |TAMS 0x0000000083500000, 0x0000000083400000| Untracked 
|  31|0x0000000083500000, 0x0000000083600000, 0x0000000083600000|100%| O|  |TAMS 0x0000000083600000, 0x0000000083500000| Untracked 
|  32|0x0000000083600000, 0x0000000083700000, 0x0000000083700000|100%| O|  |TAMS 0x0000000083700000, 0x0000000083600000| Untracked 
|  33|0x0000000083700000, 0x0000000083800000, 0x0000000083800000|100%| O|  |TAMS 0x0000000083800000, 0x0000000083700000| Untracked 
|  34|0x0000000083800000, 0x0000000083900000, 0x0000000083900000|100%| O|  |TAMS 0x0000000083900000, 0x0000000083800000| Untracked 
|  35|0x0000000083900000, 0x0000000083a00000, 0x0000000083a00000|100%| O|  |TAMS 0x0000000083a00000, 0x0000000083900000| Untracked 
|  36|0x0000000083a00000, 0x0000000083b00000, 0x0000000083b00000|100%| O|  |TAMS 0x0000000083b00000, 0x0000000083a00000| Untracked 
|  37|0x0000000083b00000, 0x0000000083c00000, 0x0000000083c00000|100%| O|  |TAMS 0x0000000083c00000, 0x0000000083b00000| Untracked 
|  38|0x0000000083c00000, 0x0000000083d00000, 0x0000000083d00000|100%| O|  |TAMS 0x0000000083d00000, 0x0000000083c00000| Untracked 
|  39|0x0000000083d00000, 0x0000000083e00000, 0x0000000083e00000|100%| O|  |TAMS 0x0000000083e00000, 0x0000000083d00000| Untracked 
|  40|0x0000000083e00000, 0x0000000083f00000, 0x0000000083f00000|100%| O|  |TAMS 0x0000000083f00000, 0x0000000083e00000| Untracked 
|  41|0x0000000083f00000, 0x0000000084000000, 0x0000000084000000|100%| O|  |TAMS 0x0000000084000000, 0x0000000083f00000| Untracked 
|  42|0x0000000084000000, 0x0000000084100000, 0x0000000084100000|100%| O|  |TAMS 0x0000000084100000, 0x0000000084000000| Untracked 
|  43|0x0000000084100000, 0x0000000084200000, 0x0000000084200000|100%| O|  |TAMS 0x0000000084200000, 0x0000000084100000| Untracked 
|  44|0x0000000084200000, 0x0000000084300000, 0x0000000084300000|100%| O|  |TAMS 0x0000000084300000, 0x0000000084200000| Untracked 
|  45|0x0000000084300000, 0x0000000084400000, 0x0000000084400000|100%| O|  |TAMS 0x0000000084400000, 0x0000000084300000| Untracked 
|  46|0x0000000084400000, 0x0000000084500000, 0x0000000084500000|100%| O|  |TAMS 0x0000000084500000, 0x0000000084400000| Untracked 
|  47|0x0000000084500000, 0x0000000084600000, 0x0000000084600000|100%| O|  |TAMS 0x0000000084600000, 0x0000000084500000| Untracked 
|  48|0x0000000084600000, 0x0000000084700000, 0x0000000084700000|100%| O|  |TAMS 0x0000000084700000, 0x0000000084600000| Untracked 
|  49|0x0000000084700000, 0x0000000084800000, 0x0000000084800000|100%| O|  |TAMS 0x0000000084800000, 0x0000000084700000| Untracked 
|  50|0x0000000084800000, 0x0000000084900000, 0x0000000084900000|100%| O|  |TAMS 0x0000000084900000, 0x0000000084800000| Untracked 
|  51|0x0000000084900000, 0x0000000084a00000, 0x0000000084a00000|100%| O|  |TAMS 0x0000000084a00000, 0x0000000084900000| Untracked 
|  52|0x0000000084a00000, 0x0000000084b00000, 0x0000000084b00000|100%| O|  |TAMS 0x0000000084b00000, 0x0000000084a00000| Untracked 
|  53|0x0000000084b00000, 0x0000000084c00000, 0x0000000084c00000|100%| O|  |TAMS 0x0000000084c00000, 0x0000000084b00000| Untracked 
|  54|0x0000000084c00000, 0x0000000084d00000, 0x0000000084d00000|100%| O|  |TAMS 0x0000000084d00000, 0x0000000084c00000| Untracked 
|  55|0x0000000084d00000, 0x0000000084d00000, 0x0000000084e00000|  0%| F|  |TAMS 0x0000000084d00000, 0x0000000084d00000| Untracked 
|  56|0x0000000084e00000, 0x0000000084f00000, 0x0000000084f00000|100%| O|  |TAMS 0x0000000084f00000, 0x0000000084e00000| Untracked 
|  57|0x0000000084f00000, 0x0000000085000000, 0x0000000085000000|100%| O|  |TAMS 0x0000000085000000, 0x0000000084f00000| Untracked 
|  58|0x0000000085000000, 0x0000000085100000, 0x0000000085100000|100%| O|  |TAMS 0x0000000085100000, 0x0000000085000000| Untracked 
|  59|0x0000000085100000, 0x0000000085200000, 0x0000000085200000|100%| O|  |TAMS 0x0000000085200000, 0x0000000085100000| Untracked 
|  60|0x0000000085200000, 0x0000000085300000, 0x0000000085300000|100%| O|  |TAMS 0x0000000085300000, 0x0000000085200000| Untracked 
|  61|0x0000000085300000, 0x0000000085400000, 0x0000000085400000|100%| O|  |TAMS 0x0000000085400000, 0x0000000085300000| Untracked 
|  62|0x0000000085400000, 0x0000000085500000, 0x0000000085500000|100%| O|  |TAMS 0x0000000085500000, 0x0000000085400000| Untracked 
|  63|0x0000000085500000, 0x0000000085600000, 0x0000000085600000|100%| O|  |TAMS 0x0000000085600000, 0x0000000085500000| Untracked 
|  64|0x0000000085600000, 0x0000000085700000, 0x0000000085700000|100%| O|  |TAMS 0x0000000085700000, 0x0000000085600000| Untracked 
|  65|0x0000000085700000, 0x0000000085800000, 0x0000000085800000|100%| O|  |TAMS 0x000000008572fc00, 0x0000000085700000| Untracked 
|  66|0x0000000085800000, 0x0000000085900000, 0x0000000085900000|100%| O|  |TAMS 0x0000000085800000, 0x0000000085800000| Untracked 
|  67|0x0000000085900000, 0x0000000085a00000, 0x0000000085a00000|100%| O|  |TAMS 0x0000000085900000, 0x0000000085900000| Untracked 
|  68|0x0000000085a00000, 0x0000000085b00000, 0x0000000085b00000|100%| O|  |TAMS 0x0000000085a00000, 0x0000000085a00000| Untracked 
|  69|0x0000000085b00000, 0x0000000085b53200, 0x0000000085c00000| 32%| O|  |TAMS 0x0000000085b00000, 0x0000000085b00000| Untracked 
|  70|0x0000000085c00000, 0x0000000085c00000, 0x0000000085d00000|  0%| F|  |TAMS 0x0000000085c00000, 0x0000000085c00000| Untracked 
|  71|0x0000000085d00000, 0x0000000085d00000, 0x0000000085e00000|  0%| F|  |TAMS 0x0000000085d00000, 0x0000000085d00000| Untracked 
|  72|0x0000000085e00000, 0x0000000085e00000, 0x0000000085f00000|  0%| F|  |TAMS 0x0000000085e00000, 0x0000000085e00000| Untracked 
|  73|0x0000000085f00000, 0x0000000085f00000, 0x0000000086000000|  0%| F|  |TAMS 0x0000000085f00000, 0x0000000085f00000| Untracked 
|  74|0x0000000086000000, 0x0000000086000000, 0x0000000086100000|  0%| F|  |TAMS 0x0000000086000000, 0x0000000086000000| Untracked 
|  75|0x0000000086100000, 0x0000000086100000, 0x0000000086200000|  0%| F|  |TAMS 0x0000000086100000, 0x0000000086100000| Untracked 
|  76|0x0000000086200000, 0x0000000086200000, 0x0000000086300000|  0%| F|  |TAMS 0x0000000086200000, 0x0000000086200000| Untracked 
|  77|0x0000000086300000, 0x0000000086300000, 0x0000000086400000|  0%| F|  |TAMS 0x0000000086300000, 0x0000000086300000| Untracked 
|  78|0x0000000086400000, 0x0000000086400000, 0x0000000086500000|  0%| F|  |TAMS 0x0000000086400000, 0x0000000086400000| Untracked 
|  79|0x0000000086500000, 0x0000000086500000, 0x0000000086600000|  0%| F|  |TAMS 0x0000000086500000, 0x0000000086500000| Untracked 
|  80|0x0000000086600000, 0x0000000086600000, 0x0000000086700000|  0%| F|  |TAMS 0x0000000086600000, 0x0000000086600000| Untracked 
|  81|0x0000000086700000, 0x0000000086700000, 0x0000000086800000|  0%| F|  |TAMS 0x0000000086700000, 0x0000000086700000| Untracked 
|  82|0x0000000086800000, 0x0000000086800000, 0x0000000086900000|  0%| F|  |TAMS 0x0000000086800000, 0x0000000086800000| Untracked 
|  83|0x0000000086900000, 0x0000000086900000, 0x0000000086a00000|  0%| F|  |TAMS 0x0000000086900000, 0x0000000086900000| Untracked 
|  84|0x0000000086a00000, 0x0000000086a00000, 0x0000000086b00000|  0%| F|  |TAMS 0x0000000086a00000, 0x0000000086a00000| Untracked 
|  85|0x0000000086b00000, 0x0000000086b00000, 0x0000000086c00000|  0%| F|  |TAMS 0x0000000086b00000, 0x0000000086b00000| Untracked 
|  86|0x0000000086c00000, 0x0000000086c00000, 0x0000000086d00000|  0%| F|  |TAMS 0x0000000086c00000, 0x0000000086c00000| Untracked 
|  87|0x0000000086d00000, 0x0000000086d00000, 0x0000000086e00000|  0%| F|  |TAMS 0x0000000086d00000, 0x0000000086d00000| Untracked 
|  88|0x0000000086e00000, 0x0000000086e00000, 0x0000000086f00000|  0%| F|  |TAMS 0x0000000086e00000, 0x0000000086e00000| Untracked 
|  89|0x0000000086f00000, 0x0000000086f00000, 0x0000000087000000|  0%| F|  |TAMS 0x0000000086f00000, 0x0000000086f00000| Untracked 
|  90|0x0000000087000000, 0x0000000087000000, 0x0000000087100000|  0%| F|  |TAMS 0x0000000087000000, 0x0000000087000000| Untracked 
|  91|0x0000000087100000, 0x0000000087100000, 0x0000000087200000|  0%| F|  |TAMS 0x0000000087100000, 0x0000000087100000| Untracked 
|  92|0x0000000087200000, 0x0000000087200000, 0x0000000087300000|  0%| F|  |TAMS 0x0000000087200000, 0x0000000087200000| Untracked 
|  93|0x0000000087300000, 0x0000000087300000, 0x0000000087400000|  0%| F|  |TAMS 0x0000000087300000, 0x0000000087300000| Untracked 
|  94|0x0000000087400000, 0x0000000087400000, 0x0000000087500000|  0%| F|  |TAMS 0x0000000087400000, 0x0000000087400000| Untracked 
|  95|0x0000000087500000, 0x0000000087500000, 0x0000000087600000|  0%| F|  |TAMS 0x0000000087500000, 0x0000000087500000| Untracked 
|  96|0x0000000087600000, 0x0000000087600000, 0x0000000087700000|  0%| F|  |TAMS 0x0000000087600000, 0x0000000087600000| Untracked 
|  97|0x0000000087700000, 0x0000000087700000, 0x0000000087800000|  0%| F|  |TAMS 0x0000000087700000, 0x0000000087700000| Untracked 
|  98|0x0000000087800000, 0x0000000087800000, 0x0000000087900000|  0%| F|  |TAMS 0x0000000087800000, 0x0000000087800000| Untracked 
|  99|0x0000000087900000, 0x0000000087900000, 0x0000000087a00000|  0%| F|  |TAMS 0x0000000087900000, 0x0000000087900000| Untracked 
| 100|0x0000000087a00000, 0x0000000087a00000, 0x0000000087b00000|  0%| F|  |TAMS 0x0000000087a00000, 0x0000000087a00000| Untracked 
| 101|0x0000000087b00000, 0x0000000087b00000, 0x0000000087c00000|  0%| F|  |TAMS 0x0000000087b00000, 0x0000000087b00000| Untracked 
| 102|0x0000000087c00000, 0x0000000087c00000, 0x0000000087d00000|  0%| F|  |TAMS 0x0000000087c00000, 0x0000000087c00000| Untracked 
| 103|0x0000000087d00000, 0x0000000087d00000, 0x0000000087e00000|  0%| F|  |TAMS 0x0000000087d00000, 0x0000000087d00000| Untracked 
| 104|0x0000000087e00000, 0x0000000087e00000, 0x0000000087f00000|  0%| F|  |TAMS 0x0000000087e00000, 0x0000000087e00000| Untracked 
| 105|0x0000000087f00000, 0x0000000087f00000, 0x0000000088000000|  0%| F|  |TAMS 0x0000000087f00000, 0x0000000087f00000| Untracked 
| 106|0x0000000088000000, 0x0000000088000000, 0x0000000088100000|  0%| F|  |TAMS 0x0000000088000000, 0x0000000088000000| Untracked 
| 107|0x0000000088100000, 0x0000000088100000, 0x0000000088200000|  0%| F|  |TAMS 0x0000000088100000, 0x0000000088100000| Untracked 
| 108|0x0000000088200000, 0x0000000088200000, 0x0000000088300000|  0%| F|  |TAMS 0x0000000088200000, 0x0000000088200000| Untracked 
| 109|0x0000000088300000, 0x0000000088300000, 0x0000000088400000|  0%| F|  |TAMS 0x0000000088300000, 0x0000000088300000| Untracked 
| 110|0x0000000088400000, 0x0000000088400000, 0x0000000088500000|  0%| F|  |TAMS 0x0000000088400000, 0x0000000088400000| Untracked 
| 111|0x0000000088500000, 0x0000000088500000, 0x0000000088600000|  0%| F|  |TAMS 0x0000000088500000, 0x0000000088500000| Untracked 
| 112|0x0000000088600000, 0x0000000088600000, 0x0000000088700000|  0%| F|  |TAMS 0x0000000088600000, 0x0000000088600000| Untracked 
| 113|0x0000000088700000, 0x0000000088700000, 0x0000000088800000|  0%| F|  |TAMS 0x0000000088700000, 0x0000000088700000| Untracked 
| 114|0x0000000088800000, 0x0000000088800000, 0x0000000088900000|  0%| F|  |TAMS 0x0000000088800000, 0x0000000088800000| Untracked 
| 115|0x0000000088900000, 0x0000000088900000, 0x0000000088a00000|  0%| F|  |TAMS 0x0000000088900000, 0x0000000088900000| Untracked 
| 116|0x0000000088a00000, 0x0000000088a00000, 0x0000000088b00000|  0%| F|  |TAMS 0x0000000088a00000, 0x0000000088a00000| Untracked 
| 117|0x0000000088b00000, 0x0000000088c00000, 0x0000000088c00000|100%| E|  |TAMS 0x0000000088b00000, 0x0000000088b00000| Complete 
| 118|0x0000000088c00000, 0x0000000088d00000, 0x0000000088d00000|100%| E|CS|TAMS 0x0000000088c00000, 0x0000000088c00000| Complete 
| 119|0x0000000088d00000, 0x0000000088e00000, 0x0000000088e00000|100%| E|CS|TAMS 0x0000000088d00000, 0x0000000088d00000| Complete 
| 120|0x0000000088e00000, 0x0000000088f00000, 0x0000000088f00000|100%| E|CS|TAMS 0x0000000088e00000, 0x0000000088e00000| Complete 
| 121|0x0000000088f00000, 0x0000000089000000, 0x0000000089000000|100%| E|CS|TAMS 0x0000000088f00000, 0x0000000088f00000| Complete 
| 122|0x0000000089000000, 0x0000000089100000, 0x0000000089100000|100%| E|CS|TAMS 0x0000000089000000, 0x0000000089000000| Complete 
| 123|0x0000000089100000, 0x0000000089200000, 0x0000000089200000|100%| E|CS|TAMS 0x0000000089100000, 0x0000000089100000| Complete 
| 124|0x0000000089200000, 0x0000000089300000, 0x0000000089300000|100%| E|CS|TAMS 0x0000000089200000, 0x0000000089200000| Complete 
| 125|0x0000000089300000, 0x0000000089400000, 0x0000000089400000|100%| E|CS|TAMS 0x0000000089300000, 0x0000000089300000| Complete 
| 126|0x0000000089400000, 0x0000000089500000, 0x0000000089500000|100%| E|CS|TAMS 0x0000000089400000, 0x0000000089400000| Complete 
| 127|0x0000000089500000, 0x0000000089600000, 0x0000000089600000|100%| E|CS|TAMS 0x0000000089500000, 0x0000000089500000| Complete 
| 128|0x0000000089600000, 0x0000000089700000, 0x0000000089700000|100%| E|CS|TAMS 0x0000000089600000, 0x0000000089600000| Complete 
| 129|0x0000000089700000, 0x0000000089800000, 0x0000000089800000|100%| E|CS|TAMS 0x0000000089700000, 0x0000000089700000| Complete 
| 130|0x0000000089800000, 0x0000000089900000, 0x0000000089900000|100%| E|CS|TAMS 0x0000000089800000, 0x0000000089800000| Complete 
| 131|0x0000000089900000, 0x0000000089a00000, 0x0000000089a00000|100%| E|CS|TAMS 0x0000000089900000, 0x0000000089900000| Complete 
| 132|0x0000000089a00000, 0x0000000089b00000, 0x0000000089b00000|100%| E|CS|TAMS 0x0000000089a00000, 0x0000000089a00000| Complete 
| 133|0x0000000089b00000, 0x0000000089c00000, 0x0000000089c00000|100%| E|CS|TAMS 0x0000000089b00000, 0x0000000089b00000| Complete 
| 134|0x0000000089c00000, 0x0000000089d00000, 0x0000000089d00000|100%| E|CS|TAMS 0x0000000089c00000, 0x0000000089c00000| Complete 
| 135|0x0000000089d00000, 0x0000000089e00000, 0x0000000089e00000|100%| E|CS|TAMS 0x0000000089d00000, 0x0000000089d00000| Complete 
| 136|0x0000000089e00000, 0x0000000089f00000, 0x0000000089f00000|100%| E|CS|TAMS 0x0000000089e00000, 0x0000000089e00000| Complete 
| 137|0x0000000089f00000, 0x000000008a000000, 0x000000008a000000|100%| E|CS|TAMS 0x0000000089f00000, 0x0000000089f00000| Complete 
| 138|0x000000008a000000, 0x000000008a100000, 0x000000008a100000|100%| E|CS|TAMS 0x000000008a000000, 0x000000008a000000| Complete 
| 139|0x000000008a100000, 0x000000008a200000, 0x000000008a200000|100%| E|CS|TAMS 0x000000008a100000, 0x000000008a100000| Complete 
| 140|0x000000008a200000, 0x000000008a300000, 0x000000008a300000|100%| E|CS|TAMS 0x000000008a200000, 0x000000008a200000| Complete 
| 141|0x000000008a300000, 0x000000008a400000, 0x000000008a400000|100%| E|CS|TAMS 0x000000008a300000, 0x000000008a300000| Complete 
| 142|0x000000008a400000, 0x000000008a500000, 0x000000008a500000|100%| E|CS|TAMS 0x000000008a400000, 0x000000008a400000| Complete 
| 143|0x000000008a500000, 0x000000008a600000, 0x000000008a600000|100%| E|CS|TAMS 0x000000008a500000, 0x000000008a500000| Complete 
| 144|0x000000008a600000, 0x000000008a700000, 0x000000008a700000|100%| E|CS|TAMS 0x000000008a600000, 0x000000008a600000| Complete 
| 145|0x000000008a700000, 0x000000008a800000, 0x000000008a800000|100%| E|CS|TAMS 0x000000008a700000, 0x000000008a700000| Complete 
| 146|0x000000008a800000, 0x000000008a900000, 0x000000008a900000|100%| E|CS|TAMS 0x000000008a800000, 0x000000008a800000| Complete 
| 147|0x000000008a900000, 0x000000008aa00000, 0x000000008aa00000|100%| E|CS|TAMS 0x000000008a900000, 0x000000008a900000| Complete 
| 148|0x000000008aa00000, 0x000000008ab00000, 0x000000008ab00000|100%| E|CS|TAMS 0x000000008aa00000, 0x000000008aa00000| Complete 
| 149|0x000000008ab00000, 0x000000008ac00000, 0x000000008ac00000|100%| E|CS|TAMS 0x000000008ab00000, 0x000000008ab00000| Complete 
| 150|0x000000008ac00000, 0x000000008ad00000, 0x000000008ad00000|100%| E|CS|TAMS 0x000000008ac00000, 0x000000008ac00000| Complete 
| 151|0x000000008ad00000, 0x000000008ae00000, 0x000000008ae00000|100%| E|CS|TAMS 0x000000008ad00000, 0x000000008ad00000| Complete 
| 152|0x000000008ae00000, 0x000000008af00000, 0x000000008af00000|100%| E|CS|TAMS 0x000000008ae00000, 0x000000008ae00000| Complete 
| 153|0x000000008af00000, 0x000000008b000000, 0x000000008b000000|100%| E|CS|TAMS 0x000000008af00000, 0x000000008af00000| Complete 
| 154|0x000000008b000000, 0x000000008b100000, 0x000000008b100000|100%| E|CS|TAMS 0x000000008b000000, 0x000000008b000000| Complete 
| 155|0x000000008b100000, 0x000000008b200000, 0x000000008b200000|100%| E|CS|TAMS 0x000000008b100000, 0x000000008b100000| Complete 
| 156|0x000000008b200000, 0x000000008b300000, 0x000000008b300000|100%| E|CS|TAMS 0x000000008b200000, 0x000000008b200000| Complete 
| 157|0x000000008b300000, 0x000000008b400000, 0x000000008b400000|100%| E|CS|TAMS 0x000000008b300000, 0x000000008b300000| Complete 
| 158|0x000000008b400000, 0x000000008b500000, 0x000000008b500000|100%| E|CS|TAMS 0x000000008b400000, 0x000000008b400000| Complete 
| 159|0x000000008b500000, 0x000000008b600000, 0x000000008b600000|100%| E|CS|TAMS 0x000000008b500000, 0x000000008b500000| Complete 
| 160|0x000000008b600000, 0x000000008b700000, 0x000000008b700000|100%| E|CS|TAMS 0x000000008b600000, 0x000000008b600000| Complete 
| 161|0x000000008b700000, 0x000000008b800000, 0x000000008b800000|100%| E|CS|TAMS 0x000000008b700000, 0x000000008b700000| Complete 
| 162|0x000000008b800000, 0x000000008b900000, 0x000000008b900000|100%| E|CS|TAMS 0x000000008b800000, 0x000000008b800000| Complete 
| 163|0x000000008b900000, 0x000000008ba00000, 0x000000008ba00000|100%| E|CS|TAMS 0x000000008b900000, 0x000000008b900000| Complete 
| 164|0x000000008ba00000, 0x000000008bb00000, 0x000000008bb00000|100%| E|CS|TAMS 0x000000008ba00000, 0x000000008ba00000| Complete 
| 165|0x000000008bb00000, 0x000000008bc00000, 0x000000008bc00000|100%| E|CS|TAMS 0x000000008bb00000, 0x000000008bb00000| Complete 
| 166|0x000000008bc00000, 0x000000008bd00000, 0x000000008bd00000|100%| E|CS|TAMS 0x000000008bc00000, 0x000000008bc00000| Complete 
| 167|0x000000008bd00000, 0x000000008be00000, 0x000000008be00000|100%| E|CS|TAMS 0x000000008bd00000, 0x000000008bd00000| Complete 
| 168|0x000000008be00000, 0x000000008bf00000, 0x000000008bf00000|100%| E|CS|TAMS 0x000000008be00000, 0x000000008be00000| Complete 
| 169|0x000000008bf00000, 0x000000008c000000, 0x000000008c000000|100%| E|CS|TAMS 0x000000008bf00000, 0x000000008bf00000| Complete 
| 170|0x000000008c000000, 0x000000008c100000, 0x000000008c100000|100%| E|CS|TAMS 0x000000008c000000, 0x000000008c000000| Complete 
| 171|0x000000008c100000, 0x000000008c200000, 0x000000008c200000|100%| E|CS|TAMS 0x000000008c100000, 0x000000008c100000| Complete 
| 172|0x000000008c200000, 0x000000008c300000, 0x000000008c300000|100%| E|CS|TAMS 0x000000008c200000, 0x000000008c200000| Complete 
| 173|0x000000008c300000, 0x000000008c400000, 0x000000008c400000|100%| E|CS|TAMS 0x000000008c300000, 0x000000008c300000| Complete 
| 174|0x000000008c400000, 0x000000008c500000, 0x000000008c500000|100%| E|CS|TAMS 0x000000008c400000, 0x000000008c400000| Complete 
| 175|0x000000008c500000, 0x000000008c600000, 0x000000008c600000|100%| E|CS|TAMS 0x000000008c500000, 0x000000008c500000| Complete 
| 176|0x000000008c600000, 0x000000008c700000, 0x000000008c700000|100%| E|CS|TAMS 0x000000008c600000, 0x000000008c600000| Complete 
| 177|0x000000008c700000, 0x000000008c800000, 0x000000008c800000|100%| E|CS|TAMS 0x000000008c700000, 0x000000008c700000| Complete 
| 178|0x000000008c800000, 0x000000008c900000, 0x000000008c900000|100%| E|CS|TAMS 0x000000008c800000, 0x000000008c800000| Complete 
| 179|0x000000008c900000, 0x000000008ca00000, 0x000000008ca00000|100%| E|CS|TAMS 0x000000008c900000, 0x000000008c900000| Complete 
| 180|0x000000008ca00000, 0x000000008cb00000, 0x000000008cb00000|100%| E|CS|TAMS 0x000000008ca00000, 0x000000008ca00000| Complete 
| 181|0x000000008cb00000, 0x000000008cc00000, 0x000000008cc00000|100%| E|  |TAMS 0x000000008cb00000, 0x000000008cb00000| Complete 
| 182|0x000000008cc00000, 0x000000008cd00000, 0x000000008cd00000|100%| E|CS|TAMS 0x000000008cc00000, 0x000000008cc00000| Complete 
| 183|0x000000008cd00000, 0x000000008ce00000, 0x000000008ce00000|100%| E|CS|TAMS 0x000000008cd00000, 0x000000008cd00000| Complete 
| 184|0x000000008ce00000, 0x000000008cf00000, 0x000000008cf00000|100%| E|CS|TAMS 0x000000008ce00000, 0x000000008ce00000| Complete 
| 185|0x000000008cf00000, 0x000000008d000000, 0x000000008d000000|100%| E|CS|TAMS 0x000000008cf00000, 0x000000008cf00000| Complete 
| 186|0x000000008d000000, 0x000000008d100000, 0x000000008d100000|100%| E|CS|TAMS 0x000000008d000000, 0x000000008d000000| Complete 
| 187|0x000000008d100000, 0x000000008d200000, 0x000000008d200000|100%| E|CS|TAMS 0x000000008d100000, 0x000000008d100000| Complete 
| 188|0x000000008d200000, 0x000000008d300000, 0x000000008d300000|100%| E|CS|TAMS 0x000000008d200000, 0x000000008d200000| Complete 
| 189|0x000000008d300000, 0x000000008d400000, 0x000000008d400000|100%| E|CS|TAMS 0x000000008d300000, 0x000000008d300000| Complete 
| 190|0x000000008d400000, 0x000000008d500000, 0x000000008d500000|100%| E|CS|TAMS 0x000000008d400000, 0x000000008d400000| Complete 
| 191|0x000000008d500000, 0x000000008d600000, 0x000000008d600000|100%| E|CS|TAMS 0x000000008d500000, 0x000000008d500000| Complete 
| 192|0x000000008d600000, 0x000000008d700000, 0x000000008d700000|100%| E|CS|TAMS 0x000000008d600000, 0x000000008d600000| Complete 
| 193|0x000000008d700000, 0x000000008d78d3a8, 0x000000008d800000| 55%| S|CS|TAMS 0x000000008d700000, 0x000000008d700000| Complete 
| 194|0x000000008d800000, 0x000000008d900000, 0x000000008d900000|100%| E|CS|TAMS 0x000000008d800000, 0x000000008d800000| Complete 
| 195|0x000000008d900000, 0x000000008da00000, 0x000000008da00000|100%| E|CS|TAMS 0x000000008d900000, 0x000000008d900000| Complete 
| 196|0x000000008da00000, 0x000000008db00000, 0x000000008db00000|100%| E|CS|TAMS 0x000000008da00000, 0x000000008da00000| Complete 
| 197|0x000000008db00000, 0x000000008dc00000, 0x000000008dc00000|100%| E|CS|TAMS 0x000000008db00000, 0x000000008db00000| Complete 
| 198|0x000000008dc00000, 0x000000008dd00000, 0x000000008dd00000|100%| E|CS|TAMS 0x000000008dc00000, 0x000000008dc00000| Complete 
| 199|0x000000008dd00000, 0x000000008de00000, 0x000000008de00000|100%| E|CS|TAMS 0x000000008dd00000, 0x000000008dd00000| Complete 

Card table byte_map: [0x000002267df00000,0x000002267e300000] _byte_map_base: 0x000002267daf5000

Marking Bits (Prev, Next): (CMBitMap*) 0x000002267d960ca0, (CMBitMap*) 0x000002267d960c60
 Prev Bits: [0x000002260c6e0000, 0x000002260e688000)
 Next Bits: [0x000002260a730000, 0x000002260c6d8000)

Polling page: 0x000002267b890000

Metaspace:

Usage:
  Non-class:     75.64 MB used.
      Class:     12.04 MB used.
       Both:     87.68 MB used.

Virtual space:
  Non-class space:       80.00 MB reserved,      76.31 MB ( 95%) committed,  10 nodes.
      Class space:        1.00 GB reserved,      12.56 MB (  1%) committed,  1 nodes.
             Both:        1.08 GB reserved,      88.88 MB (  8%) committed. 

Chunk freelists:
   Non-Class:  3.49 MB
       Class:  3.61 MB
        Both:  7.10 MB

MaxMetaspaceSize: unlimited
CompressedClassSpaceSize: 1.00 GB
Initial GC threshold: 21.00 MB
Current GC threshold: 148.06 MB
CDS: on
MetaspaceReclaimPolicy: balanced
 - commit_granule_bytes: 65536.
 - commit_granule_words: 8192.
 - virtual_space_node_default_size: 1048576.
 - enlarge_chunks_in_place: 1.
 - new_chunks_are_fully_committed: 0.
 - uncommit_free_chunks: 1.
 - use_allocation_guard: 0.
 - handle_deallocations: 1.


Internal statistics:

num_allocs_failed_limit: 22.
num_arena_births: 1546.
num_arena_deaths: 352.
num_vsnodes_births: 11.
num_vsnodes_deaths: 0.
num_space_committed: 1422.
num_space_uncommitted: 0.
num_chunks_returned_to_freelist: 471.
num_chunks_taken_from_freelist: 5125.
num_chunk_merges: 157.
num_chunk_splits: 3432.
num_chunks_enlarged: 2379.
num_purges: 2.
num_inconsistent_stats: 0.

CodeCache: size=49152Kb used=25860Kb max_used=26373Kb free=23291Kb
 bounds [0x0000022607730000, 0x0000022609170000, 0x000002260a730000]
 total_blobs=15669 nmethods=14865 adapters=728
 compilation: enabled
              stopped_count=0, restarted_count=0
 full_count=0

Compilation events (20 events):
Event: 546.905 Thread 0x00000226108f88b0 nmethod 15063 0x0000022608f97910 code [0x0000022608f97ac0, 0x0000022608f97e18]
Event: 546.905 Thread 0x0000022617bad820 nmethod 15064 0x0000022608f97090 code [0x0000022608f97280, 0x0000022608f976d8]
Event: 546.923 Thread 0x000002267f184360 15065       1       java.util.concurrent.locks.ReentrantLock::isHeldByCurrentThread (8 bytes)
Event: 546.923 Thread 0x000002267f184360 nmethod 15065 0x0000022608f96d90 code [0x0000022608f96f20, 0x0000022608f97018]
Event: 546.928 Thread 0x0000022617bad820 15066       1       java.util.concurrent.ThreadPoolExecutor::isRunning (10 bytes)
Event: 546.929 Thread 0x0000022617bad820 nmethod 15066 0x0000022608f96a90 code [0x0000022608f96c20, 0x0000022608f96cd8]
Event: 547.055 Thread 0x0000022617bad820 15067       1       java.nio.DirectByteBuffer::cleaner (5 bytes)
Event: 547.056 Thread 0x0000022617bad820 nmethod 15067 0x0000022608f96790 code [0x0000022608f96920, 0x0000022608f969f8]
Event: 547.062 Thread 0x0000022617bad820 15068   !   1       org.springframework.beans.factory.support.DefaultSingletonBeanRegistry::destroyBean (346 bytes)
Event: 547.063 Thread 0x0000022617bad820 nmethod 15068 0x0000022608f95210 code [0x0000022608f95540, 0x0000022608f96038]
Event: 547.069 Thread 0x0000022617bad820 15069       1       org.hibernate.service.spi.ServiceBinding::getLifecycleOwner (5 bytes)
Event: 547.069 Thread 0x0000022617bad820 nmethod 15069 0x0000022608f94f10 code [0x0000022608f950a0, 0x0000022608f95178]
Event: 547.081 Thread 0x000002267f184360 15070       1       java.util.concurrent.ThreadPoolExecutor::getThreadFactory (5 bytes)
Event: 547.081 Thread 0x000002267f184360 nmethod 15070 0x0000022608f94c10 code [0x0000022608f94da0, 0x0000022608f94e78]
Event: 547.081 Thread 0x000002267f184360 15071       1       java.util.concurrent.FutureTask::done (1 bytes)
Event: 547.081 Thread 0x000002267f184360 nmethod 15071 0x0000022608f94910 code [0x0000022608f94aa0, 0x0000022608f94b58]
Event: 547.082 Thread 0x00000226108f88b0 15072       1       java.util.concurrent.FutureTask::finishCompletion (71 bytes)
Event: 547.082 Thread 0x00000226108f88b0 nmethod 15072 0x0000022608f94310 code [0x0000022608f944e0, 0x0000022608f947b8]
Event: 547.092 Thread 0x000002267f184360 15073       1       com.microsoft.sqlserver.jdbc.Util::isActivityTraceOn (20 bytes)
Event: 547.092 Thread 0x000002267f184360 nmethod 15073 0x0000022608f93f10 code [0x0000022608f940c0, 0x0000022608f941e8]

GC Heap History (20 events):
Event: 7.644 GC heap before
{Heap before GC invocations=21 (full 0):
 garbage-first heap   total 204800K, used 161781K [0x0000000081600000, 0x0000000100000000)
  region size 1024K, 120 young (122880K), 2 survivors (2048K)
 Metaspace       used 64113K, committed 64768K, reserved 1105920K
  class space    used 8978K, committed 9280K, reserved 1048576K
}
Event: 7.648 GC heap after
{Heap after GC invocations=22 (full 0):
 garbage-first heap   total 204800K, used 44096K [0x0000000081600000, 0x0000000100000000)
  region size 1024K, 6 young (6144K), 6 survivors (6144K)
 Metaspace       used 64113K, committed 64768K, reserved 1105920K
  class space    used 8978K, committed 9280K, reserved 1048576K
}
Event: 8.146 GC heap before
{Heap before GC invocations=22 (full 0):
 garbage-first heap   total 204800K, used 160832K [0x0000000081600000, 0x0000000100000000)
  region size 1024K, 120 young (122880K), 6 survivors (6144K)
 Metaspace       used 64740K, committed 65408K, reserved 1105920K
  class space    used 9082K, committed 9408K, reserved 1048576K
}
Event: 8.152 GC heap after
{Heap after GC invocations=23 (full 0):
 garbage-first heap   total 204800K, used 48117K [0x0000000081600000, 0x0000000100000000)
  region size 1024K, 9 young (9216K), 9 survivors (9216K)
 Metaspace       used 64740K, committed 65408K, reserved 1105920K
  class space    used 9082K, committed 9408K, reserved 1048576K
}
Event: 8.859 GC heap before
{Heap before GC invocations=23 (full 0):
 garbage-first heap   total 204800K, used 161781K [0x0000000081600000, 0x0000000100000000)
  region size 1024K, 120 young (122880K), 9 survivors (9216K)
 Metaspace       used 65394K, committed 66048K, reserved 1105920K
  class space    used 9152K, committed 9472K, reserved 1048576K
}
Event: 8.868 GC heap after
{Heap after GC invocations=24 (full 0):
 garbage-first heap   total 204800K, used 52492K [0x0000000081600000, 0x0000000100000000)
  region size 1024K, 9 young (9216K), 9 survivors (9216K)
 Metaspace       used 65394K, committed 66048K, reserved 1105920K
  class space    used 9152K, committed 9472K, reserved 1048576K
}
Event: 9.662 GC heap before
{Heap before GC invocations=24 (full 0):
 garbage-first heap   total 204800K, used 166156K [0x0000000081600000, 0x0000000100000000)
  region size 1024K, 120 young (122880K), 9 survivors (9216K)
 Metaspace       used 67886K, committed 68544K, reserved 1114112K
  class space    used 9478K, committed 9792K, reserved 1048576K
}
Event: 9.671 GC heap after
{Heap after GC invocations=25 (full 0):
 garbage-first heap   total 204800K, used 56706K [0x0000000081600000, 0x0000000100000000)
  region size 1024K, 9 young (9216K), 9 survivors (9216K)
 Metaspace       used 67886K, committed 68544K, reserved 1114112K
  class space    used 9478K, committed 9792K, reserved 1048576K
}
Event: 11.740 GC heap before
{Heap before GC invocations=25 (full 0):
 garbage-first heap   total 204800K, used 148866K [0x0000000081600000, 0x0000000100000000)
  region size 1024K, 101 young (103424K), 9 survivors (9216K)
 Metaspace       used 78495K, committed 79168K, reserved 1122304K
  class space    used 11017K, committed 11328K, reserved 1048576K
}
Event: 11.751 GC heap after
{Heap after GC invocations=26 (full 0):
 garbage-first heap   total 204800K, used 63162K [0x0000000081600000, 0x0000000100000000)
  region size 1024K, 11 young (11264K), 11 survivors (11264K)
 Metaspace       used 78495K, committed 79168K, reserved 1122304K
  class space    used 11017K, committed 11328K, reserved 1048576K
}
Event: 107.232 GC heap before
{Heap before GC invocations=27 (full 0):
 garbage-first heap   total 204800K, used 164538K [0x0000000081600000, 0x0000000100000000)
  region size 1024K, 111 young (113664K), 11 survivors (11264K)
 Metaspace       used 86686K, committed 87424K, reserved 1130496K
  class space    used 11885K, committed 12224K, reserved 1048576K
}
Event: 107.243 GC heap after
{Heap after GC invocations=28 (full 0):
 garbage-first heap   total 204800K, used 66050K [0x0000000081600000, 0x0000000100000000)
  region size 1024K, 10 young (10240K), 10 survivors (10240K)
 Metaspace       used 86686K, committed 87424K, reserved 1130496K
  class space    used 11885K, committed 12224K, reserved 1048576K
}
Event: 109.349 GC heap before
{Heap before GC invocations=28 (full 0):
 garbage-first heap   total 204800K, used 67074K [0x0000000081600000, 0x0000000100000000)
  region size 1024K, 11 young (11264K), 10 survivors (10240K)
 Metaspace       used 86699K, committed 87424K, reserved 1130496K
  class space    used 11888K, committed 12224K, reserved 1048576K
}
Event: 109.355 GC heap after
{Heap after GC invocations=29 (full 0):
 garbage-first heap   total 204800K, used 67012K [0x0000000081600000, 0x0000000100000000)
  region size 1024K, 2 young (2048K), 2 survivors (2048K)
 Metaspace       used 86699K, committed 87424K, reserved 1130496K
  class space    used 11888K, committed 12224K, reserved 1048576K
}
Event: 221.711 GC heap before
{Heap before GC invocations=29 (full 0):
 garbage-first heap   total 204800K, used 166340K [0x0000000081600000, 0x0000000100000000)
  region size 1024K, 100 young (102400K), 2 survivors (2048K)
 Metaspace       used 90017K, committed 90944K, reserved 1130496K
  class space    used 12370K, committed 12800K, reserved 1048576K
}
Event: 221.716 GC heap after
{Heap after GC invocations=30 (full 0):
 garbage-first heap   total 204800K, used 68840K [0x0000000081600000, 0x0000000100000000)
  region size 1024K, 4 young (4096K), 4 survivors (4096K)
 Metaspace       used 90017K, committed 90944K, reserved 1130496K
  class space    used 12370K, committed 12800K, reserved 1048576K
}
Event: 396.394 GC heap before
{Heap before GC invocations=31 (full 0):
 garbage-first heap   total 204800K, used 168168K [0x0000000081600000, 0x0000000100000000)
  region size 1024K, 101 young (103424K), 4 survivors (4096K)
 Metaspace       used 89607K, committed 90944K, reserved 1130496K
  class space    used 12285K, committed 12800K, reserved 1048576K
}
Event: 396.397 GC heap after
{Heap after GC invocations=32 (full 0):
 garbage-first heap   total 204800K, used 68993K [0x0000000081600000, 0x0000000100000000)
  region size 1024K, 4 young (4096K), 4 survivors (4096K)
 Metaspace       used 89607K, committed 90944K, reserved 1130496K
  class space    used 12285K, committed 12800K, reserved 1048576K
}
Event: 409.748 GC heap before
{Heap before GC invocations=32 (full 0):
 garbage-first heap   total 204800K, used 75137K [0x0000000081600000, 0x0000000100000000)
  region size 1024K, 10 young (10240K), 4 survivors (4096K)
 Metaspace       used 89607K, committed 90944K, reserved 1130496K
  class space    used 12285K, committed 12800K, reserved 1048576K
}
Event: 409.753 GC heap after
{Heap after GC invocations=33 (full 0):
 garbage-first heap   total 204800K, used 66433K [0x0000000081600000, 0x0000000100000000)
  region size 1024K, 1 young (1024K), 1 survivors (1024K)
 Metaspace       used 89607K, committed 90944K, reserved 1130496K
  class space    used 12285K, committed 12800K, reserved 1048576K
}

Deoptimization events (20 events):
Event: 5.171 Thread 0x0000022610d5f770 DEOPT PACKING pc=0x00000226081964bc sp=0x000000a582efc120
Event: 5.171 Thread 0x0000022610d5f770 DEOPT UNPACKING pc=0x0000022607782b43 sp=0x000000a582efb5a0 mode 3
Event: 6.677 Thread 0x0000022610d5f770 DEOPT PACKING pc=0x000002260858ac3c sp=0x000000a582efb0d0
Event: 6.677 Thread 0x0000022610d5f770 DEOPT UNPACKING pc=0x0000022607782b43 sp=0x000000a582efa628 mode 0
Event: 8.552 Thread 0x0000022610d5f770 DEOPT PACKING pc=0x000002260808e444 sp=0x000000a582efb320
Event: 8.552 Thread 0x0000022610d5f770 DEOPT UNPACKING pc=0x0000022607782b43 sp=0x000000a582efa7b8 mode 3
Event: 9.358 Thread 0x0000022610d5f770 DEOPT PACKING pc=0x0000022607d45522 sp=0x000000a582efbcc0
Event: 9.358 Thread 0x0000022610d5f770 DEOPT UNPACKING pc=0x0000022607782b43 sp=0x000000a582efb1c8 mode 3
Event: 9.361 Thread 0x0000022610d5f770 DEOPT PACKING pc=0x0000022607d0e615 sp=0x000000a582efbc80
Event: 9.361 Thread 0x0000022610d5f770 DEOPT UNPACKING pc=0x0000022607782b43 sp=0x000000a582efb1c8 mode 3
Event: 51.336 Thread 0x0000022617059d90 DEOPT PACKING pc=0x00000226087112cc sp=0x000000a5845fe9e0
Event: 51.336 Thread 0x0000022617059d90 DEOPT UNPACKING pc=0x0000022607782b43 sp=0x000000a5845fdf08 mode 0
Event: 156.153 Thread 0x000002261716f2f0 DEOPT PACKING pc=0x0000022607cc6b4c sp=0x000000a588af9d70
Event: 156.153 Thread 0x0000022617171e40 DEOPT PACKING pc=0x0000022607cc6b4c sp=0x000000a581ef9ea0
Event: 156.153 Thread 0x000002261716f2f0 DEOPT UNPACKING pc=0x0000022607782b43 sp=0x000000a588af9230 mode 0
Event: 156.153 Thread 0x0000022617171e40 DEOPT UNPACKING pc=0x0000022607782b43 sp=0x000000a581ef9360 mode 0
Event: 159.624 Thread 0x0000022617767870 DEOPT PACKING pc=0x000002260794bd80 sp=0x000000a5892f9db0
Event: 159.624 Thread 0x0000022617767870 DEOPT UNPACKING pc=0x0000022607782b43 sp=0x000000a5892f9278 mode 3
Event: 159.836 Thread 0x0000022617171e40 DEOPT PACKING pc=0x0000022608c6fbb3 sp=0x000000a581efa6a0
Event: 159.836 Thread 0x0000022617171e40 DEOPT UNPACKING pc=0x0000022607782b43 sp=0x000000a581ef9ba8 mode 3

Classes unloaded (20 events):
Event: 221.771 Thread 0x000002267f163940 Unloading class 0x0000000800cff000 'jdk/internal/reflect/GeneratedSerializationConstructorAccessor7'
Event: 221.771 Thread 0x000002267f163940 Unloading class 0x0000000800cfec00 'jdk/internal/reflect/GeneratedSerializationConstructorAccessor6'
Event: 221.771 Thread 0x000002267f163940 Unloading class 0x0000000800cfe800 'jdk/internal/reflect/GeneratedSerializationConstructorAccessor5'
Event: 221.771 Thread 0x000002267f163940 Unloading class 0x0000000800cfe400 'jdk/internal/reflect/GeneratedSerializationConstructorAccessor4'
Event: 221.771 Thread 0x000002267f163940 Unloading class 0x0000000800cce000 'java/lang/invoke/LambdaForm$MH+0x0000000800cce000'
Event: 221.771 Thread 0x000002267f163940 Unloading class 0x0000000800ccdc00 'java/lang/invoke/LambdaForm$MH+0x0000000800ccdc00'
Event: 221.771 Thread 0x000002267f163940 Unloading class 0x0000000800ccd800 'java/lang/invoke/LambdaForm$MH+0x0000000800ccd800'
Event: 221.771 Thread 0x000002267f163940 Unloading class 0x0000000800ccd400 'java/lang/invoke/LambdaForm$MH+0x0000000800ccd400'
Event: 221.771 Thread 0x000002267f163940 Unloading class 0x0000000800ccd000 'java/lang/invoke/LambdaForm$MH+0x0000000800ccd000'
Event: 221.771 Thread 0x000002267f163940 Unloading class 0x0000000800cccc00 'java/lang/invoke/LambdaForm$MH+0x0000000800cccc00'
Event: 221.771 Thread 0x000002267f163940 Unloading class 0x0000000800ccc400 'java/lang/invoke/LambdaForm$MH+0x0000000800ccc400'
Event: 221.771 Thread 0x000002267f163940 Unloading class 0x0000000800ccc000 'java/lang/invoke/LambdaForm$MH+0x0000000800ccc000'
Event: 221.771 Thread 0x000002267f163940 Unloading class 0x0000000800cc0800 'jdk/internal/reflect/GeneratedSerializationConstructorAccessor3'
Event: 221.771 Thread 0x000002267f163940 Unloading class 0x0000000800cc0400 'jdk/internal/reflect/GeneratedSerializationConstructorAccessor2'
Event: 221.771 Thread 0x000002267f163940 Unloading class 0x0000000800cc0000 'jdk/internal/reflect/GeneratedSerializationConstructorAccessor1'
Event: 221.772 Thread 0x000002267f163940 Unloading class 0x0000000800c09000 'java/lang/invoke/LambdaForm$DMH+0x0000000800c09000'
Event: 221.772 Thread 0x000002267f163940 Unloading class 0x0000000800c08800 'java/lang/invoke/LambdaForm$DMH+0x0000000800c08800'
Event: 221.772 Thread 0x000002267f163940 Unloading class 0x0000000800c07c00 'jdk/internal/reflect/GeneratedConstructorAccessor1'
Event: 221.772 Thread 0x000002267f163940 Unloading class 0x0000000800c05000 'java/lang/invoke/LambdaForm$MH+0x0000000800c05000'
Event: 221.772 Thread 0x000002267f163940 Unloading class 0x0000000800c04c00 'java/lang/invoke/LambdaForm$MH+0x0000000800c04c00'

Classes redefined (0 events):
No events

Internal exceptions (20 events):
Event: 546.891 Thread 0x00000226145e40f0 Exception <a 'java/io/IOException'{0x0000000089412310}> (0x0000000089412310) 
thrown [t:\workspace\open\src\hotspot\share\prims\jni.cpp, line 516]
Event: 546.892 Thread 0x00000226145e40f0 Exception <a 'java/io/IOException'{0x000000008941cff8}> (0x000000008941cff8) 
thrown [t:\workspace\open\src\hotspot\share\prims\jni.cpp, line 516]
Event: 546.893 Thread 0x00000226145e40f0 Exception <a 'java/io/IOException'{0x00000000894257f8}> (0x00000000894257f8) 
thrown [t:\workspace\open\src\hotspot\share\prims\jni.cpp, line 516]
Event: 546.894 Thread 0x00000226145e40f0 Exception <a 'java/io/IOException'{0x00000000894308f0}> (0x00000000894308f0) 
thrown [t:\workspace\open\src\hotspot\share\prims\jni.cpp, line 516]
Event: 546.900 Thread 0x0000022610e7d3f0 Exception <a 'java/lang/InterruptedException'{0x00000000894c8328}: sleep interrupted> (0x00000000894c8328) 
thrown [t:\workspace\open\src\hotspot\share\prims\jvm.cpp, line 3067]
Event: 546.901 Thread 0x00000226145e40f0 Exception <a 'java/io/IOException'{0x0000000089466a80}> (0x0000000089466a80) 
thrown [t:\workspace\open\src\hotspot\share\prims\jni.cpp, line 516]
Event: 546.906 Thread 0x00000226145e40f0 Exception <a 'java/io/IOException'{0x0000000089360928}> (0x0000000089360928) 
thrown [t:\workspace\open\src\hotspot\share\prims\jni.cpp, line 516]
Event: 546.906 Thread 0x00000226145e40f0 Exception <a 'java/io/IOException'{0x0000000089361e88}> (0x0000000089361e88) 
thrown [t:\workspace\open\src\hotspot\share\prims\jni.cpp, line 516]
Event: 546.906 Thread 0x00000226145e40f0 Exception <a 'java/io/IOException'{0x0000000089363a40}> (0x0000000089363a40) 
thrown [t:\workspace\open\src\hotspot\share\prims\jni.cpp, line 516]
Event: 546.906 Thread 0x00000226145e40f0 Exception <a 'java/io/IOException'{0x000000008938e818}> (0x000000008938e818) 
thrown [t:\workspace\open\src\hotspot\share\prims\jni.cpp, line 516]
Event: 546.907 Thread 0x0000022617040730 Exception <a 'java/io/IOException'{0x00000000893810d8}> (0x00000000893810d8) 
thrown [t:\workspace\open\src\hotspot\share\prims\jni.cpp, line 516]
Event: 546.907 Thread 0x0000022617040730 Exception <a 'java/io/IOException'{0x0000000089382940}> (0x0000000089382940) 
thrown [t:\workspace\open\src\hotspot\share\prims\jni.cpp, line 516]
Event: 546.911 Thread 0x000002261703f8c0 Exception <a 'java/io/IOException'{0x00000000893be820}> (0x00000000893be820) 
thrown [t:\workspace\open\src\hotspot\share\prims\jni.cpp, line 516]
Event: 546.911 Thread 0x000002261703f8c0 Exception <a 'java/io/IOException'{0x00000000893c0078}> (0x00000000893c0078) 
thrown [t:\workspace\open\src\hotspot\share\prims\jni.cpp, line 516]
Event: 546.923 Thread 0x00000226145e40f0 Exception <a 'java/io/IOException'{0x00000000893f9898}> (0x00000000893f9898) 
thrown [t:\workspace\open\src\hotspot\share\prims\jni.cpp, line 516]
Event: 546.923 Thread 0x00000226145e40f0 Exception <a 'java/io/IOException'{0x00000000893fd550}> (0x00000000893fd550) 
thrown [t:\workspace\open\src\hotspot\share\prims\jni.cpp, line 516]
Event: 547.043 Thread 0x00000226145e40f0 Exception <a 'java/io/IOException'{0x0000000088c8bf28}> (0x0000000088c8bf28) 
thrown [t:\workspace\open\src\hotspot\share\prims\jni.cpp, line 516]
Event: 547.068 Thread 0x00000226145e40f0 Exception <a 'java/io/IOException'{0x0000000088b8dec0}> (0x0000000088b8dec0) 
thrown [t:\workspace\open\src\hotspot\share\prims\jni.cpp, line 516]
Event: 547.079 Thread 0x00000226145e40f0 Exception <a 'java/io/IOException'{0x0000000088bbd888}> (0x0000000088bbd888) 
thrown [t:\workspace\open\src\hotspot\share\prims\jni.cpp, line 516]
Event: 547.092 Thread 0x00000226145e40f0 Exception <a 'java/io/IOException'{0x0000000088bcb6a0}> (0x0000000088bcb6a0) 
thrown [t:\workspace\open\src\hotspot\share\prims\jni.cpp, line 516]

VM Operations (20 events):
Event: 546.886 Executing VM operation: ThreadDump done
Event: 546.887 Executing VM operation: ThreadDump
Event: 546.887 Executing VM operation: ThreadDump done
Event: 546.889 Executing VM operation: ThreadDump
Event: 546.889 Executing VM operation: ThreadDump done
Event: 546.889 Executing VM operation: ThreadDump
Event: 546.889 Executing VM operation: ThreadDump done
Event: 546.891 Executing VM operation: ThreadDump
Event: 546.891 Executing VM operation: ThreadDump done
Event: 546.891 Executing VM operation: ThreadDump
Event: 546.891 Executing VM operation: ThreadDump done
Event: 546.893 Executing VM operation: ThreadDump
Event: 546.893 Executing VM operation: ThreadDump done
Event: 546.893 Executing VM operation: ThreadDump
Event: 546.893 Executing VM operation: ThreadDump done
Event: 546.893 Executing VM operation: ThreadDump
Event: 546.893 Executing VM operation: ThreadDump done
Event: 546.893 Executing VM operation: ThreadDump
Event: 546.893 Executing VM operation: ThreadDump done
Event: 547.095 Executing VM operation: G1CollectFull

Events (20 events):
Event: 547.074 Thread 0x0000022617b38c50 Thread exited: 0x0000022617b38c50
Event: 547.074 Thread 0x00000226170410d0 Thread exited: 0x00000226170410d0
Event: 547.075 Thread 0x0000022617766530 Thread exited: 0x0000022617766530
Event: 547.075 Thread 0x0000022617adad70 Thread exited: 0x0000022617adad70
Event: 547.075 Thread 0x0000022617766060 Thread exited: 0x0000022617766060
Event: 547.075 loading class java/util/AbstractMap$2 done
Event: 547.076 loading class java/util/AbstractMap$2$1
Event: 547.076 loading class java/util/AbstractMap$2$1 done
Event: 547.081 Thread 0x0000022617ce0e70 Thread added: 0x0000022617ce0e70
Event: 547.083 Thread 0x0000022610e7c580 Thread exited: 0x0000022610e7c580
Event: 547.089 loading class java/lang/UnsupportedOperationException
Event: 547.089 loading class java/lang/UnsupportedOperationException done
Event: 547.089 loading class javax/crypto/AEADBadTagException
Event: 547.089 loading class javax/crypto/AEADBadTagException done
Event: 547.089 loading class javax/net/ssl/SSLHandshakeException
Event: 547.089 loading class javax/net/ssl/SSLException
Event: 547.089 loading class javax/net/ssl/SSLException done
Event: 547.089 loading class javax/net/ssl/SSLHandshakeException done
Event: 547.091 Thread 0x0000022610e7fa70 Thread exited: 0x0000022610e7fa70
Event: 547.092 Thread 0x0000022617ce0e70 Thread exited: 0x0000022617ce0e70


Dynamic libraries:
0x00007ff7b7470000 - 0x00007ff7b7480000 	C:\Program Files\Java\jdk-17.0.1\bin\java.exe
0x00007ffe4f730000 - 0x00007ffe4f927000 	C:\WINDOWS\SYSTEM32\ntdll.dll
0x00007ffe4e390000 - 0x00007ffe4e44d000 	C:\WINDOWS\System32\KERNEL32.DLL
0x00007ffe4d0a0000 - 0x00007ffe4d396000 	C:\WINDOWS\System32\KERNELBASE.dll
0x00007ffe4ce10000 - 0x00007ffe4cf10000 	C:\WINDOWS\System32\ucrtbase.dll
0x00007ffe48b10000 - 0x00007ffe48b28000 	C:\Program Files\Java\jdk-17.0.1\bin\jli.dll
0x00007ffe48ab0000 - 0x00007ffe48aca000 	C:\Program Files\Java\jdk-17.0.1\bin\VCRUNTIME140.dll
0x00007ffe4e9a0000 - 0x00007ffe4ea4e000 	C:\WINDOWS\System32\ADVAPI32.dll
0x00007ffe4edf0000 - 0x00007ffe4ee8e000 	C:\WINDOWS\System32\msvcrt.dll
0x00007ffe4e6a0000 - 0x00007ffe4e73c000 	C:\WINDOWS\System32\sechost.dll
0x00007ffe4ef80000 - 0x00007ffe4f0a6000 	C:\WINDOWS\System32\RPCRT4.dll
0x00007ffe4d790000 - 0x00007ffe4d92e000 	C:\WINDOWS\System32\USER32.dll
0x00007ffe4d070000 - 0x00007ffe4d092000 	C:\WINDOWS\System32\win32u.dll
0x00007ffe4f0b0000 - 0x00007ffe4f0dc000 	C:\WINDOWS\System32\GDI32.dll
0x00007ffe4d540000 - 0x00007ffe4d65a000 	C:\WINDOWS\System32\gdi32full.dll
0x00007ffe4d6f0000 - 0x00007ffe4d78d000 	C:\WINDOWS\System32\msvcp_win.dll
0x00007ffe43810000 - 0x00007ffe43aaa000 	C:\WINDOWS\WinSxS\amd64_microsoft.windows.common-controls_6595b64144ccf1df_6.0.19041.3570_none_60bb2a3971f3e41a\COMCTL32.dll
0x00007ffe3eaf0000 - 0x00007ffe3eafa000 	C:\WINDOWS\SYSTEM32\VERSION.dll
0x00007ffe4ea60000 - 0x00007ffe4ea90000 	C:\WINDOWS\System32\IMM32.DLL
0x00007ffe4a7a0000 - 0x00007ffe4a7ac000 	C:\Program Files\Java\jdk-17.0.1\bin\vcruntime140_1.dll
0x00007ffe45ed0000 - 0x00007ffe45f5d000 	C:\Program Files\Java\jdk-17.0.1\bin\msvcp140.dll
0x00007ffe12e70000 - 0x00007ffe13a2e000 	C:\Program Files\Java\jdk-17.0.1\bin\server\jvm.dll
0x00007ffe4f6e0000 - 0x00007ffe4f6e8000 	C:\WINDOWS\System32\PSAPI.DLL
0x00007ffe47c30000 - 0x00007ffe47c39000 	C:\WINDOWS\SYSTEM32\WSOCK32.dll
0x00007ffe4f1f0000 - 0x00007ffe4f25b000 	C:\WINDOWS\System32\WS2_32.dll
0x00007ffe3e7b0000 - 0x00007ffe3e7d7000 	C:\WINDOWS\SYSTEM32\WINMM.dll
0x00007ffe4acb0000 - 0x00007ffe4acc2000 	C:\WINDOWS\SYSTEM32\kernel.appcore.dll
0x00007ffe48cc0000 - 0x00007ffe48cca000 	C:\Program Files\Java\jdk-17.0.1\bin\jimage.dll
0x00007ffe38ea0000 - 0x00007ffe39084000 	C:\WINDOWS\SYSTEM32\DBGHELP.DLL
0x00007ffe32f60000 - 0x00007ffe32f94000 	C:\WINDOWS\SYSTEM32\dbgcore.DLL
0x00007ffe4d660000 - 0x00007ffe4d6e2000 	C:\WINDOWS\System32\bcryptPrimitives.dll
0x00007ffe48c80000 - 0x00007ffe48c8e000 	C:\Program Files\Java\jdk-17.0.1\bin\instrument.dll
0x00007ffe46050000 - 0x00007ffe46075000 	C:\Program Files\Java\jdk-17.0.1\bin\java.dll
0x00007ffe40f80000 - 0x00007ffe41056000 	C:\Program Files\Java\jdk-17.0.1\bin\svml.dll
0x00007ffe4dc40000 - 0x00007ffe4e384000 	C:\WINDOWS\System32\SHELL32.dll
0x00007ffe4aeb0000 - 0x00007ffe4b64b000 	C:\WINDOWS\SYSTEM32\windows.storage.dll
0x00007ffe4ea90000 - 0x00007ffe4ede4000 	C:\WINDOWS\System32\combase.dll
0x00007ffe4c850000 - 0x00007ffe4c87d000 	C:\WINDOWS\SYSTEM32\Wldp.dll
0x00007ffe4e740000 - 0x00007ffe4e7ed000 	C:\WINDOWS\System32\SHCORE.dll
0x00007ffe4ee90000 - 0x00007ffe4eee5000 	C:\WINDOWS\System32\shlwapi.dll
0x00007ffe4cd40000 - 0x00007ffe4cd65000 	C:\WINDOWS\SYSTEM32\profapi.dll
0x00007ffe47550000 - 0x00007ffe47568000 	C:\Program Files\Java\jdk-17.0.1\bin\zip.dll
0x00007ffe48120000 - 0x00007ffe48139000 	C:\Program Files\Java\jdk-17.0.1\bin\net.dll
0x00007ffe44fa0000 - 0x00007ffe450aa000 	C:\WINDOWS\SYSTEM32\WINHTTP.dll
0x00007ffe4c5b0000 - 0x00007ffe4c61a000 	C:\WINDOWS\system32\mswsock.dll
0x00007ffe47f40000 - 0x00007ffe47f55000 	C:\Program Files\Java\jdk-17.0.1\bin\nio.dll
0x00007ffe46690000 - 0x00007ffe466aa000 	C:\Program Files\IntelliJ IDEA 2020.3.2\bin\breakgen64.dll
0x00007ffe4c2a0000 - 0x00007ffe4c36a000 	C:\WINDOWS\SYSTEM32\DNSAPI.dll
0x00007ffe4c250000 - 0x00007ffe4c28b000 	C:\WINDOWS\SYSTEM32\IPHLPAPI.DLL
0x00007ffe4f260000 - 0x00007ffe4f268000 	C:\WINDOWS\System32\NSI.dll
0x00007ffe41330000 - 0x00007ffe4133a000 	C:\Windows\System32\rasadhlp.dll
0x00007ffe41060000 - 0x00007ffe410e2000 	C:\WINDOWS\System32\fwpuclnt.dll
0x00007ffe4d3f0000 - 0x00007ffe4d417000 	C:\WINDOWS\System32\bcrypt.dll
0x00007ffe47d90000 - 0x00007ffe47d99000 	C:\Program Files\Java\jdk-17.0.1\bin\management.dll
0x00007ffe47cd0000 - 0x00007ffe47cdb000 	C:\Program Files\Java\jdk-17.0.1\bin\management_ext.dll
0x00007ffe4c7a0000 - 0x00007ffe4c7b8000 	C:\WINDOWS\SYSTEM32\CRYPTSP.dll
0x00007ffe4bdf0000 - 0x00007ffe4be24000 	C:\WINDOWS\system32\rsaenh.dll
0x00007ffe4cd00000 - 0x00007ffe4cd2e000 	C:\WINDOWS\SYSTEM32\USERENV.dll
0x00007ffe4c7c0000 - 0x00007ffe4c7cc000 	C:\WINDOWS\SYSTEM32\CRYPTBASE.dll
0x00007ffe45b70000 - 0x00007ffe45b87000 	C:\WINDOWS\SYSTEM32\dhcpcsvc6.DLL
0x00007ffe45b50000 - 0x00007ffe45b6d000 	C:\WINDOWS\SYSTEM32\dhcpcsvc.DLL
0x00007ffe25350000 - 0x00007ffe25367000 	C:\WINDOWS\system32\napinsp.dll
0x00007ffe25370000 - 0x00007ffe2538b000 	C:\WINDOWS\system32\pnrpnsp.dll
0x00007ffe48070000 - 0x00007ffe48085000 	C:\WINDOWS\system32\wshbth.dll
0x00007ffe48a90000 - 0x00007ffe48aad000 	C:\WINDOWS\system32\NLAapi.dll
0x00007ffe25390000 - 0x00007ffe253a2000 	C:\WINDOWS\System32\winrnr.dll
0x00007ffe47b90000 - 0x00007ffe47b9e000 	C:\Program Files\Java\jdk-17.0.1\bin\sunmscapi.dll
0x00007ffe4cf10000 - 0x00007ffe4d06d000 	C:\WINDOWS\System32\CRYPT32.dll
0x00007ffe4c8c0000 - 0x00007ffe4c8e7000 	C:\WINDOWS\SYSTEM32\ncrypt.dll
0x00007ffe4c880000 - 0x00007ffe4c8bb000 	C:\WINDOWS\SYSTEM32\NTASN1.dll
0x00007ffe36830000 - 0x00007ffe36879000 	C:\WINDOWS\SYSTEM32\pdh.dll
0x00007ffe47150000 - 0x00007ffe47157000 	C:\WINDOWS\system32\wshunix.dll
0x00007ffe46190000 - 0x00007ffe4619f000 	C:\WINDOWS\System32\perfproc.dll
0x00007ffe48cd0000 - 0x00007ffe48cdf000 	C:\WINDOWS\System32\perfos.dll

dbghelp: loaded successfully - version: 4.0.5 - missing functions: none
symbol engine: initialized successfully - sym options: 0x614 - pdb path: .;C:\Program Files\Java\jdk-17.0.1\bin;C:\WINDOWS\SYSTEM32;C:\WINDOWS\WinSxS\amd64_microsoft.windows.common-controls_6595b64144ccf1df_6.0.19041.3570_none_60bb2a3971f3e41a;C:\Program Files\Java\jdk-17.0.1\bin\server;C:\Program Files\IntelliJ IDEA 2020.3.2\bin

VM Arguments:
jvm_args: -XX:TieredStopAtLevel=1 -Xverify:none -Dspring.output.ansi.enabled=always -javaagent:C:\Program Files\IntelliJ IDEA 2020.3.2\lib\idea_rt.jar=64299:C:\Program Files\IntelliJ IDEA 2020.3.2\bin -Dcom.sun.management.jmxremote -Dspring.jmx.enabled=true -Dspring.liveBeansView.mbeanDomain -Dspring.application.admin.enabled=true -Dfile.encoding=UTF-8 
java_command: com.fpoly.ooc.ApiServiceMsApplication
java_class_path (initial): E:\DATN\UD-HN_1998-outOFcollege\api-service-ms\target\classes;C:\Users\Admin\.m2\repository\org\springframework\boot\spring-boot-starter-data-jpa\3.1.3\spring-boot-starter-data-jpa-3.1.3.jar;C:\Users\Admin\.m2\repository\org\springframework\boot\spring-boot-starter-aop\3.1.3\spring-boot-starter-aop-3.1.3.jar;C:\Users\Admin\.m2\repository\org\aspectj\aspectjweaver\1.9.20\aspectjweaver-1.9.20.jar;C:\Users\Admin\.m2\repository\org\springframework\boot\spring-boot-starter-jdbc\3.1.3\spring-boot-starter-jdbc-3.1.3.jar;C:\Users\Admin\.m2\repository\com\zaxxer\HikariCP\5.0.1\HikariCP-5.0.1.jar;C:\Users\Admin\.m2\repository\org\springframework\spring-jdbc\6.0.11\spring-jdbc-6.0.11.jar;C:\Users\Admin\.m2\repository\org\hibernate\orm\hibernate-core\6.2.7.Final\hibernate-core-6.2.7.Final.jar;C:\Users\Admin\.m2\repository\jakarta\persistence\jakarta.persistence-api\3.1.0\jakarta.persistence-api-3.1.0.jar;C:\Users\Admin\.m2\repository\jakarta\transaction\jakarta.transaction-api\2.0.1\jakarta.transaction-api-2.0.1.jar;C:\Users\Admin\.m2\repository\org\jboss\logging\jboss-logging\3.5.3.Final\jboss-logging-3.5.3.Final.jar;C:\Users\Admin\.m2\repository\org\hibernate\common\hibernate-commons-annotations\6.0.6.Final\hibernate-commons-annotations-6.0.6.Final.jar;C:\Users\Admin\.m2\repository\io\smallrye\jandex\3.0.5\jandex-3.0.5.jar;C:\Users\Admin\.m2\repository\com\fasterxml\classmate\1.5.1\classmate-1.5.1.jar;C:\Users\Admin\.m2\repository\net\bytebuddy\byte-buddy\1.14.6\byte-buddy-1.14.6.jar;C:\Users\Admin\.m2\repository\org\glassfish\jaxb\jaxb-runtime\4.0.3\jaxb-runtime-4.0.3.jar;C:\Users\Admin\.m2\repository\org\glassfish\jaxb\jaxb-core\4.0.3\jaxb-core-4.0.3.jar;C:\Users\Admin\.m2\repository\org\glassfish\jaxb\txw2\4.0.3\txw2-4.0.3.jar;C:\Users\Admin\.m2\repository\com\sun\istack\istack-commons-runtime\4.1.2\istack-commons-runtime-4.1.2.jar;C:\Users\Admin\.m2\repository\jakarta\inject\jakarta.inject-api\2.0.1\jakarta.inject-api-2.0.1.jar;C:\Users\Admin\
Launcher Type: SUN_STANDARD

[Global flags]
     intx CICompilerCount                          = 4                                         {product} {ergonomic}
     uint ConcGCThreads                            = 2                                         {product} {ergonomic}
     uint G1ConcRefinementThreads                  = 8                                         {product} {ergonomic}
   size_t G1HeapRegionSize                         = 1048576                                   {product} {ergonomic}
    uintx GCDrainStackTargetSize                   = 64                                        {product} {ergonomic}
   size_t InitialHeapSize                          = 134217728                                 {product} {ergonomic}
     bool ManagementServer                         = true                                      {product} {command line}
   size_t MarkStackSize                            = 4194304                                   {product} {ergonomic}
   size_t MaxHeapSize                              = 2124414976                                {product} {ergonomic}
   size_t MaxNewSize                               = 1274019840                                {product} {ergonomic}
   size_t MinHeapDeltaBytes                        = 1048576                                   {product} {ergonomic}
   size_t MinHeapSize                              = 8388608                                   {product} {ergonomic}
    uintx NonProfiledCodeHeapSize                  = 0                                      {pd product} {ergonomic}
     bool ProfileInterpreter                       = false                                  {pd product} {command line}
    uintx ProfiledCodeHeapSize                     = 0                                      {pd product} {ergonomic}
   size_t SoftMaxHeapSize                          = 2124414976                             {manageable} {ergonomic}
     intx TieredStopAtLevel                        = 1                                         {product} {command line}
     bool UseCompressedClassPointers               = true                           {product lp64_product} {ergonomic}
     bool UseCompressedOops                        = true                           {product lp64_product} {ergonomic}
     bool UseG1GC                                  = true                                      {product} {ergonomic}
     bool UseLargePagesIndividualAllocation        = false                                  {pd product} {ergonomic}

Logging:
Log output configuration:
 #0: stdout all=warning uptime,level,tags
 #1: stderr all=off uptime,level,tags

Environment Variables:
JAVA_HOME=C:\Program Files\Java\jdk-17.0.1
PATH=C:\Program Files\Common Files\Oracle\Java\javapath;"C:\Program Files (x86)\Common Files\Oracle\Java\javapath;C:\Program Files\Java\jre1.8.0_311\bin;";C:\WINDOWS\system32;C:\WINDOWS;C:\WINDOWS\System32\Wbem;C:\WINDOWS\System32\WindowsPowerShell\v1.0\;C:\WINDOWS\System32\OpenSSH\;C:\Program Files (x86)\AMD\ATI.ACE\Core-Static;C:\Program Files\Java\jre1.8.0_311\bin;C:\Program Files\Microsoft VS Code\bin;C:\TDM-GCC-64\bin;C:\Program Files\Microsoft SQL Server\Client SDK\ODBC\170\Tools\Binn\;C:\Program Files (x86)\Microsoft SQL Server\150\Tools\Binn\;C:\Program Files\Microsoft SQL Server\150\Tools\Binn\;C:\Program Files\Microsoft SQL Server\150\DTS\Binn\;C:\Program Files (x86)\Microsoft SQL Server\150\DTS\Binn\;C:\Program Files\Azure Data Studio\bin;C:\Program Files\Git\cmd;C:\Program Files\nodejs\;C:\Users\Admin\AppData\Local\Programs\Python\Python310\Scripts\;C:\Users\Admin\AppData\Local\Programs\Python\Python310\;"C:\Users\Admin\AppData\Local\Microsoft\WindowsApps;";"C:\Users\Admin\AppData\Local\Programs\Microsoft VS Code\bin;";C:\Program Files\Java\jdk-17.0.1\bin\;C:\Program Files\Azure Data Studio\bin;C:\Users\Admin\Downloads\ngrok-stable-windows-amd64;C:\Program Files\JetBrains\IntelliJ IDEA Community Edition 2022.1\bin;;C:\Users\Admin\AppData\Roaming\npm;C:\TDM-GCC-64\bin;C:\Users\Admin\Downloads\apache-maven-3.9.3-bin\apache-maven-3.9.3\bin;
USERNAME=Admin
OS=Windows_NT
PROCESSOR_IDENTIFIER=Intel64 Family 6 Model 60 Stepping 3, GenuineIntel



---------------  S Y S T E M  ---------------

OS:
 Windows 10 , 64 bit Build 19041 (10.0.19041.3570)
OS uptime: 6 days 10:38 hours

CPU: total 8 (initial active 8) (4 cores per cpu, 2 threads per core) family 6 model 60 stepping 3 microcode 0x27, cx8, cmov, fxsr, ht, mmx, sse, sse2, sse3, ssse3, sse4.1, sse4.2, popcnt, lzcnt, tsc, tscinvbit, avx, avx2, aes, erms, clmul, bmi1, bmi2, fma, vzeroupper, clflush

Memory: 4k page, system-wide physical 8097M (985M free)
TotalPageFile size 13154M (AvailPageFile size 5M)
current process WorkingSet (physical memory assigned to process): 410M, peak: 417M
current process commit charge ("private bytes"): 466M, peak: 467M

vm_info: Java HotSpot(TM) 64-Bit Server VM (17.0.1+12-LTS-39) for windows-amd64 JRE (17.0.1+12-LTS-39), built on Sep 27 2021 18:41:35 by "mach5one" with MS VC++ 16.8 (VS2019)

END.
