#
# There is insufficient memory for the Java Runtime Environment to continue.
# Native memory allocation (malloc) failed to allocate 32744 bytes for ChunkPool::allocate
# Possible reasons:
#   The system is out of physical RAM or swap space
#   The process is running with CompressedOops enabled, and the Java Heap may be blocking the growth of the native heap
# Possible solutions:
#   Reduce memory load on the system
#   Increase physical memory or swap space
#   Check if swap backing store is full
#   Decrease Java heap size (-Xmx/-Xms)
#   Decrease number of Java threads
#   Decrease Java thread stack sizes (-Xss)
#   Set larger code cache with -XX:ReservedCodeCacheSize=
#   JVM is running with Unscaled Compressed Oops mode in which the Java heap is
#     placed in the first 4GB address space. The Java Heap base address is the
#     maximum limit for the native heap growth. Please use -XX:HeapBaseMinAddress
#     to set the Java Heap base and to place the Java Heap above 4GB virtual address.
# This output file may be truncated or incomplete.
#
#  Out of Memory Error (arena.cpp:78), pid=12992, tid=2756
#
# JRE version: Java(TM) SE Runtime Environment (17.0.1+12) (build 17.0.1+12-LTS-39)
# Java VM: Java HotSpot(TM) 64-Bit Server VM (17.0.1+12-LTS-39, mixed mode, emulated-client, sharing, tiered, compressed oops, compressed class ptrs, g1 gc, windows-amd64)
# No core dump will be written. Minidumps are not enabled by default on client versions of Windows
#

---------------  S U M M A R Y ------------

Command Line: -XX:TieredStopAtLevel=1 -Xverify:none -Dspring.output.ansi.enabled=always -javaagent:C:\Program Files\IntelliJ IDEA 2020.3.2\lib\idea_rt.jar=57814:C:\Program Files\IntelliJ IDEA 2020.3.2\bin -Dcom.sun.management.jmxremote -Dspring.jmx.enabled=true -Dspring.liveBeansView.mbeanDomain -Dspring.application.admin.enabled=true -Dfile.encoding=UTF-8 com.fpoly.ooc.ApiServiceMsApplication

Host: Intel(R) Core(TM) i7-4800MQ CPU @ 2.70GHz, 8 cores, 7G,  Windows 10 , 64 bit Build 19041 (10.0.19041.3393)
Time: Wed Oct 11 02:07:41 2023 SE Asia Standard Time elapsed time: 921.180195 seconds (0d 0h 15m 21s)

---------------  T H R E A D  ---------------

Current thread (0x0000024e4af07480):  JavaThread "C1 CompilerThread0" daemon [_thread_in_native, id=2756, stack(0x000000789c100000,0x000000789c200000)]


Current CompileTask:
C1: 921180 17550   !   1       org.apache.catalina.core.StandardWrapperValve::invoke (2396 bytes)

Stack: [0x000000789c100000,0x000000789c200000]
Native frames: (J=compiled Java code, j=interpreted, Vv=VM code, C=native code)
V  [jvm.dll+0x66fa1a]
V  [jvm.dll+0x7ce5a4]
V  [jvm.dll+0x7cfd4e]
V  [jvm.dll+0x7d03b3]
V  [jvm.dll+0x242b05]
V  [jvm.dll+0xaa2a0]
V  [jvm.dll+0xaa5ec]
V  [jvm.dll+0x11a145]
V  [jvm.dll+0x17749d]
V  [jvm.dll+0x178093]
V  [jvm.dll+0x1323c3]
V  [jvm.dll+0x131cbf]
V  [jvm.dll+0x131ef6]
V  [jvm.dll+0x13138a]
V  [jvm.dll+0x133051]
V  [jvm.dll+0x224848]
V  [jvm.dll+0x2229ac]
V  [jvm.dll+0x78435b]
V  [jvm.dll+0x77e91a]
V  [jvm.dll+0x66e845]
C  [ucrtbase.dll+0x21bb2]
C  [KERNEL32.DLL+0x17344]
C  [ntdll.dll+0x526b1]


---------------  P R O C E S S  ---------------

Threads class SMR info:
_java_thread_list=0x0000024e52be28f0, length=111, elements={
0x0000024e4aeeeab0, 0x0000024e4aeefd30, 0x0000024e4aefd1c0, 0x0000024e4aeffe40,
0x0000024e4af01800, 0x0000024e4af025c0, 0x0000024e4af07480, 0x0000024e4af10e90,
0x0000024e4aedba00, 0x0000024e4bd9fe60, 0x0000024e4bda0330, 0x0000024e4bf4f2a0,
0x0000024e4c3a5490, 0x0000024e4e1d2550, 0x0000024e4e1cf530, 0x0000024e4e1d16e0,
0x0000024e4e1cfa00, 0x0000024e4e1d0d40, 0x0000024e4e1d03a0, 0x0000024e4e1d0870,
0x0000024e4e1d1210, 0x0000024e4e1d1bb0, 0x0000024e4e1d2080, 0x0000024e4e1d2a20,
0x0000024e4e1cf060, 0x0000024e502290a0, 0x0000024e50229f10, 0x0000024e5022a3e0,
0x0000024e50224870, 0x0000024e50226550, 0x0000024e50224d40, 0x0000024e50228bd0,
0x0000024e50227d60, 0x0000024e50229570, 0x0000024e50228700, 0x0000024e50229a40,
0x0000024e50228230, 0x0000024e5022a8b0, 0x0000024e50223060, 0x0000024e50223530,
0x0000024e502256e0, 0x0000024e50223ed0, 0x0000024e50226ef0, 0x0000024e50225210,
0x0000024e50227890, 0x0000024e502243a0, 0x0000024e50223a00, 0x0000024e50225bb0,
0x0000024e50226080, 0x0000024e50226a20, 0x0000024e502273c0, 0x0000024e502575a0,
0x0000024e5025e450, 0x0000024e5025a5c0, 0x0000024e5025e920, 0x0000024e5025c770,
0x0000024e5025aa90, 0x0000024e50258db0, 0x0000024e5025b430, 0x0000024e5025af60,
0x0000024e50257a70, 0x0000024e502570d0, 0x0000024e5025a0f0, 0x0000024e5025b900,
0x0000024e50257f40, 0x0000024e50258410, 0x0000024e5025bdd0, 0x0000024e502588e0,
0x0000024e50259c20, 0x0000024e5025cc40, 0x0000024e5025d110, 0x0000024e5025d5e0,
0x0000024e5025c2a0, 0x0000024e50259280, 0x0000024e5025dab0, 0x0000024e5025df80,
0x0000024e50259750, 0x0000024e502892e0, 0x0000024e50288940, 0x0000024e50289c80,
0x0000024e50288e10, 0x0000024e502897b0, 0x0000024e5028a620, 0x0000024e5028a150,
0x0000024e5028aaf0, 0x0000024e50287130, 0x0000024e50287600, 0x0000024e5035fd50,
0x0000024e50363be0, 0x0000024e503640b0, 0x0000024e5035d200, 0x0000024e50361f00,
0x0000024e5035dba0, 0x0000024e50363710, 0x0000024e5035e540, 0x0000024e5035ea10,
0x0000024e50361560, 0x0000024e503623d0, 0x0000024e5035eee0, 0x0000024e503628a0,
0x0000024e50362d70, 0x0000024e50363240, 0x0000024e4e1cfed0, 0x0000024e52a5b710,
0x0000024e52a59090, 0x0000024e52a5ca50, 0x0000024e52a59a30, 0x0000024e52a59f00,
0x0000024e500aa490, 0x0000024e500a78d0, 0x0000024e4fba4810
}

Java Threads: ( => current thread )
  0x0000024e4aeeeab0 JavaThread "Reference Handler" daemon [_thread_blocked, id=6940, stack(0x000000789bb00000,0x000000789bc00000)]
  0x0000024e4aeefd30 JavaThread "Finalizer" daemon [_thread_blocked, id=18196, stack(0x000000789bc00000,0x000000789bd00000)]
  0x0000024e4aefd1c0 JavaThread "Signal Dispatcher" daemon [_thread_blocked, id=13288, stack(0x000000789bd00000,0x000000789be00000)]
  0x0000024e4aeffe40 JavaThread "Attach Listener" daemon [_thread_blocked, id=18828, stack(0x000000789be00000,0x000000789bf00000)]
  0x0000024e4af01800 JavaThread "Service Thread" daemon [_thread_blocked, id=2888, stack(0x000000789bf00000,0x000000789c000000)]
  0x0000024e4af025c0 JavaThread "Monitor Deflation Thread" daemon [_thread_blocked, id=5708, stack(0x000000789c000000,0x000000789c100000)]
=>0x0000024e4af07480 JavaThread "C1 CompilerThread0" daemon [_thread_in_native, id=2756, stack(0x000000789c100000,0x000000789c200000)]
  0x0000024e4af10e90 JavaThread "Sweeper thread" daemon [_thread_blocked, id=7680, stack(0x000000789c200000,0x000000789c300000)]
  0x0000024e4aedba00 JavaThread "Common-Cleaner" daemon [_thread_blocked, id=4756, stack(0x000000789c300000,0x000000789c400000)]
  0x0000024e4bd9fe60 JavaThread "Monitor Ctrl-Break" daemon [_thread_in_native, id=2028, stack(0x000000789c600000,0x000000789c700000)]
  0x0000024e4bda0330 JavaThread "Notification Thread" daemon [_thread_blocked, id=9376, stack(0x000000789c700000,0x000000789c800000)]
  0x0000024e4bf4f2a0 JavaThread "RMI TCP Accept-0" daemon [_thread_in_native, id=12396, stack(0x000000789c800000,0x000000789c900000)]
  0x0000024e4c3a5490 JavaThread "RMI Scheduler(0)" daemon [_thread_blocked, id=15608, stack(0x000000789d400000,0x000000789d500000)]
  0x0000024e4e1d2550 JavaThread "Catalina-utility-1" [_thread_blocked, id=7928, stack(0x000000789d800000,0x000000789d900000)]
  0x0000024e4e1cf530 JavaThread "Catalina-utility-2" [_thread_blocked, id=3112, stack(0x000000789d900000,0x000000789da00000)]
  0x0000024e4e1d16e0 JavaThread "container-0" [_thread_blocked, id=8544, stack(0x000000789da00000,0x000000789db00000)]
  0x0000024e4e1cfa00 JavaThread "mssql-jdbc-shared-timer-core-0" daemon [_thread_blocked, id=13052, stack(0x000000789dc00000,0x000000789dd00000)]
  0x0000024e4e1d0d40 JavaThread "HikariPool-1 housekeeper" daemon [_thread_blocked, id=2884, stack(0x000000789dd00000,0x000000789de00000)]
  0x0000024e4e1d03a0 JavaThread "MessageBroker-1" [_thread_blocked, id=2068, stack(0x000000789df00000,0x000000789e000000)]
  0x0000024e4e1d0870 JavaThread "backgroundjob-zookeeper-pool-3-thread-1" [_thread_blocked, id=20452, stack(0x000000789e100000,0x000000789e200000)]
  0x0000024e4e1d1210 JavaThread "backgroundjob-zookeeper-pool-3-thread-2" [_thread_blocked, id=20720, stack(0x000000789e200000,0x000000789e300000)]
  0x0000024e4e1d1bb0 JavaThread "backgroundjob-worker-pool-4-thread-1" [_thread_blocked, id=13764, stack(0x000000789e300000,0x000000789e400000)]
  0x0000024e4e1d2080 JavaThread "backgroundjob-worker-pool-4-thread-2" [_thread_blocked, id=16660, stack(0x000000789e400000,0x000000789e500000)]
  0x0000024e4e1d2a20 JavaThread "backgroundjob-worker-pool-4-thread-3" [_thread_blocked, id=17812, stack(0x000000789e500000,0x000000789e600000)]
  0x0000024e4e1cf060 JavaThread "backgroundjob-worker-pool-4-thread-4" [_thread_blocked, id=11812, stack(0x000000789e600000,0x000000789e700000)]
  0x0000024e502290a0 JavaThread "backgroundjob-worker-pool-4-thread-5" [_thread_blocked, id=15716, stack(0x000000789e700000,0x000000789e800000)]
  0x0000024e50229f10 JavaThread "backgroundjob-worker-pool-4-thread-6" [_thread_blocked, id=11976, stack(0x000000789e800000,0x000000789e900000)]
  0x0000024e5022a3e0 JavaThread "backgroundjob-worker-pool-4-thread-7" [_thread_blocked, id=13272, stack(0x000000789e900000,0x000000789ea00000)]
  0x0000024e50224870 JavaThread "backgroundjob-worker-pool-4-thread-8" [_thread_blocked, id=17072, stack(0x000000789ea00000,0x000000789eb00000)]
  0x0000024e50226550 JavaThread "backgroundjob-worker-pool-4-thread-9" [_thread_blocked, id=18712, stack(0x000000789eb00000,0x000000789ec00000)]
  0x0000024e50224d40 JavaThread "backgroundjob-worker-pool-4-thread-10" [_thread_blocked, id=10844, stack(0x000000789ec00000,0x000000789ed00000)]
  0x0000024e50228bd0 JavaThread "backgroundjob-worker-pool-4-thread-11" [_thread_blocked, id=11388, stack(0x000000789ed00000,0x000000789ee00000)]
  0x0000024e50227d60 JavaThread "backgroundjob-worker-pool-4-thread-12" [_thread_blocked, id=21408, stack(0x000000789ee00000,0x000000789ef00000)]
  0x0000024e50229570 JavaThread "backgroundjob-worker-pool-4-thread-13" [_thread_blocked, id=11492, stack(0x000000789ef00000,0x000000789f000000)]
  0x0000024e50228700 JavaThread "backgroundjob-worker-pool-4-thread-14" [_thread_blocked, id=15012, stack(0x000000789f000000,0x000000789f100000)]
  0x0000024e50229a40 JavaThread "backgroundjob-worker-pool-4-thread-15" [_thread_blocked, id=6976, stack(0x000000789f100000,0x000000789f200000)]
  0x0000024e50228230 JavaThread "backgroundjob-worker-pool-4-thread-16" [_thread_blocked, id=14084, stack(0x000000789f200000,0x000000789f300000)]
  0x0000024e5022a8b0 JavaThread "backgroundjob-worker-pool-4-thread-17" [_thread_blocked, id=16852, stack(0x000000789f300000,0x000000789f400000)]
  0x0000024e50223060 JavaThread "backgroundjob-worker-pool-4-thread-18" [_thread_blocked, id=812, stack(0x000000789f400000,0x000000789f500000)]
  0x0000024e50223530 JavaThread "backgroundjob-worker-pool-4-thread-19" [_thread_blocked, id=1344, stack(0x000000789f500000,0x000000789f600000)]
  0x0000024e502256e0 JavaThread "backgroundjob-worker-pool-4-thread-20" [_thread_blocked, id=12404, stack(0x000000789f600000,0x000000789f700000)]
  0x0000024e50223ed0 JavaThread "backgroundjob-worker-pool-4-thread-21" [_thread_blocked, id=17308, stack(0x000000789f700000,0x000000789f800000)]
  0x0000024e50226ef0 JavaThread "backgroundjob-worker-pool-4-thread-22" [_thread_blocked, id=18872, stack(0x000000789f800000,0x000000789f900000)]
  0x0000024e50225210 JavaThread "backgroundjob-worker-pool-4-thread-23" [_thread_blocked, id=5840, stack(0x000000789f900000,0x000000789fa00000)]
  0x0000024e50227890 JavaThread "backgroundjob-worker-pool-4-thread-24" [_thread_blocked, id=13196, stack(0x000000789fa00000,0x000000789fb00000)]
  0x0000024e502243a0 JavaThread "backgroundjob-worker-pool-4-thread-25" [_thread_blocked, id=6816, stack(0x000000789fb00000,0x000000789fc00000)]
  0x0000024e50223a00 JavaThread "backgroundjob-worker-pool-4-thread-26" [_thread_blocked, id=19432, stack(0x000000789fc00000,0x000000789fd00000)]
  0x0000024e50225bb0 JavaThread "backgroundjob-worker-pool-4-thread-27" [_thread_blocked, id=20820, stack(0x000000789fd00000,0x000000789fe00000)]
  0x0000024e50226080 JavaThread "backgroundjob-worker-pool-4-thread-28" [_thread_blocked, id=16900, stack(0x000000789fe00000,0x000000789ff00000)]
  0x0000024e50226a20 JavaThread "backgroundjob-worker-pool-4-thread-29" [_thread_blocked, id=10816, stack(0x000000789ff00000,0x00000078a0000000)]
  0x0000024e502273c0 JavaThread "backgroundjob-worker-pool-4-thread-30" [_thread_blocked, id=13440, stack(0x00000078a0000000,0x00000078a0100000)]
  0x0000024e502575a0 JavaThread "backgroundjob-worker-pool-4-thread-31" [_thread_blocked, id=13864, stack(0x00000078a0100000,0x00000078a0200000)]
  0x0000024e5025e450 JavaThread "backgroundjob-worker-pool-4-thread-32" [_thread_blocked, id=19400, stack(0x00000078a0200000,0x00000078a0300000)]
  0x0000024e5025a5c0 JavaThread "backgroundjob-worker-pool-4-thread-33" [_thread_blocked, id=17148, stack(0x00000078a0300000,0x00000078a0400000)]
  0x0000024e5025e920 JavaThread "backgroundjob-worker-pool-4-thread-34" [_thread_blocked, id=7464, stack(0x00000078a0400000,0x00000078a0500000)]
  0x0000024e5025c770 JavaThread "backgroundjob-worker-pool-4-thread-35" [_thread_blocked, id=8752, stack(0x00000078a0500000,0x00000078a0600000)]
  0x0000024e5025aa90 JavaThread "backgroundjob-worker-pool-4-thread-36" [_thread_blocked, id=18876, stack(0x00000078a0600000,0x00000078a0700000)]
  0x0000024e50258db0 JavaThread "backgroundjob-worker-pool-4-thread-37" [_thread_blocked, id=22216, stack(0x00000078a0700000,0x00000078a0800000)]
  0x0000024e5025b430 JavaThread "backgroundjob-worker-pool-4-thread-38" [_thread_blocked, id=260, stack(0x00000078a0800000,0x00000078a0900000)]
  0x0000024e5025af60 JavaThread "backgroundjob-worker-pool-4-thread-39" [_thread_blocked, id=3088, stack(0x00000078a0900000,0x00000078a0a00000)]
  0x0000024e50257a70 JavaThread "backgroundjob-worker-pool-4-thread-40" [_thread_blocked, id=15200, stack(0x00000078a0a00000,0x00000078a0b00000)]
  0x0000024e502570d0 JavaThread "backgroundjob-worker-pool-4-thread-41" [_thread_blocked, id=14304, stack(0x00000078a0b00000,0x00000078a0c00000)]
  0x0000024e5025a0f0 JavaThread "backgroundjob-worker-pool-4-thread-42" [_thread_blocked, id=18556, stack(0x00000078a0c00000,0x00000078a0d00000)]
  0x0000024e5025b900 JavaThread "backgroundjob-worker-pool-4-thread-43" [_thread_blocked, id=8148, stack(0x00000078a0d00000,0x00000078a0e00000)]
  0x0000024e50257f40 JavaThread "backgroundjob-worker-pool-4-thread-44" [_thread_blocked, id=1880, stack(0x00000078a0e00000,0x00000078a0f00000)]
  0x0000024e50258410 JavaThread "backgroundjob-worker-pool-4-thread-45" [_thread_blocked, id=6784, stack(0x00000078a0f00000,0x00000078a1000000)]
  0x0000024e5025bdd0 JavaThread "backgroundjob-worker-pool-4-thread-46" [_thread_blocked, id=3084, stack(0x00000078a1000000,0x00000078a1100000)]
  0x0000024e502588e0 JavaThread "backgroundjob-worker-pool-4-thread-47" [_thread_blocked, id=13644, stack(0x00000078a1100000,0x00000078a1200000)]
  0x0000024e50259c20 JavaThread "backgroundjob-worker-pool-4-thread-48" [_thread_blocked, id=8704, stack(0x00000078a1200000,0x00000078a1300000)]
  0x0000024e5025cc40 JavaThread "backgroundjob-worker-pool-4-thread-49" [_thread_blocked, id=18604, stack(0x00000078a1300000,0x00000078a1400000)]
  0x0000024e5025d110 JavaThread "backgroundjob-worker-pool-4-thread-50" [_thread_blocked, id=22168, stack(0x00000078a1400000,0x00000078a1500000)]
  0x0000024e5025d5e0 JavaThread "backgroundjob-worker-pool-4-thread-51" [_thread_blocked, id=1436, stack(0x00000078a1500000,0x00000078a1600000)]
  0x0000024e5025c2a0 JavaThread "backgroundjob-worker-pool-4-thread-52" [_thread_blocked, id=6552, stack(0x00000078a1600000,0x00000078a1700000)]
  0x0000024e50259280 JavaThread "backgroundjob-worker-pool-4-thread-53" [_thread_blocked, id=6192, stack(0x00000078a1700000,0x00000078a1800000)]
  0x0000024e5025dab0 JavaThread "backgroundjob-worker-pool-4-thread-54" [_thread_blocked, id=20632, stack(0x00000078a1800000,0x00000078a1900000)]
  0x0000024e5025df80 JavaThread "backgroundjob-worker-pool-4-thread-55" [_thread_blocked, id=13984, stack(0x00000078a1900000,0x00000078a1a00000)]
  0x0000024e50259750 JavaThread "backgroundjob-worker-pool-4-thread-56" [_thread_blocked, id=10904, stack(0x00000078a1a00000,0x00000078a1b00000)]
  0x0000024e502892e0 JavaThread "backgroundjob-worker-pool-4-thread-57" [_thread_blocked, id=7832, stack(0x00000078a1b00000,0x00000078a1c00000)]
  0x0000024e50288940 JavaThread "backgroundjob-worker-pool-4-thread-58" [_thread_blocked, id=1260, stack(0x00000078a1c00000,0x00000078a1d00000)]
  0x0000024e50289c80 JavaThread "backgroundjob-worker-pool-4-thread-59" [_thread_blocked, id=18048, stack(0x00000078a1d00000,0x00000078a1e00000)]
  0x0000024e50288e10 JavaThread "backgroundjob-worker-pool-4-thread-60" [_thread_blocked, id=5760, stack(0x00000078a1e00000,0x00000078a1f00000)]
  0x0000024e502897b0 JavaThread "backgroundjob-worker-pool-4-thread-61" [_thread_blocked, id=1272, stack(0x00000078a1f00000,0x00000078a2000000)]
  0x0000024e5028a620 JavaThread "backgroundjob-worker-pool-4-thread-62" [_thread_blocked, id=7900, stack(0x00000078a2000000,0x00000078a2100000)]
  0x0000024e5028a150 JavaThread "backgroundjob-worker-pool-4-thread-63" [_thread_blocked, id=17376, stack(0x00000078a2100000,0x00000078a2200000)]
  0x0000024e5028aaf0 JavaThread "backgroundjob-worker-pool-4-thread-64" [_thread_blocked, id=12016, stack(0x00000078a2200000,0x00000078a2300000)]
  0x0000024e50287130 JavaThread "server-timer" daemon [_thread_blocked, id=756, stack(0x00000078a2300000,0x00000078a2400000)]
  0x0000024e50287600 JavaThread "HTTP-Dispatcher" [_thread_in_native, id=15740, stack(0x00000078a2400000,0x00000078a2500000)]
  0x0000024e5035fd50 JavaThread "File Watcher" daemon [_thread_blocked, id=12260, stack(0x00000078a2500000,0x00000078a2600000)]
  0x0000024e50363be0 JavaThread "Live Reload Server" daemon [_thread_in_native, id=13580, stack(0x00000078a2700000,0x00000078a2800000)]
  0x0000024e503640b0 JavaThread "ForkJoinPool.commonPool-worker-1" daemon [_thread_blocked, id=18264, stack(0x00000078a2800000,0x00000078a2900000)]
  0x0000024e5035d200 JavaThread "http-nio-8080-exec-1" daemon [_thread_blocked, id=18736, stack(0x000000789de00000,0x000000789df00000)]
  0x0000024e50361f00 JavaThread "http-nio-8080-exec-2" daemon [_thread_blocked, id=11344, stack(0x00000078a2600000,0x00000078a2700000)]
  0x0000024e5035dba0 JavaThread "http-nio-8080-exec-3" daemon [_thread_blocked, id=8376, stack(0x00000078a2900000,0x00000078a2a00000)]
  0x0000024e50363710 JavaThread "http-nio-8080-exec-4" daemon [_thread_blocked, id=17728, stack(0x00000078a2a00000,0x00000078a2b00000)]
  0x0000024e5035e540 JavaThread "http-nio-8080-exec-5" daemon [_thread_blocked, id=20992, stack(0x00000078a2b00000,0x00000078a2c00000)]
  0x0000024e5035ea10 JavaThread "http-nio-8080-exec-6" daemon [_thread_in_vm, id=20324, stack(0x00000078a2c00000,0x00000078a2d00000)]
  0x0000024e50361560 JavaThread "http-nio-8080-exec-7" daemon [_thread_in_vm, id=21620, stack(0x00000078a2d00000,0x00000078a2e00000)]
  0x0000024e503623d0 JavaThread "http-nio-8080-exec-8" daemon [_thread_blocked, id=19892, stack(0x00000078a2e00000,0x00000078a2f00000)]
  0x0000024e5035eee0 JavaThread "http-nio-8080-exec-9" daemon [_thread_blocked, id=11792, stack(0x00000078a2f00000,0x00000078a3000000)]
  0x0000024e503628a0 JavaThread "http-nio-8080-exec-10" daemon [_thread_blocked, id=22400, stack(0x00000078a3000000,0x00000078a3100000)]
  0x0000024e50362d70 JavaThread "http-nio-8080-Poller" daemon [_thread_blocked, id=11612, stack(0x00000078a3100000,0x00000078a3200000)]
  0x0000024e50363240 JavaThread "http-nio-8080-Acceptor" daemon [_thread_blocked, id=15884, stack(0x00000078a3200000,0x00000078a3300000)]
  0x0000024e4e1cfed0 JavaThread "ThreadPoolTaskScheduler-1" [_thread_blocked, id=4320, stack(0x00000078a3300000,0x00000078a3400000)]
  0x0000024e52a5b710 JavaThread "org.springframework.kafka.KafkaListenerEndpointContainer#0-0-C-1" [_thread_in_native, id=892, stack(0x00000078a3400000,0x00000078a3500000)]
  0x0000024e52a59090 JavaThread "ThreadPoolTaskScheduler-1" [_thread_blocked, id=18692, stack(0x00000078a3500000,0x00000078a3600000)]
  0x0000024e52a5ca50 JavaThread "org.springframework.kafka.KafkaListenerEndpointContainer#1-0-C-1" [_thread_in_native, id=17160, stack(0x00000078a3600000,0x00000078a3700000)]
  0x0000024e52a59a30 JavaThread "DestroyJavaVM" [_thread_blocked, id=5292, stack(0x000000789b400000,0x000000789b500000)]
  0x0000024e52a59f00 JavaThread "MessageBroker-2" [_thread_blocked, id=12268, stack(0x000000789b100000,0x000000789b200000)]
  0x0000024e500aa490 JavaThread "C1 CompilerThread1" daemon [_thread_blocked, id=17592, stack(0x000000789b200000,0x000000789b300000)]
  0x0000024e500a78d0 JavaThread "C1 CompilerThread2" daemon [_thread_in_native, id=8480, stack(0x000000789b300000,0x000000789b400000)]
  0x0000024e4fba4810 JavaThread "C1 CompilerThread3" daemon [_thread_blocked, id=19580, stack(0x000000789d100000,0x000000789d200000)]

Other Threads:
  0x0000024e4aee9fb0 VMThread "VM Thread" [stack: 0x000000789ba00000,0x000000789bb00000] [id=21728] _threads_hazard_ptr=0x0000024e52be28f0
  0x0000024e390f0db0 WatcherThread [stack: 0x000000789c900000,0x000000789ca00000] [id=16812]
  0x0000024e390d37a0 GCTaskThread "GC Thread#0" [stack: 0x000000789b500000,0x000000789b600000] [id=17416]
  0x0000024e4c1d21a0 GCTaskThread "GC Thread#1" [stack: 0x000000789ca00000,0x000000789cb00000] [id=22128]
  0x0000024e4c2353a0 GCTaskThread "GC Thread#2" [stack: 0x000000789cb00000,0x000000789cc00000] [id=12884]
  0x0000024e4c1f4cd0 GCTaskThread "GC Thread#3" [stack: 0x000000789cc00000,0x000000789cd00000] [id=1008]
  0x0000024e4c26adc0 GCTaskThread "GC Thread#4" [stack: 0x000000789cd00000,0x000000789ce00000] [id=1328]
  0x0000024e4c26b470 GCTaskThread "GC Thread#5" [stack: 0x000000789ce00000,0x000000789cf00000] [id=4460]
  0x0000024e4c26b720 GCTaskThread "GC Thread#6" [stack: 0x000000789cf00000,0x000000789d000000] [id=1460]
  0x0000024e4d5e8560 GCTaskThread "GC Thread#7" [stack: 0x000000789d700000,0x000000789d800000] [id=21536]
  0x0000024e390e5330 ConcurrentGCThread "G1 Main Marker" [stack: 0x000000789b600000,0x000000789b700000] [id=9388]
  0x0000024e390e63e0 ConcurrentGCThread "G1 Conc#0" [stack: 0x000000789b700000,0x000000789b800000] [id=20240]
  0x0000024e4d9f1000 ConcurrentGCThread "G1 Conc#1" [stack: 0x000000789d500000,0x000000789d600000] [id=6856]
  0x0000024e3915e310 ConcurrentGCThread "G1 Refine#0" [stack: 0x000000789b800000,0x000000789b900000] [id=18000]
  0x0000024e4c1d2d50 ConcurrentGCThread "G1 Refine#1" [stack: 0x000000789d000000,0x000000789d100000] [id=16484]
  0x0000024e4f450390 ConcurrentGCThread "G1 Refine#2" [stack: 0x000000789e000000,0x000000789e100000] [id=13584]
  0x0000024e3915ec30 ConcurrentGCThread "G1 Service" [stack: 0x000000789b900000,0x000000789ba00000] [id=15192]

Threads with active compile tasks:
C1 CompilerThread0   921232 17550   !   1       org.apache.catalina.core.StandardWrapperValve::invoke (2396 bytes)
C1 CompilerThread1   921232 17622       1       org.springframework.web.servlet.support.WebContentGenerator::applyCacheControl (61 bytes)
C1 CompilerThread2   921233 17620   !   1       org.springframework.web.servlet.mvc.method.annotation.AbstractMessageConverterMethodArgumentResolver::readWithMessageConverters (516 bytes)
C1 CompilerThread3   921233 17621       1       org.springframework.web.servlet.support.WebContentGenerator::prepareResponse (142 bytes)

VM state: synchronizing (normal execution)

VM Mutex/Monitor currently owned by a thread:  ([mutex/lock_event])
[0x0000024e39090740] Threads_lock - owner thread: 0x0000024e4aee9fb0

Heap address: 0x0000000081600000, size: 2026 MB, Compressed Oops mode: 32-bit

CDS archive(s) mapped at: [0x0000000800000000-0x0000000800bc0000-0x0000000800bc0000), size 12320768, SharedBaseAddress: 0x0000000800000000, ArchiveRelocationMode: 0.
Compressed class space mapped at: 0x0000000800c00000-0x0000000840c00000, reserved size: 1073741824
Narrow klass base: 0x0000000800000000, Narrow klass shift: 0, Narrow klass range: 0x100000000

GC Precious Log:
 CPUs: 8 total, 8 available
 Memory: 8097M
 Large Page Support: Disabled
 NUMA Support: Disabled
 Compressed Oops: Enabled (32-bit)
 Heap Region Size: 1M
 Heap Min Capacity: 8M
 Heap Initial Capacity: 128M
 Heap Max Capacity: 2026M
 Pre-touch: Disabled
 Parallel Workers: 8
 Concurrent Workers: 2
 Concurrent Refinement Workers: 8
 Periodic GC: Disabled

Heap:
 garbage-first heap   total 139264K, used 84603K [0x0000000081600000, 0x0000000100000000)
  region size 1024K, 29 young (29696K), 4 survivors (4096K)
 Metaspace       used 87081K, committed 88000K, reserved 1130496K
  class space    used 11989K, committed 12416K, reserved 1048576K

Heap Regions: E=young(eden), S=young(survivor), O=old, HS=humongous(starts), HC=humongous(continues), CS=collection set, F=free, OA=open archive, CA=closed archive, TAMS=top-at-mark-start (previous, next)
|   0|0x0000000081600000, 0x0000000081700000, 0x0000000081700000|100%|HS|  |TAMS 0x0000000081700000, 0x0000000081600000| Complete 
|   1|0x0000000081700000, 0x0000000081800000, 0x0000000081800000|100%| O|  |TAMS 0x0000000081800000, 0x0000000081700000| Untracked 
|   2|0x0000000081800000, 0x0000000081900000, 0x0000000081900000|100%| O|  |TAMS 0x0000000081900000, 0x0000000081800000| Untracked 
|   3|0x0000000081900000, 0x0000000081a00000, 0x0000000081a00000|100%| O|  |TAMS 0x0000000081a00000, 0x0000000081900000| Untracked 
|   4|0x0000000081a00000, 0x0000000081b00000, 0x0000000081b00000|100%| O|  |TAMS 0x0000000081b00000, 0x0000000081a00000| Untracked 
|   5|0x0000000081b00000, 0x0000000081c00000, 0x0000000081c00000|100%| O|  |TAMS 0x0000000081c00000, 0x0000000081b00000| Untracked 
|   6|0x0000000081c00000, 0x0000000081d00000, 0x0000000081d00000|100%| O|  |TAMS 0x0000000081d00000, 0x0000000081c00000| Untracked 
|   7|0x0000000081d00000, 0x0000000081e00000, 0x0000000081e00000|100%| O|  |TAMS 0x0000000081e00000, 0x0000000081d00000| Untracked 
|   8|0x0000000081e00000, 0x0000000081f00000, 0x0000000081f00000|100%| O|  |TAMS 0x0000000081f00000, 0x0000000081e00000| Untracked 
|   9|0x0000000081f00000, 0x0000000082000000, 0x0000000082000000|100%| O|  |TAMS 0x0000000082000000, 0x0000000081f00000| Untracked 
|  10|0x0000000082000000, 0x0000000082100000, 0x0000000082100000|100%| O|  |TAMS 0x0000000082100000, 0x0000000082000000| Untracked 
|  11|0x0000000082100000, 0x0000000082200000, 0x0000000082200000|100%| O|  |TAMS 0x0000000082200000, 0x0000000082100000| Untracked 
|  12|0x0000000082200000, 0x0000000082232000, 0x0000000082300000| 19%| O|  |TAMS 0x0000000082232000, 0x0000000082200000| Untracked 
|  13|0x0000000082300000, 0x0000000082400000, 0x0000000082400000|100%| O|  |TAMS 0x0000000082400000, 0x0000000082300000| Untracked 
|  14|0x0000000082400000, 0x0000000082500000, 0x0000000082500000|100%| O|  |TAMS 0x0000000082500000, 0x0000000082400000| Untracked 
|  15|0x0000000082500000, 0x0000000082600000, 0x0000000082600000|100%| O|  |TAMS 0x0000000082600000, 0x0000000082500000| Untracked 
|  16|0x0000000082600000, 0x0000000082700000, 0x0000000082700000|100%| O|  |TAMS 0x0000000082700000, 0x0000000082600000| Untracked 
|  17|0x0000000082700000, 0x0000000082800000, 0x0000000082800000|100%| O|  |TAMS 0x0000000082800000, 0x0000000082700000| Untracked 
|  18|0x0000000082800000, 0x0000000082900000, 0x0000000082900000|100%| O|  |TAMS 0x0000000082900000, 0x0000000082800000| Untracked 
|  19|0x0000000082900000, 0x0000000082a00000, 0x0000000082a00000|100%| O|  |TAMS 0x0000000082a00000, 0x0000000082900000| Untracked 
|  20|0x0000000082a00000, 0x0000000082b00000, 0x0000000082b00000|100%| O|  |TAMS 0x0000000082b00000, 0x0000000082a00000| Untracked 
|  21|0x0000000082b00000, 0x0000000082bbe000, 0x0000000082c00000| 74%| O|  |TAMS 0x0000000082bbe000, 0x0000000082b00000| Untracked 
|  22|0x0000000082c00000, 0x0000000082d00000, 0x0000000082d00000|100%| O|  |TAMS 0x0000000082d00000, 0x0000000082c00000| Untracked 
|  23|0x0000000082d00000, 0x0000000082e00000, 0x0000000082e00000|100%| O|  |TAMS 0x0000000082e00000, 0x0000000082d00000| Untracked 
|  24|0x0000000082e00000, 0x0000000082f00000, 0x0000000082f00000|100%| O|  |TAMS 0x0000000082f00000, 0x0000000082e00000| Untracked 
|  25|0x0000000082f00000, 0x0000000083000000, 0x0000000083000000|100%| O|  |TAMS 0x0000000083000000, 0x0000000082f00000| Untracked 
|  26|0x0000000083000000, 0x0000000083100000, 0x0000000083100000|100%| O|  |TAMS 0x0000000083100000, 0x0000000083000000| Untracked 
|  27|0x0000000083100000, 0x0000000083200000, 0x0000000083200000|100%| O|  |TAMS 0x0000000083200000, 0x0000000083100000| Untracked 
|  28|0x0000000083200000, 0x0000000083300000, 0x0000000083300000|100%| O|  |TAMS 0x0000000083300000, 0x0000000083200000| Untracked 
|  29|0x0000000083300000, 0x0000000083400000, 0x0000000083400000|100%| O|  |TAMS 0x0000000083400000, 0x0000000083300000| Untracked 
|  30|0x0000000083400000, 0x0000000083500000, 0x0000000083500000|100%| O|  |TAMS 0x0000000083500000, 0x0000000083400000| Untracked 
|  31|0x0000000083500000, 0x0000000083600000, 0x0000000083600000|100%| O|  |TAMS 0x0000000083600000, 0x0000000083500000| Untracked 
|  32|0x0000000083600000, 0x0000000083700000, 0x0000000083700000|100%| O|  |TAMS 0x0000000083700000, 0x0000000083600000| Untracked 
|  33|0x0000000083700000, 0x0000000083800000, 0x0000000083800000|100%| O|  |TAMS 0x0000000083800000, 0x0000000083700000| Untracked 
|  34|0x0000000083800000, 0x0000000083900000, 0x0000000083900000|100%| O|  |TAMS 0x0000000083900000, 0x0000000083800000| Untracked 
|  35|0x0000000083900000, 0x0000000083a00000, 0x0000000083a00000|100%| O|  |TAMS 0x0000000083a00000, 0x0000000083900000| Untracked 
|  36|0x0000000083a00000, 0x0000000083b00000, 0x0000000083b00000|100%| O|  |TAMS 0x0000000083ab3600, 0x0000000083a00000| Untracked 
|  37|0x0000000083b00000, 0x0000000083c00000, 0x0000000083c00000|100%| O|  |TAMS 0x0000000083b00000, 0x0000000083b00000| Untracked 
|  38|0x0000000083c00000, 0x0000000083d00000, 0x0000000083d00000|100%| O|  |TAMS 0x0000000083c00000, 0x0000000083c00000| Untracked 
|  39|0x0000000083d00000, 0x0000000083e00000, 0x0000000083e00000|100%| O|  |TAMS 0x0000000083d00000, 0x0000000083d00000| Untracked 
|  40|0x0000000083e00000, 0x0000000083f00000, 0x0000000083f00000|100%| O|  |TAMS 0x0000000083e00000, 0x0000000083e00000| Untracked 
|  41|0x0000000083f00000, 0x0000000084000000, 0x0000000084000000|100%| O|  |TAMS 0x0000000083f00000, 0x0000000083f00000| Untracked 
|  42|0x0000000084000000, 0x0000000084100000, 0x0000000084100000|100%| O|  |TAMS 0x0000000084000000, 0x0000000084000000| Untracked 
|  43|0x0000000084100000, 0x0000000084200000, 0x0000000084200000|100%| O|  |TAMS 0x0000000084100000, 0x0000000084100000| Untracked 
|  44|0x0000000084200000, 0x0000000084300000, 0x0000000084300000|100%| O|  |TAMS 0x0000000084200000, 0x0000000084200000| Untracked 
|  45|0x0000000084300000, 0x0000000084400000, 0x0000000084400000|100%| O|  |TAMS 0x0000000084300000, 0x0000000084300000| Untracked 
|  46|0x0000000084400000, 0x0000000084500000, 0x0000000084500000|100%| O|  |TAMS 0x0000000084400000, 0x0000000084400000| Untracked 
|  47|0x0000000084500000, 0x0000000084600000, 0x0000000084600000|100%| O|  |TAMS 0x0000000084500000, 0x0000000084500000| Untracked 
|  48|0x0000000084600000, 0x0000000084700000, 0x0000000084700000|100%| O|  |TAMS 0x0000000084600000, 0x0000000084600000| Untracked 
|  49|0x0000000084700000, 0x0000000084800000, 0x0000000084800000|100%| O|  |TAMS 0x0000000084700000, 0x0000000084700000| Untracked 
|  50|0x0000000084800000, 0x0000000084900000, 0x0000000084900000|100%| O|  |TAMS 0x0000000084800000, 0x0000000084800000| Untracked 
|  51|0x0000000084900000, 0x0000000084a00000, 0x0000000084a00000|100%| O|  |TAMS 0x0000000084900000, 0x0000000084900000| Untracked 
|  52|0x0000000084a00000, 0x0000000084b00000, 0x0000000084b00000|100%| O|  |TAMS 0x0000000084a00000, 0x0000000084a00000| Untracked 
|  53|0x0000000084b00000, 0x0000000084c00000, 0x0000000084c00000|100%| O|  |TAMS 0x0000000084b00000, 0x0000000084b00000| Untracked 
|  54|0x0000000084c00000, 0x0000000084d00000, 0x0000000084d00000|100%| O|  |TAMS 0x0000000084c00000, 0x0000000084c00000| Untracked 
|  55|0x0000000084d00000, 0x0000000084e00000, 0x0000000084e00000|100%| O|  |TAMS 0x0000000084d00000, 0x0000000084d00000| Untracked 
|  56|0x0000000084e00000, 0x0000000084f00000, 0x0000000084f00000|100%| O|  |TAMS 0x0000000084e00000, 0x0000000084e00000| Untracked 
|  57|0x0000000084f00000, 0x0000000084f93000, 0x0000000085000000| 57%| O|  |TAMS 0x0000000084f00000, 0x0000000084f00000| Untracked 
|  58|0x0000000085000000, 0x0000000085000000, 0x0000000085100000|  0%| F|  |TAMS 0x0000000085000000, 0x0000000085000000| Untracked 
|  59|0x0000000085100000, 0x0000000085100000, 0x0000000085200000|  0%| F|  |TAMS 0x0000000085100000, 0x0000000085100000| Untracked 
|  60|0x0000000085200000, 0x0000000085200000, 0x0000000085300000|  0%| F|  |TAMS 0x0000000085200000, 0x0000000085200000| Untracked 
|  61|0x0000000085300000, 0x0000000085300000, 0x0000000085400000|  0%| F|  |TAMS 0x0000000085300000, 0x0000000085300000| Untracked 
|  62|0x0000000085400000, 0x0000000085400000, 0x0000000085500000|  0%| F|  |TAMS 0x0000000085400000, 0x0000000085400000| Untracked 
|  63|0x0000000085500000, 0x0000000085500000, 0x0000000085600000|  0%| F|  |TAMS 0x0000000085500000, 0x0000000085500000| Untracked 
|  64|0x0000000085600000, 0x0000000085600000, 0x0000000085700000|  0%| F|  |TAMS 0x0000000085600000, 0x0000000085600000| Untracked 
|  65|0x0000000085700000, 0x0000000085700000, 0x0000000085800000|  0%| F|  |TAMS 0x0000000085700000, 0x0000000085700000| Untracked 
|  66|0x0000000085800000, 0x0000000085800000, 0x0000000085900000|  0%| F|  |TAMS 0x0000000085800000, 0x0000000085800000| Untracked 
|  67|0x0000000085900000, 0x0000000085900000, 0x0000000085a00000|  0%| F|  |TAMS 0x0000000085900000, 0x0000000085900000| Untracked 
|  68|0x0000000085a00000, 0x0000000085a00000, 0x0000000085b00000|  0%| F|  |TAMS 0x0000000085a00000, 0x0000000085a00000| Untracked 
|  69|0x0000000085b00000, 0x0000000085b00000, 0x0000000085c00000|  0%| F|  |TAMS 0x0000000085b00000, 0x0000000085b00000| Untracked 
|  70|0x0000000085c00000, 0x0000000085c00000, 0x0000000085d00000|  0%| F|  |TAMS 0x0000000085c00000, 0x0000000085c00000| Untracked 
|  71|0x0000000085d00000, 0x0000000085d00000, 0x0000000085e00000|  0%| F|  |TAMS 0x0000000085d00000, 0x0000000085d00000| Untracked 
|  72|0x0000000085e00000, 0x0000000085e00000, 0x0000000085f00000|  0%| F|  |TAMS 0x0000000085e00000, 0x0000000085e00000| Untracked 
|  73|0x0000000085f00000, 0x0000000085f00000, 0x0000000086000000|  0%| F|  |TAMS 0x0000000085f00000, 0x0000000085f00000| Untracked 
|  74|0x0000000086000000, 0x0000000086000000, 0x0000000086100000|  0%| F|  |TAMS 0x0000000086000000, 0x0000000086000000| Untracked 
|  75|0x0000000086100000, 0x000000008611bcb0, 0x0000000086200000| 10%| S|CS|TAMS 0x0000000086100000, 0x0000000086100000| Complete 
|  76|0x0000000086200000, 0x0000000086300000, 0x0000000086300000|100%| S|CS|TAMS 0x0000000086200000, 0x0000000086200000| Complete 
|  77|0x0000000086300000, 0x0000000086300000, 0x0000000086400000|  0%| F|  |TAMS 0x0000000086300000, 0x0000000086300000| Untracked 
|  78|0x0000000086400000, 0x0000000086500000, 0x0000000086500000|100%| S|CS|TAMS 0x0000000086400000, 0x0000000086400000| Complete 
|  79|0x0000000086500000, 0x0000000086600000, 0x0000000086600000|100%| S|CS|TAMS 0x0000000086500000, 0x0000000086500000| Complete 
|  80|0x0000000086600000, 0x0000000086600000, 0x0000000086700000|  0%| F|  |TAMS 0x0000000086600000, 0x0000000086600000| Untracked 
|  81|0x0000000086700000, 0x0000000086700000, 0x0000000086800000|  0%| F|  |TAMS 0x0000000086700000, 0x0000000086700000| Untracked 
|  82|0x0000000086800000, 0x0000000086800000, 0x0000000086900000|  0%| F|  |TAMS 0x0000000086800000, 0x0000000086800000| Untracked 
|  83|0x0000000086900000, 0x0000000086900000, 0x0000000086a00000|  0%| F|  |TAMS 0x0000000086900000, 0x0000000086900000| Untracked 
|  84|0x0000000086a00000, 0x0000000086a00000, 0x0000000086b00000|  0%| F|  |TAMS 0x0000000086a00000, 0x0000000086a00000| Untracked 
|  85|0x0000000086b00000, 0x0000000086b00000, 0x0000000086c00000|  0%| F|  |TAMS 0x0000000086b00000, 0x0000000086b00000| Untracked 
|  86|0x0000000086c00000, 0x0000000086c00000, 0x0000000086d00000|  0%| F|  |TAMS 0x0000000086c00000, 0x0000000086c00000| Untracked 
|  87|0x0000000086d00000, 0x0000000086d00000, 0x0000000086e00000|  0%| F|  |TAMS 0x0000000086d00000, 0x0000000086d00000| Untracked 
|  88|0x0000000086e00000, 0x0000000086e00000, 0x0000000086f00000|  0%| F|  |TAMS 0x0000000086e00000, 0x0000000086e00000| Untracked 
|  89|0x0000000086f00000, 0x0000000086f00000, 0x0000000087000000|  0%| F|  |TAMS 0x0000000086f00000, 0x0000000086f00000| Untracked 
|  90|0x0000000087000000, 0x0000000087000000, 0x0000000087100000|  0%| F|  |TAMS 0x0000000087000000, 0x0000000087000000| Untracked 
|  91|0x0000000087100000, 0x0000000087100000, 0x0000000087200000|  0%| F|  |TAMS 0x0000000087100000, 0x0000000087100000| Untracked 
|  92|0x0000000087200000, 0x0000000087200000, 0x0000000087300000|  0%| F|  |TAMS 0x0000000087200000, 0x0000000087200000| Untracked 
|  93|0x0000000087300000, 0x0000000087300000, 0x0000000087400000|  0%| F|  |TAMS 0x0000000087300000, 0x0000000087300000| Untracked 
|  94|0x0000000087400000, 0x0000000087400000, 0x0000000087500000|  0%| F|  |TAMS 0x0000000087400000, 0x0000000087400000| Untracked 
|  95|0x0000000087500000, 0x0000000087500000, 0x0000000087600000|  0%| F|  |TAMS 0x0000000087500000, 0x0000000087500000| Untracked 
|  96|0x0000000087600000, 0x0000000087600000, 0x0000000087700000|  0%| F|  |TAMS 0x0000000087600000, 0x0000000087600000| Untracked 
|  97|0x0000000087700000, 0x0000000087700000, 0x0000000087800000|  0%| F|  |TAMS 0x0000000087700000, 0x0000000087700000| Untracked 
|  98|0x0000000087800000, 0x0000000087800000, 0x0000000087900000|  0%| F|  |TAMS 0x0000000087800000, 0x0000000087800000| Untracked 
|  99|0x0000000087900000, 0x0000000087900000, 0x0000000087a00000|  0%| F|  |TAMS 0x0000000087900000, 0x0000000087900000| Untracked 
| 100|0x0000000087a00000, 0x0000000087a00000, 0x0000000087b00000|  0%| F|  |TAMS 0x0000000087a00000, 0x0000000087a00000| Untracked 
| 101|0x0000000087b00000, 0x0000000087b00000, 0x0000000087c00000|  0%| F|  |TAMS 0x0000000087b00000, 0x0000000087b00000| Untracked 
| 102|0x0000000087c00000, 0x0000000087c00000, 0x0000000087d00000|  0%| F|  |TAMS 0x0000000087c00000, 0x0000000087c00000| Untracked 
| 103|0x0000000087d00000, 0x0000000087d00000, 0x0000000087e00000|  0%| F|  |TAMS 0x0000000087d00000, 0x0000000087d00000| Untracked 
| 104|0x0000000087e00000, 0x0000000087e00000, 0x0000000087f00000|  0%| F|  |TAMS 0x0000000087e00000, 0x0000000087e00000| Untracked 
| 105|0x0000000087f00000, 0x0000000087f00000, 0x0000000088000000|  0%| F|  |TAMS 0x0000000087f00000, 0x0000000087f00000| Untracked 
| 106|0x0000000088000000, 0x0000000088000000, 0x0000000088100000|  0%| F|  |TAMS 0x0000000088000000, 0x0000000088000000| Untracked 
| 107|0x0000000088100000, 0x0000000088100000, 0x0000000088200000|  0%| F|  |TAMS 0x0000000088100000, 0x0000000088100000| Untracked 
| 108|0x0000000088200000, 0x0000000088200000, 0x0000000088300000|  0%| F|  |TAMS 0x0000000088200000, 0x0000000088200000| Untracked 
| 109|0x0000000088300000, 0x0000000088300000, 0x0000000088400000|  0%| F|  |TAMS 0x0000000088300000, 0x0000000088300000| Untracked 
| 110|0x0000000088400000, 0x0000000088400000, 0x0000000088500000|  0%| F|  |TAMS 0x0000000088400000, 0x0000000088400000| Untracked 
| 111|0x0000000088500000, 0x000000008853feb0, 0x0000000088600000| 24%| E|  |TAMS 0x0000000088500000, 0x0000000088500000| Complete 
| 112|0x0000000088600000, 0x0000000088700000, 0x0000000088700000|100%| E|CS|TAMS 0x0000000088600000, 0x0000000088600000| Complete 
| 113|0x0000000088700000, 0x0000000088800000, 0x0000000088800000|100%| E|CS|TAMS 0x0000000088700000, 0x0000000088700000| Complete 
| 114|0x0000000088800000, 0x0000000088900000, 0x0000000088900000|100%| E|CS|TAMS 0x0000000088800000, 0x0000000088800000| Complete 
| 115|0x0000000088900000, 0x0000000088a00000, 0x0000000088a00000|100%| E|  |TAMS 0x0000000088900000, 0x0000000088900000| Complete 
| 116|0x0000000088a00000, 0x0000000088b00000, 0x0000000088b00000|100%| E|CS|TAMS 0x0000000088a00000, 0x0000000088a00000| Complete 
| 117|0x0000000088b00000, 0x0000000088c00000, 0x0000000088c00000|100%| E|CS|TAMS 0x0000000088b00000, 0x0000000088b00000| Complete 
| 118|0x0000000088c00000, 0x0000000088d00000, 0x0000000088d00000|100%| E|CS|TAMS 0x0000000088c00000, 0x0000000088c00000| Complete 
| 119|0x0000000088d00000, 0x0000000088e00000, 0x0000000088e00000|100%| E|CS|TAMS 0x0000000088d00000, 0x0000000088d00000| Complete 
| 120|0x0000000088e00000, 0x0000000088f00000, 0x0000000088f00000|100%| E|CS|TAMS 0x0000000088e00000, 0x0000000088e00000| Complete 
| 121|0x0000000088f00000, 0x0000000089000000, 0x0000000089000000|100%| E|CS|TAMS 0x0000000088f00000, 0x0000000088f00000| Complete 
| 122|0x0000000089000000, 0x0000000089100000, 0x0000000089100000|100%| E|CS|TAMS 0x0000000089000000, 0x0000000089000000| Complete 
| 123|0x0000000089100000, 0x0000000089200000, 0x0000000089200000|100%| E|CS|TAMS 0x0000000089100000, 0x0000000089100000| Complete 
| 124|0x0000000089200000, 0x0000000089300000, 0x0000000089300000|100%| E|CS|TAMS 0x0000000089200000, 0x0000000089200000| Complete 
| 125|0x0000000089300000, 0x0000000089400000, 0x0000000089400000|100%| E|CS|TAMS 0x0000000089300000, 0x0000000089300000| Complete 
| 126|0x0000000089400000, 0x0000000089500000, 0x0000000089500000|100%| E|CS|TAMS 0x0000000089400000, 0x0000000089400000| Complete 
| 127|0x0000000089500000, 0x0000000089600000, 0x0000000089600000|100%| E|CS|TAMS 0x0000000089500000, 0x0000000089500000| Complete 
| 128|0x0000000089600000, 0x0000000089700000, 0x0000000089700000|100%| E|CS|TAMS 0x0000000089600000, 0x0000000089600000| Complete 
| 129|0x0000000089700000, 0x0000000089800000, 0x0000000089800000|100%| E|CS|TAMS 0x0000000089700000, 0x0000000089700000| Complete 
| 130|0x0000000089800000, 0x0000000089900000, 0x0000000089900000|100%| E|CS|TAMS 0x0000000089800000, 0x0000000089800000| Complete 
| 131|0x0000000089900000, 0x0000000089a00000, 0x0000000089a00000|100%| E|CS|TAMS 0x0000000089900000, 0x0000000089900000| Complete 
| 132|0x0000000089a00000, 0x0000000089b00000, 0x0000000089b00000|100%| E|CS|TAMS 0x0000000089a00000, 0x0000000089a00000| Complete 
| 133|0x0000000089b00000, 0x0000000089c00000, 0x0000000089c00000|100%| E|CS|TAMS 0x0000000089b00000, 0x0000000089b00000| Complete 
| 134|0x0000000089c00000, 0x0000000089d00000, 0x0000000089d00000|100%| E|CS|TAMS 0x0000000089c00000, 0x0000000089c00000| Complete 
| 176|0x000000008c600000, 0x000000008c700000, 0x000000008c700000|100%| E|CS|TAMS 0x000000008c600000, 0x000000008c600000| Complete 

Card table byte_map: [0x0000024e43da0000,0x0000024e441a0000] _byte_map_base: 0x0000024e43995000

Marking Bits (Prev, Next): (CMBitMap*) 0x0000024e390d3cb0, (CMBitMap*) 0x0000024e390d3cf0
 Prev Bits: [0x0000024e445a0000, 0x0000024e46548000)
 Next Bits: [0x0000024e46550000, 0x0000024e484f8000)

Polling page: 0x0000024e37000000

Metaspace:

Usage:
  Non-class:     73.33 MB used.
      Class:     11.71 MB used.
       Both:     85.04 MB used.

Virtual space:
  Non-class space:       80.00 MB reserved,      73.81 MB ( 92%) committed,  10 nodes.
      Class space:        1.00 GB reserved,      12.12 MB (  1%) committed,  1 nodes.
             Both:        1.08 GB reserved,      85.94 MB (  8%) committed. 

Chunk freelists:
   Non-Class:  1.67 MB
       Class:  3.90 MB
        Both:  5.57 MB

MaxMetaspaceSize: unlimited
CompressedClassSpaceSize: 1.00 GB
Initial GC threshold: 21.00 MB
Current GC threshold: 102.62 MB
CDS: on
MetaspaceReclaimPolicy: balanced
 - commit_granule_bytes: 65536.
 - commit_granule_words: 8192.
 - virtual_space_node_default_size: 1048576.
 - enlarge_chunks_in_place: 1.
 - new_chunks_are_fully_committed: 0.
 - uncommit_free_chunks: 1.
 - use_allocation_guard: 0.
 - handle_deallocations: 1.


Internal statistics:

num_allocs_failed_limit: 12.
num_arena_births: 1494.
num_arena_deaths: 0.
num_vsnodes_births: 11.
num_vsnodes_deaths: 0.
num_space_committed: 1375.
num_space_uncommitted: 0.
num_chunks_returned_to_freelist: 12.
num_chunks_taken_from_freelist: 4855.
num_chunk_merges: 12.
num_chunk_splits: 3288.
num_chunks_enlarged: 2309.
num_purges: 0.
num_inconsistent_stats: 0.

CodeCache: size=49152Kb used=31336Kb max_used=31336Kb free=17815Kb
 bounds [0x0000024e40890000, 0x0000024e42730000, 0x0000024e43890000]
 total_blobs=18185 nmethods=17406 adapters=701
 compilation: enabled
              stopped_count=0, restarted_count=0
 full_count=0

Compilation events (20 events):
Event: 921.163 Thread 0x0000024e4fba4810 nmethod 17609 0x0000024e42722f90 code [0x0000024e42723120, 0x0000024e42723228]
Event: 921.163 Thread 0x0000024e500aa490 17611       1       org.springframework.web.util.HierarchicalUriComponents::<init> (88 bytes)
Event: 921.163 Thread 0x0000024e4fba4810 17612       1       org.springframework.web.cors.DefaultCorsProcessor::checkOrigin (6 bytes)
Event: 921.163 Thread 0x0000024e4fba4810 nmethod 17612 0x0000024e42723310 code [0x0000024e427234a0, 0x0000024e42723588]
Event: 921.163 Thread 0x0000024e4fba4810 17613       1       org.springframework.web.cors.DefaultCorsProcessor::getMethodToUse (23 bytes)
Event: 921.163 Thread 0x0000024e4fba4810 nmethod 17613 0x0000024e42723690 code [0x0000024e42723880, 0x0000024e42723ae8]
Event: 921.164 Thread 0x0000024e4fba4810 17614       1       org.springframework.http.HttpHeaders::setAccessControlAllowOrigin (8 bytes)
Event: 921.164 Thread 0x0000024e500aa490 nmethod 17611 0x0000024e42723c90 code [0x0000024e42723e80, 0x0000024e42724528]
Event: 921.164 Thread 0x0000024e500a78d0 nmethod 17610 0x0000024e42724710 code [0x0000024e42724960, 0x0000024e42724e38]
Event: 921.164 Thread 0x0000024e4fba4810 nmethod 17614 0x0000024e42725310 code [0x0000024e427254c0, 0x0000024e42725618]
Event: 921.164 Thread 0x0000024e4fba4810 17615       1       org.springframework.web.cors.CorsUtils::isCorsRequest (95 bytes)
Event: 921.164 Thread 0x0000024e500a78d0 17616       1       org.springframework.web.cors.DefaultCorsProcessor::handleInternal (261 bytes)
Event: 921.164 Thread 0x0000024e4fba4810 nmethod 17615 0x0000024e42725710 code [0x0000024e42725940, 0x0000024e42725c48]
Event: 921.164 Thread 0x0000024e500aa490 17617       1       org.apache.coyote.AbstractProtocol$RecycledProcessors::push (80 bytes)
Event: 921.165 Thread 0x0000024e500aa490 nmethod 17617 0x0000024e42725f10 code [0x0000024e427260c0, 0x0000024e42726278]
Event: 921.167 Thread 0x0000024e500aa490 17618       1       org.springframework.web.servlet.handler.AbstractHandlerMapping::getCorsHandlerExecutionChain (48 bytes)
Event: 921.168 Thread 0x0000024e500a78d0 nmethod 17616 0x0000024e42726410 code [0x0000024e42726980, 0x0000024e42727d88]
Event: 921.168 Thread 0x0000024e500aa490 nmethod 17618 0x0000024e42728f10 code [0x0000024e42729120, 0x0000024e427298d8]
Event: 921.170 Thread 0x0000024e500a78d0 17619       1       org.apache.tomcat.util.buf.Ascii::parseLong (114 bytes)
Event: 921.170 Thread 0x0000024e500a78d0 nmethod 17619 0x0000024e42729c10 code [0x0000024e42729de0, 0x0000024e4272a098]

GC Heap History (20 events):
Event: 131.157 GC heap before
{Heap before GC invocations=33 (full 0):
 garbage-first heap   total 139264K, used 112152K [0x0000000081600000, 0x0000000100000000)
  region size 1024K, 60 young (61440K), 6 survivors (6144K)
 Metaspace       used 86580K, committed 87424K, reserved 1130496K
  class space    used 11899K, committed 12288K, reserved 1048576K
}
Event: 131.163 GC heap after
{Heap after GC invocations=34 (full 0):
 garbage-first heap   total 139264K, used 60424K [0x0000000081600000, 0x0000000100000000)
  region size 1024K, 6 young (6144K), 6 survivors (6144K)
 Metaspace       used 86580K, committed 87424K, reserved 1130496K
  class space    used 11899K, committed 12288K, reserved 1048576K
}
Event: 219.443 GC heap before
{Heap before GC invocations=34 (full 0):
 garbage-first heap   total 139264K, used 113672K [0x0000000081600000, 0x0000000100000000)
  region size 1024K, 58 young (59392K), 6 survivors (6144K)
 Metaspace       used 86723K, committed 87616K, reserved 1130496K
  class space    used 11937K, committed 12352K, reserved 1048576K
}
Event: 219.447 GC heap after
{Heap after GC invocations=35 (full 0):
 garbage-first heap   total 139264K, used 61568K [0x0000000081600000, 0x0000000100000000)
  region size 1024K, 4 young (4096K), 4 survivors (4096K)
 Metaspace       used 86723K, committed 87616K, reserved 1130496K
  class space    used 11937K, committed 12352K, reserved 1048576K
}
Event: 309.554 GC heap before
{Heap before GC invocations=35 (full 0):
 garbage-first heap   total 139264K, used 114816K [0x0000000081600000, 0x0000000100000000)
  region size 1024K, 56 young (57344K), 4 survivors (4096K)
 Metaspace       used 86743K, committed 87680K, reserved 1130496K
  class space    used 11940K, committed 12352K, reserved 1048576K
}
Event: 309.556 GC heap after
{Heap after GC invocations=36 (full 0):
 garbage-first heap   total 139264K, used 60640K [0x0000000081600000, 0x0000000100000000)
  region size 1024K, 3 young (3072K), 3 survivors (3072K)
 Metaspace       used 86743K, committed 87680K, reserved 1130496K
  class space    used 11940K, committed 12352K, reserved 1048576K
}
Event: 412.426 GC heap before
{Heap before GC invocations=36 (full 0):
 garbage-first heap   total 139264K, used 115936K [0x0000000081600000, 0x0000000100000000)
  region size 1024K, 58 young (59392K), 3 survivors (3072K)
 Metaspace       used 86745K, committed 87680K, reserved 1130496K
  class space    used 11940K, committed 12352K, reserved 1048576K
}
Event: 412.428 GC heap after
{Heap after GC invocations=37 (full 0):
 garbage-first heap   total 139264K, used 60755K [0x0000000081600000, 0x0000000100000000)
  region size 1024K, 3 young (3072K), 3 survivors (3072K)
 Metaspace       used 86745K, committed 87680K, reserved 1130496K
  class space    used 11940K, committed 12352K, reserved 1048576K
}
Event: 509.863 GC heap before
{Heap before GC invocations=37 (full 0):
 garbage-first heap   total 139264K, used 118099K [0x0000000081600000, 0x0000000100000000)
  region size 1024K, 59 young (60416K), 3 survivors (3072K)
 Metaspace       used 86745K, committed 87680K, reserved 1130496K
  class space    used 11940K, committed 12352K, reserved 1048576K
}
Event: 509.865 GC heap after
{Heap after GC invocations=38 (full 0):
 garbage-first heap   total 139264K, used 60711K [0x0000000081600000, 0x0000000100000000)
  region size 1024K, 3 young (3072K), 3 survivors (3072K)
 Metaspace       used 86745K, committed 87680K, reserved 1130496K
  class space    used 11940K, committed 12352K, reserved 1048576K
}
Event: 609.701 GC heap before
{Heap before GC invocations=38 (full 0):
 garbage-first heap   total 139264K, used 118055K [0x0000000081600000, 0x0000000100000000)
  region size 1024K, 59 young (60416K), 3 survivors (3072K)
 Metaspace       used 86745K, committed 87680K, reserved 1130496K
  class space    used 11940K, committed 12352K, reserved 1048576K
}
Event: 609.704 GC heap after
{Heap after GC invocations=39 (full 0):
 garbage-first heap   total 139264K, used 60649K [0x0000000081600000, 0x0000000100000000)
  region size 1024K, 3 young (3072K), 3 survivors (3072K)
 Metaspace       used 86745K, committed 87680K, reserved 1130496K
  class space    used 11940K, committed 12352K, reserved 1048576K
}
Event: 714.748 GC heap before
{Heap before GC invocations=39 (full 0):
 garbage-first heap   total 139264K, used 119017K [0x0000000081600000, 0x0000000100000000)
  region size 1024K, 60 young (61440K), 3 survivors (3072K)
 Metaspace       used 86745K, committed 87680K, reserved 1130496K
  class space    used 11940K, committed 12352K, reserved 1048576K
}
Event: 714.751 GC heap after
{Heap after GC invocations=40 (full 0):
 garbage-first heap   total 139264K, used 60875K [0x0000000081600000, 0x0000000100000000)
  region size 1024K, 3 young (3072K), 3 survivors (3072K)
 Metaspace       used 86745K, committed 87680K, reserved 1130496K
  class space    used 11940K, committed 12352K, reserved 1048576K
}
Event: 819.854 GC heap before
{Heap before GC invocations=40 (full 0):
 garbage-first heap   total 139264K, used 120267K [0x0000000081600000, 0x0000000100000000)
  region size 1024K, 61 young (62464K), 3 survivors (3072K)
 Metaspace       used 86745K, committed 87680K, reserved 1130496K
  class space    used 11940K, committed 12352K, reserved 1048576K
}
Event: 819.857 GC heap after
{Heap after GC invocations=41 (full 0):
 garbage-first heap   total 139264K, used 60883K [0x0000000081600000, 0x0000000100000000)
  region size 1024K, 3 young (3072K), 3 survivors (3072K)
 Metaspace       used 86745K, committed 87680K, reserved 1130496K
  class space    used 11940K, committed 12352K, reserved 1048576K
}
Event: 920.297 GC heap before
{Heap before GC invocations=41 (full 0):
 garbage-first heap   total 139264K, used 119251K [0x0000000081600000, 0x0000000100000000)
  region size 1024K, 61 young (62464K), 3 survivors (3072K)
 Metaspace       used 87071K, committed 88000K, reserved 1130496K
  class space    used 11987K, committed 12416K, reserved 1048576K
}
Event: 920.301 GC heap after
{Heap after GC invocations=42 (full 0):
 garbage-first heap   total 139264K, used 61309K [0x0000000081600000, 0x0000000100000000)
  region size 1024K, 4 young (4096K), 4 survivors (4096K)
 Metaspace       used 87071K, committed 88000K, reserved 1130496K
  class space    used 11987K, committed 12416K, reserved 1048576K
}
Event: 921.018 GC heap before
{Heap before GC invocations=42 (full 0):
 garbage-first heap   total 139264K, used 117629K [0x0000000081600000, 0x0000000100000000)
  region size 1024K, 60 young (61440K), 4 survivors (4096K)
 Metaspace       used 87081K, committed 88000K, reserved 1130496K
  class space    used 11989K, committed 12416K, reserved 1048576K
}
Event: 921.023 GC heap after
{Heap after GC invocations=43 (full 0):
 garbage-first heap   total 139264K, used 61051K [0x0000000081600000, 0x0000000100000000)
  region size 1024K, 4 young (4096K), 4 survivors (4096K)
 Metaspace       used 87081K, committed 88000K, reserved 1130496K
  class space    used 11989K, committed 12416K, reserved 1048576K
}

Deoptimization events (20 events):
Event: 3.110 Thread 0x0000024e4bec71d0 DEOPT PACKING pc=0x0000024e4117a719 sp=0x000000789d2fd2f0
Event: 3.110 Thread 0x0000024e4bec71d0 DEOPT UNPACKING pc=0x0000024e408e2b43 sp=0x000000789d2fc7d0 mode 3
Event: 3.487 Thread 0x0000024e4bec71d0 DEOPT PACKING pc=0x0000024e4122b4dd sp=0x000000789d2fc950
Event: 3.487 Thread 0x0000024e4bec71d0 DEOPT UNPACKING pc=0x0000024e408e2b43 sp=0x000000789d2fbeb8 mode 3
Event: 3.875 Thread 0x0000024e4e1d2550 DEOPT PACKING pc=0x0000024e40d32597 sp=0x000000789d8feb70
Event: 3.875 Thread 0x0000024e4e1d2550 DEOPT UNPACKING pc=0x0000024e408e2b43 sp=0x000000789d8fdfc8 mode 3
Event: 4.517 Thread 0x0000024e4bec71d0 DEOPT PACKING pc=0x0000024e412b863c sp=0x000000789d2fbd90
Event: 4.517 Thread 0x0000024e4bec71d0 DEOPT UNPACKING pc=0x0000024e408e2b43 sp=0x000000789d2fb210 mode 3
Event: 6.074 Thread 0x0000024e4bec71d0 DEOPT PACKING pc=0x0000024e40e0bd22 sp=0x000000789d2fb6d0
Event: 6.074 Thread 0x0000024e4bec71d0 DEOPT UNPACKING pc=0x0000024e408e2b43 sp=0x000000789d2fabd8 mode 3
Event: 6.180 Thread 0x0000024e4bec71d0 DEOPT PACKING pc=0x0000024e416a383c sp=0x000000789d2fbb00
Event: 6.180 Thread 0x0000024e4bec71d0 DEOPT UNPACKING pc=0x0000024e408e2b43 sp=0x000000789d2fb058 mode 0
Event: 48.831 Thread 0x0000024e4c3602d0 DEOPT PACKING pc=0x0000024e419e7dcc sp=0x000000789d3fecd0
Event: 48.831 Thread 0x0000024e4c3602d0 DEOPT UNPACKING pc=0x0000024e408e2b43 sp=0x000000789d3fe1f8 mode 0
Event: 112.853 Thread 0x0000024e5035eee0 DEOPT PACKING pc=0x0000024e41dca4b3 sp=0x00000078a2ffca30
Event: 112.853 Thread 0x0000024e5035eee0 DEOPT UNPACKING pc=0x0000024e408e2b43 sp=0x00000078a2ffbf38 mode 3
Event: 920.309 Thread 0x0000024e5035ea10 DEOPT PACKING pc=0x0000024e4222af00 sp=0x00000078a2cfc900
Event: 920.309 Thread 0x0000024e5035ea10 DEOPT UNPACKING pc=0x0000024e408e2b43 sp=0x00000078a2cfbdc8 mode 3
Event: 920.335 Thread 0x0000024e50363710 DEOPT PACKING pc=0x0000024e42213be3 sp=0x00000078a2afcb70
Event: 920.335 Thread 0x0000024e50363710 DEOPT UNPACKING pc=0x0000024e408e2b43 sp=0x00000078a2afc080 mode 3

Classes unloaded (0 events):
No events

Classes redefined (0 events):
No events

Internal exceptions (20 events):
Event: 912.175 Thread 0x0000024e52a5ca50 Exception <a 'java/net/ConnectException'{0x0000000086a3c728}: Connection refused: no further information> (0x0000000086a3c728) 
thrown [t:\workspace\open\src\hotspot\share\prims\jni.cpp, line 535]
Event: 912.722 Thread 0x0000024e52a5b710 Exception <a 'java/net/ConnectException'{0x0000000086ac5ae8}: Connection refused: no further information> (0x0000000086ac5ae8) 
thrown [t:\workspace\open\src\hotspot\share\prims\jni.cpp, line 535]
Event: 913.094 Thread 0x0000024e52a5ca50 Exception <a 'java/net/ConnectException'{0x0000000086a46040}: Connection refused: no further information> (0x0000000086a46040) 
thrown [t:\workspace\open\src\hotspot\share\prims\jni.cpp, line 535]
Event: 913.580 Thread 0x0000024e52a5b710 Exception <a 'java/net/ConnectException'{0x0000000086acef48}: Connection refused: no further information> (0x0000000086acef48) 
thrown [t:\workspace\open\src\hotspot\share\prims\jni.cpp, line 535]
Event: 914.305 Thread 0x0000024e52a5ca50 Exception <a 'java/net/ConnectException'{0x000000008690b078}: Connection refused: no further information> (0x000000008690b078) 
thrown [t:\workspace\open\src\hotspot\share\prims\jni.cpp, line 535]
Event: 914.775 Thread 0x0000024e52a5b710 Exception <a 'java/net/ConnectException'{0x000000008691a9d0}: Connection refused: no further information> (0x000000008691a9d0) 
thrown [t:\workspace\open\src\hotspot\share\prims\jni.cpp, line 535]
Event: 915.335 Thread 0x0000024e52a5ca50 Exception <a 'java/net/ConnectException'{0x00000000869a4c48}: Connection refused: no further information> (0x00000000869a4c48) 
thrown [t:\workspace\open\src\hotspot\share\prims\jni.cpp, line 535]
Event: 915.590 Thread 0x0000024e52a5b710 Exception <a 'java/net/ConnectException'{0x00000000869251f8}: Connection refused: no further information> (0x00000000869251f8) 
thrown [t:\workspace\open\src\hotspot\share\prims\jni.cpp, line 535]
Event: 916.513 Thread 0x0000024e52a5ca50 Exception <a 'java/net/ConnectException'{0x00000000869af840}: Connection refused: no further information> (0x00000000869af840) 
thrown [t:\workspace\open\src\hotspot\share\prims\jni.cpp, line 535]
Event: 916.805 Thread 0x0000024e52a5b710 Exception <a 'java/net/ConnectException'{0x00000000869bd3a0}: Connection refused: no further information> (0x00000000869bd3a0) 
thrown [t:\workspace\open\src\hotspot\share\prims\jni.cpp, line 535]
Event: 917.536 Thread 0x0000024e52a5ca50 Exception <a 'java/net/ConnectException'{0x000000008687b880}: Connection refused: no further information> (0x000000008687b880) 
thrown [t:\workspace\open\src\hotspot\share\prims\jni.cpp, line 535]
Event: 917.715 Thread 0x0000024e52a5b710 Exception <a 'java/net/ConnectException'{0x00000000869c6cb8}: Connection refused: no further information> (0x00000000869c6cb8) 
thrown [t:\workspace\open\src\hotspot\share\prims\jni.cpp, line 535]
Event: 918.555 Thread 0x0000024e52a5ca50 Exception <a 'java/net/ConnectException'{0x0000000086885b08}: Connection refused: no further information> (0x0000000086885b08) 
thrown [t:\workspace\open\src\hotspot\share\prims\jni.cpp, line 535]
Event: 918.744 Thread 0x0000024e52a5b710 Exception <a 'java/net/ConnectException'{0x0000000086891868}: Connection refused: no further information> (0x0000000086891868) 
thrown [t:\workspace\open\src\hotspot\share\prims\jni.cpp, line 535]
Event: 919.665 Thread 0x0000024e52a5ca50 Exception <a 'java/net/ConnectException'{0x0000000086702258}: Connection refused: no further information> (0x0000000086702258) 
thrown [t:\workspace\open\src\hotspot\share\prims\jni.cpp, line 535]
Event: 919.910 Thread 0x0000024e52a5b710 Exception <a 'java/net/ConnectException'{0x000000008689c918}: Connection refused: no further information> (0x000000008689c918) 
thrown [t:\workspace\open\src\hotspot\share\prims\jni.cpp, line 535]
Event: 920.309 Thread 0x0000024e5035ea10 Implicit null exception at 0x0000024e4222ad4e to 0x0000024e4222aefb
Event: 920.888 Thread 0x0000024e52a5ca50 Exception <a 'java/net/ConnectException'{0x0000000089c7ed30}: Connection refused: no further information> (0x0000000089c7ed30) 
thrown [t:\workspace\open\src\hotspot\share\prims\jni.cpp, line 535]
Event: 920.937 Thread 0x0000024e503628a0 Exception <a 'java/net/SocketException'{0x0000000086e66420}: Connection reset by peer: shutdown> (0x0000000086e66420) 
thrown [t:\workspace\open\src\hotspot\share\prims\jni.cpp, line 535]
Event: 920.955 Thread 0x0000024e52a5b710 Exception <a 'java/net/ConnectException'{0x0000000089cc1ce8}: Connection refused: no further information> (0x0000000089cc1ce8) 
thrown [t:\workspace\open\src\hotspot\share\prims\jni.cpp, line 535]

VM Operations (20 events):
Event: 920.985 Executing VM operation: ICBufferFull
Event: 920.985 Executing VM operation: ICBufferFull done
Event: 921.018 Executing VM operation: G1CollectForAllocation
Event: 921.023 Executing VM operation: G1CollectForAllocation done
Event: 921.060 Executing VM operation: ICBufferFull
Event: 921.061 Executing VM operation: ICBufferFull done
Event: 921.095 Executing VM operation: ICBufferFull
Event: 921.095 Executing VM operation: ICBufferFull done
Event: 921.116 Executing VM operation: ICBufferFull
Event: 921.116 Executing VM operation: ICBufferFull done
Event: 921.141 Executing VM operation: ICBufferFull
Event: 921.141 Executing VM operation: ICBufferFull done
Event: 921.141 Executing VM operation: ICBufferFull
Event: 921.141 Executing VM operation: ICBufferFull done
Event: 921.141 Executing VM operation: ICBufferFull
Event: 921.141 Executing VM operation: ICBufferFull done
Event: 921.168 Executing VM operation: ICBufferFull
Event: 921.168 Executing VM operation: ICBufferFull done
Event: 921.168 Executing VM operation: ICBufferFull
Event: 921.168 Executing VM operation: ICBufferFull done

Events (20 events):
Event: 684.707 Thread 0x0000024e52d19030 Thread exited: 0x0000024e52d19030
Event: 804.815 Thread 0x0000024e500aa490 Thread added: 0x0000024e500aa490
Event: 804.816 Thread 0x0000024e500aa9a0 Thread added: 0x0000024e500aa9a0
Event: 804.816 Thread 0x0000024e500aaeb0 Thread added: 0x0000024e500aaeb0
Event: 809.841 Thread 0x0000024e500aa490 Thread exited: 0x0000024e500aa490
Event: 809.841 Thread 0x0000024e500aaeb0 Thread exited: 0x0000024e500aaeb0
Event: 809.841 Thread 0x0000024e500aa9a0 Thread exited: 0x0000024e500aa9a0
Event: 834.835 Thread 0x0000024e500aa490 Thread added: 0x0000024e500aa490
Event: 839.861 Thread 0x0000024e500aa490 Thread exited: 0x0000024e500aa490
Event: 909.889 Thread 0x0000024e500aa490 Thread added: 0x0000024e500aa490
Event: 914.897 Thread 0x0000024e500aa490 Thread exited: 0x0000024e500aa490
Event: 920.203 Thread 0x0000024e500aa490 Thread added: 0x0000024e500aa490
Event: 920.231 loading class java/io/PushbackInputStream
Event: 920.232 loading class java/io/PushbackInputStream done
Event: 920.292 loading class java/io/StringWriter
Event: 920.293 loading class java/io/StringWriter done
Event: 920.293 loading class java/lang/Throwable$WrappedPrintWriter
Event: 920.294 loading class java/lang/Throwable$WrappedPrintWriter done
Event: 920.698 Thread 0x0000024e500a78d0 Thread added: 0x0000024e500a78d0
Event: 920.698 Thread 0x0000024e4fba4810 Thread added: 0x0000024e4fba4810


Dynamic libraries:
0x00007ff6501b0000 - 0x00007ff6501c0000 	C:\Program Files\Java\jdk-17.0.1\bin\java.exe
0x00007ffd0b710000 - 0x00007ffd0b908000 	C:\WINDOWS\SYSTEM32\ntdll.dll
0x00007ffd09920000 - 0x00007ffd099dd000 	C:\WINDOWS\System32\KERNEL32.DLL
0x00007ffd093f0000 - 0x00007ffd096e6000 	C:\WINDOWS\System32\KERNELBASE.dll
0x00007ffd08f80000 - 0x00007ffd09080000 	C:\WINDOWS\System32\ucrtbase.dll
0x00007ffd03f10000 - 0x00007ffd03f28000 	C:\Program Files\Java\jdk-17.0.1\bin\jli.dll
0x00007ffd03f30000 - 0x00007ffd03f4a000 	C:\Program Files\Java\jdk-17.0.1\bin\VCRUNTIME140.dll
0x00007ffd0ab50000 - 0x00007ffd0abfe000 	C:\WINDOWS\System32\ADVAPI32.dll
0x00007ffd0a850000 - 0x00007ffd0a8ee000 	C:\WINDOWS\System32\msvcrt.dll
0x00007ffd0aa80000 - 0x00007ffd0ab1c000 	C:\WINDOWS\System32\sechost.dll
0x00007ffd0a950000 - 0x00007ffd0aa76000 	C:\WINDOWS\System32\RPCRT4.dll
0x00007ffd0a680000 - 0x00007ffd0a81e000 	C:\WINDOWS\System32\USER32.dll
0x00007ffd096f0000 - 0x00007ffd09712000 	C:\WINDOWS\System32\win32u.dll
0x00007ffd0a820000 - 0x00007ffd0a84c000 	C:\WINDOWS\System32\GDI32.dll
0x00007ffd09230000 - 0x00007ffd0934a000 	C:\WINDOWS\System32\gdi32full.dll
0x00007ffd09350000 - 0x00007ffd093ed000 	C:\WINDOWS\System32\msvcp_win.dll
0x00007ffce4b20000 - 0x00007ffce4dba000 	C:\WINDOWS\WinSxS\amd64_microsoft.windows.common-controls_6595b64144ccf1df_6.0.19041.1110_none_60b5254171f9507e\COMCTL32.dll
0x00007ffcfefd0000 - 0x00007ffcfefda000 	C:\WINDOWS\SYSTEM32\VERSION.dll
0x00007ffd0ab20000 - 0x00007ffd0ab50000 	C:\WINDOWS\System32\IMM32.DLL
0x00007ffd04c80000 - 0x00007ffd04c8c000 	C:\Program Files\Java\jdk-17.0.1\bin\vcruntime140_1.dll
0x00007ffcecd60000 - 0x00007ffcecded000 	C:\Program Files\Java\jdk-17.0.1\bin\msvcp140.dll
0x00007ffcd0280000 - 0x00007ffcd0e3e000 	C:\Program Files\Java\jdk-17.0.1\bin\server\jvm.dll
0x00007ffd0af10000 - 0x00007ffd0af18000 	C:\WINDOWS\System32\PSAPI.DLL
0x00007ffd04c60000 - 0x00007ffd04c69000 	C:\WINDOWS\SYSTEM32\WSOCK32.dll
0x00007ffcfe450000 - 0x00007ffcfe477000 	C:\WINDOWS\SYSTEM32\WINMM.dll
0x00007ffd0ad90000 - 0x00007ffd0adfb000 	C:\WINDOWS\System32\WS2_32.dll
0x00007ffd06c80000 - 0x00007ffd06c92000 	C:\WINDOWS\SYSTEM32\kernel.appcore.dll
0x00007ffd04c20000 - 0x00007ffd04c2a000 	C:\Program Files\Java\jdk-17.0.1\bin\jimage.dll
0x00007ffcf7f30000 - 0x00007ffcf8114000 	C:\WINDOWS\SYSTEM32\DBGHELP.DLL
0x00007ffcf1b10000 - 0x00007ffcf1b44000 	C:\WINDOWS\SYSTEM32\dbgcore.DLL
0x00007ffd09080000 - 0x00007ffd09102000 	C:\WINDOWS\System32\bcryptPrimitives.dll
0x00007ffd04b70000 - 0x00007ffd04b7e000 	C:\Program Files\Java\jdk-17.0.1\bin\instrument.dll
0x00007ffd03ee0000 - 0x00007ffd03f05000 	C:\Program Files\Java\jdk-17.0.1\bin\java.dll
0x00007ffcd9cb0000 - 0x00007ffcd9d86000 	C:\Program Files\Java\jdk-17.0.1\bin\svml.dll
0x00007ffd09e50000 - 0x00007ffd0a595000 	C:\WINDOWS\System32\SHELL32.dll
0x00007ffd06e80000 - 0x00007ffd0761b000 	C:\WINDOWS\SYSTEM32\windows.storage.dll
0x00007ffd0b250000 - 0x00007ffd0b5a4000 	C:\WINDOWS\System32\combase.dll
0x00007ffd08760000 - 0x00007ffd0878e000 	C:\WINDOWS\SYSTEM32\Wldp.dll
0x00007ffd0ac60000 - 0x00007ffd0ad0d000 	C:\WINDOWS\System32\SHCORE.dll
0x00007ffd0afd0000 - 0x00007ffd0b025000 	C:\WINDOWS\System32\shlwapi.dll
0x00007ffd08d20000 - 0x00007ffd08d45000 	C:\WINDOWS\SYSTEM32\profapi.dll
0x00007ffd036f0000 - 0x00007ffd03708000 	C:\Program Files\Java\jdk-17.0.1\bin\zip.dll
0x00007ffd03ec0000 - 0x00007ffd03ed9000 	C:\Program Files\Java\jdk-17.0.1\bin\net.dll
0x00007ffd00700000 - 0x00007ffd0080a000 	C:\WINDOWS\SYSTEM32\WINHTTP.dll
0x00007ffd084c0000 - 0x00007ffd0852a000 	C:\WINDOWS\system32\mswsock.dll
0x00007ffd03da0000 - 0x00007ffd03db5000 	C:\Program Files\Java\jdk-17.0.1\bin\nio.dll
0x00007ffd036d0000 - 0x00007ffd036ea000 	C:\Program Files\IntelliJ IDEA 2020.3.2\bin\breakgen64.dll
0x00007ffd081f0000 - 0x00007ffd082ba000 	C:\WINDOWS\SYSTEM32\DNSAPI.dll
0x00007ffd081b0000 - 0x00007ffd081eb000 	C:\WINDOWS\SYSTEM32\IPHLPAPI.DLL
0x00007ffd0af00000 - 0x00007ffd0af08000 	C:\WINDOWS\System32\NSI.dll
0x00007ffcfdba0000 - 0x00007ffcfdbaa000 	C:\Windows\System32\rasadhlp.dll
0x00007ffcfd510000 - 0x00007ffcfd592000 	C:\WINDOWS\System32\fwpuclnt.dll
0x00007ffd08f50000 - 0x00007ffd08f77000 	C:\WINDOWS\System32\bcrypt.dll
0x00007ffd03d90000 - 0x00007ffd03d99000 	C:\Program Files\Java\jdk-17.0.1\bin\management.dll
0x00007ffd038b0000 - 0x00007ffd038bb000 	C:\Program Files\Java\jdk-17.0.1\bin\management_ext.dll
0x00007ffd086c0000 - 0x00007ffd086d8000 	C:\WINDOWS\SYSTEM32\CRYPTSP.dll
0x00007ffd07dd0000 - 0x00007ffd07e04000 	C:\WINDOWS\system32\rsaenh.dll
0x00007ffd08ce0000 - 0x00007ffd08d0e000 	C:\WINDOWS\SYSTEM32\USERENV.dll
0x00007ffd086b0000 - 0x00007ffd086bc000 	C:\WINDOWS\SYSTEM32\CRYPTBASE.dll
0x00007ffd01dd0000 - 0x00007ffd01de7000 	C:\WINDOWS\SYSTEM32\dhcpcsvc6.DLL
0x00007ffd01d00000 - 0x00007ffd01d1d000 	C:\WINDOWS\SYSTEM32\dhcpcsvc.DLL
0x00007ffd042f0000 - 0x00007ffd04307000 	C:\WINDOWS\system32\napinsp.dll
0x00007ffd042d0000 - 0x00007ffd042eb000 	C:\WINDOWS\system32\pnrpnsp.dll
0x00007ffce1f40000 - 0x00007ffce1f55000 	C:\WINDOWS\system32\wshbth.dll
0x00007ffd04a60000 - 0x00007ffd04a7d000 	C:\WINDOWS\system32\NLAapi.dll
0x00007ffd042b0000 - 0x00007ffd042c2000 	C:\WINDOWS\System32\winrnr.dll
0x00007ffd037e0000 - 0x00007ffd037ee000 	C:\Program Files\Java\jdk-17.0.1\bin\sunmscapi.dll
0x00007ffd08df0000 - 0x00007ffd08f4e000 	C:\WINDOWS\System32\CRYPT32.dll
0x00007ffd087d0000 - 0x00007ffd087f8000 	C:\WINDOWS\SYSTEM32\ncrypt.dll
0x00007ffd08790000 - 0x00007ffd087cb000 	C:\WINDOWS\SYSTEM32\NTASN1.dll
0x00007ffcf7ee0000 - 0x00007ffcf7f29000 	C:\WINDOWS\SYSTEM32\pdh.dll
0x00007ffd036c0000 - 0x00007ffd036c7000 	C:\WINDOWS\system32\wshunix.dll
0x00007ffd036b0000 - 0x00007ffd036bf000 	C:\WINDOWS\System32\perfproc.dll
0x00007ffcfc360000 - 0x00007ffcfc36f000 	C:\WINDOWS\System32\perfos.dll

dbghelp: loaded successfully - version: 4.0.5 - missing functions: none
symbol engine: initialized successfully - sym options: 0x614 - pdb path: .;C:\Program Files\Java\jdk-17.0.1\bin;C:\WINDOWS\SYSTEM32;C:\WINDOWS\WinSxS\amd64_microsoft.windows.common-controls_6595b64144ccf1df_6.0.19041.1110_none_60b5254171f9507e;C:\Program Files\Java\jdk-17.0.1\bin\server;C:\Program Files\IntelliJ IDEA 2020.3.2\bin

VM Arguments:
jvm_args: -XX:TieredStopAtLevel=1 -Xverify:none -Dspring.output.ansi.enabled=always -javaagent:C:\Program Files\IntelliJ IDEA 2020.3.2\lib\idea_rt.jar=57814:C:\Program Files\IntelliJ IDEA 2020.3.2\bin -Dcom.sun.management.jmxremote -Dspring.jmx.enabled=true -Dspring.liveBeansView.mbeanDomain -Dspring.application.admin.enabled=true -Dfile.encoding=UTF-8 
java_command: com.fpoly.ooc.ApiServiceMsApplication
java_class_path (initial): E:\DATN\UD-HN_1998-outOFcollege\api-service-ms\target\classes;C:\Users\Admin\.m2\repository\org\springframework\boot\spring-boot-starter-data-jpa\3.1.3\spring-boot-starter-data-jpa-3.1.3.jar;C:\Users\Admin\.m2\repository\org\springframework\boot\spring-boot-starter-aop\3.1.3\spring-boot-starter-aop-3.1.3.jar;C:\Users\Admin\.m2\repository\org\springframework\spring-aop\6.0.11\spring-aop-6.0.11.jar;C:\Users\Admin\.m2\repository\org\aspectj\aspectjweaver\1.9.20\aspectjweaver-1.9.20.jar;C:\Users\Admin\.m2\repository\org\springframework\boot\spring-boot-starter-jdbc\3.1.3\spring-boot-starter-jdbc-3.1.3.jar;C:\Users\Admin\.m2\repository\com\zaxxer\HikariCP\5.0.1\HikariCP-5.0.1.jar;C:\Users\Admin\.m2\repository\org\springframework\spring-jdbc\6.0.11\spring-jdbc-6.0.11.jar;C:\Users\Admin\.m2\repository\org\hibernate\orm\hibernate-core\6.2.7.Final\hibernate-core-6.2.7.Final.jar;C:\Users\Admin\.m2\repository\jakarta\persistence\jakarta.persistence-api\3.1.0\jakarta.persistence-api-3.1.0.jar;C:\Users\Admin\.m2\repository\jakarta\transaction\jakarta.transaction-api\2.0.1\jakarta.transaction-api-2.0.1.jar;C:\Users\Admin\.m2\repository\org\jboss\logging\jboss-logging\3.5.3.Final\jboss-logging-3.5.3.Final.jar;C:\Users\Admin\.m2\repository\org\hibernate\common\hibernate-commons-annotations\6.0.6.Final\hibernate-commons-annotations-6.0.6.Final.jar;C:\Users\Admin\.m2\repository\io\smallrye\jandex\3.0.5\jandex-3.0.5.jar;C:\Users\Admin\.m2\repository\com\fasterxml\classmate\1.5.1\classmate-1.5.1.jar;C:\Users\Admin\.m2\repository\net\bytebuddy\byte-buddy\1.14.6\byte-buddy-1.14.6.jar;C:\Users\Admin\.m2\repository\org\glassfish\jaxb\jaxb-runtime\4.0.3\jaxb-runtime-4.0.3.jar;C:\Users\Admin\.m2\repository\org\glassfish\jaxb\jaxb-core\4.0.3\jaxb-core-4.0.3.jar;C:\Users\Admin\.m2\repository\org\glassfish\jaxb\txw2\4.0.3\txw2-4.0.3.jar;C:\Users\Admin\.m2\repository\com\sun\istack\istack-commons-runtime\4.1.2\istack-commons-runtime-4.1.2.jar;C:\Users\Admin\.m2\repos
Launcher Type: SUN_STANDARD

[Global flags]
     intx CICompilerCount                          = 4                                         {product} {ergonomic}
     uint ConcGCThreads                            = 2                                         {product} {ergonomic}
     uint G1ConcRefinementThreads                  = 8                                         {product} {ergonomic}
   size_t G1HeapRegionSize                         = 1048576                                   {product} {ergonomic}
    uintx GCDrainStackTargetSize                   = 64                                        {product} {ergonomic}
   size_t InitialHeapSize                          = 134217728                                 {product} {ergonomic}
     bool ManagementServer                         = true                                      {product} {command line}
   size_t MarkStackSize                            = 4194304                                   {product} {ergonomic}
   size_t MaxHeapSize                              = 2124414976                                {product} {ergonomic}
   size_t MaxNewSize                               = 1274019840                                {product} {ergonomic}
   size_t MinHeapDeltaBytes                        = 1048576                                   {product} {ergonomic}
   size_t MinHeapSize                              = 8388608                                   {product} {ergonomic}
    uintx NonProfiledCodeHeapSize                  = 0                                      {pd product} {ergonomic}
     bool ProfileInterpreter                       = false                                  {pd product} {command line}
    uintx ProfiledCodeHeapSize                     = 0                                      {pd product} {ergonomic}
   size_t SoftMaxHeapSize                          = 2124414976                             {manageable} {ergonomic}
     intx TieredStopAtLevel                        = 1                                         {product} {command line}
     bool UseCompressedClassPointers               = true                           {product lp64_product} {ergonomic}
     bool UseCompressedOops                        = true                           {product lp64_product} {ergonomic}
     bool UseG1GC                                  = true                                      {product} {ergonomic}
     bool UseLargePagesIndividualAllocation        = false                                  {pd product} {ergonomic}

Logging:
Log output configuration:
 #0: stdout all=warning uptime,level,tags
 #1: stderr all=off uptime,level,tags

Environment Variables:
JAVA_HOME=C:\Program Files\Java\jdk-17.0.1
PATH=C:\Program Files\Common Files\Oracle\Java\javapath;"C:\Program Files (x86)\Common Files\Oracle\Java\javapath;C:\Program Files\Java\jre1.8.0_311\bin;";C:\WINDOWS\system32;C:\WINDOWS;C:\WINDOWS\System32\Wbem;C:\WINDOWS\System32\WindowsPowerShell\v1.0\;C:\WINDOWS\System32\OpenSSH\;C:\Program Files (x86)\AMD\ATI.ACE\Core-Static;C:\Program Files\Java\jre1.8.0_311\bin;C:\Program Files\Microsoft VS Code\bin;C:\TDM-GCC-64\bin;C:\Program Files\Microsoft SQL Server\Client SDK\ODBC\170\Tools\Binn\;C:\Program Files (x86)\Microsoft SQL Server\150\Tools\Binn\;C:\Program Files\Microsoft SQL Server\150\Tools\Binn\;C:\Program Files\Microsoft SQL Server\150\DTS\Binn\;C:\Program Files (x86)\Microsoft SQL Server\150\DTS\Binn\;C:\Program Files\Azure Data Studio\bin;C:\Program Files\Git\cmd;C:\Program Files\nodejs\;C:\Users\Admin\AppData\Local\Programs\Python\Python310\Scripts\;C:\Users\Admin\AppData\Local\Programs\Python\Python310\;"C:\Users\Admin\AppData\Local\Microsoft\WindowsApps;";"C:\Users\Admin\AppData\Local\Programs\Microsoft VS Code\bin;";C:\Program Files\Java\jdk-17.0.1\bin\;C:\Program Files\Azure Data Studio\bin;C:\Users\Admin\Downloads\ngrok-stable-windows-amd64;C:\Program Files\JetBrains\IntelliJ IDEA Community Edition 2022.1\bin;;C:\Users\Admin\AppData\Roaming\npm;C:\TDM-GCC-64\bin;C:\Users\Admin\Downloads\apache-maven-3.9.3-bin\apache-maven-3.9.3\bin;
USERNAME=Admin
OS=Windows_NT
PROCESSOR_IDENTIFIER=Intel64 Family 6 Model 60 Stepping 3, GenuineIntel



---------------  S Y S T E M  ---------------

OS:
 Windows 10 , 64 bit Build 19041 (10.0.19041.3393)
OS uptime: 1 days 17:54 hours

CPU: total 8 (initial active 8) (4 cores per cpu, 2 threads per core) family 6 model 60 stepping 3 microcode 0x27, cx8, cmov, fxsr, ht, mmx, sse, sse2, sse3, ssse3, sse4.1, sse4.2, popcnt, lzcnt, tsc, tscinvbit, avx, avx2, aes, erms, clmul, bmi1, bmi2, fma, vzeroupper, clflush

Memory: 4k page, system-wide physical 8097M (1284M free)
TotalPageFile size 14703M (AvailPageFile size 9M)
current process WorkingSet (physical memory assigned to process): 239M, peak: 341M
current process commit charge ("private bytes"): 397M, peak: 397M

vm_info: Java HotSpot(TM) 64-Bit Server VM (17.0.1+12-LTS-39) for windows-amd64 JRE (17.0.1+12-LTS-39), built on Sep 27 2021 18:41:35 by "mach5one" with MS VC++ 16.8 (VS2019)

END.
