#
# There is insufficient memory for the Java Runtime Environment to continue.
# Native memory allocation (mmap) failed to map 65536 bytes for Failed to commit metaspace.
# Possible reasons:
#   The system is out of physical RAM or swap space
#   The process is running with CompressedOops enabled, and the Java Heap may be blocking the growth of the native heap
# Possible solutions:
#   Reduce memory load on the system
#   Increase physical memory or swap space
#   Check if swap backing store is full
#   Decrease Java heap size (-Xmx/-Xms)
#   Decrease number of Java threads
#   Decrease Java thread stack sizes (-Xss)
#   Set larger code cache with -XX:ReservedCodeCacheSize=
#   JVM is running with Unscaled Compressed Oops mode in which the Java heap is
#     placed in the first 4GB address space. The Java Heap base address is the
#     maximum limit for the native heap growth. Please use -XX:HeapBaseMinAddress
#     to set the Java Heap base and to place the Java Heap above 4GB virtual address.
# This output file may be truncated or incomplete.
#
#  Out of Memory Error (virtualSpaceNode.cpp:110), pid=2444, tid=7504
#
# JRE version: Java(TM) SE Runtime Environment (17.0.1+12) (build 17.0.1+12-LTS-39)
# Java VM: Java HotSpot(TM) 64-Bit Server VM (17.0.1+12-LTS-39, mixed mode, emulated-client, sharing, tiered, compressed oops, compressed class ptrs, g1 gc, windows-amd64)
# No core dump will be written. Minidumps are not enabled by default on client versions of Windows
#

---------------  S U M M A R Y ------------

Command Line: -XX:TieredStopAtLevel=1 -Xverify:none -Dspring.output.ansi.enabled=always -javaagent:C:\Program Files\IntelliJ IDEA 2020.3.2\lib\idea_rt.jar=58697:C:\Program Files\IntelliJ IDEA 2020.3.2\bin -Dcom.sun.management.jmxremote -Dspring.jmx.enabled=true -Dspring.liveBeansView.mbeanDomain -Dspring.application.admin.enabled=true -Dfile.encoding=UTF-8 com.fpoly.ooc.ApiServiceMsApplication

Host: Intel(R) Core(TM) i7-4800MQ CPU @ 2.70GHz, 8 cores, 7G,  Windows 10 , 64 bit Build 19041 (10.0.19041.3570)
Time: Tue Nov  7 18:04:35 2023 SE Asia Standard Time elapsed time: 3.657757 seconds (0d 0h 0m 3s)

---------------  T H R E A D  ---------------

Current thread (0x000001db759f9c10):  JavaThread "restartedMain" [_thread_in_vm, id=7504, stack(0x00000018f8400000,0x00000018f8500000)]

Stack: [0x00000018f8400000,0x00000018f8500000]
Native frames: (J=compiled Java code, j=interpreted, Vv=VM code, C=native code)
V  [jvm.dll+0x66fa1a]
V  [jvm.dll+0x7ce5a4]
V  [jvm.dll+0x7cfd4e]
V  [jvm.dll+0x7d03b3]
V  [jvm.dll+0x242b05]
V  [jvm.dll+0x7ca54b]
V  [jvm.dll+0x615b76]
V  [jvm.dll+0x1be19e]
V  [jvm.dll+0x6184b1]
V  [jvm.dll+0x616516]
V  [jvm.dll+0x2384e0]
V  [jvm.dll+0x1e87ad]
V  [jvm.dll+0x1de1f1]
V  [jvm.dll+0x537690]
V  [jvm.dll+0x7496c8]
V  [jvm.dll+0x7497b4]
V  [jvm.dll+0x408995]
V  [jvm.dll+0x40e9e8]
C  [java.dll+0x17ec]

Java frames: (J=compiled Java code, j=interpreted, Vv=VM code)
J 1224  java.lang.ClassLoader.defineClass1(Ljava/lang/ClassLoader;Ljava/lang/String;[BIILjava/security/ProtectionDomain;Ljava/lang/String;)Ljava/lang/Class; java.base@17.0.1 (0 bytes) @ 0x000001db6a170d63 [0x000001db6a170ca0+0x00000000000000c3]
J 1463 c1 java.lang.ClassLoader.defineClass(Ljava/lang/String;[BIILjava/security/ProtectionDomain;)Ljava/lang/Class; java.base@17.0.1 (43 bytes) @ 0x000001db6a1d4f5c [0x000001db6a1d4e60+0x00000000000000fc]
J 1264 c1 jdk.internal.loader.BuiltinClassLoader.defineClass(Ljava/lang/String;Ljdk/internal/loader/Resource;)Ljava/lang/Class; java.base@17.0.1 (121 bytes) @ 0x000001db6a184ae4 [0x000001db6a184620+0x00000000000004c4]
J 1254 c1 jdk.internal.loader.BuiltinClassLoader.findClassOnClassPathOrNull(Ljava/lang/String;)Ljava/lang/Class; java.base@17.0.1 (64 bytes) @ 0x000001db6a17f534 [0x000001db6a17f280+0x00000000000002b4]
J 1009 c1 jdk.internal.loader.BuiltinClassLoader.loadClassOrNull(Ljava/lang/String;Z)Ljava/lang/Class; java.base@17.0.1 (143 bytes) @ 0x000001db6a1194dc [0x000001db6a119080+0x000000000000045c]
J 1121 c1 jdk.internal.loader.ClassLoaders$AppClassLoader.loadClass(Ljava/lang/String;Z)Ljava/lang/Class; java.base@17.0.1 (40 bytes) @ 0x000001db6a14ab24 [0x000001db6a14a9e0+0x0000000000000144]
J 1102 c1 java.lang.ClassLoader.loadClass(Ljava/lang/String;)Ljava/lang/Class; java.base@17.0.1 (7 bytes) @ 0x000001db6a142fe4 [0x000001db6a142fa0+0x0000000000000044]
v  ~StubRoutines::call_stub
J 1224  java.lang.ClassLoader.defineClass1(Ljava/lang/ClassLoader;Ljava/lang/String;[BIILjava/security/ProtectionDomain;Ljava/lang/String;)Ljava/lang/Class; java.base@17.0.1 (0 bytes) @ 0x000001db6a170d63 [0x000001db6a170ca0+0x00000000000000c3]
J 1463 c1 java.lang.ClassLoader.defineClass(Ljava/lang/String;[BIILjava/security/ProtectionDomain;)Ljava/lang/Class; java.base@17.0.1 (43 bytes) @ 0x000001db6a1d4f5c [0x000001db6a1d4e60+0x00000000000000fc]
J 1264 c1 jdk.internal.loader.BuiltinClassLoader.defineClass(Ljava/lang/String;Ljdk/internal/loader/Resource;)Ljava/lang/Class; java.base@17.0.1 (121 bytes) @ 0x000001db6a184ae4 [0x000001db6a184620+0x00000000000004c4]
J 1254 c1 jdk.internal.loader.BuiltinClassLoader.findClassOnClassPathOrNull(Ljava/lang/String;)Ljava/lang/Class; java.base@17.0.1 (64 bytes) @ 0x000001db6a17f534 [0x000001db6a17f280+0x00000000000002b4]
J 1009 c1 jdk.internal.loader.BuiltinClassLoader.loadClassOrNull(Ljava/lang/String;Z)Ljava/lang/Class; java.base@17.0.1 (143 bytes) @ 0x000001db6a1194dc [0x000001db6a119080+0x000000000000045c]
J 1121 c1 jdk.internal.loader.ClassLoaders$AppClassLoader.loadClass(Ljava/lang/String;Z)Ljava/lang/Class; java.base@17.0.1 (40 bytes) @ 0x000001db6a14ab24 [0x000001db6a14a9e0+0x0000000000000144]
J 1102 c1 java.lang.ClassLoader.loadClass(Ljava/lang/String;)Ljava/lang/Class; java.base@17.0.1 (7 bytes) @ 0x000001db6a142fe4 [0x000001db6a142fa0+0x0000000000000044]
v  ~StubRoutines::call_stub
J 942  java.lang.Class.forName0(Ljava/lang/String;ZLjava/lang/ClassLoader;Ljava/lang/Class;)Ljava/lang/Class; java.base@17.0.1 (0 bytes) @ 0x000001db6a0f8faf [0x000001db6a0f8f20+0x000000000000008f]
J 944 c1 java.lang.Class.forName(Ljava/lang/String;ZLjava/lang/ClassLoader;)Ljava/lang/Class; java.base@17.0.1 (47 bytes) @ 0x000001db6a0fa1b4 [0x000001db6a0fa0c0+0x00000000000000f4]
J 1501 c1 sun.reflect.generics.visitor.Reifier.visitClassTypeSignature(Lsun/reflect/generics/tree/ClassTypeSignature;)V java.base@17.0.1 (381 bytes) @ 0x000001db6a1e44cc [0x000001db6a1e40e0+0x00000000000003ec]
J 1500 c1 sun.reflect.generics.tree.ClassTypeSignature.accept(Lsun/reflect/generics/visitor/TypeTreeVisitor;)V java.base@17.0.1 (8 bytes) @ 0x000001db6a1e1b14 [0x000001db6a1e1aa0+0x0000000000000074]
J 2237 c1 sun.reflect.annotation.AnnotationParser.parseSig(Ljava/lang/String;Ljava/lang/Class;)Ljava/lang/Class; java.base@17.0.1 (62 bytes) @ 0x000001db6a30ad24 [0x000001db6a30aaa0+0x0000000000000284]
j  sun.reflect.annotation.AnnotationParser.parseClassValue(Ljava/nio/ByteBuffer;Ljdk/internal/reflect/ConstantPool;Ljava/lang/Class;)Ljava/lang/Object;+18 java.base@17.0.1
j  sun.reflect.annotation.AnnotationParser.lambda$parseClassArray$0(Ljava/nio/ByteBuffer;Ljdk/internal/reflect/ConstantPool;Ljava/lang/Class;)Ljava/lang/Object;+3 java.base@17.0.1
j  sun.reflect.annotation.AnnotationParser$$Lambda$322+0x0000000800d65c28.get()Ljava/lang/Object;+12 java.base@17.0.1
J 2668 c1 sun.reflect.annotation.AnnotationParser.parseArrayElements([Ljava/lang/Object;Ljava/nio/ByteBuffer;ILjava/util/function/Supplier;)Ljava/lang/Object; java.base@17.0.1 (101 bytes) @ 0x000001db6a456e5c [0x000001db6a456de0+0x000000000000007c]
J 2364 c1 sun.reflect.annotation.AnnotationParser.parseArray(Ljava/lang/Class;Ljava/nio/ByteBuffer;Ljdk/internal/reflect/ConstantPool;Ljava/lang/Class;)Ljava/lang/Object; java.base@17.0.1 (220 bytes) @ 0x000001db6a3cfd44 [0x000001db6a3cf700+0x0000000000000644]
J 2352 c1 sun.reflect.annotation.AnnotationParser.parseMemberValue(Ljava/lang/Class;Ljava/nio/ByteBuffer;Ljdk/internal/reflect/ConstantPool;Ljava/lang/Class;)Ljava/lang/Object; java.base@17.0.1 (230 bytes) @ 0x000001db6a3c88c4 [0x000001db6a3c7f00+0x00000000000009c4]
J 2531 c1 sun.reflect.annotation.AnnotationParser.parseAnnotation2(Ljava/nio/ByteBuffer;Ljdk/internal/reflect/ConstantPool;Ljava/lang/Class;Z[Ljava/lang/Class;)Ljava/lang/annotation/Annotation; java.base@17.0.1 (271 bytes) @ 0x000001db6a420acc [0x000001db6a420820+0x00000000000002ac]
j  sun.reflect.annotation.AnnotationParser.parseAnnotations2([BLjdk/internal/reflect/ConstantPool;Ljava/lang/Class;[Ljava/lang/Class;)Ljava/util/Map;+41 java.base@17.0.1
J 2028 c1 sun.reflect.annotation.AnnotationParser.parseAnnotations([BLjdk/internal/reflect/ConstantPool;Ljava/lang/Class;)Ljava/util/Map; java.base@17.0.1 (37 bytes) @ 0x000001db6a2b1624 [0x000001db6a2b15e0+0x0000000000000044]
J 2116 c1 java.lang.Class.createAnnotationData(I)Ljava/lang/Class$AnnotationData; java.base@17.0.1 (195 bytes) @ 0x000001db6a2d0154 [0x000001db6a2d00e0+0x0000000000000074]
J 2068 c1 java.lang.Class.annotationData()Ljava/lang/Class$AnnotationData; java.base@17.0.1 (44 bytes) @ 0x000001db6a2bd42c [0x000001db6a2bd3c0+0x000000000000006c]
j  java.lang.Class.getDeclaredAnnotations()[Ljava/lang/annotation/Annotation;+1 java.base@17.0.1
J 2079 c1 org.springframework.core.annotation.AnnotationsScanner.getDeclaredAnnotations(Ljava/lang/reflect/AnnotatedElement;Z)[Ljava/lang/annotation/Annotation; (166 bytes) @ 0x000001db6a2c2b94 [0x000001db6a2c2ae0+0x00000000000000b4]
j  org.springframework.core.annotation.AnnotationTypeMappings.addMetaAnnotationsToQueue(Ljava/util/Deque;Lorg/springframework/core/annotation/AnnotationTypeMapping;)V+5
j  org.springframework.core.annotation.AnnotationTypeMappings.addAllMappings(Ljava/lang/Class;)V+49
j  org.springframework.core.annotation.AnnotationTypeMappings.<init>(Lorg/springframework/core/annotation/RepeatableContainers;Lorg/springframework/core/annotation/AnnotationFilter;Ljava/lang/Class;)V+27
j  org.springframework.core.annotation.AnnotationTypeMappings$Cache.createMappings(Ljava/lang/Class;)Lorg/springframework/core/annotation/AnnotationTypeMappings;+13
j  org.springframework.core.annotation.AnnotationTypeMappings$Cache$$Lambda$169+0x0000000800d08648.apply(Ljava/lang/Object;)Ljava/lang/Object;+8
J 2264 c1 java.util.concurrent.ConcurrentMap.computeIfAbsent(Ljava/lang/Object;Ljava/util/function/Function;)Ljava/lang/Object; java.base@17.0.1 (51 bytes) @ 0x000001db6a31546c [0x000001db6a3153e0+0x000000000000008c]
J 2376 c1 org.springframework.core.annotation.AnnotationTypeMappings.forAnnotationType(Ljava/lang/Class;Lorg/springframework/core/annotation/RepeatableContainers;Lorg/springframework/core/annotation/AnnotationFilter;)Lorg/springframework/core/annotation/AnnotationTypeMappings; (71 bytes) @ 0x000001db6a3d50e4 [0x000001db6a3d4d60+0x0000000000000384]
J 2465 c1 org.springframework.core.annotation.TypeMappedAnnotation.of(Ljava/lang/ClassLoader;Ljava/lang/Object;Ljava/lang/Class;Ljava/util/Map;)Lorg/springframework/core/annotation/MergedAnnotation; (36 bytes) @ 0x000001db6a3fcab4 [0x000001db6a3fca60+0x0000000000000054]
J 2463 c1 org.springframework.core.type.classreading.MergedAnnotationReadingVisitor.visitEnd()V (51 bytes) @ 0x000001db6a3fbfd4 [0x000001db6a3fbf40+0x0000000000000094]
J 2373 c1 org.springframework.asm.ClassReader.readElementValues(Lorg/springframework/asm/AnnotationVisitor;IZ[C)I (88 bytes) @ 0x000001db6a3d3bec [0x000001db6a3d39e0+0x000000000000020c]
J 2492 c1 org.springframework.asm.ClassReader.accept(Lorg/springframework/asm/ClassVisitor;[Lorg/springframework/asm/Attribute;I)V (1401 bytes) @ 0x000001db6a414fec [0x000001db6a412820+0x00000000000027cc]
J 2768 c1 org.springframework.core.type.classreading.SimpleMetadataReader.<init>(Lorg/springframework/core/io/Resource;Ljava/lang/ClassLoader;)V (37 bytes) @ 0x000001db6a47a4d4 [0x000001db6a47a360+0x0000000000000174]
J 2753 c1 org.springframework.boot.type.classreading.ConcurrentReferenceCachingMetadataReaderFactory.getMetadataReader(Lorg/springframework/core/io/Resource;)Lorg/springframework/core/type/classreading/MetadataReader; (38 bytes) @ 0x000001db6a47271c [0x000001db6a4725e0+0x000000000000013c]
J 2752 c1 org.springframework.core.type.classreading.SimpleMetadataReaderFactory.getMetadataReader(Ljava/lang/String;)Lorg/springframework/core/type/classreading/MetadataReader; (104 bytes) @ 0x000001db6a472ecc [0x000001db6a472c80+0x000000000000024c]
J 2757 c1 org.springframework.context.annotation.ConfigurationClassParser.asSourceClass(Ljava/lang/String;Ljava/util/function/Predicate;)Lorg/springframework/context/annotation/ConfigurationClassParser$SourceClass; (86 bytes) @ 0x000001db6a474bb4 [0x000001db6a4749c0+0x00000000000001f4]
j  org.springframework.context.annotation.ConfigurationClassParser$SourceClass.getMemberClasses()Ljava/util/Collection;+169
j  org.springframework.context.annotation.ConfigurationClassParser.processMemberClasses(Lorg/springframework/context/annotation/ConfigurationClass;Lorg/springframework/context/annotation/ConfigurationClassParser$SourceClass;Ljava/util/function/Predicate;)V+1
j  org.springframework.context.annotation.ConfigurationClassParser.doProcessConfigurationClass(Lorg/springframework/context/annotation/ConfigurationClass;Lorg/springframework/context/annotation/ConfigurationClassParser$SourceClass;Ljava/util/function/Predicate;)Lorg/springframework/context/annotation/ConfigurationClassParser$SourceClass;+22
j  org.springframework.context.annotation.ConfigurationClassParser.processConfigurationClass(Lorg/springframework/context/annotation/ConfigurationClass;Ljava/util/function/Predicate;)V+106
j  org.springframework.context.annotation.ConfigurationClassParser.processImports(Lorg/springframework/context/annotation/ConfigurationClass;Lorg/springframework/context/annotation/ConfigurationClassParser$SourceClass;Ljava/util/Collection;Ljava/util/function/Predicate;Z)V+304
j  org.springframework.context.annotation.ConfigurationClassParser$DeferredImportSelectorGroupingHandler.lambda$processGroupImports$1(Ljava/util/function/Predicate;Lorg/springframework/context/annotation/DeferredImportSelector$Group$Entry;)V+48
j  org.springframework.context.annotation.ConfigurationClassParser$DeferredImportSelectorGroupingHandler$$Lambda$441+0x0000000800e9dd98.accept(Ljava/lang/Object;)V+12
j  java.lang.Iterable.forEach(Ljava/util/function/Consumer;)V+30 java.base@17.0.1
j  org.springframework.context.annotation.ConfigurationClassParser$DeferredImportSelectorGroupingHandler.processGroupImports()V+50
j  org.springframework.context.annotation.ConfigurationClassParser$DeferredImportSelectorHandler.process()V+53
j  org.springframework.context.annotation.ConfigurationClassParser.parse(Ljava/util/Set;)V+158
j  org.springframework.context.annotation.ConfigurationClassPostProcessor.processConfigBeanDefinitions(Lorg/springframework/beans/factory/support/BeanDefinitionRegistry;)V+301
j  org.springframework.context.annotation.ConfigurationClassPostProcessor.postProcessBeanDefinitionRegistry(Lorg/springframework/beans/factory/support/BeanDefinitionRegistry;)V+81
j  org.springframework.context.support.PostProcessorRegistrationDelegate.invokeBeanDefinitionRegistryPostProcessors(Ljava/util/Collection;Lorg/springframework/beans/factory/support/BeanDefinitionRegistry;Lorg/springframework/core/metrics/ApplicationStartup;)V+59
j  org.springframework.context.support.PostProcessorRegistrationDelegate.invokeBeanFactoryPostProcessors(Lorg/springframework/beans/factory/config/ConfigurableListableBeanFactory;Ljava/util/List;)V+238
j  org.springframework.context.support.AbstractApplicationContext.invokeBeanFactoryPostProcessors(Lorg/springframework/beans/factory/config/ConfigurableListableBeanFactory;)V+5
j  org.springframework.context.support.AbstractApplicationContext.refresh()V+53
j  org.springframework.boot.web.servlet.context.ServletWebServerApplicationContext.refresh()V+1
j  org.springframework.boot.SpringApplication.refresh(Lorg/springframework/context/ConfigurableApplicationContext;)V+1
j  org.springframework.boot.SpringApplication.refreshContext(Lorg/springframework/context/ConfigurableApplicationContext;)V+16
j  org.springframework.boot.SpringApplication.run([Ljava/lang/String;)Lorg/springframework/context/ConfigurableApplicationContext;+101
j  org.springframework.boot.SpringApplication.run([Ljava/lang/Class;[Ljava/lang/String;)Lorg/springframework/context/ConfigurableApplicationContext;+9
j  org.springframework.boot.SpringApplication.run(Ljava/lang/Class;[Ljava/lang/String;)Lorg/springframework/context/ConfigurableApplicationContext;+9
j  com.fpoly.ooc.ApiServiceMsApplication.main([Ljava/lang/String;)V+3
v  ~StubRoutines::call_stub
j  jdk.internal.reflect.NativeMethodAccessorImpl.invoke0(Ljava/lang/reflect/Method;Ljava/lang/Object;[Ljava/lang/Object;)Ljava/lang/Object;+0 java.base@17.0.1
j  jdk.internal.reflect.NativeMethodAccessorImpl.invoke(Ljava/lang/Object;[Ljava/lang/Object;)Ljava/lang/Object;+133 java.base@17.0.1
j  jdk.internal.reflect.DelegatingMethodAccessorImpl.invoke(Ljava/lang/Object;[Ljava/lang/Object;)Ljava/lang/Object;+6 java.base@17.0.1
j  java.lang.reflect.Method.invoke(Ljava/lang/Object;[Ljava/lang/Object;)Ljava/lang/Object;+59 java.base@17.0.1
j  org.springframework.boot.devtools.restart.RestartLauncher.run()V+47
v  ~StubRoutines::call_stub

---------------  P R O C E S S  ---------------

Threads class SMR info:
_java_thread_list=0x000001db770b1a40, length=23, elements={
0x000001db625906b0, 0x000001db74477380, 0x000001db74478990, 0x000001db74489bd0,
0x000001db7448c860, 0x000001db7448e9c0, 0x000001db7448fb10, 0x000001db7449aa70,
0x000001db7449fa80, 0x000001db7451e640, 0x000001db74464420, 0x000001db74464930,
0x000001db753f5600, 0x000001db753f5ad0, 0x000001db75658fe0, 0x000001db758572a0,
0x000001db7591dfb0, 0x000001db759976d0, 0x000001db759f9c10, 0x000001db75a07350,
0x000001db75a5f800, 0x000001db76c8c460, 0x000001db75a5d180
}

Java Threads: ( => current thread )
  0x000001db625906b0 JavaThread "main" [_thread_blocked, id=24468, stack(0x00000018f6300000,0x00000018f6400000)]
  0x000001db74477380 JavaThread "Reference Handler" daemon [_thread_blocked, id=21664, stack(0x00000018f6a00000,0x00000018f6b00000)]
  0x000001db74478990 JavaThread "Finalizer" daemon [_thread_blocked, id=30932, stack(0x00000018f6b00000,0x00000018f6c00000)]
  0x000001db74489bd0 JavaThread "Signal Dispatcher" daemon [_thread_blocked, id=31260, stack(0x00000018f6c00000,0x00000018f6d00000)]
  0x000001db7448c860 JavaThread "Attach Listener" daemon [_thread_blocked, id=29208, stack(0x00000018f6d00000,0x00000018f6e00000)]
  0x000001db7448e9c0 JavaThread "Service Thread" daemon [_thread_blocked, id=21580, stack(0x00000018f6e00000,0x00000018f6f00000)]
  0x000001db7448fb10 JavaThread "Monitor Deflation Thread" daemon [_thread_blocked, id=31636, stack(0x00000018f6f00000,0x00000018f7000000)]
  0x000001db7449aa70 JavaThread "C1 CompilerThread0" daemon [_thread_blocked, id=26192, stack(0x00000018f7000000,0x00000018f7100000)]
  0x000001db7449fa80 JavaThread "Sweeper thread" daemon [_thread_blocked, id=15088, stack(0x00000018f7100000,0x00000018f7200000)]
  0x000001db7451e640 JavaThread "Common-Cleaner" daemon [_thread_blocked, id=6516, stack(0x00000018f7200000,0x00000018f7300000)]
  0x000001db74464420 JavaThread "C1 CompilerThread1" daemon [_thread_blocked, id=12472, stack(0x00000018f7300000,0x00000018f7400000)]
  0x000001db74464930 JavaThread "C1 CompilerThread2" daemon [_thread_blocked, id=10424, stack(0x00000018f7400000,0x00000018f7500000)]
  0x000001db753f5600 JavaThread "Monitor Ctrl-Break" daemon [_thread_in_native, id=29132, stack(0x00000018f7500000,0x00000018f7600000)]
  0x000001db753f5ad0 JavaThread "Notification Thread" daemon [_thread_blocked, id=30156, stack(0x00000018f7600000,0x00000018f7700000)]
  0x000001db75658fe0 JavaThread "RMI TCP Accept-0" daemon [_thread_in_native, id=948, stack(0x00000018f7700000,0x00000018f7800000)]
  0x000001db758572a0 JavaThread "RMI TCP Connection(2)-192.168.56.1" daemon [_thread_in_native, id=20144, stack(0x00000018f7900000,0x00000018f7a00000)]
  0x000001db7591dfb0 JavaThread "RMI Scheduler(0)" daemon [_thread_blocked, id=24132, stack(0x00000018f7a00000,0x00000018f7b00000)]
  0x000001db759976d0 JavaThread "Thread-0" [_thread_blocked, id=6852, stack(0x00000018f7b00000,0x00000018f7c00000)]
=>0x000001db759f9c10 JavaThread "restartedMain" [_thread_in_vm, id=7504, stack(0x00000018f8400000,0x00000018f8500000)]
  0x000001db75a07350 JavaThread "RMI TCP Connection(4)-192.168.56.1" daemon [_thread_in_native, id=20268, stack(0x00000018f8500000,0x00000018f8600000)]
  0x000001db75a5f800 JavaThread "RMI TCP Connection(6)-192.168.56.1" daemon [_thread_in_native, id=6732, stack(0x00000018f8700000,0x00000018f8800000)]
  0x000001db76c8c460 JavaThread "C1 CompilerThread3" daemon [_thread_blocked, id=12840, stack(0x00000018f8800000,0x00000018f8900000)]
  0x000001db75a5d180 JavaThread "RMI TCP Connection(8)-192.168.56.1" daemon [_thread_in_native, id=5440, stack(0x00000018f8600000,0x00000018f8700000)]

Other Threads:
  0x000001db74471fe0 VMThread "VM Thread" [stack: 0x00000018f6900000,0x00000018f6a00000] [id=21856]
  0x000001db62591660 WatcherThread [stack: 0x00000018f7800000,0x00000018f7900000] [id=23676]
  0x000001db625cf360 GCTaskThread "GC Thread#0" [stack: 0x00000018f6400000,0x00000018f6500000] [id=8640]
  0x000001db7596d810 GCTaskThread "GC Thread#1" [stack: 0x00000018f7c00000,0x00000018f7d00000] [id=5608]
  0x000001db75970c50 GCTaskThread "GC Thread#2" [stack: 0x00000018f7d00000,0x00000018f7e00000] [id=12984]
  0x000001db7599d6d0 GCTaskThread "GC Thread#3" [stack: 0x00000018f7e00000,0x00000018f7f00000] [id=19664]
  0x000001db7599d980 GCTaskThread "GC Thread#4" [stack: 0x00000018f7f00000,0x00000018f8000000] [id=6164]
  0x000001db7599dc30 GCTaskThread "GC Thread#5" [stack: 0x00000018f8000000,0x00000018f8100000] [id=12532]
  0x000001db7599dee0 GCTaskThread "GC Thread#6" [stack: 0x00000018f8100000,0x00000018f8200000] [id=14012]
  0x000001db7599e190 GCTaskThread "GC Thread#7" [stack: 0x00000018f8200000,0x00000018f8300000] [id=21536]
  0x000001db625e0ff0 ConcurrentGCThread "G1 Main Marker" [stack: 0x00000018f6500000,0x00000018f6600000] [id=29308]
  0x000001db625e21a0 ConcurrentGCThread "G1 Conc#0" [stack: 0x00000018f6600000,0x00000018f6700000] [id=2864]
  0x000001db74330090 ConcurrentGCThread "G1 Refine#0" [stack: 0x00000018f6700000,0x00000018f6800000] [id=5940]
  0x000001db7599ec60 ConcurrentGCThread "G1 Refine#1" [stack: 0x00000018f8300000,0x00000018f8400000] [id=2824]
  0x000001db74330ab0 ConcurrentGCThread "G1 Service" [stack: 0x00000018f6800000,0x00000018f6900000] [id=22032]

Threads with active compile tasks:

VM state: not at safepoint (normal execution)

VM Mutex/Monitor currently owned by a thread:  ([mutex/lock_event])
[0x000001db6258bbe0] Metaspace_lock - owner thread: 0x000001db759f9c10

Heap address: 0x0000000081600000, size: 2026 MB, Compressed Oops mode: 32-bit

CDS archive(s) mapped at: [0x0000000800000000-0x0000000800bc0000-0x0000000800bc0000), size 12320768, SharedBaseAddress: 0x0000000800000000, ArchiveRelocationMode: 0.
Compressed class space mapped at: 0x0000000800c00000-0x0000000840c00000, reserved size: 1073741824
Narrow klass base: 0x0000000800000000, Narrow klass shift: 0, Narrow klass range: 0x100000000

GC Precious Log:
 CPUs: 8 total, 8 available
 Memory: 8097M
 Large Page Support: Disabled
 NUMA Support: Disabled
 Compressed Oops: Enabled (32-bit)
 Heap Region Size: 1M
 Heap Min Capacity: 8M
 Heap Initial Capacity: 128M
 Heap Max Capacity: 2026M
 Pre-touch: Disabled
 Parallel Workers: 8
 Concurrent Workers: 2
 Concurrent Refinement Workers: 8
 Periodic GC: Disabled

Heap:
 garbage-first heap   total 131072K, used 74789K [0x0000000081600000, 0x0000000100000000)
  region size 1024K, 67 young (68608K), 7 survivors (7168K)
 Metaspace       used 19501K, committed 19776K, reserved 1073152K
  class space    used 2665K, committed 2816K, reserved 1048576K

Heap Regions: E=young(eden), S=young(survivor), O=old, HS=humongous(starts), HC=humongous(continues), CS=collection set, F=free, OA=open archive, CA=closed archive, TAMS=top-at-mark-start (previous, next)
|   0|0x0000000081600000, 0x0000000081700000, 0x0000000081700000|100%|HS|  |TAMS 0x0000000081600000, 0x0000000081600000| Complete 
|   1|0x0000000081700000, 0x0000000081800000, 0x0000000081800000|100%| O|  |TAMS 0x0000000081700000, 0x0000000081700000| Untracked 
|   2|0x0000000081800000, 0x0000000081900000, 0x0000000081900000|100%| O|  |TAMS 0x0000000081800000, 0x0000000081800000| Untracked 
|   3|0x0000000081900000, 0x0000000081a00000, 0x0000000081a00000|100%| O|  |TAMS 0x0000000081900000, 0x0000000081900000| Untracked 
|   4|0x0000000081a00000, 0x0000000081b00000, 0x0000000081b00000|100%| O|  |TAMS 0x0000000081a00000, 0x0000000081a00000| Untracked 
|   5|0x0000000081b00000, 0x0000000081c00000, 0x0000000081c00000|100%| O|  |TAMS 0x0000000081b00000, 0x0000000081b00000| Untracked 
|   6|0x0000000081c00000, 0x0000000081d00000, 0x0000000081d00000|100%| O|  |TAMS 0x0000000081c00000, 0x0000000081c00000| Untracked 
|   7|0x0000000081d00000, 0x0000000081e00000, 0x0000000081e00000|100%| O|  |TAMS 0x0000000081d00000, 0x0000000081d00000| Untracked 
|   8|0x0000000081e00000, 0x0000000081e77c00, 0x0000000081f00000| 46%| O|  |TAMS 0x0000000081e00000, 0x0000000081e00000| Untracked 
|   9|0x0000000081f00000, 0x0000000081f00000, 0x0000000082000000|  0%| F|  |TAMS 0x0000000081f00000, 0x0000000081f00000| Untracked 
|  10|0x0000000082000000, 0x0000000082000000, 0x0000000082100000|  0%| F|  |TAMS 0x0000000082000000, 0x0000000082000000| Untracked 
|  11|0x0000000082100000, 0x0000000082100000, 0x0000000082200000|  0%| F|  |TAMS 0x0000000082100000, 0x0000000082100000| Untracked 
|  12|0x0000000082200000, 0x0000000082200000, 0x0000000082300000|  0%| F|  |TAMS 0x0000000082200000, 0x0000000082200000| Untracked 
|  13|0x0000000082300000, 0x0000000082300000, 0x0000000082400000|  0%| F|  |TAMS 0x0000000082300000, 0x0000000082300000| Untracked 
|  14|0x0000000082400000, 0x0000000082400000, 0x0000000082500000|  0%| F|  |TAMS 0x0000000082400000, 0x0000000082400000| Untracked 
|  15|0x0000000082500000, 0x0000000082500000, 0x0000000082600000|  0%| F|  |TAMS 0x0000000082500000, 0x0000000082500000| Untracked 
|  16|0x0000000082600000, 0x0000000082600000, 0x0000000082700000|  0%| F|  |TAMS 0x0000000082600000, 0x0000000082600000| Untracked 
|  17|0x0000000082700000, 0x0000000082700000, 0x0000000082800000|  0%| F|  |TAMS 0x0000000082700000, 0x0000000082700000| Untracked 
|  18|0x0000000082800000, 0x0000000082800000, 0x0000000082900000|  0%| F|  |TAMS 0x0000000082800000, 0x0000000082800000| Untracked 
|  19|0x0000000082900000, 0x0000000082900000, 0x0000000082a00000|  0%| F|  |TAMS 0x0000000082900000, 0x0000000082900000| Untracked 
|  20|0x0000000082a00000, 0x0000000082a00000, 0x0000000082b00000|  0%| F|  |TAMS 0x0000000082a00000, 0x0000000082a00000| Untracked 
|  21|0x0000000082b00000, 0x0000000082b00000, 0x0000000082c00000|  0%| F|  |TAMS 0x0000000082b00000, 0x0000000082b00000| Untracked 
|  22|0x0000000082c00000, 0x0000000082c00000, 0x0000000082d00000|  0%| F|  |TAMS 0x0000000082c00000, 0x0000000082c00000| Untracked 
|  23|0x0000000082d00000, 0x0000000082d00000, 0x0000000082e00000|  0%| F|  |TAMS 0x0000000082d00000, 0x0000000082d00000| Untracked 
|  24|0x0000000082e00000, 0x0000000082e00000, 0x0000000082f00000|  0%| F|  |TAMS 0x0000000082e00000, 0x0000000082e00000| Untracked 
|  25|0x0000000082f00000, 0x0000000082f00000, 0x0000000083000000|  0%| F|  |TAMS 0x0000000082f00000, 0x0000000082f00000| Untracked 
|  26|0x0000000083000000, 0x0000000083000000, 0x0000000083100000|  0%| F|  |TAMS 0x0000000083000000, 0x0000000083000000| Untracked 
|  27|0x0000000083100000, 0x0000000083100000, 0x0000000083200000|  0%| F|  |TAMS 0x0000000083100000, 0x0000000083100000| Untracked 
|  28|0x0000000083200000, 0x0000000083200000, 0x0000000083300000|  0%| F|  |TAMS 0x0000000083200000, 0x0000000083200000| Untracked 
|  29|0x0000000083300000, 0x0000000083300000, 0x0000000083400000|  0%| F|  |TAMS 0x0000000083300000, 0x0000000083300000| Untracked 
|  30|0x0000000083400000, 0x0000000083400000, 0x0000000083500000|  0%| F|  |TAMS 0x0000000083400000, 0x0000000083400000| Untracked 
|  31|0x0000000083500000, 0x0000000083500000, 0x0000000083600000|  0%| F|  |TAMS 0x0000000083500000, 0x0000000083500000| Untracked 
|  32|0x0000000083600000, 0x0000000083600000, 0x0000000083700000|  0%| F|  |TAMS 0x0000000083600000, 0x0000000083600000| Untracked 
|  33|0x0000000083700000, 0x0000000083700000, 0x0000000083800000|  0%| F|  |TAMS 0x0000000083700000, 0x0000000083700000| Untracked 
|  34|0x0000000083800000, 0x0000000083800000, 0x0000000083900000|  0%| F|  |TAMS 0x0000000083800000, 0x0000000083800000| Untracked 
|  35|0x0000000083900000, 0x0000000083900000, 0x0000000083a00000|  0%| F|  |TAMS 0x0000000083900000, 0x0000000083900000| Untracked 
|  36|0x0000000083a00000, 0x0000000083a00000, 0x0000000083b00000|  0%| F|  |TAMS 0x0000000083a00000, 0x0000000083a00000| Untracked 
|  37|0x0000000083b00000, 0x0000000083b00000, 0x0000000083c00000|  0%| F|  |TAMS 0x0000000083b00000, 0x0000000083b00000| Untracked 
|  38|0x0000000083c00000, 0x0000000083c00000, 0x0000000083d00000|  0%| F|  |TAMS 0x0000000083c00000, 0x0000000083c00000| Untracked 
|  39|0x0000000083d00000, 0x0000000083d00000, 0x0000000083e00000|  0%| F|  |TAMS 0x0000000083d00000, 0x0000000083d00000| Untracked 
|  40|0x0000000083e00000, 0x0000000083e00000, 0x0000000083f00000|  0%| F|  |TAMS 0x0000000083e00000, 0x0000000083e00000| Untracked 
|  41|0x0000000083f00000, 0x0000000083f00000, 0x0000000084000000|  0%| F|  |TAMS 0x0000000083f00000, 0x0000000083f00000| Untracked 
|  42|0x0000000084000000, 0x0000000084000000, 0x0000000084100000|  0%| F|  |TAMS 0x0000000084000000, 0x0000000084000000| Untracked 
|  43|0x0000000084100000, 0x0000000084100000, 0x0000000084200000|  0%| F|  |TAMS 0x0000000084100000, 0x0000000084100000| Untracked 
|  44|0x0000000084200000, 0x0000000084200000, 0x0000000084300000|  0%| F|  |TAMS 0x0000000084200000, 0x0000000084200000| Untracked 
|  45|0x0000000084300000, 0x0000000084391860, 0x0000000084400000| 56%| S|CS|TAMS 0x0000000084300000, 0x0000000084300000| Complete 
|  46|0x0000000084400000, 0x0000000084500000, 0x0000000084500000|100%| S|CS|TAMS 0x0000000084400000, 0x0000000084400000| Complete 
|  47|0x0000000084500000, 0x0000000084500000, 0x0000000084600000|  0%| F|  |TAMS 0x0000000084500000, 0x0000000084500000| Untracked 
|  48|0x0000000084600000, 0x0000000084600000, 0x0000000084700000|  0%| F|  |TAMS 0x0000000084600000, 0x0000000084600000| Untracked 
|  49|0x0000000084700000, 0x0000000084700000, 0x0000000084800000|  0%| F|  |TAMS 0x0000000084700000, 0x0000000084700000| Untracked 
|  50|0x0000000084800000, 0x0000000084800000, 0x0000000084900000|  0%| F|  |TAMS 0x0000000084800000, 0x0000000084800000| Untracked 
|  51|0x0000000084900000, 0x0000000084900000, 0x0000000084a00000|  0%| F|  |TAMS 0x0000000084900000, 0x0000000084900000| Untracked 
|  52|0x0000000084a00000, 0x0000000084b00000, 0x0000000084b00000|100%| S|CS|TAMS 0x0000000084a00000, 0x0000000084a00000| Complete 
|  53|0x0000000084b00000, 0x0000000084c00000, 0x0000000084c00000|100%| S|CS|TAMS 0x0000000084b00000, 0x0000000084b00000| Complete 
|  54|0x0000000084c00000, 0x0000000084d00000, 0x0000000084d00000|100%| S|CS|TAMS 0x0000000084c00000, 0x0000000084c00000| Complete 
|  55|0x0000000084d00000, 0x0000000084e00000, 0x0000000084e00000|100%| S|CS|TAMS 0x0000000084d00000, 0x0000000084d00000| Complete 
|  56|0x0000000084e00000, 0x0000000084f00000, 0x0000000084f00000|100%| S|CS|TAMS 0x0000000084e00000, 0x0000000084e00000| Complete 
|  57|0x0000000084f00000, 0x0000000084f00000, 0x0000000085000000|  0%| F|  |TAMS 0x0000000084f00000, 0x0000000084f00000| Untracked 
|  58|0x0000000085000000, 0x0000000085000000, 0x0000000085100000|  0%| F|  |TAMS 0x0000000085000000, 0x0000000085000000| Untracked 
|  59|0x0000000085100000, 0x0000000085100000, 0x0000000085200000|  0%| F|  |TAMS 0x0000000085100000, 0x0000000085100000| Untracked 
|  60|0x0000000085200000, 0x0000000085200000, 0x0000000085300000|  0%| F|  |TAMS 0x0000000085200000, 0x0000000085200000| Untracked 
|  61|0x0000000085300000, 0x0000000085300000, 0x0000000085400000|  0%| F|  |TAMS 0x0000000085300000, 0x0000000085300000| Untracked 
|  62|0x0000000085400000, 0x0000000085400000, 0x0000000085500000|  0%| F|  |TAMS 0x0000000085400000, 0x0000000085400000| Untracked 
|  63|0x0000000085500000, 0x0000000085500000, 0x0000000085600000|  0%| F|  |TAMS 0x0000000085500000, 0x0000000085500000| Untracked 
|  64|0x0000000085600000, 0x0000000085600000, 0x0000000085700000|  0%| F|  |TAMS 0x0000000085600000, 0x0000000085600000| Untracked 
|  65|0x0000000085700000, 0x0000000085700000, 0x0000000085800000|  0%| F|  |TAMS 0x0000000085700000, 0x0000000085700000| Untracked 
|  66|0x0000000085800000, 0x0000000085800000, 0x0000000085900000|  0%| F|  |TAMS 0x0000000085800000, 0x0000000085800000| Untracked 
|  67|0x0000000085900000, 0x0000000085900000, 0x0000000085a00000|  0%| F|  |TAMS 0x0000000085900000, 0x0000000085900000| Untracked 
|  68|0x0000000085a00000, 0x0000000085aca6a0, 0x0000000085b00000| 79%| E|  |TAMS 0x0000000085a00000, 0x0000000085a00000| Complete 
|  69|0x0000000085b00000, 0x0000000085c00000, 0x0000000085c00000|100%| E|CS|TAMS 0x0000000085b00000, 0x0000000085b00000| Complete 
|  70|0x0000000085c00000, 0x0000000085d00000, 0x0000000085d00000|100%| E|CS|TAMS 0x0000000085c00000, 0x0000000085c00000| Complete 
|  71|0x0000000085d00000, 0x0000000085e00000, 0x0000000085e00000|100%| E|CS|TAMS 0x0000000085d00000, 0x0000000085d00000| Complete 
|  72|0x0000000085e00000, 0x0000000085f00000, 0x0000000085f00000|100%| E|CS|TAMS 0x0000000085e00000, 0x0000000085e00000| Complete 
|  73|0x0000000085f00000, 0x0000000086000000, 0x0000000086000000|100%| E|CS|TAMS 0x0000000085f00000, 0x0000000085f00000| Complete 
|  74|0x0000000086000000, 0x0000000086100000, 0x0000000086100000|100%| E|CS|TAMS 0x0000000086000000, 0x0000000086000000| Complete 
|  75|0x0000000086100000, 0x0000000086200000, 0x0000000086200000|100%| E|CS|TAMS 0x0000000086100000, 0x0000000086100000| Complete 
|  76|0x0000000086200000, 0x0000000086300000, 0x0000000086300000|100%| E|CS|TAMS 0x0000000086200000, 0x0000000086200000| Complete 
|  77|0x0000000086300000, 0x0000000086400000, 0x0000000086400000|100%| E|CS|TAMS 0x0000000086300000, 0x0000000086300000| Complete 
|  78|0x0000000086400000, 0x0000000086500000, 0x0000000086500000|100%| E|CS|TAMS 0x0000000086400000, 0x0000000086400000| Complete 
|  79|0x0000000086500000, 0x0000000086600000, 0x0000000086600000|100%| E|CS|TAMS 0x0000000086500000, 0x0000000086500000| Complete 
|  80|0x0000000086600000, 0x0000000086700000, 0x0000000086700000|100%| E|  |TAMS 0x0000000086600000, 0x0000000086600000| Complete 
|  81|0x0000000086700000, 0x0000000086800000, 0x0000000086800000|100%| E|CS|TAMS 0x0000000086700000, 0x0000000086700000| Complete 
|  82|0x0000000086800000, 0x0000000086900000, 0x0000000086900000|100%| E|CS|TAMS 0x0000000086800000, 0x0000000086800000| Complete 
|  83|0x0000000086900000, 0x0000000086a00000, 0x0000000086a00000|100%| E|CS|TAMS 0x0000000086900000, 0x0000000086900000| Complete 
|  84|0x0000000086a00000, 0x0000000086b00000, 0x0000000086b00000|100%| E|CS|TAMS 0x0000000086a00000, 0x0000000086a00000| Complete 
|  85|0x0000000086b00000, 0x0000000086c00000, 0x0000000086c00000|100%| E|CS|TAMS 0x0000000086b00000, 0x0000000086b00000| Complete 
|  86|0x0000000086c00000, 0x0000000086d00000, 0x0000000086d00000|100%| E|CS|TAMS 0x0000000086c00000, 0x0000000086c00000| Complete 
|  87|0x0000000086d00000, 0x0000000086e00000, 0x0000000086e00000|100%| E|CS|TAMS 0x0000000086d00000, 0x0000000086d00000| Complete 
|  88|0x0000000086e00000, 0x0000000086f00000, 0x0000000086f00000|100%| E|CS|TAMS 0x0000000086e00000, 0x0000000086e00000| Complete 
|  89|0x0000000086f00000, 0x0000000087000000, 0x0000000087000000|100%| E|CS|TAMS 0x0000000086f00000, 0x0000000086f00000| Complete 
|  90|0x0000000087000000, 0x0000000087100000, 0x0000000087100000|100%| E|CS|TAMS 0x0000000087000000, 0x0000000087000000| Complete 
|  91|0x0000000087100000, 0x0000000087200000, 0x0000000087200000|100%| E|CS|TAMS 0x0000000087100000, 0x0000000087100000| Complete 
|  92|0x0000000087200000, 0x0000000087300000, 0x0000000087300000|100%| E|CS|TAMS 0x0000000087200000, 0x0000000087200000| Complete 
|  93|0x0000000087300000, 0x0000000087400000, 0x0000000087400000|100%| E|CS|TAMS 0x0000000087300000, 0x0000000087300000| Complete 
|  94|0x0000000087400000, 0x0000000087500000, 0x0000000087500000|100%| E|CS|TAMS 0x0000000087400000, 0x0000000087400000| Complete 
|  95|0x0000000087500000, 0x0000000087600000, 0x0000000087600000|100%| E|CS|TAMS 0x0000000087500000, 0x0000000087500000| Complete 
|  96|0x0000000087600000, 0x0000000087700000, 0x0000000087700000|100%| E|CS|TAMS 0x0000000087600000, 0x0000000087600000| Complete 
|  97|0x0000000087700000, 0x0000000087800000, 0x0000000087800000|100%| E|CS|TAMS 0x0000000087700000, 0x0000000087700000| Complete 
|  98|0x0000000087800000, 0x0000000087900000, 0x0000000087900000|100%| E|CS|TAMS 0x0000000087800000, 0x0000000087800000| Complete 
|  99|0x0000000087900000, 0x0000000087a00000, 0x0000000087a00000|100%| E|CS|TAMS 0x0000000087900000, 0x0000000087900000| Complete 
| 100|0x0000000087a00000, 0x0000000087b00000, 0x0000000087b00000|100%| E|CS|TAMS 0x0000000087a00000, 0x0000000087a00000| Complete 
| 101|0x0000000087b00000, 0x0000000087c00000, 0x0000000087c00000|100%| E|CS|TAMS 0x0000000087b00000, 0x0000000087b00000| Complete 
| 102|0x0000000087c00000, 0x0000000087d00000, 0x0000000087d00000|100%| E|CS|TAMS 0x0000000087c00000, 0x0000000087c00000| Complete 
| 103|0x0000000087d00000, 0x0000000087e00000, 0x0000000087e00000|100%| E|CS|TAMS 0x0000000087d00000, 0x0000000087d00000| Complete 
| 104|0x0000000087e00000, 0x0000000087f00000, 0x0000000087f00000|100%| E|CS|TAMS 0x0000000087e00000, 0x0000000087e00000| Complete 
| 105|0x0000000087f00000, 0x0000000088000000, 0x0000000088000000|100%| E|CS|TAMS 0x0000000087f00000, 0x0000000087f00000| Complete 
| 106|0x0000000088000000, 0x0000000088100000, 0x0000000088100000|100%| E|CS|TAMS 0x0000000088000000, 0x0000000088000000| Complete 
| 107|0x0000000088100000, 0x0000000088200000, 0x0000000088200000|100%| E|CS|TAMS 0x0000000088100000, 0x0000000088100000| Complete 
| 108|0x0000000088200000, 0x0000000088300000, 0x0000000088300000|100%| E|CS|TAMS 0x0000000088200000, 0x0000000088200000| Complete 
| 109|0x0000000088300000, 0x0000000088400000, 0x0000000088400000|100%| E|CS|TAMS 0x0000000088300000, 0x0000000088300000| Complete 
| 110|0x0000000088400000, 0x0000000088500000, 0x0000000088500000|100%| E|CS|TAMS 0x0000000088400000, 0x0000000088400000| Complete 
| 111|0x0000000088500000, 0x0000000088600000, 0x0000000088600000|100%| E|CS|TAMS 0x0000000088500000, 0x0000000088500000| Complete 
| 112|0x0000000088600000, 0x0000000088700000, 0x0000000088700000|100%| E|CS|TAMS 0x0000000088600000, 0x0000000088600000| Complete 
| 113|0x0000000088700000, 0x0000000088800000, 0x0000000088800000|100%| E|CS|TAMS 0x0000000088700000, 0x0000000088700000| Complete 
| 114|0x0000000088800000, 0x0000000088900000, 0x0000000088900000|100%| E|CS|TAMS 0x0000000088800000, 0x0000000088800000| Complete 
| 115|0x0000000088900000, 0x0000000088a00000, 0x0000000088a00000|100%| E|CS|TAMS 0x0000000088900000, 0x0000000088900000| Complete 
| 116|0x0000000088a00000, 0x0000000088b00000, 0x0000000088b00000|100%| E|CS|TAMS 0x0000000088a00000, 0x0000000088a00000| Complete 
| 117|0x0000000088b00000, 0x0000000088c00000, 0x0000000088c00000|100%| E|CS|TAMS 0x0000000088b00000, 0x0000000088b00000| Complete 
| 118|0x0000000088c00000, 0x0000000088d00000, 0x0000000088d00000|100%| E|CS|TAMS 0x0000000088c00000, 0x0000000088c00000| Complete 
| 119|0x0000000088d00000, 0x0000000088e00000, 0x0000000088e00000|100%| E|CS|TAMS 0x0000000088d00000, 0x0000000088d00000| Complete 
| 120|0x0000000088e00000, 0x0000000088f00000, 0x0000000088f00000|100%| E|CS|TAMS 0x0000000088e00000, 0x0000000088e00000| Complete 
| 121|0x0000000088f00000, 0x0000000089000000, 0x0000000089000000|100%| E|CS|TAMS 0x0000000088f00000, 0x0000000088f00000| Complete 
| 122|0x0000000089000000, 0x0000000089100000, 0x0000000089100000|100%| E|CS|TAMS 0x0000000089000000, 0x0000000089000000| Complete 
| 123|0x0000000089100000, 0x0000000089200000, 0x0000000089200000|100%| E|CS|TAMS 0x0000000089100000, 0x0000000089100000| Complete 
| 124|0x0000000089200000, 0x0000000089300000, 0x0000000089300000|100%| E|CS|TAMS 0x0000000089200000, 0x0000000089200000| Complete 
| 125|0x0000000089300000, 0x0000000089400000, 0x0000000089400000|100%| E|CS|TAMS 0x0000000089300000, 0x0000000089300000| Complete 
| 126|0x0000000089400000, 0x0000000089500000, 0x0000000089500000|100%| E|CS|TAMS 0x0000000089400000, 0x0000000089400000| Complete 
| 127|0x0000000089500000, 0x0000000089600000, 0x0000000089600000|100%| E|CS|TAMS 0x0000000089500000, 0x0000000089500000| Complete 

Card table byte_map: [0x000001db6d2a0000,0x000001db6d6a0000] _byte_map_base: 0x000001db6ce95000

Marking Bits (Prev, Next): (CMBitMap*) 0x000001db625d0980, (CMBitMap*) 0x000001db625d09c0
 Prev Bits: [0x000001db6daa0000, 0x000001db6fa48000)
 Next Bits: [0x000001db6fa50000, 0x000001db719f8000)

Polling page: 0x000001db60440000

Metaspace:

Usage:
  Non-class:     16.44 MB used.
      Class:      2.60 MB used.
       Both:     19.04 MB used.

Virtual space:
  Non-class space:       24.00 MB reserved,      16.56 MB ( 69%) committed,  3 nodes.
      Class space:        1.00 GB reserved,       2.75 MB ( <1%) committed,  1 nodes.
             Both:        1.02 GB reserved,      19.31 MB (  2%) committed. 

Chunk freelists:
   Non-Class:  2.74 MB
       Class:  1.28 MB
        Both:  4.02 MB

MaxMetaspaceSize: unlimited
CompressedClassSpaceSize: 1.00 GB
Initial GC threshold: 21.00 MB
Current GC threshold: 21.00 MB
CDS: on
MetaspaceReclaimPolicy: balanced
 - commit_granule_bytes: 65536.
 - commit_granule_words: 8192.
 - virtual_space_node_default_size: 1048576.
 - enlarge_chunks_in_place: 1.
 - new_chunks_are_fully_committed: 0.
 - uncommit_free_chunks: 1.
 - use_allocation_guard: 0.
 - handle_deallocations: 1.


Internal statistics:

num_allocs_failed_limit: 0.
num_arena_births: 312.
num_arena_deaths: 0.
num_vsnodes_births: 4.
num_vsnodes_deaths: 0.
num_space_committed: 309.
num_space_uncommitted: 0.
num_chunks_returned_to_freelist: 0.
num_chunks_taken_from_freelist: 920.
num_chunk_merges: 0.
num_chunk_splits: 621.
num_chunks_enlarged: 461.
num_purges: 0.
num_inconsistent_stats: 0.

CodeCache: size=49152Kb used=7454Kb max_used=7454Kb free=41697Kb
 bounds [0x000001db69d90000, 0x000001db6a4e0000, 0x000001db6cd90000]
 total_blobs=3502 nmethods=2993 adapters=433
 compilation: enabled
              stopped_count=0, restarted_count=0
 full_count=0

Compilation events (20 events):
Event: 3.642 Thread 0x000001db76c8c460 2985       1       sun.nio.fs.WindowsFileSystem::getPath (106 bytes)
Event: 3.642 Thread 0x000001db7449aa70 nmethod 2983 0x000001db6a4d3510 code [0x000001db6a4d36a0, 0x000001db6a4d37c8]
Event: 3.642 Thread 0x000001db74464930 nmethod 2984 0x000001db6a4d3890 code [0x000001db6a4d3a60, 0x000001db6a4d3ce8]
Event: 3.643 Thread 0x000001db76c8c460 nmethod 2985 0x000001db6a4d3e10 code [0x000001db6a4d4020, 0x000001db6a4d46f8]
Event: 3.649 Thread 0x000001db76c8c460 2986       1       org.springframework.boot.context.properties.source.SpringIterableConfigurationPropertySource::getConfigurationProperty (94 bytes)
Event: 3.649 Thread 0x000001db74464930 2987       1       org.springframework.boot.context.properties.source.SpringIterableConfigurationPropertySource$Mappings::getMapped (17 bytes)
Event: 3.649 Thread 0x000001db74464420 2988       1       java.time.Instant::<init> (15 bytes)
Event: 3.649 Thread 0x000001db7449aa70 2989       1       java.util.ArrayDeque::push (6 bytes)
Event: 3.649 Thread 0x000001db74464420 nmethod 2988 0x000001db6a4d4a90 code [0x000001db6a4d4c20, 0x000001db6a4d4cf8]
Event: 3.649 Thread 0x000001db74464930 nmethod 2987 0x000001db6a4d4d90 code [0x000001db6a4d4f40, 0x000001db6a4d5088]
Event: 3.649 Thread 0x000001db7449aa70 nmethod 2989 0x000001db6a4d5110 code [0x000001db6a4d52a0, 0x000001db6a4d5388]
Event: 3.649 Thread 0x000001db7449aa70 2990       1       java.lang.invoke.BoundMethodHandle$Species_L::speciesData (4 bytes)
Event: 3.650 Thread 0x000001db7449aa70 nmethod 2990 0x000001db6a4d5410 code [0x000001db6a4d55a0, 0x000001db6a4d5678]
Event: 3.650 Thread 0x000001db7449aa70 2991       1       java.time.Instant::create (49 bytes)
Event: 3.650 Thread 0x000001db74464930 2992       1       java.time.Instant::ofEpochSecond (31 bytes)
Event: 3.650 Thread 0x000001db7449aa70 nmethod 2991 0x000001db6a4d5710 code [0x000001db6a4d58c0, 0x000001db6a4d5aa8]
Event: 3.650 Thread 0x000001db74464420 2993       1       java.util.LinkedHashMap::getOrDefault (29 bytes)
Event: 3.650 Thread 0x000001db74464420 nmethod 2993 0x000001db6a4d5b90 code [0x000001db6a4d5d40, 0x000001db6a4d5eb8]
Event: 3.650 Thread 0x000001db76c8c460 nmethod 2986 0x000001db6a4d5f90 code [0x000001db6a4d6240, 0x000001db6a4d6d08]
Event: 3.650 Thread 0x000001db74464930 nmethod 2992 0x000001db6a4d7390 code [0x000001db6a4d7540, 0x000001db6a4d77f8]

GC Heap History (10 events):
Event: 1.404 GC heap before
{Heap before GC invocations=0 (full 0):
 garbage-first heap   total 131072K, used 23552K [0x0000000081600000, 0x0000000100000000)
  region size 1024K, 23 young (23552K), 0 survivors (0K)
 Metaspace       used 6608K, committed 6848K, reserved 1056768K
  class space    used 809K, committed 896K, reserved 1048576K
}
Event: 1.427 GC heap after
{Heap after GC invocations=1 (full 0):
 garbage-first heap   total 131072K, used 8582K [0x0000000081600000, 0x0000000100000000)
  region size 1024K, 3 young (3072K), 3 survivors (3072K)
 Metaspace       used 6608K, committed 6848K, reserved 1056768K
  class space    used 809K, committed 896K, reserved 1048576K
}
Event: 1.681 GC heap before
{Heap before GC invocations=1 (full 0):
 garbage-first heap   total 131072K, used 33158K [0x0000000081600000, 0x0000000100000000)
  region size 1024K, 28 young (28672K), 3 survivors (3072K)
 Metaspace       used 7433K, committed 7680K, reserved 1056768K
  class space    used 929K, committed 1088K, reserved 1048576K
}
Event: 1.685 GC heap after
{Heap after GC invocations=2 (full 0):
 garbage-first heap   total 131072K, used 9325K [0x0000000081600000, 0x0000000100000000)
  region size 1024K, 1 young (1024K), 1 survivors (1024K)
 Metaspace       used 7433K, committed 7680K, reserved 1056768K
  class space    used 929K, committed 1088K, reserved 1048576K
}
Event: 1.779 GC heap before
{Heap before GC invocations=2 (full 0):
 garbage-first heap   total 131072K, used 78957K [0x0000000081600000, 0x0000000100000000)
  region size 1024K, 70 young (71680K), 1 survivors (1024K)
 Metaspace       used 7433K, committed 7680K, reserved 1056768K
  class space    used 929K, committed 1088K, reserved 1048576K
}
Event: 1.781 GC heap after
{Heap after GC invocations=3 (full 0):
 garbage-first heap   total 131072K, used 9291K [0x0000000081600000, 0x0000000100000000)
  region size 1024K, 1 young (1024K), 1 survivors (1024K)
 Metaspace       used 7433K, committed 7680K, reserved 1056768K
  class space    used 929K, committed 1088K, reserved 1048576K
}
Event: 2.999 GC heap before
{Heap before GC invocations=3 (full 0):
 garbage-first heap   total 131072K, used 85067K [0x0000000081600000, 0x0000000100000000)
  region size 1024K, 76 young (77824K), 1 survivors (1024K)
 Metaspace       used 17460K, committed 17728K, reserved 1064960K
  class space    used 2379K, committed 2496K, reserved 1048576K
}
Event: 3.004 GC heap after
{Heap after GC invocations=4 (full 0):
 garbage-first heap   total 131072K, used 13233K [0x0000000081600000, 0x0000000100000000)
  region size 1024K, 5 young (5120K), 5 survivors (5120K)
 Metaspace       used 17460K, committed 17728K, reserved 1064960K
  class space    used 2379K, committed 2496K, reserved 1048576K
}
Event: 3.362 GC heap before
{Heap before GC invocations=4 (full 0):
 garbage-first heap   total 131072K, used 84913K [0x0000000081600000, 0x0000000100000000)
  region size 1024K, 76 young (77824K), 5 survivors (5120K)
 Metaspace       used 18349K, committed 18624K, reserved 1073152K
  class space    used 2512K, committed 2624K, reserved 1048576K
}
Event: 3.367 GC heap after
{Heap after GC invocations=5 (full 0):
 garbage-first heap   total 131072K, used 15397K [0x0000000081600000, 0x0000000100000000)
  region size 1024K, 7 young (7168K), 7 survivors (7168K)
 Metaspace       used 18349K, committed 18624K, reserved 1073152K
  class space    used 2512K, committed 2624K, reserved 1048576K
}

Deoptimization events (6 events):
Event: 1.478 Thread 0x000001db625906b0 DEOPT PACKING pc=0x000001db6a06c7f5 sp=0x00000018f63fd750
Event: 1.478 Thread 0x000001db625906b0 DEOPT UNPACKING pc=0x000001db69de2b43 sp=0x00000018f63fcba8 mode 3
Event: 2.650 Thread 0x000001db759f9c10 DEOPT PACKING pc=0x000001db6a2b3399 sp=0x00000018f84fcc00
Event: 2.650 Thread 0x000001db759f9c10 DEOPT UNPACKING pc=0x000001db69de2b43 sp=0x00000018f84fc0e0 mode 3
Event: 2.845 Thread 0x000001db759f9c10 DEOPT PACKING pc=0x000001db6a29cf2d sp=0x00000018f84fdb80
Event: 2.845 Thread 0x000001db759f9c10 DEOPT UNPACKING pc=0x000001db69de2b43 sp=0x00000018f84fd0e0 mode 3

Classes unloaded (0 events):
No events

Classes redefined (0 events):
No events

Internal exceptions (20 events):
Event: 2.441 Thread 0x000001db759f9c10 Exception <a 'java/lang/NoSuchMethodError'{0x00000000872e0d98}: 'java.lang.Object java.lang.invoke.DirectMethodHandle$Holder.invokeStatic(java.lang.Object, java.lang.Object, long, java.lang.Object)'> (0x00000000872e0d98) 
thrown [t:\workspace\open\src\hotspot\share\interpreter\linkResolver.cpp, line 766]
Event: 2.442 Thread 0x000001db759f9c10 Exception <a 'java/lang/NoSuchMethodError'{0x00000000872e4830}: 'java.lang.Object java.lang.invoke.DirectMethodHandle$Holder.invokeStaticInit(java.lang.Object, java.lang.Object, long, java.lang.Object)'> (0x00000000872e4830) 
thrown [t:\workspace\open\src\hotspot\share\interpreter\linkResolver.cpp, line 766]
Event: 2.442 Thread 0x000001db759f9c10 Exception <a 'java/lang/NoSuchMethodError'{0x00000000872eae40}: 'java.lang.Object java.lang.invoke.DirectMethodHandle$Holder.newInvokeSpecial(java.lang.Object, java.lang.Object, long)'> (0x00000000872eae40) 
thrown [t:\workspace\open\src\hotspot\share\interpreter\linkResolver.cpp, line 766]
Event: 2.455 Thread 0x000001db759f9c10 Exception <a 'java/lang/NoSuchMethodError'{0x00000000871452f8}: 'void java.lang.invoke.DirectMethodHandle$Holder.invokeVirtual(java.lang.Object, java.lang.Object, java.lang.Object, java.lang.Object)'> (0x00000000871452f8) 
thrown [t:\workspace\open\src\hotspot\share\interpreter\linkResolver.cpp, line 766]
Event: 2.502 Thread 0x000001db759f9c10 Exception <a 'java/lang/NoSuchMethodError'{0x00000000870a2c08}: 'void java.lang.invoke.DirectMethodHandle$Holder.invokeSpecial(java.lang.Object, java.lang.Object, java.lang.Object)'> (0x00000000870a2c08) 
thrown [t:\workspace\open\src\hotspot\share\interpreter\linkResolver.cpp, line 766]
Event: 2.503 Thread 0x000001db759f9c10 Exception <a 'java/lang/NoSuchMethodError'{0x00000000870a91e0}: 'void java.lang.invoke.DirectMethodHandle$Holder.invokeSpecial(java.lang.Object, java.lang.Object, java.lang.Object, java.lang.Object, java.lang.Object)'> (0x00000000870a91e0) 
thrown [t:\workspace\open\src\hotspot\share\interpreter\linkResolver.cpp, line 766]
Event: 2.513 Thread 0x000001db759f9c10 Exception <a 'java/lang/IncompatibleClassChangeError'{0x00000000870ed430}: Found class java.lang.Object, but interface was expected> (0x00000000870ed430) 
thrown [t:\workspace\open\src\hotspot\share\interpreter\linkResolver.cpp, line 833]
Event: 2.556 Thread 0x000001db75a5f800 Exception <a 'java/lang/reflect/InvocationTargetException'{0x0000000086c72cb8}> (0x0000000086c72cb8) 
thrown [t:\workspace\open\src\hotspot\share\runtime\reflection.cpp, line 1121]
Event: 2.785 Thread 0x000001db759f9c10 Exception <a 'java/lang/NoSuchMethodError'{0x0000000085cafb28}: 'int java.lang.invoke.DirectMethodHandle$Holder.invokeSpecial(java.lang.Object, java.lang.Object, java.lang.Object, java.lang.Object, java.lang.Object)'> (0x0000000085cafb28) 
thrown [t:\workspace\open\src\hotspot\share\interpreter\linkResolver.cpp, line 766]
Event: 2.787 Thread 0x000001db759f9c10 Exception <a 'java/lang/NoSuchMethodError'{0x0000000085cb8738}: 'void java.lang.invoke.DirectMethodHandle$Holder.invokeVirtual(java.lang.Object, java.lang.Object)'> (0x0000000085cb8738) 
thrown [t:\workspace\open\src\hotspot\share\interpreter\linkResolver.cpp, line 766]
Event: 2.845 Thread 0x000001db759f9c10 Implicit null exception at 0x000001db6a29c823 to 0x000001db6a29cf28
Event: 3.016 Thread 0x000001db75a5f330 Exception <a 'java/lang/NoSuchMethodError'{0x0000000089434120}: 'long java.lang.invoke.DirectMethodHandle$Holder.invokeSpecial(java.lang.Object, java.lang.Object)'> (0x0000000089434120) 
thrown [t:\workspace\open\src\hotspot\share\interpreter\linkResolver.cpp, line 766]
Event: 3.019 Thread 0x000001db75a5f330 Exception <a 'java/lang/NoSuchMethodError'{0x00000000894655c0}: 'long java.lang.invoke.DirectMethodHandle$Holder.invokeStatic(java.lang.Object, java.lang.Object)'> (0x00000000894655c0) 
thrown [t:\workspace\open\src\hotspot\share\interpreter\linkResolver.cpp, line 766]
Event: 3.020 Thread 0x000001db75a5f330 Exception <a 'java/lang/NoSuchMethodError'{0x0000000089468bc0}: 'long java.lang.invoke.DirectMethodHandle$Holder.invokeStaticInit(java.lang.Object, java.lang.Object)'> (0x0000000089468bc0) 
thrown [t:\workspace\open\src\hotspot\share\interpreter\linkResolver.cpp, line 766]
Event: 3.023 Thread 0x000001db75a5f330 Exception <a 'java/lang/NoSuchMethodError'{0x0000000089493338}: 'long java.lang.invoke.DirectMethodHandle$Holder.invokeInterface(java.lang.Object, java.lang.Object)'> (0x0000000089493338) 
thrown [t:\workspace\open\src\hotspot\share\interpreter\linkResolver.cpp, line 766]
Event: 3.024 Thread 0x000001db75a5f330 Exception <a 'java/lang/IncompatibleClassChangeError'{0x00000000894968c8}: Found class java.lang.Object, but interface was expected> (0x00000000894968c8) 
thrown [t:\workspace\open\src\hotspot\share\interpreter\linkResolver.cpp, line 833]
Event: 3.037 Thread 0x000001db75a5f330 Exception <a 'java/lang/NoSuchMethodError'{0x000000008935a748}: 'java.lang.Object java.lang.invoke.DirectMethodHandle$Holder.invokeVirtual(java.lang.Object, java.lang.Object, java.lang.Object, java.lang.Object)'> (0x000000008935a748) 
thrown [t:\workspace\open\src\hotspot\share\interpreter\linkResolver.cpp, line 766]
Event: 3.098 Thread 0x000001db75a5d180 Exception <a 'java/lang/reflect/InvocationTargetException'{0x00000000891d7628}> (0x00000000891d7628) 
thrown [t:\workspace\open\src\hotspot\share\runtime\reflection.cpp, line 1121]
Event: 3.351 Thread 0x000001db75a5ccb0 Exception <a 'java/lang/NoClassDefFoundError'{0x00000000885bc2f8}: org/glassfish/jersey/server/monitoring/ApplicationEventListener> (0x00000000885bc2f8) 
thrown [t:\workspace\open\src\hotspot\share\classfile\systemDictionary.cpp, line 245]
Event: 3.448 Thread 0x000001db759f9c10 Exception <a 'java/lang/IncompatibleClassChangeError'{0x000000008616ca10}: Found class java.lang.Object, but interface was expected> (0x000000008616ca10) 
thrown [t:\workspace\open\src\hotspot\share\interpreter\linkResolver.cpp, line 833]

VM Operations (20 events):
Event: 2.048 Executing VM operation: HandshakeAllThreads
Event: 2.048 Executing VM operation: HandshakeAllThreads done
Event: 2.318 Executing VM operation: HandshakeAllThreads
Event: 2.318 Executing VM operation: HandshakeAllThreads done
Event: 2.492 Executing VM operation: HandshakeAllThreads
Event: 2.492 Executing VM operation: HandshakeAllThreads done
Event: 2.499 Executing VM operation: HandshakeAllThreads
Event: 2.499 Executing VM operation: HandshakeAllThreads done
Event: 2.506 Executing VM operation: ICBufferFull
Event: 2.506 Executing VM operation: ICBufferFull done
Event: 2.610 Executing VM operation: HandshakeAllThreads
Event: 2.610 Executing VM operation: HandshakeAllThreads done
Event: 2.718 Executing VM operation: HandshakeAllThreads
Event: 2.718 Executing VM operation: HandshakeAllThreads done
Event: 2.771 Executing VM operation: HandshakeAllThreads
Event: 2.771 Executing VM operation: HandshakeAllThreads done
Event: 2.999 Executing VM operation: G1CollectForAllocation
Event: 3.004 Executing VM operation: G1CollectForAllocation done
Event: 3.362 Executing VM operation: G1CollectForAllocation
Event: 3.367 Executing VM operation: G1CollectForAllocation done

Events (20 events):
Event: 2.864 loading class java/util/concurrent/atomic/AtomicReferenceArray done
Event: 2.887 Thread 0x000001db76c8c460 Thread added: 0x000001db76c8c460
Event: 2.896 loading class sun/text/resources/cldr/FormatData_en
Event: 2.897 loading class sun/text/resources/cldr/FormatData_en done
Event: 2.897 loading class sun/text/resources/cldr/FormatData_en_US
Event: 2.897 loading class sun/text/resources/cldr/FormatData_en_US done
Event: 2.994 loading class java/util/regex/Pattern$Pos
Event: 2.994 loading class java/util/regex/Pattern$Pos done
Event: 3.040 Thread 0x000001db75a5f330 Thread exited: 0x000001db75a5f330
Event: 3.091 Thread 0x000001db75a5d180 Thread added: 0x000001db75a5d180
Event: 3.094 Thread 0x000001db75a5d650 Thread added: 0x000001db75a5d650
Event: 3.100 Thread 0x000001db75a5d650 Thread exited: 0x000001db75a5d650
Event: 3.295 Thread 0x000001db75a5ccb0 Thread added: 0x000001db75a5ccb0
Event: 3.324 loading class javax/naming/ldap/LdapContext
Event: 3.324 loading class javax/naming/directory/DirContext
Event: 3.324 loading class javax/naming/directory/DirContext done
Event: 3.324 loading class javax/naming/ldap/LdapContext done
Event: 3.378 loading class javax/naming/Referenceable
Event: 3.378 loading class javax/naming/Referenceable done
Event: 3.416 Thread 0x000001db75a5ccb0 Thread exited: 0x000001db75a5ccb0


Dynamic libraries:
0x00007ff71fd90000 - 0x00007ff71fda0000 	C:\Program Files\Java\jdk-17.0.1\bin\java.exe
0x00007ffe4f730000 - 0x00007ffe4f927000 	C:\WINDOWS\SYSTEM32\ntdll.dll
0x00007ffe4e390000 - 0x00007ffe4e44d000 	C:\WINDOWS\System32\KERNEL32.DLL
0x00007ffe4d0a0000 - 0x00007ffe4d396000 	C:\WINDOWS\System32\KERNELBASE.dll
0x00007ffe4ce10000 - 0x00007ffe4cf10000 	C:\WINDOWS\System32\ucrtbase.dll
0x00007ffe463a0000 - 0x00007ffe463b8000 	C:\Program Files\Java\jdk-17.0.1\bin\jli.dll
0x00007ffe47d40000 - 0x00007ffe47d5a000 	C:\Program Files\Java\jdk-17.0.1\bin\VCRUNTIME140.dll
0x00007ffe4e9a0000 - 0x00007ffe4ea4e000 	C:\WINDOWS\System32\ADVAPI32.dll
0x00007ffe4edf0000 - 0x00007ffe4ee8e000 	C:\WINDOWS\System32\msvcrt.dll
0x00007ffe4e6a0000 - 0x00007ffe4e73c000 	C:\WINDOWS\System32\sechost.dll
0x00007ffe4ef80000 - 0x00007ffe4f0a6000 	C:\WINDOWS\System32\RPCRT4.dll
0x00007ffe4d790000 - 0x00007ffe4d92e000 	C:\WINDOWS\System32\USER32.dll
0x00007ffe4d070000 - 0x00007ffe4d092000 	C:\WINDOWS\System32\win32u.dll
0x00007ffe4f0b0000 - 0x00007ffe4f0dc000 	C:\WINDOWS\System32\GDI32.dll
0x00007ffe4d540000 - 0x00007ffe4d65a000 	C:\WINDOWS\System32\gdi32full.dll
0x00007ffe43810000 - 0x00007ffe43aaa000 	C:\WINDOWS\WinSxS\amd64_microsoft.windows.common-controls_6595b64144ccf1df_6.0.19041.3570_none_60bb2a3971f3e41a\COMCTL32.dll
0x00007ffe4d6f0000 - 0x00007ffe4d78d000 	C:\WINDOWS\System32\msvcp_win.dll
0x00007ffe3eaf0000 - 0x00007ffe3eafa000 	C:\WINDOWS\SYSTEM32\VERSION.dll
0x00007ffe4ea60000 - 0x00007ffe4ea90000 	C:\WINDOWS\System32\IMM32.DLL
0x00007ffe47d80000 - 0x00007ffe47d8c000 	C:\Program Files\Java\jdk-17.0.1\bin\vcruntime140_1.dll
0x00007ffe3df70000 - 0x00007ffe3dffd000 	C:\Program Files\Java\jdk-17.0.1\bin\msvcp140.dll
0x00007ffdfa1b0000 - 0x00007ffdfad6e000 	C:\Program Files\Java\jdk-17.0.1\bin\server\jvm.dll
0x00007ffe4f6e0000 - 0x00007ffe4f6e8000 	C:\WINDOWS\System32\PSAPI.DLL
0x00007ffe3e7b0000 - 0x00007ffe3e7d7000 	C:\WINDOWS\SYSTEM32\WINMM.dll
0x00007ffe48cd0000 - 0x00007ffe48cd9000 	C:\WINDOWS\SYSTEM32\WSOCK32.dll
0x00007ffe4f1f0000 - 0x00007ffe4f25b000 	C:\WINDOWS\System32\WS2_32.dll
0x00007ffe4acb0000 - 0x00007ffe4acc2000 	C:\WINDOWS\SYSTEM32\kernel.appcore.dll
0x00007ffe47d30000 - 0x00007ffe47d3a000 	C:\Program Files\Java\jdk-17.0.1\bin\jimage.dll
0x00007ffe38ea0000 - 0x00007ffe39084000 	C:\WINDOWS\SYSTEM32\DBGHELP.DLL
0x00007ffe32f60000 - 0x00007ffe32f94000 	C:\WINDOWS\SYSTEM32\dbgcore.DLL
0x00007ffe4d660000 - 0x00007ffe4d6e2000 	C:\WINDOWS\System32\bcryptPrimitives.dll
0x00007ffe48bb0000 - 0x00007ffe48bbe000 	C:\Program Files\Java\jdk-17.0.1\bin\instrument.dll
0x00007ffe46370000 - 0x00007ffe46395000 	C:\Program Files\Java\jdk-17.0.1\bin\java.dll
0x00007ffe2bbc0000 - 0x00007ffe2bc96000 	C:\Program Files\Java\jdk-17.0.1\bin\svml.dll
0x00007ffe4dc40000 - 0x00007ffe4e384000 	C:\WINDOWS\System32\SHELL32.dll
0x00007ffe4aeb0000 - 0x00007ffe4b64b000 	C:\WINDOWS\SYSTEM32\windows.storage.dll
0x00007ffe4ea90000 - 0x00007ffe4ede4000 	C:\WINDOWS\System32\combase.dll
0x00007ffe4c850000 - 0x00007ffe4c87d000 	C:\WINDOWS\SYSTEM32\Wldp.dll
0x00007ffe4e740000 - 0x00007ffe4e7ed000 	C:\WINDOWS\System32\SHCORE.dll
0x00007ffe4ee90000 - 0x00007ffe4eee5000 	C:\WINDOWS\System32\shlwapi.dll
0x00007ffe4cd40000 - 0x00007ffe4cd65000 	C:\WINDOWS\SYSTEM32\profapi.dll
0x00007ffe3df50000 - 0x00007ffe3df68000 	C:\Program Files\Java\jdk-17.0.1\bin\zip.dll
0x00007ffe46350000 - 0x00007ffe46369000 	C:\Program Files\Java\jdk-17.0.1\bin\net.dll
0x00007ffe44fa0000 - 0x00007ffe450aa000 	C:\WINDOWS\SYSTEM32\WINHTTP.dll
0x00007ffe4c5b0000 - 0x00007ffe4c61a000 	C:\WINDOWS\system32\mswsock.dll
0x00007ffe3e430000 - 0x00007ffe3e445000 	C:\Program Files\Java\jdk-17.0.1\bin\nio.dll
0x00007ffe48b60000 - 0x00007ffe48b7a000 	C:\Program Files\IntelliJ IDEA 2020.3.2\bin\breakgen64.dll
0x00007ffe4c2a0000 - 0x00007ffe4c36a000 	C:\WINDOWS\SYSTEM32\DNSAPI.dll
0x00007ffe4c250000 - 0x00007ffe4c28b000 	C:\WINDOWS\SYSTEM32\IPHLPAPI.DLL
0x00007ffe4f260000 - 0x00007ffe4f268000 	C:\WINDOWS\System32\NSI.dll
0x00007ffe41330000 - 0x00007ffe4133a000 	C:\Windows\System32\rasadhlp.dll
0x00007ffe41060000 - 0x00007ffe410e2000 	C:\WINDOWS\System32\fwpuclnt.dll
0x00007ffe4d3f0000 - 0x00007ffe4d417000 	C:\WINDOWS\System32\bcrypt.dll
0x00007ffe474e0000 - 0x00007ffe474e9000 	C:\Program Files\Java\jdk-17.0.1\bin\management.dll
0x00007ffe46340000 - 0x00007ffe4634b000 	C:\Program Files\Java\jdk-17.0.1\bin\management_ext.dll
0x00007ffe4c7a0000 - 0x00007ffe4c7b8000 	C:\WINDOWS\SYSTEM32\CRYPTSP.dll
0x00007ffe4bdf0000 - 0x00007ffe4be24000 	C:\WINDOWS\system32\rsaenh.dll
0x00007ffe4cd00000 - 0x00007ffe4cd2e000 	C:\WINDOWS\SYSTEM32\USERENV.dll
0x00007ffe4c7c0000 - 0x00007ffe4c7cc000 	C:\WINDOWS\SYSTEM32\CRYPTBASE.dll
0x00007ffe45b70000 - 0x00007ffe45b87000 	C:\WINDOWS\SYSTEM32\dhcpcsvc6.DLL
0x00007ffe45b50000 - 0x00007ffe45b6d000 	C:\WINDOWS\SYSTEM32\dhcpcsvc.DLL
0x00007ffe25350000 - 0x00007ffe25367000 	C:\WINDOWS\system32\napinsp.dll
0x00007ffe25370000 - 0x00007ffe2538b000 	C:\WINDOWS\system32\pnrpnsp.dll
0x00007ffe48070000 - 0x00007ffe48085000 	C:\WINDOWS\system32\wshbth.dll
0x00007ffe48a90000 - 0x00007ffe48aad000 	C:\WINDOWS\system32\NLAapi.dll
0x00007ffe25390000 - 0x00007ffe253a2000 	C:\WINDOWS\System32\winrnr.dll

dbghelp: loaded successfully - version: 4.0.5 - missing functions: none
symbol engine: initialized successfully - sym options: 0x614 - pdb path: .;C:\Program Files\Java\jdk-17.0.1\bin;C:\WINDOWS\SYSTEM32;C:\WINDOWS\WinSxS\amd64_microsoft.windows.common-controls_6595b64144ccf1df_6.0.19041.3570_none_60bb2a3971f3e41a;C:\Program Files\Java\jdk-17.0.1\bin\server;C:\Program Files\IntelliJ IDEA 2020.3.2\bin

VM Arguments:
jvm_args: -XX:TieredStopAtLevel=1 -Xverify:none -Dspring.output.ansi.enabled=always -javaagent:C:\Program Files\IntelliJ IDEA 2020.3.2\lib\idea_rt.jar=58697:C:\Program Files\IntelliJ IDEA 2020.3.2\bin -Dcom.sun.management.jmxremote -Dspring.jmx.enabled=true -Dspring.liveBeansView.mbeanDomain -Dspring.application.admin.enabled=true -Dfile.encoding=UTF-8 
java_command: com.fpoly.ooc.ApiServiceMsApplication
java_class_path (initial): E:\DATN\UD-HN_1998-outOFcollege\api-service-ms\target\classes;C:\Users\Admin\.m2\repository\org\springframework\boot\spring-boot-starter-data-jpa\3.1.3\spring-boot-starter-data-jpa-3.1.3.jar;C:\Users\Admin\.m2\repository\org\springframework\boot\spring-boot-starter-aop\3.1.3\spring-boot-starter-aop-3.1.3.jar;C:\Users\Admin\.m2\repository\org\springframework\spring-aop\6.0.11\spring-aop-6.0.11.jar;C:\Users\Admin\.m2\repository\org\aspectj\aspectjweaver\1.9.20\aspectjweaver-1.9.20.jar;C:\Users\Admin\.m2\repository\org\springframework\boot\spring-boot-starter-jdbc\3.1.3\spring-boot-starter-jdbc-3.1.3.jar;C:\Users\Admin\.m2\repository\com\zaxxer\HikariCP\5.0.1\HikariCP-5.0.1.jar;C:\Users\Admin\.m2\repository\org\springframework\spring-jdbc\6.0.11\spring-jdbc-6.0.11.jar;C:\Users\Admin\.m2\repository\org\hibernate\orm\hibernate-core\6.2.7.Final\hibernate-core-6.2.7.Final.jar;C:\Users\Admin\.m2\repository\jakarta\persistence\jakarta.persistence-api\3.1.0\jakarta.persistence-api-3.1.0.jar;C:\Users\Admin\.m2\repository\jakarta\transaction\jakarta.transaction-api\2.0.1\jakarta.transaction-api-2.0.1.jar;C:\Users\Admin\.m2\repository\org\jboss\logging\jboss-logging\3.5.3.Final\jboss-logging-3.5.3.Final.jar;C:\Users\Admin\.m2\repository\org\hibernate\common\hibernate-commons-annotations\6.0.6.Final\hibernate-commons-annotations-6.0.6.Final.jar;C:\Users\Admin\.m2\repository\io\smallrye\jandex\3.0.5\jandex-3.0.5.jar;C:\Users\Admin\.m2\repository\com\fasterxml\classmate\1.5.1\classmate-1.5.1.jar;C:\Users\Admin\.m2\repository\net\bytebuddy\byte-buddy\1.14.6\byte-buddy-1.14.6.jar;C:\Users\Admin\.m2\repository\org\glassfish\jaxb\jaxb-runtime\4.0.3\jaxb-runtime-4.0.3.jar;C:\Users\Admin\.m2\repository\org\glassfish\jaxb\jaxb-core\4.0.3\jaxb-core-4.0.3.jar;C:\Users\Admin\.m2\repository\org\glassfish\jaxb\txw2\4.0.3\txw2-4.0.3.jar;C:\Users\Admin\.m2\repository\com\sun\istack\istack-commons-runtime\4.1.2\istack-commons-runtime-4.1.2.jar;C:\Users\Admin\.m2\repos
Launcher Type: SUN_STANDARD

[Global flags]
     intx CICompilerCount                          = 4                                         {product} {ergonomic}
     uint ConcGCThreads                            = 2                                         {product} {ergonomic}
     uint G1ConcRefinementThreads                  = 8                                         {product} {ergonomic}
   size_t G1HeapRegionSize                         = 1048576                                   {product} {ergonomic}
    uintx GCDrainStackTargetSize                   = 64                                        {product} {ergonomic}
   size_t InitialHeapSize                          = 134217728                                 {product} {ergonomic}
     bool ManagementServer                         = true                                      {product} {command line}
   size_t MarkStackSize                            = 4194304                                   {product} {ergonomic}
   size_t MaxHeapSize                              = 2124414976                                {product} {ergonomic}
   size_t MaxNewSize                               = 1274019840                                {product} {ergonomic}
   size_t MinHeapDeltaBytes                        = 1048576                                   {product} {ergonomic}
   size_t MinHeapSize                              = 8388608                                   {product} {ergonomic}
    uintx NonProfiledCodeHeapSize                  = 0                                      {pd product} {ergonomic}
     bool ProfileInterpreter                       = false                                  {pd product} {command line}
    uintx ProfiledCodeHeapSize                     = 0                                      {pd product} {ergonomic}
   size_t SoftMaxHeapSize                          = 2124414976                             {manageable} {ergonomic}
     intx TieredStopAtLevel                        = 1                                         {product} {command line}
     bool UseCompressedClassPointers               = true                           {product lp64_product} {ergonomic}
     bool UseCompressedOops                        = true                           {product lp64_product} {ergonomic}
     bool UseG1GC                                  = true                                      {product} {ergonomic}
     bool UseLargePagesIndividualAllocation        = false                                  {pd product} {ergonomic}

Logging:
Log output configuration:
 #0: stdout all=warning uptime,level,tags
 #1: stderr all=off uptime,level,tags

Environment Variables:
JAVA_HOME=C:\Program Files\Java\jdk-17.0.1
PATH=C:\Program Files\Common Files\Oracle\Java\javapath;"C:\Program Files (x86)\Common Files\Oracle\Java\javapath;C:\Program Files\Java\jre1.8.0_311\bin;";C:\WINDOWS\system32;C:\WINDOWS;C:\WINDOWS\System32\Wbem;C:\WINDOWS\System32\WindowsPowerShell\v1.0\;C:\WINDOWS\System32\OpenSSH\;C:\Program Files (x86)\AMD\ATI.ACE\Core-Static;C:\Program Files\Java\jre1.8.0_311\bin;C:\Program Files\Microsoft VS Code\bin;C:\TDM-GCC-64\bin;C:\Program Files\Microsoft SQL Server\Client SDK\ODBC\170\Tools\Binn\;C:\Program Files (x86)\Microsoft SQL Server\150\Tools\Binn\;C:\Program Files\Microsoft SQL Server\150\Tools\Binn\;C:\Program Files\Microsoft SQL Server\150\DTS\Binn\;C:\Program Files (x86)\Microsoft SQL Server\150\DTS\Binn\;C:\Program Files\Azure Data Studio\bin;C:\Program Files\Git\cmd;C:\Program Files\nodejs\;C:\Users\Admin\AppData\Local\Programs\Python\Python310\Scripts\;C:\Users\Admin\AppData\Local\Programs\Python\Python310\;"C:\Users\Admin\AppData\Local\Microsoft\WindowsApps;";"C:\Users\Admin\AppData\Local\Programs\Microsoft VS Code\bin;";C:\Program Files\Java\jdk-17.0.1\bin\;C:\Program Files\Azure Data Studio\bin;C:\Users\Admin\Downloads\ngrok-stable-windows-amd64;C:\Program Files\JetBrains\IntelliJ IDEA Community Edition 2022.1\bin;;C:\Users\Admin\AppData\Roaming\npm;C:\TDM-GCC-64\bin;C:\Users\Admin\Downloads\apache-maven-3.9.3-bin\apache-maven-3.9.3\bin;
USERNAME=Admin
OS=Windows_NT
PROCESSOR_IDENTIFIER=Intel64 Family 6 Model 60 Stepping 3, GenuineIntel



---------------  S Y S T E M  ---------------

OS:
 Windows 10 , 64 bit Build 19041 (10.0.19041.3570)
OS uptime: 3 days 19:18 hours

CPU: total 8 (initial active 8) (4 cores per cpu, 2 threads per core) family 6 model 60 stepping 3 microcode 0x27, cx8, cmov, fxsr, ht, mmx, sse, sse2, sse3, ssse3, sse4.1, sse4.2, popcnt, lzcnt, tsc, tscinvbit, avx, avx2, aes, erms, clmul, bmi1, bmi2, fma, vzeroupper, clflush

Memory: 4k page, system-wide physical 8097M (1324M free)
TotalPageFile size 13076M (AvailPageFile size 3M)
current process WorkingSet (physical memory assigned to process): 163M, peak: 163M
current process commit charge ("private bytes"): 247M, peak: 247M

vm_info: Java HotSpot(TM) 64-Bit Server VM (17.0.1+12-LTS-39) for windows-amd64 JRE (17.0.1+12-LTS-39), built on Sep 27 2021 18:41:35 by "mach5one" with MS VC++ 16.8 (VS2019)

END.
